Unable to capture context for thread 15572 in process 8652, can not generate back trace
Unable to capture context for thread 11224 in process 8652, can not generate back trace
Unable to capture context for thread 14516 in process 8652, can not generate back trace
Exception at PC 0x00007FFF4184BB93
Printing stacktrace...

[0]  [0x00007FFF4184BB93]
[1]  [0x00007FFF4184BB93]
[2]  [0x00007FFF4184B4A1]
[3]  [0x00007FFF4184B3EF]
[4]  [0x00007FFF418319FE]
[5]  [0x00007FFF41830ED1]
[6]  [0x00007FFF41830D76]
[7]  [0x00007FFF417D79F6]
[8]  [0x00007FFF417C7AFB]
[9]  [0x00007FFF418EE90A]
[10]  [0x00007FFF41909F87]
[11]  [0x00007FFF4190A05F]
[12] (BaseThreadInitThunk+0x14) [0x00007FFFCDF07034]
[13] (RtlUserThreadStart+0x21) [0x00007FFFCFEE2651]
Done
Exception at PC 0x00007FFF41551A52
Attemped to write at address 0x00007FFF6EA1ABA4
Printing stacktrace...

[0]  [0x00007FFF41551A52]
[1]  [0x00007FFF41551A52]
[2]  [0x00007FFF41551AD4]
[3]  [0x00007FFF41693FF7]
[4]  [0x00007FFF41579128]
[5]  [0x00007FFF4182DFB9]
[6]  [0x00007FFF419FEF23]
[7]  [0x00007FFF4190B06B]
[8]  [0x00007FFF419008AF]
[9]  [0x00007FFF41900A32]
[10] (RtlActivateActivationContextUnsafeFast+0x11d) [0x00007FFFCFEA9A1D]
[11] (LdrShutdownProcess+0x141) [0x00007FFFCFEEDB91]
[12] (RtlExitUserProcess+0xad) [0x00007FFFCFEEDA2D]
[13] (FatalExit+0xb) [0x00007FFFCDF0E0AB]
[14] (exit+0x85) [0x00007FFFCF71A155]
[15] (initterm_e+0x245) [0x00007FFFCF71A7C5]
[16]  [0x00000000004014CD]
[17]  [0x000000000040151B]
[18] (BaseThreadInitThunk+0x14) [0x00007FFFCDF07034]
[19] (RtlUserThreadStart+0x21) [0x00007FFFCFEE2651]
Done
