Unable to capture context for thread 3400 in process 15636, can not generate back trace
Unable to capture context for thread 7328 in process 15636, can not generate back trace
Exception at PC 0x00007FFE8849BB93
Printing stacktrace...

[0]  [0x00007FFE8849BB93]
[1]  [0x00007FFE8849BB93]
[2]  [0x00007FFE8849B4A1]
[3]  [0x00007FFE8849B3EF]
[4]  [0x00007FFE884819FE]
[5]  [0x00007FFE88480ED1]
[6]  [0x00007FFE88480D76]
[7]  [0x00007FFE884279F6]
[8]  [0x00007FFE88417AFB]
[9]  [0x00007FFE8853E90A]
[10]  [0x00007FFE88559F87]
[11]  [0x00007FFE8855A05F]
[12] (BaseThreadInitThunk+0x14) [0x00007FFECF327034]
[13] (RtlUserThreadStart+0x21) [0x00007FFECFBC2651]
Done
Exception at PC 0x00007FFE881A1A52
Attemped to write at address 0x00007FFE83D9ABA4
Printing stacktrace...

[0]  [0x00007FFE881A1A52]
[1]  [0x00007FFE881A1A52]
[2]  [0x00007FFE881A1AD4]
[3]  [0x00007FFE882E3FF7]
[4]  [0x00007FFE881C9128]
[5]  [0x00007FFE8847DFB9]
[6]  [0x00007FFE8864EF23]
[7]  [0x00007FFE8855B06B]
[8]  [0x00007FFE885508AF]
[9]  [0x00007FFE88550A32]
[10] (RtlActivateActivationContextUnsafeFast+0x11d) [0x00007FFECFB89A1D]
[11] (LdrShutdownProcess+0x141) [0x00007FFECFBCDB91]
[12] (RtlExitUserProcess+0xad) [0x00007FFECFBCDA2D]
[13] (FatalExit+0xb) [0x00007FFECF32E0AB]
[14] (exit+0x85) [0x00007FFECF5CA155]
[15] (initterm_e+0x245) [0x00007FFECF5CA7C5]
[16]  [0x00000000004014CD]
[17]  [0x000000000040151B]
[18] (BaseThreadInitThunk+0x14) [0x00007FFECF327034]
[19] (RtlUserThreadStart+0x21) [0x00007FFECFBC2651]
Done
