#-----------------------------------------------------------
# Vivado v2017.2 (64-bit)
# SW Build 1909853 on Thu Jun 15 18:39:09 MDT 2017
# IP Build 1909766 on Thu Jun 15 19:58:00 MDT 2017
# Start of session at: Tue Mar  9 19:06:17 2021
# Process ID: 10848
# Current directory: C:/Workspace/GameOfLife/prj/project_gol
# Command line: vivado.exe -gui_launcher_event rodinguilauncherevent13384 C:\Workspace\GameOfLife\prj\project_gol\project_gol.xpr
# Log file: C:/Workspace/GameOfLife/prj/project_gol/vivado.log
# Journal file: C:/Workspace/GameOfLife/prj/project_gol\vivado.jou
#-----------------------------------------------------------
start_gui
open_project C:/Workspace/GameOfLife/prj/project_gol/project_gol.xpr
CRITICAL WARNING: [Project 1-19] Could not find the file 'C:/Workspace/GameOfLife/simoszi/cell_tb_behav.wcfg'.
Scanning sources...
Finished scanning sources
WARNING: [filemgmt 56-3] IP Repository Path: Could not find the directory 'C:/../ZyboZ7/IP Cores/vivado-library'.
INFO: [IP_Flow 19-234] Refreshing IP repositories
WARNING: [IP_Flow 19-2248] Failed to load user IP repository 'c:ZyboZ7/IP Cores/vivado-library'; Can't find the specified path.
If this directory should no longer be in your list of user repositories, go to the IP Settings dialog and remove it.
INFO: [IP_Flow 19-2313] Loaded Vivado IP repository 'C:/Xilinx/Vivado/2017.2/data/ip'.
update_compile_order -fileset sources_1
set_property  ip_repo_paths  {} [current_project]
update_ip_catalog
INFO: [IP_Flow 19-234] Refreshing IP repositories
INFO: [IP_Flow 19-1704] No user IP repositories specified
config_webtalk -user on
reset_run synth_2
launch_runs synth_2 -jobs 8
[Tue Mar  9 19:07:20 2021] Launched synth_2...
Run output will be captured here: C:/Workspace/GameOfLife/prj/project_gol/project_gol.runs/synth_2/runme.log
open_run synth_2 -name synth_2
Design is defaulting to impl run constrset: constrs_1
Design is defaulting to synth run part: xc7z020clg484-1
INFO: [Netlist 29-17] Analyzing 40 Unisim elements for replacement
INFO: [Netlist 29-28] Unisim Transformation completed in 0 CPU seconds
INFO: [Project 1-479] Netlist was created with Vivado 2017.2
INFO: [Device 21-403] Loading part xc7z020clg484-1
INFO: [Project 1-570] Preparing netlist for logic optimization
Parsing XDC File [C:/Workspace/GameOfLife/constraints/pins.xdc]
WARNING: [Vivado 12-584] No ports matched 'sys_clock'. [C:/Workspace/GameOfLife/constraints/pins.xdc:229]
CRITICAL WARNING: [Common 17-55] 'set_property' expects at least one object. [C:/Workspace/GameOfLife/constraints/pins.xdc:229]
Resolution: If [get_<value>] was used to populate the object, check to make sure this command returns at least one valid object.
WARNING: [Vivado 12-584] No ports matched 'sys_clock'. [C:/Workspace/GameOfLife/constraints/pins.xdc:230]
CRITICAL WARNING: [Common 17-55] 'set_property' expects at least one object. [C:/Workspace/GameOfLife/constraints/pins.xdc:230]
Resolution: If [get_<value>] was used to populate the object, check to make sure this command returns at least one valid object.
WARNING: [Vivado 12-584] No ports matched 'sys_clock'. [C:/Workspace/GameOfLife/constraints/pins.xdc:231]
CRITICAL WARNING: [Vivado 12-4739] create_clock:No valid object(s) found for '-objects [get_ports sys_clock]'. [C:/Workspace/GameOfLife/constraints/pins.xdc:231]
Resolution: Check if the specified object(s) exists in the current design. If it does, ensure that the correct design hierarchy was specified for the object. If you are working with clocks, make sure create_clock was used to create the clock object before it is referenced.
WARNING: [Vivado 12-584] No ports matched 'reset'. [C:/Workspace/GameOfLife/constraints/pins.xdc:233]
CRITICAL WARNING: [Common 17-55] 'set_property' expects at least one object. [C:/Workspace/GameOfLife/constraints/pins.xdc:233]
Resolution: If [get_<value>] was used to populate the object, check to make sure this command returns at least one valid object.
WARNING: [Vivado 12-584] No ports matched 'reset'. [C:/Workspace/GameOfLife/constraints/pins.xdc:234]
CRITICAL WARNING: [Common 17-55] 'set_property' expects at least one object. [C:/Workspace/GameOfLife/constraints/pins.xdc:234]
Resolution: If [get_<value>] was used to populate the object, check to make sure this command returns at least one valid object.
Finished Parsing XDC File [C:/Workspace/GameOfLife/constraints/pins.xdc]
INFO: [Opt 31-138] Pushed 0 inverter(s) to 0 load pin(s).
INFO: [Project 1-111] Unisim Transformation Summary:
No Unisim elements were transformed.

open_run: Time (s): cpu = 00:00:23 ; elapsed = 00:00:14 . Memory (MB): peak = 1275.633 ; gain = 351.133
close_project
open_project F:/Workspace/vivado/Xilinx/lab5project/lab5/project_lab5/project_lab5.xpr
Scanning sources...
Finished scanning sources
INFO: [IP_Flow 19-234] Refreshing IP repositories
INFO: [IP_Flow 19-1704] No user IP repositories specified
INFO: [IP_Flow 19-2313] Loaded Vivado IP repository 'C:/Xilinx/Vivado/2017.2/data/ip'.
open_project: Time (s): cpu = 00:00:10 ; elapsed = 00:00:05 . Memory (MB): peak = 1682.688 ; gain = 0.000
update_compile_order -fileset sources_1
exit
INFO: [Common 17-206] Exiting Vivado at Tue Mar  9 19:31:00 2021...
