#-----------------------------------------------------------
# Vivado v2017.2 (64-bit)
# SW Build 1909853 on Thu Jun 15 18:39:09 MDT 2017
# IP Build 1909766 on Thu Jun 15 19:58:00 MDT 2017
# Start of session at: Tue Mar  9 19:04:10 2021
# Process ID: 5676
# Current directory: C:/Workspace/GameOfLife/prj/project_gol
# Command line: vivado.exe -gui_launcher_event rodinguilauncherevent8880 C:\Workspace\GameOfLife\prj\project_gol\project_gol.xpr
# Log file: C:/Workspace/GameOfLife/prj/project_gol/vivado.log
# Journal file: C:/Workspace/GameOfLife/prj/project_gol\vivado.jou
#-----------------------------------------------------------
start_gui
open_project C:/Workspace/GameOfLife/prj/project_gol/project_gol.xpr
INFO: [Project 1-313] Project file moved from '/home/link/projects/vivado/GameOfLife/prj/project_gol' since last save.
CRITICAL WARNING: [Project 1-311] Could not find the file 'C:/Workspace/GameOfLife/simoszi/cell_tb_behav.wcfg', nor could it be found using path 'C:/home/link/projects/vivado/GameOfLife/simoszi/cell_tb_behav.wcfg'.
Scanning sources...
Finished scanning sources
WARNING: [Project 1-509] GeneratedRun file for 'synth_2' not found
WARNING: [Project 1-509] GeneratedRun file for 'gol_bd_microblaze_0_0_synth_1' not found
WARNING: [Project 1-509] GeneratedRun file for 'gol_bd_proc_sys_reset_0_0_synth_1' not found
WARNING: [Project 1-509] GeneratedRun file for 'gol_bd_clk_wiz_0_0_synth_1' not found
WARNING: [Project 1-509] GeneratedRun file for 'gol_bd_GameOfLife_0_0_synth_1' not found
WARNING: [filemgmt 56-2] IP Repository Path: Could not find the directory 'C:/../ZyboZ7/IP Cores/vivado-library', nor could it be found using path 'C:/home/link/ZyboZ7/IP Cores/vivado-library'.
INFO: [IP_Flow 19-234] Refreshing IP repositories
WARNING: [IP_Flow 19-2248] Failed to load user IP repository 'c:ZyboZ7/IP Cores/vivado-library'; Can't find the specified path.
If this directory should no longer be in your list of user repositories, go to the IP Settings dialog and remove it.
INFO: [IP_Flow 19-2313] Loaded Vivado IP repository 'C:/Xilinx/Vivado/2017.2/data/ip'.
open_project: Time (s): cpu = 00:00:10 ; elapsed = 00:00:06 . Memory (MB): peak = 819.594 ; gain = 5.691
update_compile_order -fileset sources_1
open_bd_design {C:/Workspace/GameOfLife/bd/gol_bd/gol_bd.bd}
Adding cell -- xilinx.com:ip:microblaze:10.0 - microblaze_0
Adding cell -- xilinx.com:ip:clk_wiz:5.4 - clk_wiz_0
Adding cell -- xilinx.com:ip:proc_sys_reset:5.0 - proc_sys_reset_0
Adding cell -- user.org:module_ref:GameOfLife:1.0 - GameOfLife_0
Successfully read diagram <gol_bd> from BD file <C:/Workspace/GameOfLife/bd/gol_bd/gol_bd.bd>
open_bd_design: Time (s): cpu = 00:00:09 ; elapsed = 00:00:07 . Memory (MB): peak = 886.934 ; gain = 67.340
startgroup
delete_bd_objs [get_bd_intf_nets microblaze_0_M_AXI_DP]
delete_bd_objs [get_bd_nets clk_in1_1] [get_bd_nets clk_wiz_0_clk_out1] [get_bd_nets proc_sys_reset_0_peripheral_aresetn] [get_bd_nets proc_sys_reset_0_mb_reset] [get_bd_nets clk_wiz_0_locked] [get_bd_nets reset_1]
delete_bd_objs [get_bd_ports reset] [get_bd_ports sys_clock]
delete_bd_objs [get_bd_cells GameOfLife_0] [get_bd_cells microblaze_0] [get_bd_cells proc_sys_reset_0] [get_bd_cells clk_wiz_0]
endgroup
update_compile_order -fileset sources_1
remove_files  C:/Workspace/GameOfLife/bd/gol_bd/hdl/gol_bd_wrapper.vhd
update_compile_order -fileset sources_1
remove_files  C:/Workspace/GameOfLife/bd/gol_bd/gol_bd.bd
INFO: [IP_Flow 19-234] Refreshing IP repositories
WARNING: [IP_Flow 19-2248] Failed to load user IP repository 'c:ZyboZ7/IP Cores/vivado-library'; Can't find the specified path.
If this directory should no longer be in your list of user repositories, go to the IP Settings dialog and remove it.
set_property top GameOfLife [current_fileset]
update_compile_order -fileset sources_1
launch_runs synth_2 -jobs 8
[Tue Mar  9 19:06:00 2021] Launched synth_2...
Run output will be captured here: C:/Workspace/GameOfLife/prj/project_gol/project_gol.runs/synth_2/runme.log
exit
INFO: [Common 17-206] Exiting Vivado at Tue Mar  9 19:06:15 2021...
