Unable to capture context for thread 16292 in process 15584, can not generate back trace
Unable to capture context for thread 7676 in process 15584, can not generate back trace
Exception at PC 0x00007FFBF9AEBB93
Printing stacktrace...

[0]  [0x00007FFBF9AEBB93]
[1]  [0x00007FFBF9AEBB93]
[2]  [0x00007FFBF9AEB4A1]
[3]  [0x00007FFBF9AEB3EF]
[4]  [0x00007FFBF9AD19FE]
[5]  [0x00007FFBF9AD0ED1]
[6]  [0x00007FFBF9AD0D76]
[7]  [0x00007FFBF9A779F6]
[8]  [0x00007FFBF9A67AFB]
[9]  [0x00007FFBF9B8E90A]
[10]  [0x00007FFBF9BA9F87]
[11]  [0x00007FFBF9BAA05F]
[12] (BaseThreadInitThunk+0x14) [0x00007FFC7E307034]
[13] (RtlUserThreadStart+0x21) [0x00007FFC7F122651]
Done
Exception at PC 0x00007FFBF97F1A52
Attemped to write at address 0x00007FFC63A6ABA4
Printing stacktrace...

[0]  [0x00007FFBF97F1A52]
[1]  [0x00007FFBF97F1A52]
[2]  [0x00007FFBF97F1AD4]
[3]  [0x00007FFBF9933FF7]
[4]  [0x00007FFBF9819128]
[5]  [0x00007FFBF9ACDFB9]
[6]  [0x00007FFBF9C9EF23]
[7]  [0x00007FFBF9BAB06B]
[8]  [0x00007FFBF9BA08AF]
[9]  [0x00007FFBF9BA0A32]
[10] (RtlActivateActivationContextUnsafeFast+0x11d) [0x00007FFC7F0E9A1D]
[11] (LdrShutdownProcess+0x141) [0x00007FFC7F12DB91]
[12] (RtlExitUserProcess+0xad) [0x00007FFC7F12DA2D]
[13] (FatalExit+0xb) [0x00007FFC7E30E0AB]
[14] (exit+0x85) [0x00007FFC7E3EA155]
[15] (initterm_e+0x245) [0x00007FFC7E3EA7C5]
[16]  [0x00000000004014CD]
[17]  [0x000000000040151B]
[18] (BaseThreadInitThunk+0x14) [0x00007FFC7E307034]
[19] (RtlUserThreadStart+0x21) [0x00007FFC7F122651]
Done
