INFO: [VRFC 10-2263] Analyzing Verilog file "c:/project/gameoflife/ip/managed_ip_project/game_of_life_0_v1_0_project/game_of_life_0_v1_0_project.sim/sim_1/impl/timing/ca_core_tb_time_impl.v" into library xil_defaultlib
INFO: [VRFC 10-311] analyzing module CFGLUT5_UNIQ_BASE_
INFO: [VRFC 10-311] analyzing module CFGLUT5_HD10
INFO: [VRFC 10-311] analyzing module CFGLUT5_HD11
INFO: [VRFC 10-311] analyzing module CFGLUT5_HD12
INFO: [VRFC 10-311] analyzing module CFGLUT5_HD13
INFO: [VRFC 10-311] analyzing module CFGLUT5_HD14
INFO: [VRFC 10-311] analyzing module CFGLUT5_HD15
INFO: [VRFC 10-311] analyzing module CFGLUT5_HD16
INFO: [VRFC 10-311] analyzing module CFGLUT5_HD17
INFO: [VRFC 10-311] analyzing module CFGLUT5_HD18
INFO: [VRFC 10-311] analyzing module CFGLUT5_HD19
INFO: [VRFC 10-311] analyzing module CFGLUT5_HD20
INFO: [VRFC 10-311] analyzing module CFGLUT5_HD21
INFO: [VRFC 10-311] analyzing module CFGLUT5_HD22
INFO: [VRFC 10-311] analyzing module CFGLUT5_HD23
INFO: [VRFC 10-311] analyzing module CFGLUT5_HD24
INFO: [VRFC 10-311] analyzing module CFGLUT5_HD25
INFO: [VRFC 10-311] analyzing module CFGLUT5_HD26
INFO: [VRFC 10-311] analyzing module CFGLUT5_HD27
INFO: [VRFC 10-311] analyzing module CFGLUT5_HD28
INFO: [VRFC 10-311] analyzing module CFGLUT5_HD29
INFO: [VRFC 10-311] analyzing module CFGLUT5_HD30
INFO: [VRFC 10-311] analyzing module CFGLUT5_HD31
INFO: [VRFC 10-311] analyzing module CFGLUT5_HD32
INFO: [VRFC 10-311] analyzing module CFGLUT5_HD33
INFO: [VRFC 10-311] analyzing module CFGLUT5_HD34
INFO: [VRFC 10-311] analyzing module CFGLUT5_HD35
INFO: [VRFC 10-311] analyzing module CFGLUT5_HD36
INFO: [VRFC 10-311] analyzing module CFGLUT5_HD37
INFO: [VRFC 10-311] analyzing module CFGLUT5_HD38
INFO: [VRFC 10-311] analyzing module CFGLUT5_HD39
INFO: [VRFC 10-311] analyzing module CFGLUT5_HD40
INFO: [VRFC 10-311] analyzing module CFGLUT5_HD41
INFO: [VRFC 10-311] analyzing module CFGLUT5_HD42
INFO: [VRFC 10-311] analyzing module CFGLUT5_HD43
INFO: [VRFC 10-311] analyzing module CFGLUT5_HD44
INFO: [VRFC 10-311] analyzing module CFGLUT5_HD45
INFO: [VRFC 10-311] analyzing module CFGLUT5_HD46
INFO: [VRFC 10-311] analyzing module CFGLUT5_HD47
INFO: [VRFC 10-311] analyzing module CFGLUT5_HD48
INFO: [VRFC 10-311] analyzing module CFGLUT5_HD6
INFO: [VRFC 10-311] analyzing module CFGLUT5_HD7
INFO: [VRFC 10-311] analyzing module CFGLUT5_HD8
INFO: [VRFC 10-311] analyzing module CFGLUT5_HD9
INFO: [VRFC 10-311] analyzing module RAM32M_UNIQ_BASE_
INFO: [VRFC 10-311] analyzing module RAM32M_HD1
INFO: [VRFC 10-311] analyzing module RAM32M_HD2
INFO: [VRFC 10-311] analyzing module RAM32M_HD3
INFO: [VRFC 10-311] analyzing module RAM32M_HD4
INFO: [VRFC 10-311] analyzing module RAM32M_HD5
INFO: [VRFC 10-311] analyzing module dbg_hub_CV
INFO: [VRFC 10-311] analyzing module dbg_hub_CVclk_x_pntrs
INFO: [VRFC 10-311] analyzing module dbg_hub_CVclk_x_pntrs_7
INFO: [VRFC 10-311] analyzing module dbg_hub_CVdmem
INFO: [VRFC 10-311] analyzing module dbg_hub_CVdmem_13
INFO: [VRFC 10-311] analyzing module dbg_hub_CVfifo_generator_ramfifo
INFO: [VRFC 10-311] analyzing module dbg_hub_CVfifo_generator_ramfifo__parameterized0
INFO: [VRFC 10-311] analyzing module dbg_hub_CVfifo_generator_top
INFO: [VRFC 10-311] analyzing module dbg_hub_CVfifo_generator_top__parameterized0
INFO: [VRFC 10-311] analyzing module dbg_hub_CVfifo_generator_v13_1_4
INFO: [VRFC 10-311] analyzing module dbg_hub_CVfifo_generator_v13_1_4__parameterized0
INFO: [VRFC 10-311] analyzing module dbg_hub_CVfifo_generator_v13_1_4_synth
INFO: [VRFC 10-311] analyzing module dbg_hub_CVfifo_generator_v13_1_4_synth__parameterized0
INFO: [VRFC 10-311] analyzing module dbg_hub_CVltlib_v1_0_0_bscan
INFO: [VRFC 10-311] analyzing module dbg_hub_CVmemory
INFO: [VRFC 10-311] analyzing module dbg_hub_CVmemory__parameterized0
INFO: [VRFC 10-311] analyzing module dbg_hub_CVrd_bin_cntr
INFO: [VRFC 10-311] analyzing module dbg_hub_CVrd_bin_cntr_17
INFO: [VRFC 10-311] analyzing module dbg_hub_CVrd_fwft
INFO: [VRFC 10-311] analyzing module dbg_hub_CVrd_logic
INFO: [VRFC 10-311] analyzing module dbg_hub_CVrd_logic__parameterized0
INFO: [VRFC 10-311] analyzing module dbg_hub_CVrd_status_flags_as
INFO: [VRFC 10-311] analyzing module dbg_hub_CVrd_status_flags_as_16
INFO: [VRFC 10-311] analyzing module dbg_hub_CVreset_blk_ramfifo
INFO: [VRFC 10-311] analyzing module dbg_hub_CVreset_blk_ramfifo_8
INFO: [VRFC 10-311] analyzing module dbg_hub_CVsynchronizer_ff
INFO: [VRFC 10-311] analyzing module dbg_hub_CVsynchronizer_ff_1
INFO: [VRFC 10-311] analyzing module dbg_hub_CVsynchronizer_ff_10
INFO: [VRFC 10-311] analyzing module dbg_hub_CVsynchronizer_ff_11
INFO: [VRFC 10-311] analyzing module dbg_hub_CVsynchronizer_ff_12
INFO: [VRFC 10-311] analyzing module dbg_hub_CVsynchronizer_ff_2
INFO: [VRFC 10-311] analyzing module dbg_hub_CVsynchronizer_ff_3
INFO: [VRFC 10-311] analyzing module dbg_hub_CVsynchronizer_ff_9
INFO: [VRFC 10-311] analyzing module dbg_hub_CVsynchronizer_ff__parameterized0
INFO: [VRFC 10-311] analyzing module dbg_hub_CVsynchronizer_ff__parameterized0_18
INFO: [VRFC 10-311] analyzing module dbg_hub_CVsynchronizer_ff__parameterized0_19
INFO: [VRFC 10-311] analyzing module dbg_hub_CVsynchronizer_ff__parameterized0_20
INFO: [VRFC 10-311] analyzing module dbg_hub_CVsynchronizer_ff__parameterized0_21
INFO: [VRFC 10-311] analyzing module dbg_hub_CVsynchronizer_ff__parameterized0_4
INFO: [VRFC 10-311] analyzing module dbg_hub_CVsynchronizer_ff__parameterized0_5
INFO: [VRFC 10-311] analyzing module dbg_hub_CVsynchronizer_ff__parameterized0_6
INFO: [VRFC 10-311] analyzing module dbg_hub_CVwr_bin_cntr
INFO: [VRFC 10-311] analyzing module dbg_hub_CVwr_bin_cntr_15
INFO: [VRFC 10-311] analyzing module dbg_hub_CVwr_logic
INFO: [VRFC 10-311] analyzing module dbg_hub_CVwr_logic__parameterized0
INFO: [VRFC 10-311] analyzing module dbg_hub_CVwr_status_flags_as
INFO: [VRFC 10-311] analyzing module dbg_hub_CVwr_status_flags_as_14
INFO: [VRFC 10-311] analyzing module dbg_hub_CVxsdbm_v3_0_0_addr_ctl
INFO: [VRFC 10-311] analyzing module dbg_hub_CVxsdbm_v3_0_0_bscan_switch
INFO: [VRFC 10-311] analyzing module dbg_hub_CVxsdbm_v3_0_0_burst_wdlen_ctl
INFO: [VRFC 10-311] analyzing module dbg_hub_CVxsdbm_v3_0_0_bus_ctl
INFO: [VRFC 10-311] analyzing module dbg_hub_CVxsdbm_v3_0_0_bus_ctl_cnt
INFO: [VRFC 10-311] analyzing module dbg_hub_CVxsdbm_v3_0_0_bus_ctl_flg
INFO: [VRFC 10-311] analyzing module dbg_hub_CVxsdbm_v3_0_0_bus_ctl_flg__parameterized0
INFO: [VRFC 10-311] analyzing module dbg_hub_CVxsdbm_v3_0_0_bus_mstr2sl_if
INFO: [VRFC 10-311] analyzing module dbg_hub_CVxsdbm_v3_0_0_cmd_decode
INFO: [VRFC 10-311] analyzing module dbg_hub_CVxsdbm_v3_0_0_ctl_reg
INFO: [VRFC 10-311] analyzing module dbg_hub_CVxsdbm_v3_0_0_ctl_reg__parameterized0
INFO: [VRFC 10-311] analyzing module dbg_hub_CVxsdbm_v3_0_0_ctl_reg__parameterized1
INFO: [VRFC 10-311] analyzing module dbg_hub_CVxsdbm_v3_0_0_ctl_reg__parameterized2
INFO: [VRFC 10-311] analyzing module dbg_hub_CVxsdbm_v3_0_0_icon
INFO: [VRFC 10-311] analyzing module dbg_hub_CVxsdbm_v3_0_0_icon2xsdb
INFO: [VRFC 10-311] analyzing module dbg_hub_CVxsdbm_v3_0_0_if
INFO: [VRFC 10-311] analyzing module dbg_hub_CVxsdbm_v3_0_0_if_static_status
INFO: [VRFC 10-311] analyzing module dbg_hub_CVxsdbm_v3_0_0_rdfifo
INFO: [VRFC 10-311] analyzing module dbg_hub_CVxsdbm_v3_0_0_rdreg
INFO: [VRFC 10-311] analyzing module dbg_hub_CVxsdbm_v3_0_0_stat
INFO: [VRFC 10-311] analyzing module dbg_hub_CVxsdbm_v3_0_0_stat_reg
INFO: [VRFC 10-311] analyzing module dbg_hub_CVxsdbm_v3_0_0_stat_reg__parameterized0
INFO: [VRFC 10-311] analyzing module dbg_hub_CVxsdbm_v3_0_0_stat_reg__parameterized0_0
INFO: [VRFC 10-311] analyzing module dbg_hub_CVxsdbm_v3_0_0_sync
INFO: [VRFC 10-311] analyzing module dbg_hub_CVxsdbm_v3_0_0_wrfifo
INFO: [VRFC 10-311] analyzing module dbg_hub_CVxsdbm_v3_0_0_wrreg
INFO: [VRFC 10-311] analyzing module dbg_hub_CVxsdbm_v3_0_0_xsdbm
INFO: [VRFC 10-311] analyzing module dbg_hub_CVxsdbm_v3_0_0_xsdbm_id
INFO: [VRFC 10-311] analyzing module u_ila_0_CV
INFO: [VRFC 10-311] analyzing module u_ila_0_CVblk_mem_gen_generic_cstr
INFO: [VRFC 10-311] analyzing module u_ila_0_CVblk_mem_gen_prim_width
INFO: [VRFC 10-311] analyzing module u_ila_0_CVblk_mem_gen_prim_wrapper
INFO: [VRFC 10-311] analyzing module u_ila_0_CVblk_mem_gen_top
INFO: [VRFC 10-311] analyzing module u_ila_0_CVblk_mem_gen_v8_3_6
INFO: [VRFC 10-311] analyzing module u_ila_0_CVblk_mem_gen_v8_3_6_synth
INFO: [VRFC 10-311] analyzing module u_ila_0_CVila_v6_2_3_ila
INFO: [VRFC 10-311] analyzing module u_ila_0_CVila_v6_2_3_ila_cap_addrgen
INFO: [VRFC 10-311] analyzing module u_ila_0_CVila_v6_2_3_ila_cap_ctrl_legacy
INFO: [VRFC 10-311] analyzing module u_ila_0_CVila_v6_2_3_ila_cap_sample_counter
INFO: [VRFC 10-311] analyzing module u_ila_0_CVila_v6_2_3_ila_cap_window_counter
INFO: [VRFC 10-311] analyzing module u_ila_0_CVila_v6_2_3_ila_core
INFO: [VRFC 10-311] analyzing module u_ila_0_CVila_v6_2_3_ila_register
INFO: [VRFC 10-311] analyzing module u_ila_0_CVila_v6_2_3_ila_reset_ctrl
INFO: [VRFC 10-311] analyzing module u_ila_0_CVila_v6_2_3_ila_trace_memory
INFO: [VRFC 10-311] analyzing module u_ila_0_CVila_v6_2_3_ila_trig_match
INFO: [VRFC 10-311] analyzing module u_ila_0_CVila_v6_2_3_ila_trigger
INFO: [VRFC 10-311] analyzing module u_ila_0_CVltlib_v1_0_0_all_typeA
INFO: [VRFC 10-311] analyzing module u_ila_0_CVltlib_v1_0_0_all_typeA_10
INFO: [VRFC 10-311] analyzing module u_ila_0_CVltlib_v1_0_0_all_typeA_12
INFO: [VRFC 10-311] analyzing module u_ila_0_CVltlib_v1_0_0_all_typeA_4
INFO: [VRFC 10-311] analyzing module u_ila_0_CVltlib_v1_0_0_all_typeA_7
INFO: [VRFC 10-311] analyzing module u_ila_0_CVltlib_v1_0_0_all_typeA__parameterized0
INFO: [VRFC 10-311] analyzing module u_ila_0_CVltlib_v1_0_0_all_typeA__parameterized0_39
INFO: [VRFC 10-311] analyzing module u_ila_0_CVltlib_v1_0_0_all_typeA__parameterized0_47
INFO: [VRFC 10-311] analyzing module u_ila_0_CVltlib_v1_0_0_all_typeA_slice
INFO: [VRFC 10-311] analyzing module u_ila_0_CVltlib_v1_0_0_all_typeA_slice_11
INFO: [VRFC 10-311] analyzing module u_ila_0_CVltlib_v1_0_0_all_typeA_slice_13
INFO: [VRFC 10-311] analyzing module u_ila_0_CVltlib_v1_0_0_all_typeA_slice_5
INFO: [VRFC 10-311] analyzing module u_ila_0_CVltlib_v1_0_0_all_typeA_slice_8
INFO: [VRFC 10-311] analyzing module u_ila_0_CVltlib_v1_0_0_all_typeA_slice__parameterized0
INFO: [VRFC 10-311] analyzing module u_ila_0_CVltlib_v1_0_0_all_typeA_slice__parameterized0_40
INFO: [VRFC 10-311] analyzing module u_ila_0_CVltlib_v1_0_0_all_typeA_slice__parameterized0_48
INFO: [VRFC 10-311] analyzing module u_ila_0_CVltlib_v1_0_0_all_typeA_slice__parameterized1
INFO: [VRFC 10-311] analyzing module u_ila_0_CVltlib_v1_0_0_all_typeA_slice__parameterized1_41
INFO: [VRFC 10-311] analyzing module u_ila_0_CVltlib_v1_0_0_all_typeA_slice__parameterized1_49
INFO: [VRFC 10-311] analyzing module u_ila_0_CVltlib_v1_0_0_allx_typeA
INFO: [VRFC 10-311] analyzing module u_ila_0_CVltlib_v1_0_0_allx_typeA__parameterized0
INFO: [VRFC 10-311] analyzing module u_ila_0_CVltlib_v1_0_0_allx_typeA__parameterized0_3
INFO: [VRFC 10-311] analyzing module u_ila_0_CVltlib_v1_0_0_allx_typeA__parameterized0_6
INFO: [VRFC 10-311] analyzing module u_ila_0_CVltlib_v1_0_0_allx_typeA__parameterized0_9
INFO: [VRFC 10-311] analyzing module u_ila_0_CVltlib_v1_0_0_allx_typeA_nodelay
INFO: [VRFC 10-311] analyzing module u_ila_0_CVltlib_v1_0_0_allx_typeA_nodelay_38
INFO: [VRFC 10-311] analyzing module u_ila_0_CVltlib_v1_0_0_allx_typeA_nodelay_46
INFO: [VRFC 10-311] analyzing module u_ila_0_CVltlib_v1_0_0_async_edge_xfer
INFO: [VRFC 10-311] analyzing module u_ila_0_CVltlib_v1_0_0_async_edge_xfer_14
INFO: [VRFC 10-311] analyzing module u_ila_0_CVltlib_v1_0_0_async_edge_xfer_15
INFO: [VRFC 10-311] analyzing module u_ila_0_CVltlib_v1_0_0_async_edge_xfer_16
INFO: [VRFC 10-311] analyzing module u_ila_0_CVltlib_v1_0_0_cfglut4
INFO: [VRFC 10-311] analyzing module u_ila_0_CVltlib_v1_0_0_cfglut4_42
INFO: [VRFC 10-311] analyzing module u_ila_0_CVltlib_v1_0_0_cfglut5
INFO: [VRFC 10-311] analyzing module u_ila_0_CVltlib_v1_0_0_cfglut5_36
INFO: [VRFC 10-311] analyzing module u_ila_0_CVltlib_v1_0_0_cfglut5_43
INFO: [VRFC 10-311] analyzing module u_ila_0_CVltlib_v1_0_0_cfglut6
INFO: [VRFC 10-311] analyzing module u_ila_0_CVltlib_v1_0_0_cfglut6_44
INFO: [VRFC 10-311] analyzing module u_ila_0_CVltlib_v1_0_0_cfglut6__parameterized0
INFO: [VRFC 10-311] analyzing module u_ila_0_CVltlib_v1_0_0_cfglut7
INFO: [VRFC 10-311] analyzing module u_ila_0_CVltlib_v1_0_0_cfglut7_35
INFO: [VRFC 10-311] analyzing module u_ila_0_CVltlib_v1_0_0_generic_memrd
INFO: [VRFC 10-311] analyzing module u_ila_0_CVltlib_v1_0_0_match
INFO: [VRFC 10-311] analyzing module u_ila_0_CVltlib_v1_0_0_match__parameterized0
INFO: [VRFC 10-311] analyzing module u_ila_0_CVltlib_v1_0_0_match__parameterized0_0
INFO: [VRFC 10-311] analyzing module u_ila_0_CVltlib_v1_0_0_match__parameterized0_1
INFO: [VRFC 10-311] analyzing module u_ila_0_CVltlib_v1_0_0_match__parameterized0_2
INFO: [VRFC 10-311] analyzing module u_ila_0_CVltlib_v1_0_0_match_nodelay
INFO: [VRFC 10-311] analyzing module u_ila_0_CVltlib_v1_0_0_match_nodelay_37
INFO: [VRFC 10-311] analyzing module u_ila_0_CVltlib_v1_0_0_match_nodelay_45
INFO: [VRFC 10-311] analyzing module u_ila_0_CVltlib_v1_0_0_rising_edge_detection
INFO: [VRFC 10-311] analyzing module u_ila_0_CVltlib_v1_0_0_rising_edge_detection_17
INFO: [VRFC 10-311] analyzing module u_ila_0_CVxsdbs_v1_0_2_reg__parameterized17
INFO: [VRFC 10-311] analyzing module u_ila_0_CVxsdbs_v1_0_2_reg__parameterized18
INFO: [VRFC 10-311] analyzing module u_ila_0_CVxsdbs_v1_0_2_reg__parameterized19
INFO: [VRFC 10-311] analyzing module u_ila_0_CVxsdbs_v1_0_2_reg__parameterized20
INFO: [VRFC 10-311] analyzing module u_ila_0_CVxsdbs_v1_0_2_reg__parameterized32
INFO: [VRFC 10-311] analyzing module u_ila_0_CVxsdbs_v1_0_2_reg__parameterized33
INFO: [VRFC 10-311] analyzing module u_ila_0_CVxsdbs_v1_0_2_reg__parameterized34
INFO: [VRFC 10-311] analyzing module u_ila_0_CVxsdbs_v1_0_2_reg__parameterized35
INFO: [VRFC 10-311] analyzing module u_ila_0_CVxsdbs_v1_0_2_reg__parameterized36
INFO: [VRFC 10-311] analyzing module u_ila_0_CVxsdbs_v1_0_2_reg__parameterized37
INFO: [VRFC 10-311] analyzing module u_ila_0_CVxsdbs_v1_0_2_reg__parameterized38
INFO: [VRFC 10-311] analyzing module u_ila_0_CVxsdbs_v1_0_2_reg__parameterized39
INFO: [VRFC 10-311] analyzing module u_ila_0_CVxsdbs_v1_0_2_reg__parameterized40
INFO: [VRFC 10-311] analyzing module u_ila_0_CVxsdbs_v1_0_2_reg__parameterized41
INFO: [VRFC 10-311] analyzing module u_ila_0_CVxsdbs_v1_0_2_reg__parameterized42
INFO: [VRFC 10-311] analyzing module u_ila_0_CVxsdbs_v1_0_2_reg__parameterized43
INFO: [VRFC 10-311] analyzing module u_ila_0_CVxsdbs_v1_0_2_reg__parameterized45
INFO: [VRFC 10-311] analyzing module u_ila_0_CVxsdbs_v1_0_2_reg__parameterized47
INFO: [VRFC 10-311] analyzing module u_ila_0_CVxsdbs_v1_0_2_reg__parameterized50
INFO: [VRFC 10-311] analyzing module u_ila_0_CVxsdbs_v1_0_2_reg_ctl
INFO: [VRFC 10-311] analyzing module u_ila_0_CVxsdbs_v1_0_2_reg_ctl_21
INFO: [VRFC 10-311] analyzing module u_ila_0_CVxsdbs_v1_0_2_reg_ctl_22
INFO: [VRFC 10-311] analyzing module u_ila_0_CVxsdbs_v1_0_2_reg_ctl_23
INFO: [VRFC 10-311] analyzing module u_ila_0_CVxsdbs_v1_0_2_reg_ctl_24
INFO: [VRFC 10-311] analyzing module u_ila_0_CVxsdbs_v1_0_2_reg_ctl_27
INFO: [VRFC 10-311] analyzing module u_ila_0_CVxsdbs_v1_0_2_reg_ctl_29
INFO: [VRFC 10-311] analyzing module u_ila_0_CVxsdbs_v1_0_2_reg_ctl_30
INFO: [VRFC 10-311] analyzing module u_ila_0_CVxsdbs_v1_0_2_reg_ctl_31
INFO: [VRFC 10-311] analyzing module u_ila_0_CVxsdbs_v1_0_2_reg_ctl_32
INFO: [VRFC 10-311] analyzing module u_ila_0_CVxsdbs_v1_0_2_reg_ctl_33
INFO: [VRFC 10-311] analyzing module u_ila_0_CVxsdbs_v1_0_2_reg_ctl__parameterized0
INFO: [VRFC 10-311] analyzing module u_ila_0_CVxsdbs_v1_0_2_reg_ctl__parameterized1
INFO: [VRFC 10-311] analyzing module u_ila_0_CVxsdbs_v1_0_2_reg_ctl__parameterized1_25
INFO: [VRFC 10-311] analyzing module u_ila_0_CVxsdbs_v1_0_2_reg_ctl__parameterized1_28
INFO: [VRFC 10-311] analyzing module u_ila_0_CVxsdbs_v1_0_2_reg_p2s
INFO: [VRFC 10-311] analyzing module u_ila_0_CVxsdbs_v1_0_2_reg_p2s__parameterized0
INFO: [VRFC 10-311] analyzing module u_ila_0_CVxsdbs_v1_0_2_reg_p2s__parameterized1
INFO: [VRFC 10-311] analyzing module u_ila_0_CVxsdbs_v1_0_2_reg_p2s__parameterized2
INFO: [VRFC 10-311] analyzing module u_ila_0_CVxsdbs_v1_0_2_reg_p2s__parameterized3
INFO: [VRFC 10-311] analyzing module u_ila_0_CVxsdbs_v1_0_2_reg_p2s__parameterized4
INFO: [VRFC 10-311] analyzing module u_ila_0_CVxsdbs_v1_0_2_reg_stat
INFO: [VRFC 10-311] analyzing module u_ila_0_CVxsdbs_v1_0_2_reg_stat_18
INFO: [VRFC 10-311] analyzing module u_ila_0_CVxsdbs_v1_0_2_reg_stat_19
INFO: [VRFC 10-311] analyzing module u_ila_0_CVxsdbs_v1_0_2_reg_stat_20
INFO: [VRFC 10-311] analyzing module u_ila_0_CVxsdbs_v1_0_2_reg_stat_26
INFO: [VRFC 10-311] analyzing module u_ila_0_CVxsdbs_v1_0_2_reg_stat_34
INFO: [VRFC 10-311] analyzing module u_ila_0_CVxsdbs_v1_0_2_reg_stream
INFO: [VRFC 10-311] analyzing module u_ila_0_CVxsdbs_v1_0_2_reg_stream__parameterized0
INFO: [VRFC 10-311] analyzing module u_ila_0_CVxsdbs_v1_0_2_xsdbs
INFO: [VRFC 10-311] analyzing module ca_core
INFO: [VRFC 10-311] analyzing module cell
INFO: [VRFC 10-311] analyzing module cell_0
INFO: [VRFC 10-311] analyzing module cell_1
INFO: [VRFC 10-311] analyzing module cell_10
INFO: [VRFC 10-311] analyzing module cell_100
INFO: [VRFC 10-311] analyzing module cell_101
INFO: [VRFC 10-311] analyzing module cell_102
INFO: [VRFC 10-311] analyzing module cell_103
INFO: [VRFC 10-311] analyzing module cell_104
INFO: [VRFC 10-311] analyzing module cell_105
INFO: [VRFC 10-311] analyzing module cell_106
INFO: [VRFC 10-311] analyzing module cell_107
INFO: [VRFC 10-311] analyzing module cell_108
INFO: [VRFC 10-311] analyzing module cell_109
INFO: [VRFC 10-311] analyzing module cell_11
INFO: [VRFC 10-311] analyzing module cell_110
INFO: [VRFC 10-311] analyzing module cell_111
INFO: [VRFC 10-311] analyzing module cell_112
INFO: [VRFC 10-311] analyzing module cell_113
INFO: [VRFC 10-311] analyzing module cell_114
INFO: [VRFC 10-311] analyzing module cell_115
INFO: [VRFC 10-311] analyzing module cell_116
INFO: [VRFC 10-311] analyzing module cell_117
INFO: [VRFC 10-311] analyzing module cell_118
INFO: [VRFC 10-311] analyzing module cell_119
INFO: [VRFC 10-311] analyzing module cell_12
INFO: [VRFC 10-311] analyzing module cell_120
INFO: [VRFC 10-311] analyzing module cell_121
INFO: [VRFC 10-311] analyzing module cell_122
INFO: [VRFC 10-311] analyzing module cell_123
INFO: [VRFC 10-311] analyzing module cell_124
INFO: [VRFC 10-311] analyzing module cell_125
INFO: [VRFC 10-311] analyzing module cell_126
INFO: [VRFC 10-311] analyzing module cell_127
INFO: [VRFC 10-311] analyzing module cell_128
INFO: [VRFC 10-311] analyzing module cell_129
INFO: [VRFC 10-311] analyzing module cell_13
INFO: [VRFC 10-311] analyzing module cell_130
INFO: [VRFC 10-311] analyzing module cell_131
INFO: [VRFC 10-311] analyzing module cell_132
INFO: [VRFC 10-311] analyzing module cell_133
INFO: [VRFC 10-311] analyzing module cell_134
INFO: [VRFC 10-311] analyzing module cell_135
INFO: [VRFC 10-311] analyzing module cell_136
INFO: [VRFC 10-311] analyzing module cell_137
INFO: [VRFC 10-311] analyzing module cell_138
INFO: [VRFC 10-311] analyzing module cell_139
INFO: [VRFC 10-311] analyzing module cell_14
INFO: [VRFC 10-311] analyzing module cell_140
INFO: [VRFC 10-311] analyzing module cell_141
INFO: [VRFC 10-311] analyzing module cell_142
INFO: [VRFC 10-311] analyzing module cell_143
INFO: [VRFC 10-311] analyzing module cell_144
INFO: [VRFC 10-311] analyzing module cell_145
INFO: [VRFC 10-311] analyzing module cell_146
INFO: [VRFC 10-311] analyzing module cell_147
INFO: [VRFC 10-311] analyzing module cell_148
INFO: [VRFC 10-311] analyzing module cell_149
INFO: [VRFC 10-311] analyzing module cell_15
INFO: [VRFC 10-311] analyzing module cell_150
INFO: [VRFC 10-311] analyzing module cell_151
INFO: [VRFC 10-311] analyzing module cell_152
INFO: [VRFC 10-311] analyzing module cell_153
INFO: [VRFC 10-311] analyzing module cell_154
INFO: [VRFC 10-311] analyzing module cell_155
INFO: [VRFC 10-311] analyzing module cell_156
INFO: [VRFC 10-311] analyzing module cell_157
INFO: [VRFC 10-311] analyzing module cell_158
INFO: [VRFC 10-311] analyzing module cell_159
INFO: [VRFC 10-311] analyzing module cell_16
INFO: [VRFC 10-311] analyzing module cell_160
INFO: [VRFC 10-311] analyzing module cell_161
INFO: [VRFC 10-311] analyzing module cell_162
INFO: [VRFC 10-311] analyzing module cell_163
INFO: [VRFC 10-311] analyzing module cell_164
INFO: [VRFC 10-311] analyzing module cell_165
INFO: [VRFC 10-311] analyzing module cell_166
INFO: [VRFC 10-311] analyzing module cell_167
INFO: [VRFC 10-311] analyzing module cell_168
INFO: [VRFC 10-311] analyzing module cell_169
INFO: [VRFC 10-311] analyzing module cell_17
INFO: [VRFC 10-311] analyzing module cell_170
INFO: [VRFC 10-311] analyzing module cell_171
INFO: [VRFC 10-311] analyzing module cell_172
INFO: [VRFC 10-311] analyzing module cell_173
INFO: [VRFC 10-311] analyzing module cell_174
INFO: [VRFC 10-311] analyzing module cell_175
INFO: [VRFC 10-311] analyzing module cell_176
INFO: [VRFC 10-311] analyzing module cell_177
INFO: [VRFC 10-311] analyzing module cell_178
INFO: [VRFC 10-311] analyzing module cell_179
INFO: [VRFC 10-311] analyzing module cell_18
INFO: [VRFC 10-311] analyzing module cell_180
INFO: [VRFC 10-311] analyzing module cell_181
INFO: [VRFC 10-311] analyzing module cell_182
INFO: [VRFC 10-311] analyzing module cell_183
INFO: [VRFC 10-311] analyzing module cell_184
INFO: [VRFC 10-311] analyzing module cell_185
INFO: [VRFC 10-311] analyzing module cell_186
INFO: [VRFC 10-311] analyzing module cell_187
INFO: [VRFC 10-311] analyzing module cell_188
INFO: [VRFC 10-311] analyzing module cell_189
INFO: [VRFC 10-311] analyzing module cell_19
INFO: [VRFC 10-311] analyzing module cell_190
INFO: [VRFC 10-311] analyzing module cell_191
INFO: [VRFC 10-311] analyzing module cell_192
INFO: [VRFC 10-311] analyzing module cell_193
INFO: [VRFC 10-311] analyzing module cell_194
INFO: [VRFC 10-311] analyzing module cell_195
INFO: [VRFC 10-311] analyzing module cell_196
INFO: [VRFC 10-311] analyzing module cell_197
INFO: [VRFC 10-311] analyzing module cell_198
INFO: [VRFC 10-311] analyzing module cell_199
INFO: [VRFC 10-311] analyzing module cell_2
INFO: [VRFC 10-311] analyzing module cell_20
INFO: [VRFC 10-311] analyzing module cell_200
INFO: [VRFC 10-311] analyzing module cell_201
INFO: [VRFC 10-311] analyzing module cell_202
INFO: [VRFC 10-311] analyzing module cell_203
INFO: [VRFC 10-311] analyzing module cell_204
INFO: [VRFC 10-311] analyzing module cell_205
INFO: [VRFC 10-311] analyzing module cell_206
INFO: [VRFC 10-311] analyzing module cell_207
INFO: [VRFC 10-311] analyzing module cell_208
INFO: [VRFC 10-311] analyzing module cell_209
INFO: [VRFC 10-311] analyzing module cell_21
INFO: [VRFC 10-311] analyzing module cell_210
INFO: [VRFC 10-311] analyzing module cell_211
INFO: [VRFC 10-311] analyzing module cell_212
INFO: [VRFC 10-311] analyzing module cell_213
INFO: [VRFC 10-311] analyzing module cell_214
INFO: [VRFC 10-311] analyzing module cell_22
INFO: [VRFC 10-311] analyzing module cell_23
INFO: [VRFC 10-311] analyzing module cell_24
INFO: [VRFC 10-311] analyzing module cell_25
INFO: [VRFC 10-311] analyzing module cell_26
INFO: [VRFC 10-311] analyzing module cell_27
INFO: [VRFC 10-311] analyzing module cell_28
INFO: [VRFC 10-311] analyzing module cell_29
INFO: [VRFC 10-311] analyzing module cell_3
INFO: [VRFC 10-311] analyzing module cell_30
INFO: [VRFC 10-311] analyzing module cell_31
INFO: [VRFC 10-311] analyzing module cell_32
INFO: [VRFC 10-311] analyzing module cell_33
INFO: [VRFC 10-311] analyzing module cell_34
INFO: [VRFC 10-311] analyzing module cell_35
INFO: [VRFC 10-311] analyzing module cell_36
INFO: [VRFC 10-311] analyzing module cell_37
INFO: [VRFC 10-311] analyzing module cell_38
INFO: [VRFC 10-311] analyzing module cell_39
INFO: [VRFC 10-311] analyzing module cell_4
INFO: [VRFC 10-311] analyzing module cell_40
INFO: [VRFC 10-311] analyzing module cell_41
INFO: [VRFC 10-311] analyzing module cell_42
INFO: [VRFC 10-311] analyzing module cell_43
INFO: [VRFC 10-311] analyzing module cell_44
INFO: [VRFC 10-311] analyzing module cell_45
INFO: [VRFC 10-311] analyzing module cell_46
INFO: [VRFC 10-311] analyzing module cell_47
INFO: [VRFC 10-311] analyzing module cell_48
INFO: [VRFC 10-311] analyzing module cell_49
INFO: [VRFC 10-311] analyzing module cell_5
INFO: [VRFC 10-311] analyzing module cell_50
INFO: [VRFC 10-311] analyzing module cell_51
INFO: [VRFC 10-311] analyzing module cell_52
INFO: [VRFC 10-311] analyzing module cell_53
INFO: [VRFC 10-311] analyzing module cell_54
INFO: [VRFC 10-311] analyzing module cell_55
INFO: [VRFC 10-311] analyzing module cell_56
INFO: [VRFC 10-311] analyzing module cell_57
INFO: [VRFC 10-311] analyzing module cell_58
INFO: [VRFC 10-311] analyzing module cell_59
INFO: [VRFC 10-311] analyzing module cell_6
INFO: [VRFC 10-311] analyzing module cell_60
INFO: [VRFC 10-311] analyzing module cell_61
INFO: [VRFC 10-311] analyzing module cell_62
INFO: [VRFC 10-311] analyzing module cell_63
INFO: [VRFC 10-311] analyzing module cell_64
INFO: [VRFC 10-311] analyzing module cell_65
INFO: [VRFC 10-311] analyzing module cell_66
INFO: [VRFC 10-311] analyzing module cell_67
INFO: [VRFC 10-311] analyzing module cell_68
INFO: [VRFC 10-311] analyzing module cell_69
INFO: [VRFC 10-311] analyzing module cell_7
INFO: [VRFC 10-311] analyzing module cell_70
INFO: [VRFC 10-311] analyzing module cell_71
INFO: [VRFC 10-311] analyzing module cell_72
INFO: [VRFC 10-311] analyzing module cell_73
INFO: [VRFC 10-311] analyzing module cell_74
INFO: [VRFC 10-311] analyzing module cell_75
INFO: [VRFC 10-311] analyzing module cell_76
INFO: [VRFC 10-311] analyzing module cell_77
INFO: [VRFC 10-311] analyzing module cell_78
INFO: [VRFC 10-311] analyzing module cell_79
INFO: [VRFC 10-311] analyzing module cell_8
INFO: [VRFC 10-311] analyzing module cell_80
INFO: [VRFC 10-311] analyzing module cell_81
INFO: [VRFC 10-311] analyzing module cell_82
INFO: [VRFC 10-311] analyzing module cell_83
INFO: [VRFC 10-311] analyzing module cell_84
INFO: [VRFC 10-311] analyzing module cell_85
INFO: [VRFC 10-311] analyzing module cell_86
INFO: [VRFC 10-311] analyzing module cell_87
INFO: [VRFC 10-311] analyzing module cell_88
INFO: [VRFC 10-311] analyzing module cell_89
INFO: [VRFC 10-311] analyzing module cell_9
INFO: [VRFC 10-311] analyzing module cell_90
INFO: [VRFC 10-311] analyzing module cell_91
INFO: [VRFC 10-311] analyzing module cell_92
INFO: [VRFC 10-311] analyzing module cell_93
INFO: [VRFC 10-311] analyzing module cell_94
INFO: [VRFC 10-311] analyzing module cell_95
INFO: [VRFC 10-311] analyzing module cell_96
INFO: [VRFC 10-311] analyzing module cell_97
INFO: [VRFC 10-311] analyzing module cell_98
INFO: [VRFC 10-311] analyzing module cell_99
INFO: [VRFC 10-311] analyzing module game_of_life_v1_0
INFO: [VRFC 10-311] analyzing module grid
INFO: [VRFC 10-311] analyzing module glbl
