
*** Running vivado
    with args -log design_gol_wrapper.vdi -applog -m64 -product Vivado -messageDb vivado.pb -mode batch -source design_gol_wrapper.tcl -notrace


****** Vivado v2017.2 (64-bit)
  **** SW Build 1909853 on Thu Jun 15 18:39:09 MDT 2017
  **** IP Build 1909766 on Thu Jun 15 19:58:00 MDT 2017
    ** Copyright 1986-2017 Xilinx, Inc. All Rights Reserved.

source design_gol_wrapper.tcl -notrace
Command: open_checkpoint C:/Project/GameOfLife/prj/project_microblaze/project_microblaze.runs/impl_1/design_gol_wrapper.dcp

Starting open_checkpoint Task

Time (s): cpu = 00:00:00 ; elapsed = 00:00:00.022 . Memory (MB): peak = 220.523 ; gain = 0.000
INFO: [Netlist 29-17] Analyzing 8217 Unisim elements for replacement
INFO: [Netlist 29-28] Unisim Transformation completed in 1 CPU seconds
INFO: [Project 1-479] Netlist was created with Vivado 2017.2
INFO: [Device 21-403] Loading part xc7z020clg484-1
INFO: [Project 1-570] Preparing netlist for logic optimization
Parsing XDC File [C:/Project/GameOfLife/prj/project_microblaze/project_microblaze.runs/impl_1/.Xil/Vivado-9840-DEVPC/dcp3/design_gol_wrapper_board.xdc]
Finished Parsing XDC File [C:/Project/GameOfLife/prj/project_microblaze/project_microblaze.runs/impl_1/.Xil/Vivado-9840-DEVPC/dcp3/design_gol_wrapper_board.xdc]
Parsing XDC File [C:/Project/GameOfLife/prj/project_microblaze/project_microblaze.runs/impl_1/.Xil/Vivado-9840-DEVPC/dcp3/design_gol_wrapper_early.xdc]
INFO: [Timing 38-35] Done setting XDC timing constraints. [C:/Project/GameOfLife/bd/design_gol/ip/design_gol_mdm_1_0/design_gol_mdm_1_0.xdc:50]
get_clocks: Time (s): cpu = 00:00:14 ; elapsed = 00:00:13 . Memory (MB): peak = 1241.375 ; gain = 561.523
INFO: [Timing 38-2] Deriving generated clocks [C:/Project/GameOfLife/bd/design_gol/ip/design_gol_clk_wiz_1_0/design_gol_clk_wiz_1_0.xdc:57]
Finished Parsing XDC File [C:/Project/GameOfLife/prj/project_microblaze/project_microblaze.runs/impl_1/.Xil/Vivado-9840-DEVPC/dcp3/design_gol_wrapper_early.xdc]
Parsing XDC File [C:/Project/GameOfLife/prj/project_microblaze/project_microblaze.runs/impl_1/.Xil/Vivado-9840-DEVPC/dcp3/design_gol_wrapper.xdc]
Finished Parsing XDC File [C:/Project/GameOfLife/prj/project_microblaze/project_microblaze.runs/impl_1/.Xil/Vivado-9840-DEVPC/dcp3/design_gol_wrapper.xdc]
Reading XDEF placement.
Reading placer database...
Reading XDEF routing.
Read XDEF File: Time (s): cpu = 00:00:02 ; elapsed = 00:00:03 . Memory (MB): peak = 1466.547 ; gain = 0.000
Restored from archive | CPU: 2.000000 secs | Memory: 0.000000 MB |
Finished XDEF File Restore: Time (s): cpu = 00:00:02 ; elapsed = 00:00:03 . Memory (MB): peak = 1466.547 ; gain = 0.000
INFO: [Project 1-111] Unisim Transformation Summary:
  A total of 96 instances were transformed.
  LUT6_2 => LUT6_2 (LUT6, LUT5): 80 instances
  RAM32M => RAM32M (RAMS32, RAMS32, RAMD32, RAMD32, RAMD32, RAMD32, RAMD32, RAMD32): 16 instances

INFO: [Project 1-604] Checkpoint was created with Vivado v2017.2 (64-bit) build 1909853
open_checkpoint: Time (s): cpu = 00:03:05 ; elapsed = 00:03:07 . Memory (MB): peak = 1466.547 ; gain = 1246.023
Command: opt_design
Attempting to get a license for feature 'Implementation' and/or device 'xc7z020-clg484'
INFO: [Common 17-349] Got license for feature 'Implementation' and/or device 'xc7z020-clg484'
Running DRC as a precondition to command opt_design

Starting DRC Task
Command: report_drc (run_mandatory_drcs) for: opt_checks
INFO: [DRC 23-27] Running DRC with 2 threads
report_drc (run_mandatory_drcs) completed successfully
INFO: [Project 1-461] DRC finished with 0 Errors
INFO: [Project 1-462] Please refer to the DRC report (report_drc) for more information.

Time (s): cpu = 00:00:02 ; elapsed = 00:00:01 . Memory (MB): peak = 1466.547 ; gain = 0.000
INFO: [Timing 38-2] Deriving generated clocks

Starting Logic Optimization Task

Phase 1 Retarget
INFO: [Opt 31-138] Pushed 1 inverter(s) to 1 load pin(s).
INFO: [Opt 31-49] Retargeted 0 cell(s).
Phase 1 Retarget | Checksum: 120a3bced

Time (s): cpu = 00:00:07 ; elapsed = 00:00:05 . Memory (MB): peak = 1466.547 ; gain = 0.000
INFO: [Opt 31-389] Phase Retarget created 1 cells and removed 47 cells

Phase 2 Constant propagation
INFO: [Opt 31-271] Instance design_gol_i/game_of_life_0/U0/CACORE/Field/ROW[0].COL[75].FL.RE.CELL_XWY0/LUT6_BIT2 with RLOC has been removed by Opt_design
INFO: [Opt 31-271] Instance design_gol_i/game_of_life_0/U0/CACORE/Field/ROW[0].COL[0].FL.LE.CELL_X0Y0/LUT6_BIT2 with RLOC has been removed by Opt_design
INFO: [Opt 31-271] Instance design_gol_i/game_of_life_0/U0/CACORE/Field/ROW[1].COL[75].EH.O_RS.CELL_XWYO/LUT6_BIT2 with RLOC has been removed by Opt_design
INFO: [Opt 31-271] Instance design_gol_i/game_of_life_0/U0/CACORE/Field/ROW[1].COL[0].EH.O_LS.CELL_X0YO/LUT6_BIT2 with RLOC has been removed by Opt_design
INFO: [Opt 31-271] Instance design_gol_i/game_of_life_0/U0/CACORE/Field/ROW[2].COL[75].EH.E_RS.CELL_XWYE/LUT6_BIT2 with RLOC has been removed by Opt_design
INFO: [Opt 31-271] Instance design_gol_i/game_of_life_0/U0/CACORE/Field/ROW[3].COL[75].EH.O_RS.CELL_XWYO/LUT6_BIT2 with RLOC has been removed by Opt_design
INFO: [Opt 31-271] Instance design_gol_i/game_of_life_0/U0/CACORE/Field/ROW[3].COL[0].EH.O_LS.CELL_X0YO/LUT6_BIT2 with RLOC has been removed by Opt_design
INFO: [Opt 31-271] Instance design_gol_i/game_of_life_0/U0/CACORE/Field/ROW[4].COL[75].EH.E_RS.CELL_XWYE/LUT6_BIT2 with RLOC has been removed by Opt_design
INFO: [Opt 31-271] Instance design_gol_i/game_of_life_0/U0/CACORE/Field/ROW[5].COL[75].EH.O_RS.CELL_XWYO/LUT6_BIT2 with RLOC has been removed by Opt_design
INFO: [Opt 31-271] Instance design_gol_i/game_of_life_0/U0/CACORE/Field/ROW[5].COL[0].EH.O_LS.CELL_X0YO/LUT6_BIT2 with RLOC has been removed by Opt_design
INFO: [Opt 31-271] Instance design_gol_i/game_of_life_0/U0/CACORE/Field/ROW[6].COL[75].EH.E_RS.CELL_XWYE/LUT6_BIT2 with RLOC has been removed by Opt_design
INFO: [Opt 31-271] Instance design_gol_i/game_of_life_0/U0/CACORE/Field/ROW[7].COL[75].EH.O_RS.CELL_XWYO/LUT6_BIT2 with RLOC has been removed by Opt_design
INFO: [Opt 31-271] Instance design_gol_i/game_of_life_0/U0/CACORE/Field/ROW[7].COL[0].EH.O_LS.CELL_X0YO/LUT6_BIT2 with RLOC has been removed by Opt_design
INFO: [Opt 31-271] Instance design_gol_i/game_of_life_0/U0/CACORE/Field/ROW[8].COL[75].EH.E_RS.CELL_XWYE/LUT6_BIT2 with RLOC has been removed by Opt_design
INFO: [Opt 31-271] Instance design_gol_i/game_of_life_0/U0/CACORE/Field/ROW[9].COL[75].EH.O_RS.CELL_XWYO/LUT6_BIT2 with RLOC has been removed by Opt_design
INFO: [Opt 31-271] Instance design_gol_i/game_of_life_0/U0/CACORE/Field/ROW[9].COL[0].EH.O_LS.CELL_X0YO/LUT6_BIT2 with RLOC has been removed by Opt_design
INFO: [Opt 31-271] Instance design_gol_i/game_of_life_0/U0/CACORE/Field/ROW[10].COL[75].EH.E_RS.CELL_XWYE/LUT6_BIT2 with RLOC has been removed by Opt_design
INFO: [Opt 31-271] Instance design_gol_i/game_of_life_0/U0/CACORE/Field/ROW[11].COL[75].EH.O_RS.CELL_XWYO/LUT6_BIT2 with RLOC has been removed by Opt_design
INFO: [Opt 31-271] Instance design_gol_i/game_of_life_0/U0/CACORE/Field/ROW[11].COL[0].EH.O_LS.CELL_X0YO/LUT6_BIT2 with RLOC has been removed by Opt_design
INFO: [Opt 31-271] Instance design_gol_i/game_of_life_0/U0/CACORE/Field/ROW[12].COL[75].EH.E_RS.CELL_XWYE/LUT6_BIT2 with RLOC has been removed by Opt_design
INFO: [Opt 31-271] Instance design_gol_i/game_of_life_0/U0/CACORE/Field/ROW[13].COL[75].EH.O_RS.CELL_XWYO/LUT6_BIT2 with RLOC has been removed by Opt_design
INFO: [Opt 31-271] Instance design_gol_i/game_of_life_0/U0/CACORE/Field/ROW[13].COL[0].EH.O_LS.CELL_X0YO/LUT6_BIT2 with RLOC has been removed by Opt_design
INFO: [Opt 31-271] Instance design_gol_i/game_of_life_0/U0/CACORE/Field/ROW[14].COL[75].EH.E_RS.CELL_XWYE/LUT6_BIT2 with RLOC has been removed by Opt_design
INFO: [Opt 31-271] Instance design_gol_i/game_of_life_0/U0/CACORE/Field/ROW[15].COL[75].EH.O_RS.CELL_XWYO/LUT6_BIT2 with RLOC has been removed by Opt_design
INFO: [Opt 31-271] Instance design_gol_i/game_of_life_0/U0/CACORE/Field/ROW[15].COL[0].EH.O_LS.CELL_X0YO/LUT6_BIT2 with RLOC has been removed by Opt_design
INFO: [Opt 31-271] Instance design_gol_i/game_of_life_0/U0/CACORE/Field/ROW[16].COL[75].EH.E_RS.CELL_XWYE/LUT6_BIT2 with RLOC has been removed by Opt_design
INFO: [Opt 31-271] Instance design_gol_i/game_of_life_0/U0/CACORE/Field/ROW[17].COL[75].EH.O_RS.CELL_XWYO/LUT6_BIT2 with RLOC has been removed by Opt_design
INFO: [Opt 31-271] Instance design_gol_i/game_of_life_0/U0/CACORE/Field/ROW[17].COL[0].EH.O_LS.CELL_X0YO/LUT6_BIT2 with RLOC has been removed by Opt_design
INFO: [Opt 31-271] Instance design_gol_i/game_of_life_0/U0/CACORE/Field/ROW[18].COL[75].EH.E_RS.CELL_XWYE/LUT6_BIT2 with RLOC has been removed by Opt_design
INFO: [Opt 31-271] Instance design_gol_i/game_of_life_0/U0/CACORE/Field/ROW[19].COL[75].EH.O_RS.CELL_XWYO/LUT6_BIT2 with RLOC has been removed by Opt_design
INFO: [Opt 31-271] Instance design_gol_i/game_of_life_0/U0/CACORE/Field/ROW[19].COL[0].EH.O_LS.CELL_X0YO/LUT6_BIT2 with RLOC has been removed by Opt_design
INFO: [Opt 31-271] Instance design_gol_i/game_of_life_0/U0/CACORE/Field/ROW[20].COL[75].EH.E_RS.CELL_XWYE/LUT6_BIT2 with RLOC has been removed by Opt_design
INFO: [Opt 31-271] Instance design_gol_i/game_of_life_0/U0/CACORE/Field/ROW[21].COL[75].EH.O_RS.CELL_XWYO/LUT6_BIT2 with RLOC has been removed by Opt_design
INFO: [Opt 31-271] Instance design_gol_i/game_of_life_0/U0/CACORE/Field/ROW[21].COL[0].EH.O_LS.CELL_X0YO/LUT6_BIT2 with RLOC has been removed by Opt_design
INFO: [Opt 31-271] Instance design_gol_i/game_of_life_0/U0/CACORE/Field/ROW[22].COL[75].EH.E_RS.CELL_XWYE/LUT6_BIT2 with RLOC has been removed by Opt_design
INFO: [Opt 31-271] Instance design_gol_i/game_of_life_0/U0/CACORE/Field/ROW[23].COL[75].EH.O_RS.CELL_XWYO/LUT6_BIT2 with RLOC has been removed by Opt_design
INFO: [Opt 31-271] Instance design_gol_i/game_of_life_0/U0/CACORE/Field/ROW[23].COL[0].EH.O_LS.CELL_X0YO/LUT6_BIT2 with RLOC has been removed by Opt_design
INFO: [Opt 31-271] Instance design_gol_i/game_of_life_0/U0/CACORE/Field/ROW[24].COL[75].EH.E_RS.CELL_XWYE/LUT6_BIT2 with RLOC has been removed by Opt_design
INFO: [Opt 31-271] Instance design_gol_i/game_of_life_0/U0/CACORE/Field/ROW[25].COL[75].EH.O_RS.CELL_XWYO/LUT6_BIT2 with RLOC has been removed by Opt_design
INFO: [Opt 31-271] Instance design_gol_i/game_of_life_0/U0/CACORE/Field/ROW[25].COL[0].EH.O_LS.CELL_X0YO/LUT6_BIT2 with RLOC has been removed by Opt_design
INFO: [Opt 31-271] Instance design_gol_i/game_of_life_0/U0/CACORE/Field/ROW[26].COL[75].EH.E_RS.CELL_XWYE/LUT6_BIT2 with RLOC has been removed by Opt_design
INFO: [Opt 31-271] Instance design_gol_i/game_of_life_0/U0/CACORE/Field/ROW[27].COL[75].EH.O_RS.CELL_XWYO/LUT6_BIT2 with RLOC has been removed by Opt_design
INFO: [Opt 31-271] Instance design_gol_i/game_of_life_0/U0/CACORE/Field/ROW[27].COL[0].EH.O_LS.CELL_X0YO/LUT6_BIT2 with RLOC has been removed by Opt_design
INFO: [Opt 31-271] Instance design_gol_i/game_of_life_0/U0/CACORE/Field/ROW[28].COL[75].EH.E_RS.CELL_XWYE/LUT6_BIT2 with RLOC has been removed by Opt_design
INFO: [Opt 31-271] Instance design_gol_i/game_of_life_0/U0/CACORE/Field/ROW[29].COL[75].EH.O_RS.CELL_XWYO/LUT6_BIT2 with RLOC has been removed by Opt_design
INFO: [Opt 31-271] Instance design_gol_i/game_of_life_0/U0/CACORE/Field/ROW[29].COL[0].EH.O_LS.CELL_X0YO/LUT6_BIT2 with RLOC has been removed by Opt_design
INFO: [Opt 31-271] Instance design_gol_i/game_of_life_0/U0/CACORE/Field/ROW[30].COL[75].EH.E_RS.CELL_XWYE/LUT6_BIT2 with RLOC has been removed by Opt_design
INFO: [Opt 31-271] Instance design_gol_i/game_of_life_0/U0/CACORE/Field/ROW[31].COL[75].EH.O_RS.CELL_XWYO/LUT6_BIT2 with RLOC has been removed by Opt_design
INFO: [Opt 31-271] Instance design_gol_i/game_of_life_0/U0/CACORE/Field/ROW[32].COL[75].EH.E_RS.CELL_XWYE/LUT6_BIT2 with RLOC has been removed by Opt_design
INFO: [Opt 31-271] Instance design_gol_i/game_of_life_0/U0/CACORE/Field/ROW[33].COL[75].EH.O_RS.CELL_XWYO/LUT6_BIT2 with RLOC has been removed by Opt_design
INFO: [Opt 31-271] Instance design_gol_i/game_of_life_0/U0/CACORE/Field/ROW[34].COL[75].EH.E_RS.CELL_XWYE/LUT6_BIT2 with RLOC has been removed by Opt_design
INFO: [Opt 31-271] Instance design_gol_i/game_of_life_0/U0/CACORE/Field/ROW[35].COL[75].EH.O_RS.CELL_XWYO/LUT6_BIT2 with RLOC has been removed by Opt_design
INFO: [Opt 31-271] Instance design_gol_i/game_of_life_0/U0/CACORE/Field/ROW[36].COL[75].EH.E_RS.CELL_XWYE/LUT6_BIT2 with RLOC has been removed by Opt_design
INFO: [Opt 31-271] Instance design_gol_i/game_of_life_0/U0/CACORE/Field/ROW[37].COL[75].EH.O_RS.CELL_XWYO/LUT6_BIT2 with RLOC has been removed by Opt_design
INFO: [Opt 31-271] Instance design_gol_i/game_of_life_0/U0/CACORE/Field/ROW[38].COL[75].EH.E_RS.CELL_XWYE/LUT6_BIT2 with RLOC has been removed by Opt_design
INFO: [Opt 31-271] Instance design_gol_i/game_of_life_0/U0/CACORE/Field/ROW[39].COL[75].EH.O_RS.CELL_XWYO/LUT6_BIT2 with RLOC has been removed by Opt_design
INFO: [Opt 31-271] Instance design_gol_i/game_of_life_0/U0/CACORE/Field/ROW[40].COL[75].EH.E_RS.CELL_XWYE/LUT6_BIT2 with RLOC has been removed by Opt_design
INFO: [Opt 31-271] Instance design_gol_i/game_of_life_0/U0/CACORE/Field/ROW[41].COL[75].EH.O_RS.CELL_XWYO/LUT6_BIT2 with RLOC has been removed by Opt_design
INFO: [Opt 31-271] Instance design_gol_i/game_of_life_0/U0/CACORE/Field/ROW[42].COL[75].EH.E_RS.CELL_XWYE/LUT6_BIT2 with RLOC has been removed by Opt_design
INFO: [Opt 31-271] Instance design_gol_i/game_of_life_0/U0/CACORE/Field/ROW[43].COL[75].EH.O_RS.CELL_XWYO/LUT6_BIT2 with RLOC has been removed by Opt_design
INFO: [Opt 31-271] Instance design_gol_i/game_of_life_0/U0/CACORE/Field/ROW[44].COL[75].EH.E_RS.CELL_XWYE/LUT6_BIT2 with RLOC has been removed by Opt_design
INFO: [Opt 31-271] Instance design_gol_i/game_of_life_0/U0/CACORE/Field/ROW[45].COL[75].EH.O_RS.CELL_XWYO/LUT6_BIT2 with RLOC has been removed by Opt_design
INFO: [Opt 31-271] Instance design_gol_i/game_of_life_0/U0/CACORE/Field/ROW[46].COL[75].EH.E_RS.CELL_XWYE/LUT6_BIT2 with RLOC has been removed by Opt_design
INFO: [Opt 31-271] Instance design_gol_i/game_of_life_0/U0/CACORE/Field/ROW[47].COL[75].EH.O_RS.CELL_XWYO/LUT6_BIT2 with RLOC has been removed by Opt_design
INFO: [Opt 31-271] Instance design_gol_i/game_of_life_0/U0/CACORE/Field/ROW[48].COL[75].EH.E_RS.CELL_XWYE/LUT6_BIT2 with RLOC has been removed by Opt_design
INFO: [Opt 31-271] Instance design_gol_i/game_of_life_0/U0/CACORE/Field/ROW[49].COL[75].EH.O_RS.CELL_XWYO/LUT6_BIT2 with RLOC has been removed by Opt_design
INFO: [Opt 31-271] Instance design_gol_i/game_of_life_0/U0/CACORE/Field/ROW[50].COL[75].EH.E_RS.CELL_XWYE/LUT6_BIT2 with RLOC has been removed by Opt_design
INFO: [Opt 31-271] Instance design_gol_i/game_of_life_0/U0/CACORE/Field/ROW[51].COL[75].EH.O_RS.CELL_XWYO/LUT6_BIT2 with RLOC has been removed by Opt_design
INFO: [Opt 31-271] Instance design_gol_i/game_of_life_0/U0/CACORE/Field/ROW[52].COL[75].EH.E_RS.CELL_XWYE/LUT6_BIT2 with RLOC has been removed by Opt_design
INFO: [Opt 31-271] Instance design_gol_i/game_of_life_0/U0/CACORE/Field/ROW[53].COL[75].EH.O_RS.CELL_XWYO/LUT6_BIT2 with RLOC has been removed by Opt_design
INFO: [Opt 31-271] Instance design_gol_i/game_of_life_0/U0/CACORE/Field/ROW[54].COL[75].EH.E_RS.CELL_XWYE/LUT6_BIT2 with RLOC has been removed by Opt_design
INFO: [Opt 31-271] Instance design_gol_i/game_of_life_0/U0/CACORE/Field/ROW[55].COL[75].EH.O_RS.CELL_XWYO/LUT6_BIT2 with RLOC has been removed by Opt_design
INFO: [Opt 31-271] Instance design_gol_i/game_of_life_0/U0/CACORE/Field/ROW[56].COL[75].EH.E_RS.CELL_XWYE/LUT6_BIT2 with RLOC has been removed by Opt_design
INFO: [Opt 31-271] Instance design_gol_i/game_of_life_0/U0/CACORE/Field/ROW[57].COL[75].EH.O_RS.CELL_XWYO/LUT6_BIT2 with RLOC has been removed by Opt_design
INFO: [Opt 31-271] Instance design_gol_i/game_of_life_0/U0/CACORE/Field/ROW[58].COL[75].EH.E_RS.CELL_XWYE/LUT6_BIT2 with RLOC has been removed by Opt_design
INFO: [Opt 31-271] Instance design_gol_i/game_of_life_0/U0/CACORE/Field/ROW[59].COL[75].EH.O_RS.CELL_XWYO/LUT6_BIT2 with RLOC has been removed by Opt_design
INFO: [Opt 31-271] Instance design_gol_i/game_of_life_0/U0/CACORE/Field/ROW[60].COL[75].EH.E_RS.CELL_XWYE/LUT6_BIT2 with RLOC has been removed by Opt_design
INFO: [Opt 31-271] Instance design_gol_i/game_of_life_0/U0/CACORE/Field/ROW[61].COL[75].EH.O_RS.CELL_XWYO/LUT6_BIT2 with RLOC has been removed by Opt_design
INFO: [Opt 31-271] Instance design_gol_i/game_of_life_0/U0/CACORE/Field/ROW[62].COL[75].EH.E_RS.CELL_XWYE/LUT6_BIT2 with RLOC has been removed by Opt_design
INFO: [Opt 31-271] Instance design_gol_i/game_of_life_0/U0/CACORE/Field/ROW[63].COL[75].EH.O_RS.CELL_XWYO/LUT6_BIT2 with RLOC has been removed by Opt_design
INFO: [Opt 31-271] Instance design_gol_i/game_of_life_0/U0/CACORE/Field/ROW[64].COL[75].EH.E_RS.CELL_XWYE/LUT6_BIT2 with RLOC has been removed by Opt_design
INFO: [Opt 31-271] Instance design_gol_i/game_of_life_0/U0/CACORE/Field/ROW[65].COL[75].EH.O_RS.CELL_XWYO/LUT6_BIT2 with RLOC has been removed by Opt_design
INFO: [Opt 31-271] Instance design_gol_i/game_of_life_0/U0/CACORE/Field/ROW[66].COL[75].EH.E_RS.CELL_XWYE/LUT6_BIT2 with RLOC has been removed by Opt_design
INFO: [Opt 31-271] Instance design_gol_i/game_of_life_0/U0/CACORE/Field/ROW[67].COL[75].EH.O_RS.CELL_XWYO/LUT6_BIT2 with RLOC has been removed by Opt_design
INFO: [Opt 31-271] Instance design_gol_i/game_of_life_0/U0/CACORE/Field/ROW[68].COL[75].EH.E_RS.CELL_XWYE/LUT6_BIT2 with RLOC has been removed by Opt_design
INFO: [Opt 31-271] Instance design_gol_i/game_of_life_0/U0/CACORE/Field/ROW[69].COL[75].EH.O_RS.CELL_XWYO/LUT6_BIT2 with RLOC has been removed by Opt_design
INFO: [Opt 31-271] Instance design_gol_i/game_of_life_0/U0/CACORE/Field/ROW[70].COL[75].EH.E_RS.CELL_XWYE/LUT6_BIT2 with RLOC has been removed by Opt_design
INFO: [Opt 31-271] Instance design_gol_i/game_of_life_0/U0/CACORE/Field/ROW[71].COL[75].EH.O_RS.CELL_XWYO/LUT6_BIT2 with RLOC has been removed by Opt_design
INFO: [Opt 31-271] Instance design_gol_i/game_of_life_0/U0/CACORE/Field/ROW[72].COL[75].EH.E_RS.CELL_XWYE/LUT6_BIT2 with RLOC has been removed by Opt_design
INFO: [Opt 31-271] Instance design_gol_i/game_of_life_0/U0/CACORE/Field/ROW[73].COL[75].EH.O_RS.CELL_XWYO/LUT6_BIT2 with RLOC has been removed by Opt_design
INFO: [Opt 31-271] Instance design_gol_i/game_of_life_0/U0/CACORE/Field/ROW[74].COL[75].EH.E_RS.CELL_XWYE/LUT6_BIT2 with RLOC has been removed by Opt_design
INFO: [Opt 31-271] Instance design_gol_i/game_of_life_0/U0/CACORE/Field/ROW[75].COL[75].EH.O_RS.CELL_XWYO/LUT6_BIT2 with RLOC has been removed by Opt_design
INFO: [Opt 31-271] Instance design_gol_i/game_of_life_0/U0/CACORE/Field/ROW[76].COL[75].EH.E_RS.CELL_XWYE/LUT6_BIT2 with RLOC has been removed by Opt_design
INFO: [Opt 31-271] Instance design_gol_i/game_of_life_0/U0/CACORE/Field/ROW[77].COL[75].EH.O_RS.CELL_XWYO/LUT6_BIT2 with RLOC has been removed by Opt_design
INFO: [Opt 31-271] Instance design_gol_i/game_of_life_0/U0/CACORE/Field/ROW[78].COL[75].EH.E_RS.CELL_XWYE/LUT6_BIT2 with RLOC has been removed by Opt_design
INFO: [Opt 31-271] Instance design_gol_i/game_of_life_0/U0/CACORE/Field/ROW[79].COL[75].EH.O_RS.CELL_XWYO/LUT6_BIT2 with RLOC has been removed by Opt_design
INFO: [Opt 31-271] Instance design_gol_i/game_of_life_0/U0/CACORE/Field/ROW[80].COL[75].EH.E_RS.CELL_XWYE/LUT6_BIT2 with RLOC has been removed by Opt_design
INFO: [Opt 31-271] Instance design_gol_i/game_of_life_0/U0/CACORE/Field/ROW[81].COL[75].EH.O_RS.CELL_XWYO/LUT6_BIT2 with RLOC has been removed by Opt_design
INFO: [Opt 31-271] Instance design_gol_i/game_of_life_0/U0/CACORE/Field/ROW[82].COL[75].EH.E_RS.CELL_XWYE/LUT6_BIT2 with RLOC has been removed by Opt_design
INFO: [Opt 31-271] Instance design_gol_i/game_of_life_0/U0/CACORE/Field/ROW[83].COL[75].EH.O_RS.CELL_XWYO/LUT6_BIT2 with RLOC has been removed by Opt_design
INFO: [Common 17-14] Message 'Opt 31-271' appears 100 times and further instances of the messages will be disabled. Use the Tcl command set_msg_config to change the current settings.
CRITICAL WARNING: [Constraints 18-5] Cannot loc instance 'design_gol_i/game_of_life_0/U0/CACORE/Field/ROW[0].COL[0].FL.LE.CELL_X0Y0/LUT3' at site SLICE_X26Y149, Instance design_gol_i/game_of_life_0/U0/CACORE/Field/ROW[0].COL[0].FL.LE.CELL_X0Y0/LUT3 can not be placed in B6LUT of site SLICE_X26Y149 because the bel is occupied by design_gol_i/game_of_life_0/U0/CACORE/Field/ROW[0].COL[0].FL.LE.CELL_X0Y0/LUT6_BIT0(port:). This could be caused by bel constraint conflict [C:/Project/GameOfLife/prj/project_microblaze/project_microblaze.srcs/constrs_1/imports/constraints/zed_pins.xdc:192]
CRITICAL WARNING: [Constraints 18-5] Cannot loc instance 'design_gol_i/game_of_life_0/U0/CACORE/Field/ROW[0].COL[0].FL.LE.CELL_X0Y0/LUT3' at site SLICE_X26Y149, Instance design_gol_i/game_of_life_0/U0/CACORE/Field/ROW[0].COL[0].FL.LE.CELL_X0Y0/LUT3 can not be placed in C6LUT of site SLICE_X26Y149 because the bel is occupied by design_gol_i/game_of_life_0/U0/CACORE/Field/ROW[0].COL[0].FL.LE.CELL_X0Y0/LUT6_BIT1(port:). This could be caused by bel constraint conflict [C:/Project/GameOfLife/prj/project_microblaze/project_microblaze.srcs/constrs_1/imports/constraints/zed_pins.xdc:192]
CRITICAL WARNING: [Constraints 18-5] Cannot loc instance 'design_gol_i/game_of_life_0/U0/CACORE/Field/ROW[0].COL[10].FL.M.CELL_XIY0/LUT4' at site SLICE_X36Y149, Instance design_gol_i/game_of_life_0/U0/CACORE/Field/ROW[0].COL[10].FL.M.CELL_XIY0/LUT4 can not be placed in B6LUT of site SLICE_X36Y149 because the bel is occupied by design_gol_i/game_of_life_0/U0/CACORE/Field/ROW[0].COL[10].FL.M.CELL_XIY0/LUT6_BIT0(port:). This could be caused by bel constraint conflict [C:/Project/GameOfLife/prj/project_microblaze/project_microblaze.srcs/constrs_1/imports/constraints/zed_pins.xdc:272]
CRITICAL WARNING: [Constraints 18-5] Cannot loc instance 'design_gol_i/game_of_life_0/U0/CACORE/Field/ROW[0].COL[10].FL.M.CELL_XIY0/LUT4' at site SLICE_X36Y149, Instance design_gol_i/game_of_life_0/U0/CACORE/Field/ROW[0].COL[10].FL.M.CELL_XIY0/LUT4 can not be placed in C6LUT of site SLICE_X36Y149 because the bel is occupied by design_gol_i/game_of_life_0/U0/CACORE/Field/ROW[0].COL[10].FL.M.CELL_XIY0/LUT6_BIT1(port:). This could be caused by bel constraint conflict [C:/Project/GameOfLife/prj/project_microblaze/project_microblaze.srcs/constrs_1/imports/constraints/zed_pins.xdc:272]
CRITICAL WARNING: [Constraints 18-5] Cannot loc instance 'design_gol_i/game_of_life_0/U0/CACORE/Field/ROW[0].COL[10].FL.M.CELL_XIY0/LUT4' at site SLICE_X36Y149, Instance design_gol_i/game_of_life_0/U0/CACORE/Field/ROW[0].COL[10].FL.M.CELL_XIY0/LUT4 can not be placed in D6LUT of site SLICE_X36Y149 because the bel is occupied by design_gol_i/game_of_life_0/U0/CACORE/Field/ROW[0].COL[10].FL.M.CELL_XIY0/LUT6_BIT2(port:). This could be caused by bel constraint conflict [C:/Project/GameOfLife/prj/project_microblaze/project_microblaze.srcs/constrs_1/imports/constraints/zed_pins.xdc:272]
CRITICAL WARNING: [Constraints 18-5] Cannot loc instance 'design_gol_i/game_of_life_0/U0/CACORE/Field/ROW[0].COL[11].FL.M.CELL_XIY0/LUT4' at site SLICE_X37Y149, Instance design_gol_i/game_of_life_0/U0/CACORE/Field/ROW[0].COL[11].FL.M.CELL_XIY0/LUT4 can not be placed in B6LUT of site SLICE_X37Y149 because the bel is occupied by design_gol_i/game_of_life_0/U0/CACORE/Field/ROW[0].COL[11].FL.M.CELL_XIY0/LUT6_BIT0(port:). This could be caused by bel constraint conflict [C:/Project/GameOfLife/prj/project_microblaze/project_microblaze.srcs/constrs_1/imports/constraints/zed_pins.xdc:280]
CRITICAL WARNING: [Constraints 18-5] Cannot loc instance 'design_gol_i/game_of_life_0/U0/CACORE/Field/ROW[0].COL[11].FL.M.CELL_XIY0/LUT4' at site SLICE_X37Y149, Instance design_gol_i/game_of_life_0/U0/CACORE/Field/ROW[0].COL[11].FL.M.CELL_XIY0/LUT4 can not be placed in C6LUT of site SLICE_X37Y149 because the bel is occupied by design_gol_i/game_of_life_0/U0/CACORE/Field/ROW[0].COL[11].FL.M.CELL_XIY0/LUT6_BIT1(port:). This could be caused by bel constraint conflict [C:/Project/GameOfLife/prj/project_microblaze/project_microblaze.srcs/constrs_1/imports/constraints/zed_pins.xdc:280]
CRITICAL WARNING: [Constraints 18-5] Cannot loc instance 'design_gol_i/game_of_life_0/U0/CACORE/Field/ROW[0].COL[11].FL.M.CELL_XIY0/LUT4' at site SLICE_X37Y149, Instance design_gol_i/game_of_life_0/U0/CACORE/Field/ROW[0].COL[11].FL.M.CELL_XIY0/LUT4 can not be placed in D6LUT of site SLICE_X37Y149 because the bel is occupied by design_gol_i/game_of_life_0/U0/CACORE/Field/ROW[0].COL[11].FL.M.CELL_XIY0/LUT6_BIT2(port:). This could be caused by bel constraint conflict [C:/Project/GameOfLife/prj/project_microblaze/project_microblaze.srcs/constrs_1/imports/constraints/zed_pins.xdc:280]
CRITICAL WARNING: [Constraints 18-5] Cannot loc instance 'design_gol_i/game_of_life_0/U0/CACORE/Field/ROW[0].COL[12].FL.M.CELL_XIY0/LUT4' at site SLICE_X38Y149, Instance design_gol_i/game_of_life_0/U0/CACORE/Field/ROW[0].COL[12].FL.M.CELL_XIY0/LUT4 can not be placed in B6LUT of site SLICE_X38Y149 because the bel is occupied by design_gol_i/game_of_life_0/U0/CACORE/Field/ROW[0].COL[12].FL.M.CELL_XIY0/LUT6_BIT0(port:). This could be caused by bel constraint conflict [C:/Project/GameOfLife/prj/project_microblaze/project_microblaze.srcs/constrs_1/imports/constraints/zed_pins.xdc:288]
CRITICAL WARNING: [Constraints 18-5] Cannot loc instance 'design_gol_i/game_of_life_0/U0/CACORE/Field/ROW[0].COL[12].FL.M.CELL_XIY0/LUT4' at site SLICE_X38Y149, Instance design_gol_i/game_of_life_0/U0/CACORE/Field/ROW[0].COL[12].FL.M.CELL_XIY0/LUT4 can not be placed in C6LUT of site SLICE_X38Y149 because the bel is occupied by design_gol_i/game_of_life_0/U0/CACORE/Field/ROW[0].COL[12].FL.M.CELL_XIY0/LUT6_BIT1(port:). This could be caused by bel constraint conflict [C:/Project/GameOfLife/prj/project_microblaze/project_microblaze.srcs/constrs_1/imports/constraints/zed_pins.xdc:288]
CRITICAL WARNING: [Constraints 18-5] Cannot loc instance 'design_gol_i/game_of_life_0/U0/CACORE/Field/ROW[0].COL[12].FL.M.CELL_XIY0/LUT4' at site SLICE_X38Y149, Instance design_gol_i/game_of_life_0/U0/CACORE/Field/ROW[0].COL[12].FL.M.CELL_XIY0/LUT4 can not be placed in D6LUT of site SLICE_X38Y149 because the bel is occupied by design_gol_i/game_of_life_0/U0/CACORE/Field/ROW[0].COL[12].FL.M.CELL_XIY0/LUT6_BIT2(port:). This could be caused by bel constraint conflict [C:/Project/GameOfLife/prj/project_microblaze/project_microblaze.srcs/constrs_1/imports/constraints/zed_pins.xdc:288]
CRITICAL WARNING: [Constraints 18-5] Cannot loc instance 'design_gol_i/game_of_life_0/U0/CACORE/Field/ROW[0].COL[13].FL.M.CELL_XIY0/LUT4' at site SLICE_X39Y149, Instance design_gol_i/game_of_life_0/U0/CACORE/Field/ROW[0].COL[13].FL.M.CELL_XIY0/LUT4 can not be placed in B6LUT of site SLICE_X39Y149 because the bel is occupied by design_gol_i/game_of_life_0/U0/CACORE/Field/ROW[0].COL[13].FL.M.CELL_XIY0/LUT6_BIT0(port:). This could be caused by bel constraint conflict [C:/Project/GameOfLife/prj/project_microblaze/project_microblaze.srcs/constrs_1/imports/constraints/zed_pins.xdc:296]
CRITICAL WARNING: [Constraints 18-5] Cannot loc instance 'design_gol_i/game_of_life_0/U0/CACORE/Field/ROW[0].COL[13].FL.M.CELL_XIY0/LUT4' at site SLICE_X39Y149, Instance design_gol_i/game_of_life_0/U0/CACORE/Field/ROW[0].COL[13].FL.M.CELL_XIY0/LUT4 can not be placed in C6LUT of site SLICE_X39Y149 because the bel is occupied by design_gol_i/game_of_life_0/U0/CACORE/Field/ROW[0].COL[13].FL.M.CELL_XIY0/LUT6_BIT1(port:). This could be caused by bel constraint conflict [C:/Project/GameOfLife/prj/project_microblaze/project_microblaze.srcs/constrs_1/imports/constraints/zed_pins.xdc:296]
CRITICAL WARNING: [Constraints 18-5] Cannot loc instance 'design_gol_i/game_of_life_0/U0/CACORE/Field/ROW[0].COL[13].FL.M.CELL_XIY0/LUT4' at site SLICE_X39Y149, Instance design_gol_i/game_of_life_0/U0/CACORE/Field/ROW[0].COL[13].FL.M.CELL_XIY0/LUT4 can not be placed in D6LUT of site SLICE_X39Y149 because the bel is occupied by design_gol_i/game_of_life_0/U0/CACORE/Field/ROW[0].COL[13].FL.M.CELL_XIY0/LUT6_BIT2(port:). This could be caused by bel constraint conflict [C:/Project/GameOfLife/prj/project_microblaze/project_microblaze.srcs/constrs_1/imports/constraints/zed_pins.xdc:296]
CRITICAL WARNING: [Constraints 18-5] Cannot loc instance 'design_gol_i/game_of_life_0/U0/CACORE/Field/ROW[0].COL[14].FL.M.CELL_XIY0/LUT4' at site SLICE_X40Y149, Instance design_gol_i/game_of_life_0/U0/CACORE/Field/ROW[0].COL[14].FL.M.CELL_XIY0/LUT4 can not be placed in B6LUT of site SLICE_X40Y149 because the bel is occupied by design_gol_i/game_of_life_0/U0/CACORE/Field/ROW[0].COL[14].FL.M.CELL_XIY0/LUT6_BIT0(port:). This could be caused by bel constraint conflict [C:/Project/GameOfLife/prj/project_microblaze/project_microblaze.srcs/constrs_1/imports/constraints/zed_pins.xdc:304]
CRITICAL WARNING: [Constraints 18-5] Cannot loc instance 'design_gol_i/game_of_life_0/U0/CACORE/Field/ROW[0].COL[14].FL.M.CELL_XIY0/LUT4' at site SLICE_X40Y149, Instance design_gol_i/game_of_life_0/U0/CACORE/Field/ROW[0].COL[14].FL.M.CELL_XIY0/LUT4 can not be placed in C6LUT of site SLICE_X40Y149 because the bel is occupied by design_gol_i/game_of_life_0/U0/CACORE/Field/ROW[0].COL[14].FL.M.CELL_XIY0/LUT6_BIT1(port:). This could be caused by bel constraint conflict [C:/Project/GameOfLife/prj/project_microblaze/project_microblaze.srcs/constrs_1/imports/constraints/zed_pins.xdc:304]
CRITICAL WARNING: [Constraints 18-5] Cannot loc instance 'design_gol_i/game_of_life_0/U0/CACORE/Field/ROW[0].COL[14].FL.M.CELL_XIY0/LUT4' at site SLICE_X40Y149, Instance design_gol_i/game_of_life_0/U0/CACORE/Field/ROW[0].COL[14].FL.M.CELL_XIY0/LUT4 can not be placed in D6LUT of site SLICE_X40Y149 because the bel is occupied by design_gol_i/game_of_life_0/U0/CACORE/Field/ROW[0].COL[14].FL.M.CELL_XIY0/LUT6_BIT2(port:). This could be caused by bel constraint conflict [C:/Project/GameOfLife/prj/project_microblaze/project_microblaze.srcs/constrs_1/imports/constraints/zed_pins.xdc:304]
CRITICAL WARNING: [Constraints 18-5] Cannot loc instance 'design_gol_i/game_of_life_0/U0/CACORE/Field/ROW[0].COL[15].FL.M.CELL_XIY0/LUT4' at site SLICE_X41Y149, Instance design_gol_i/game_of_life_0/U0/CACORE/Field/ROW[0].COL[15].FL.M.CELL_XIY0/LUT4 can not be placed in B6LUT of site SLICE_X41Y149 because the bel is occupied by design_gol_i/game_of_life_0/U0/CACORE/Field/ROW[0].COL[15].FL.M.CELL_XIY0/LUT6_BIT0(port:). This could be caused by bel constraint conflict [C:/Project/GameOfLife/prj/project_microblaze/project_microblaze.srcs/constrs_1/imports/constraints/zed_pins.xdc:312]
CRITICAL WARNING: [Constraints 18-5] Cannot loc instance 'design_gol_i/game_of_life_0/U0/CACORE/Field/ROW[0].COL[15].FL.M.CELL_XIY0/LUT4' at site SLICE_X41Y149, Instance design_gol_i/game_of_life_0/U0/CACORE/Field/ROW[0].COL[15].FL.M.CELL_XIY0/LUT4 can not be placed in C6LUT of site SLICE_X41Y149 because the bel is occupied by design_gol_i/game_of_life_0/U0/CACORE/Field/ROW[0].COL[15].FL.M.CELL_XIY0/LUT6_BIT1(port:). This could be caused by bel constraint conflict [C:/Project/GameOfLife/prj/project_microblaze/project_microblaze.srcs/constrs_1/imports/constraints/zed_pins.xdc:312]
CRITICAL WARNING: [Constraints 18-5] Cannot loc instance 'design_gol_i/game_of_life_0/U0/CACORE/Field/ROW[0].COL[15].FL.M.CELL_XIY0/LUT4' at site SLICE_X41Y149, Instance design_gol_i/game_of_life_0/U0/CACORE/Field/ROW[0].COL[15].FL.M.CELL_XIY0/LUT4 can not be placed in D6LUT of site SLICE_X41Y149 because the bel is occupied by design_gol_i/game_of_life_0/U0/CACORE/Field/ROW[0].COL[15].FL.M.CELL_XIY0/LUT6_BIT2(port:). This could be caused by bel constraint conflict [C:/Project/GameOfLife/prj/project_microblaze/project_microblaze.srcs/constrs_1/imports/constraints/zed_pins.xdc:312]
CRITICAL WARNING: [Constraints 18-5] Cannot loc instance 'design_gol_i/game_of_life_0/U0/CACORE/Field/ROW[0].COL[16].FL.M.CELL_XIY0/LUT4' at site SLICE_X42Y149, Instance design_gol_i/game_of_life_0/U0/CACORE/Field/ROW[0].COL[16].FL.M.CELL_XIY0/LUT4 can not be placed in B6LUT of site SLICE_X42Y149 because the bel is occupied by design_gol_i/game_of_life_0/U0/CACORE/Field/ROW[0].COL[16].FL.M.CELL_XIY0/LUT6_BIT0(port:). This could be caused by bel constraint conflict [C:/Project/GameOfLife/prj/project_microblaze/project_microblaze.srcs/constrs_1/imports/constraints/zed_pins.xdc:320]
CRITICAL WARNING: [Constraints 18-5] Cannot loc instance 'design_gol_i/game_of_life_0/U0/CACORE/Field/ROW[0].COL[16].FL.M.CELL_XIY0/LUT4' at site SLICE_X42Y149, Instance design_gol_i/game_of_life_0/U0/CACORE/Field/ROW[0].COL[16].FL.M.CELL_XIY0/LUT4 can not be placed in C6LUT of site SLICE_X42Y149 because the bel is occupied by design_gol_i/game_of_life_0/U0/CACORE/Field/ROW[0].COL[16].FL.M.CELL_XIY0/LUT6_BIT1(port:). This could be caused by bel constraint conflict [C:/Project/GameOfLife/prj/project_microblaze/project_microblaze.srcs/constrs_1/imports/constraints/zed_pins.xdc:320]
CRITICAL WARNING: [Constraints 18-5] Cannot loc instance 'design_gol_i/game_of_life_0/U0/CACORE/Field/ROW[0].COL[16].FL.M.CELL_XIY0/LUT4' at site SLICE_X42Y149, Instance design_gol_i/game_of_life_0/U0/CACORE/Field/ROW[0].COL[16].FL.M.CELL_XIY0/LUT4 can not be placed in D6LUT of site SLICE_X42Y149 because the bel is occupied by design_gol_i/game_of_life_0/U0/CACORE/Field/ROW[0].COL[16].FL.M.CELL_XIY0/LUT6_BIT2(port:). This could be caused by bel constraint conflict [C:/Project/GameOfLife/prj/project_microblaze/project_microblaze.srcs/constrs_1/imports/constraints/zed_pins.xdc:320]
CRITICAL WARNING: [Constraints 18-5] Cannot loc instance 'design_gol_i/game_of_life_0/U0/CACORE/Field/ROW[0].COL[17].FL.M.CELL_XIY0/LUT4' at site SLICE_X43Y149, Instance design_gol_i/game_of_life_0/U0/CACORE/Field/ROW[0].COL[17].FL.M.CELL_XIY0/LUT4 can not be placed in B6LUT of site SLICE_X43Y149 because the bel is occupied by design_gol_i/game_of_life_0/U0/CACORE/Field/ROW[0].COL[17].FL.M.CELL_XIY0/LUT6_BIT0(port:). This could be caused by bel constraint conflict [C:/Project/GameOfLife/prj/project_microblaze/project_microblaze.srcs/constrs_1/imports/constraints/zed_pins.xdc:328]
CRITICAL WARNING: [Constraints 18-5] Cannot loc instance 'design_gol_i/game_of_life_0/U0/CACORE/Field/ROW[0].COL[17].FL.M.CELL_XIY0/LUT4' at site SLICE_X43Y149, Instance design_gol_i/game_of_life_0/U0/CACORE/Field/ROW[0].COL[17].FL.M.CELL_XIY0/LUT4 can not be placed in C6LUT of site SLICE_X43Y149 because the bel is occupied by design_gol_i/game_of_life_0/U0/CACORE/Field/ROW[0].COL[17].FL.M.CELL_XIY0/LUT6_BIT1(port:). This could be caused by bel constraint conflict [C:/Project/GameOfLife/prj/project_microblaze/project_microblaze.srcs/constrs_1/imports/constraints/zed_pins.xdc:328]
CRITICAL WARNING: [Constraints 18-5] Cannot loc instance 'design_gol_i/game_of_life_0/U0/CACORE/Field/ROW[0].COL[17].FL.M.CELL_XIY0/LUT4' at site SLICE_X43Y149, Instance design_gol_i/game_of_life_0/U0/CACORE/Field/ROW[0].COL[17].FL.M.CELL_XIY0/LUT4 can not be placed in D6LUT of site SLICE_X43Y149 because the bel is occupied by design_gol_i/game_of_life_0/U0/CACORE/Field/ROW[0].COL[17].FL.M.CELL_XIY0/LUT6_BIT2(port:). This could be caused by bel constraint conflict [C:/Project/GameOfLife/prj/project_microblaze/project_microblaze.srcs/constrs_1/imports/constraints/zed_pins.xdc:328]
CRITICAL WARNING: [Constraints 18-5] Cannot loc instance 'design_gol_i/game_of_life_0/U0/CACORE/Field/ROW[0].COL[18].FL.M.CELL_XIY0/LUT4' at site SLICE_X44Y149, Instance design_gol_i/game_of_life_0/U0/CACORE/Field/ROW[0].COL[18].FL.M.CELL_XIY0/LUT4 can not be placed in B6LUT of site SLICE_X44Y149 because the bel is occupied by design_gol_i/game_of_life_0/U0/CACORE/Field/ROW[0].COL[18].FL.M.CELL_XIY0/LUT6_BIT0(port:). This could be caused by bel constraint conflict [C:/Project/GameOfLife/prj/project_microblaze/project_microblaze.srcs/constrs_1/imports/constraints/zed_pins.xdc:336]
CRITICAL WARNING: [Constraints 18-5] Cannot loc instance 'design_gol_i/game_of_life_0/U0/CACORE/Field/ROW[0].COL[18].FL.M.CELL_XIY0/LUT4' at site SLICE_X44Y149, Instance design_gol_i/game_of_life_0/U0/CACORE/Field/ROW[0].COL[18].FL.M.CELL_XIY0/LUT4 can not be placed in C6LUT of site SLICE_X44Y149 because the bel is occupied by design_gol_i/game_of_life_0/U0/CACORE/Field/ROW[0].COL[18].FL.M.CELL_XIY0/LUT6_BIT1(port:). This could be caused by bel constraint conflict [C:/Project/GameOfLife/prj/project_microblaze/project_microblaze.srcs/constrs_1/imports/constraints/zed_pins.xdc:336]
CRITICAL WARNING: [Constraints 18-5] Cannot loc instance 'design_gol_i/game_of_life_0/U0/CACORE/Field/ROW[0].COL[18].FL.M.CELL_XIY0/LUT4' at site SLICE_X44Y149, Instance design_gol_i/game_of_life_0/U0/CACORE/Field/ROW[0].COL[18].FL.M.CELL_XIY0/LUT4 can not be placed in D6LUT of site SLICE_X44Y149 because the bel is occupied by design_gol_i/game_of_life_0/U0/CACORE/Field/ROW[0].COL[18].FL.M.CELL_XIY0/LUT6_BIT2(port:). This could be caused by bel constraint conflict [C:/Project/GameOfLife/prj/project_microblaze/project_microblaze.srcs/constrs_1/imports/constraints/zed_pins.xdc:336]
CRITICAL WARNING: [Constraints 18-5] Cannot loc instance 'design_gol_i/game_of_life_0/U0/CACORE/Field/ROW[0].COL[19].FL.M.CELL_XIY0/LUT4' at site SLICE_X45Y149, Instance design_gol_i/game_of_life_0/U0/CACORE/Field/ROW[0].COL[19].FL.M.CELL_XIY0/LUT4 can not be placed in B6LUT of site SLICE_X45Y149 because the bel is occupied by design_gol_i/game_of_life_0/U0/CACORE/Field/ROW[0].COL[19].FL.M.CELL_XIY0/LUT6_BIT0(port:). This could be caused by bel constraint conflict [C:/Project/GameOfLife/prj/project_microblaze/project_microblaze.srcs/constrs_1/imports/constraints/zed_pins.xdc:344]
CRITICAL WARNING: [Constraints 18-5] Cannot loc instance 'design_gol_i/game_of_life_0/U0/CACORE/Field/ROW[0].COL[19].FL.M.CELL_XIY0/LUT4' at site SLICE_X45Y149, Instance design_gol_i/game_of_life_0/U0/CACORE/Field/ROW[0].COL[19].FL.M.CELL_XIY0/LUT4 can not be placed in C6LUT of site SLICE_X45Y149 because the bel is occupied by design_gol_i/game_of_life_0/U0/CACORE/Field/ROW[0].COL[19].FL.M.CELL_XIY0/LUT6_BIT1(port:). This could be caused by bel constraint conflict [C:/Project/GameOfLife/prj/project_microblaze/project_microblaze.srcs/constrs_1/imports/constraints/zed_pins.xdc:344]
CRITICAL WARNING: [Constraints 18-5] Cannot loc instance 'design_gol_i/game_of_life_0/U0/CACORE/Field/ROW[0].COL[19].FL.M.CELL_XIY0/LUT4' at site SLICE_X45Y149, Instance design_gol_i/game_of_life_0/U0/CACORE/Field/ROW[0].COL[19].FL.M.CELL_XIY0/LUT4 can not be placed in D6LUT of site SLICE_X45Y149 because the bel is occupied by design_gol_i/game_of_life_0/U0/CACORE/Field/ROW[0].COL[19].FL.M.CELL_XIY0/LUT6_BIT2(port:). This could be caused by bel constraint conflict [C:/Project/GameOfLife/prj/project_microblaze/project_microblaze.srcs/constrs_1/imports/constraints/zed_pins.xdc:344]
CRITICAL WARNING: [Constraints 18-5] Cannot loc instance 'design_gol_i/game_of_life_0/U0/CACORE/Field/ROW[0].COL[1].FL.M.CELL_XIY0/LUT4' at site SLICE_X27Y149, Instance design_gol_i/game_of_life_0/U0/CACORE/Field/ROW[0].COL[1].FL.M.CELL_XIY0/LUT4 can not be placed in B6LUT of site SLICE_X27Y149 because the bel is occupied by design_gol_i/game_of_life_0/U0/CACORE/Field/ROW[0].COL[1].FL.M.CELL_XIY0/LUT6_BIT0(port:). This could be caused by bel constraint conflict [C:/Project/GameOfLife/prj/project_microblaze/project_microblaze.srcs/constrs_1/imports/constraints/zed_pins.xdc:200]
CRITICAL WARNING: [Constraints 18-5] Cannot loc instance 'design_gol_i/game_of_life_0/U0/CACORE/Field/ROW[0].COL[1].FL.M.CELL_XIY0/LUT4' at site SLICE_X27Y149, Instance design_gol_i/game_of_life_0/U0/CACORE/Field/ROW[0].COL[1].FL.M.CELL_XIY0/LUT4 can not be placed in C6LUT of site SLICE_X27Y149 because the bel is occupied by design_gol_i/game_of_life_0/U0/CACORE/Field/ROW[0].COL[1].FL.M.CELL_XIY0/LUT6_BIT1(port:). This could be caused by bel constraint conflict [C:/Project/GameOfLife/prj/project_microblaze/project_microblaze.srcs/constrs_1/imports/constraints/zed_pins.xdc:200]
CRITICAL WARNING: [Constraints 18-5] Cannot loc instance 'design_gol_i/game_of_life_0/U0/CACORE/Field/ROW[0].COL[1].FL.M.CELL_XIY0/LUT4' at site SLICE_X27Y149, Instance design_gol_i/game_of_life_0/U0/CACORE/Field/ROW[0].COL[1].FL.M.CELL_XIY0/LUT4 can not be placed in D6LUT of site SLICE_X27Y149 because the bel is occupied by design_gol_i/game_of_life_0/U0/CACORE/Field/ROW[0].COL[1].FL.M.CELL_XIY0/LUT6_BIT2(port:). This could be caused by bel constraint conflict [C:/Project/GameOfLife/prj/project_microblaze/project_microblaze.srcs/constrs_1/imports/constraints/zed_pins.xdc:200]
CRITICAL WARNING: [Constraints 18-5] Cannot loc instance 'design_gol_i/game_of_life_0/U0/CACORE/Field/ROW[0].COL[20].FL.M.CELL_XIY0/LUT4' at site SLICE_X46Y149, Instance design_gol_i/game_of_life_0/U0/CACORE/Field/ROW[0].COL[20].FL.M.CELL_XIY0/LUT4 can not be placed in B6LUT of site SLICE_X46Y149 because the bel is occupied by design_gol_i/game_of_life_0/U0/CACORE/Field/ROW[0].COL[20].FL.M.CELL_XIY0/LUT6_BIT0(port:). This could be caused by bel constraint conflict [C:/Project/GameOfLife/prj/project_microblaze/project_microblaze.srcs/constrs_1/imports/constraints/zed_pins.xdc:352]
CRITICAL WARNING: [Constraints 18-5] Cannot loc instance 'design_gol_i/game_of_life_0/U0/CACORE/Field/ROW[0].COL[20].FL.M.CELL_XIY0/LUT4' at site SLICE_X46Y149, Instance design_gol_i/game_of_life_0/U0/CACORE/Field/ROW[0].COL[20].FL.M.CELL_XIY0/LUT4 can not be placed in C6LUT of site SLICE_X46Y149 because the bel is occupied by design_gol_i/game_of_life_0/U0/CACORE/Field/ROW[0].COL[20].FL.M.CELL_XIY0/LUT6_BIT1(port:). This could be caused by bel constraint conflict [C:/Project/GameOfLife/prj/project_microblaze/project_microblaze.srcs/constrs_1/imports/constraints/zed_pins.xdc:352]
CRITICAL WARNING: [Constraints 18-5] Cannot loc instance 'design_gol_i/game_of_life_0/U0/CACORE/Field/ROW[0].COL[20].FL.M.CELL_XIY0/LUT4' at site SLICE_X46Y149, Instance design_gol_i/game_of_life_0/U0/CACORE/Field/ROW[0].COL[20].FL.M.CELL_XIY0/LUT4 can not be placed in D6LUT of site SLICE_X46Y149 because the bel is occupied by design_gol_i/game_of_life_0/U0/CACORE/Field/ROW[0].COL[20].FL.M.CELL_XIY0/LUT6_BIT2(port:). This could be caused by bel constraint conflict [C:/Project/GameOfLife/prj/project_microblaze/project_microblaze.srcs/constrs_1/imports/constraints/zed_pins.xdc:352]
CRITICAL WARNING: [Constraints 18-5] Cannot loc instance 'design_gol_i/game_of_life_0/U0/CACORE/Field/ROW[0].COL[21].FL.M.CELL_XIY0/LUT4' at site SLICE_X47Y149, Instance design_gol_i/game_of_life_0/U0/CACORE/Field/ROW[0].COL[21].FL.M.CELL_XIY0/LUT4 can not be placed in B6LUT of site SLICE_X47Y149 because the bel is occupied by design_gol_i/game_of_life_0/U0/CACORE/Field/ROW[0].COL[21].FL.M.CELL_XIY0/LUT6_BIT0(port:). This could be caused by bel constraint conflict [C:/Project/GameOfLife/prj/project_microblaze/project_microblaze.srcs/constrs_1/imports/constraints/zed_pins.xdc:360]
CRITICAL WARNING: [Constraints 18-5] Cannot loc instance 'design_gol_i/game_of_life_0/U0/CACORE/Field/ROW[0].COL[21].FL.M.CELL_XIY0/LUT4' at site SLICE_X47Y149, Instance design_gol_i/game_of_life_0/U0/CACORE/Field/ROW[0].COL[21].FL.M.CELL_XIY0/LUT4 can not be placed in C6LUT of site SLICE_X47Y149 because the bel is occupied by design_gol_i/game_of_life_0/U0/CACORE/Field/ROW[0].COL[21].FL.M.CELL_XIY0/LUT6_BIT1(port:). This could be caused by bel constraint conflict [C:/Project/GameOfLife/prj/project_microblaze/project_microblaze.srcs/constrs_1/imports/constraints/zed_pins.xdc:360]
CRITICAL WARNING: [Constraints 18-5] Cannot loc instance 'design_gol_i/game_of_life_0/U0/CACORE/Field/ROW[0].COL[21].FL.M.CELL_XIY0/LUT4' at site SLICE_X47Y149, Instance design_gol_i/game_of_life_0/U0/CACORE/Field/ROW[0].COL[21].FL.M.CELL_XIY0/LUT4 can not be placed in D6LUT of site SLICE_X47Y149 because the bel is occupied by design_gol_i/game_of_life_0/U0/CACORE/Field/ROW[0].COL[21].FL.M.CELL_XIY0/LUT6_BIT2(port:). This could be caused by bel constraint conflict [C:/Project/GameOfLife/prj/project_microblaze/project_microblaze.srcs/constrs_1/imports/constraints/zed_pins.xdc:360]
CRITICAL WARNING: [Constraints 18-5] Cannot loc instance 'design_gol_i/game_of_life_0/U0/CACORE/Field/ROW[0].COL[22].FL.M.CELL_XIY0/LUT4' at site SLICE_X48Y149, Instance design_gol_i/game_of_life_0/U0/CACORE/Field/ROW[0].COL[22].FL.M.CELL_XIY0/LUT4 can not be placed in B6LUT of site SLICE_X48Y149 because the bel is occupied by design_gol_i/game_of_life_0/U0/CACORE/Field/ROW[0].COL[22].FL.M.CELL_XIY0/LUT6_BIT0(port:). This could be caused by bel constraint conflict [C:/Project/GameOfLife/prj/project_microblaze/project_microblaze.srcs/constrs_1/imports/constraints/zed_pins.xdc:368]
CRITICAL WARNING: [Constraints 18-5] Cannot loc instance 'design_gol_i/game_of_life_0/U0/CACORE/Field/ROW[0].COL[22].FL.M.CELL_XIY0/LUT4' at site SLICE_X48Y149, Instance design_gol_i/game_of_life_0/U0/CACORE/Field/ROW[0].COL[22].FL.M.CELL_XIY0/LUT4 can not be placed in C6LUT of site SLICE_X48Y149 because the bel is occupied by design_gol_i/game_of_life_0/U0/CACORE/Field/ROW[0].COL[22].FL.M.CELL_XIY0/LUT6_BIT1(port:). This could be caused by bel constraint conflict [C:/Project/GameOfLife/prj/project_microblaze/project_microblaze.srcs/constrs_1/imports/constraints/zed_pins.xdc:368]
CRITICAL WARNING: [Constraints 18-5] Cannot loc instance 'design_gol_i/game_of_life_0/U0/CACORE/Field/ROW[0].COL[22].FL.M.CELL_XIY0/LUT4' at site SLICE_X48Y149, Instance design_gol_i/game_of_life_0/U0/CACORE/Field/ROW[0].COL[22].FL.M.CELL_XIY0/LUT4 can not be placed in D6LUT of site SLICE_X48Y149 because the bel is occupied by design_gol_i/game_of_life_0/U0/CACORE/Field/ROW[0].COL[22].FL.M.CELL_XIY0/LUT6_BIT2(port:). This could be caused by bel constraint conflict [C:/Project/GameOfLife/prj/project_microblaze/project_microblaze.srcs/constrs_1/imports/constraints/zed_pins.xdc:368]
CRITICAL WARNING: [Constraints 18-5] Cannot loc instance 'design_gol_i/game_of_life_0/U0/CACORE/Field/ROW[0].COL[23].FL.M.CELL_XIY0/LUT4' at site SLICE_X49Y149, Instance design_gol_i/game_of_life_0/U0/CACORE/Field/ROW[0].COL[23].FL.M.CELL_XIY0/LUT4 can not be placed in B6LUT of site SLICE_X49Y149 because the bel is occupied by design_gol_i/game_of_life_0/U0/CACORE/Field/ROW[0].COL[23].FL.M.CELL_XIY0/LUT6_BIT0(port:). This could be caused by bel constraint conflict [C:/Project/GameOfLife/prj/project_microblaze/project_microblaze.srcs/constrs_1/imports/constraints/zed_pins.xdc:376]
CRITICAL WARNING: [Constraints 18-5] Cannot loc instance 'design_gol_i/game_of_life_0/U0/CACORE/Field/ROW[0].COL[23].FL.M.CELL_XIY0/LUT4' at site SLICE_X49Y149, Instance design_gol_i/game_of_life_0/U0/CACORE/Field/ROW[0].COL[23].FL.M.CELL_XIY0/LUT4 can not be placed in C6LUT of site SLICE_X49Y149 because the bel is occupied by design_gol_i/game_of_life_0/U0/CACORE/Field/ROW[0].COL[23].FL.M.CELL_XIY0/LUT6_BIT1(port:). This could be caused by bel constraint conflict [C:/Project/GameOfLife/prj/project_microblaze/project_microblaze.srcs/constrs_1/imports/constraints/zed_pins.xdc:376]
CRITICAL WARNING: [Constraints 18-5] Cannot loc instance 'design_gol_i/game_of_life_0/U0/CACORE/Field/ROW[0].COL[23].FL.M.CELL_XIY0/LUT4' at site SLICE_X49Y149, Instance design_gol_i/game_of_life_0/U0/CACORE/Field/ROW[0].COL[23].FL.M.CELL_XIY0/LUT4 can not be placed in D6LUT of site SLICE_X49Y149 because the bel is occupied by design_gol_i/game_of_life_0/U0/CACORE/Field/ROW[0].COL[23].FL.M.CELL_XIY0/LUT6_BIT2(port:). This could be caused by bel constraint conflict [C:/Project/GameOfLife/prj/project_microblaze/project_microblaze.srcs/constrs_1/imports/constraints/zed_pins.xdc:376]
CRITICAL WARNING: [Constraints 18-5] Cannot loc instance 'design_gol_i/game_of_life_0/U0/CACORE/Field/ROW[0].COL[24].FL.M.CELL_XIY0/LUT4' at site SLICE_X50Y149, Instance design_gol_i/game_of_life_0/U0/CACORE/Field/ROW[0].COL[24].FL.M.CELL_XIY0/LUT4 can not be placed in B6LUT of site SLICE_X50Y149 because the bel is occupied by design_gol_i/game_of_life_0/U0/CACORE/Field/ROW[0].COL[24].FL.M.CELL_XIY0/LUT6_BIT0(port:). This could be caused by bel constraint conflict [C:/Project/GameOfLife/prj/project_microblaze/project_microblaze.srcs/constrs_1/imports/constraints/zed_pins.xdc:384]
CRITICAL WARNING: [Constraints 18-5] Cannot loc instance 'design_gol_i/game_of_life_0/U0/CACORE/Field/ROW[0].COL[24].FL.M.CELL_XIY0/LUT4' at site SLICE_X50Y149, Instance design_gol_i/game_of_life_0/U0/CACORE/Field/ROW[0].COL[24].FL.M.CELL_XIY0/LUT4 can not be placed in C6LUT of site SLICE_X50Y149 because the bel is occupied by design_gol_i/game_of_life_0/U0/CACORE/Field/ROW[0].COL[24].FL.M.CELL_XIY0/LUT6_BIT1(port:). This could be caused by bel constraint conflict [C:/Project/GameOfLife/prj/project_microblaze/project_microblaze.srcs/constrs_1/imports/constraints/zed_pins.xdc:384]
CRITICAL WARNING: [Constraints 18-5] Cannot loc instance 'design_gol_i/game_of_life_0/U0/CACORE/Field/ROW[0].COL[24].FL.M.CELL_XIY0/LUT4' at site SLICE_X50Y149, Instance design_gol_i/game_of_life_0/U0/CACORE/Field/ROW[0].COL[24].FL.M.CELL_XIY0/LUT4 can not be placed in D6LUT of site SLICE_X50Y149 because the bel is occupied by design_gol_i/game_of_life_0/U0/CACORE/Field/ROW[0].COL[24].FL.M.CELL_XIY0/LUT6_BIT2(port:). This could be caused by bel constraint conflict [C:/Project/GameOfLife/prj/project_microblaze/project_microblaze.srcs/constrs_1/imports/constraints/zed_pins.xdc:384]
CRITICAL WARNING: [Constraints 18-5] Cannot loc instance 'design_gol_i/game_of_life_0/U0/CACORE/Field/ROW[0].COL[25].FL.M.CELL_XIY0/LUT4' at site SLICE_X51Y149, Instance design_gol_i/game_of_life_0/U0/CACORE/Field/ROW[0].COL[25].FL.M.CELL_XIY0/LUT4 can not be placed in B6LUT of site SLICE_X51Y149 because the bel is occupied by design_gol_i/game_of_life_0/U0/CACORE/Field/ROW[0].COL[25].FL.M.CELL_XIY0/LUT6_BIT0(port:). This could be caused by bel constraint conflict [C:/Project/GameOfLife/prj/project_microblaze/project_microblaze.srcs/constrs_1/imports/constraints/zed_pins.xdc:392]
CRITICAL WARNING: [Constraints 18-5] Cannot loc instance 'design_gol_i/game_of_life_0/U0/CACORE/Field/ROW[0].COL[25].FL.M.CELL_XIY0/LUT4' at site SLICE_X51Y149, Instance design_gol_i/game_of_life_0/U0/CACORE/Field/ROW[0].COL[25].FL.M.CELL_XIY0/LUT4 can not be placed in C6LUT of site SLICE_X51Y149 because the bel is occupied by design_gol_i/game_of_life_0/U0/CACORE/Field/ROW[0].COL[25].FL.M.CELL_XIY0/LUT6_BIT1(port:). This could be caused by bel constraint conflict [C:/Project/GameOfLife/prj/project_microblaze/project_microblaze.srcs/constrs_1/imports/constraints/zed_pins.xdc:392]
CRITICAL WARNING: [Constraints 18-5] Cannot loc instance 'design_gol_i/game_of_life_0/U0/CACORE/Field/ROW[0].COL[25].FL.M.CELL_XIY0/LUT4' at site SLICE_X51Y149, Instance design_gol_i/game_of_life_0/U0/CACORE/Field/ROW[0].COL[25].FL.M.CELL_XIY0/LUT4 can not be placed in D6LUT of site SLICE_X51Y149 because the bel is occupied by design_gol_i/game_of_life_0/U0/CACORE/Field/ROW[0].COL[25].FL.M.CELL_XIY0/LUT6_BIT2(port:). This could be caused by bel constraint conflict [C:/Project/GameOfLife/prj/project_microblaze/project_microblaze.srcs/constrs_1/imports/constraints/zed_pins.xdc:392]
CRITICAL WARNING: [Constraints 18-5] Cannot loc instance 'design_gol_i/game_of_life_0/U0/CACORE/Field/ROW[0].COL[26].FL.M.CELL_XIY0/LUT4' at site SLICE_X52Y149, Instance design_gol_i/game_of_life_0/U0/CACORE/Field/ROW[0].COL[26].FL.M.CELL_XIY0/LUT4 can not be placed in B6LUT of site SLICE_X52Y149 because the bel is occupied by design_gol_i/game_of_life_0/U0/CACORE/Field/ROW[0].COL[26].FL.M.CELL_XIY0/LUT6_BIT0(port:). This could be caused by bel constraint conflict [C:/Project/GameOfLife/prj/project_microblaze/project_microblaze.srcs/constrs_1/imports/constraints/zed_pins.xdc:400]
CRITICAL WARNING: [Constraints 18-5] Cannot loc instance 'design_gol_i/game_of_life_0/U0/CACORE/Field/ROW[0].COL[26].FL.M.CELL_XIY0/LUT4' at site SLICE_X52Y149, Instance design_gol_i/game_of_life_0/U0/CACORE/Field/ROW[0].COL[26].FL.M.CELL_XIY0/LUT4 can not be placed in C6LUT of site SLICE_X52Y149 because the bel is occupied by design_gol_i/game_of_life_0/U0/CACORE/Field/ROW[0].COL[26].FL.M.CELL_XIY0/LUT6_BIT1(port:). This could be caused by bel constraint conflict [C:/Project/GameOfLife/prj/project_microblaze/project_microblaze.srcs/constrs_1/imports/constraints/zed_pins.xdc:400]
CRITICAL WARNING: [Constraints 18-5] Cannot loc instance 'design_gol_i/game_of_life_0/U0/CACORE/Field/ROW[0].COL[26].FL.M.CELL_XIY0/LUT4' at site SLICE_X52Y149, Instance design_gol_i/game_of_life_0/U0/CACORE/Field/ROW[0].COL[26].FL.M.CELL_XIY0/LUT4 can not be placed in D6LUT of site SLICE_X52Y149 because the bel is occupied by design_gol_i/game_of_life_0/U0/CACORE/Field/ROW[0].COL[26].FL.M.CELL_XIY0/LUT6_BIT2(port:). This could be caused by bel constraint conflict [C:/Project/GameOfLife/prj/project_microblaze/project_microblaze.srcs/constrs_1/imports/constraints/zed_pins.xdc:400]
CRITICAL WARNING: [Constraints 18-5] Cannot loc instance 'design_gol_i/game_of_life_0/U0/CACORE/Field/ROW[0].COL[27].FL.M.CELL_XIY0/LUT4' at site SLICE_X53Y149, Instance design_gol_i/game_of_life_0/U0/CACORE/Field/ROW[0].COL[27].FL.M.CELL_XIY0/LUT4 can not be placed in B6LUT of site SLICE_X53Y149 because the bel is occupied by design_gol_i/game_of_life_0/U0/CACORE/Field/ROW[0].COL[27].FL.M.CELL_XIY0/LUT6_BIT0(port:). This could be caused by bel constraint conflict [C:/Project/GameOfLife/prj/project_microblaze/project_microblaze.srcs/constrs_1/imports/constraints/zed_pins.xdc:408]
CRITICAL WARNING: [Constraints 18-5] Cannot loc instance 'design_gol_i/game_of_life_0/U0/CACORE/Field/ROW[0].COL[27].FL.M.CELL_XIY0/LUT4' at site SLICE_X53Y149, Instance design_gol_i/game_of_life_0/U0/CACORE/Field/ROW[0].COL[27].FL.M.CELL_XIY0/LUT4 can not be placed in C6LUT of site SLICE_X53Y149 because the bel is occupied by design_gol_i/game_of_life_0/U0/CACORE/Field/ROW[0].COL[27].FL.M.CELL_XIY0/LUT6_BIT1(port:). This could be caused by bel constraint conflict [C:/Project/GameOfLife/prj/project_microblaze/project_microblaze.srcs/constrs_1/imports/constraints/zed_pins.xdc:408]
CRITICAL WARNING: [Constraints 18-5] Cannot loc instance 'design_gol_i/game_of_life_0/U0/CACORE/Field/ROW[0].COL[27].FL.M.CELL_XIY0/LUT4' at site SLICE_X53Y149, Instance design_gol_i/game_of_life_0/U0/CACORE/Field/ROW[0].COL[27].FL.M.CELL_XIY0/LUT4 can not be placed in D6LUT of site SLICE_X53Y149 because the bel is occupied by design_gol_i/game_of_life_0/U0/CACORE/Field/ROW[0].COL[27].FL.M.CELL_XIY0/LUT6_BIT2(port:). This could be caused by bel constraint conflict [C:/Project/GameOfLife/prj/project_microblaze/project_microblaze.srcs/constrs_1/imports/constraints/zed_pins.xdc:408]
CRITICAL WARNING: [Constraints 18-5] Cannot loc instance 'design_gol_i/game_of_life_0/U0/CACORE/Field/ROW[0].COL[28].FL.M.CELL_XIY0/LUT4' at site SLICE_X54Y149, Instance design_gol_i/game_of_life_0/U0/CACORE/Field/ROW[0].COL[28].FL.M.CELL_XIY0/LUT4 can not be placed in B6LUT of site SLICE_X54Y149 because the bel is occupied by design_gol_i/game_of_life_0/U0/CACORE/Field/ROW[0].COL[28].FL.M.CELL_XIY0/LUT6_BIT0(port:). This could be caused by bel constraint conflict [C:/Project/GameOfLife/prj/project_microblaze/project_microblaze.srcs/constrs_1/imports/constraints/zed_pins.xdc:416]
CRITICAL WARNING: [Constraints 18-5] Cannot loc instance 'design_gol_i/game_of_life_0/U0/CACORE/Field/ROW[0].COL[28].FL.M.CELL_XIY0/LUT4' at site SLICE_X54Y149, Instance design_gol_i/game_of_life_0/U0/CACORE/Field/ROW[0].COL[28].FL.M.CELL_XIY0/LUT4 can not be placed in C6LUT of site SLICE_X54Y149 because the bel is occupied by design_gol_i/game_of_life_0/U0/CACORE/Field/ROW[0].COL[28].FL.M.CELL_XIY0/LUT6_BIT1(port:). This could be caused by bel constraint conflict [C:/Project/GameOfLife/prj/project_microblaze/project_microblaze.srcs/constrs_1/imports/constraints/zed_pins.xdc:416]
CRITICAL WARNING: [Constraints 18-5] Cannot loc instance 'design_gol_i/game_of_life_0/U0/CACORE/Field/ROW[0].COL[28].FL.M.CELL_XIY0/LUT4' at site SLICE_X54Y149, Instance design_gol_i/game_of_life_0/U0/CACORE/Field/ROW[0].COL[28].FL.M.CELL_XIY0/LUT4 can not be placed in D6LUT of site SLICE_X54Y149 because the bel is occupied by design_gol_i/game_of_life_0/U0/CACORE/Field/ROW[0].COL[28].FL.M.CELL_XIY0/LUT6_BIT2(port:). This could be caused by bel constraint conflict [C:/Project/GameOfLife/prj/project_microblaze/project_microblaze.srcs/constrs_1/imports/constraints/zed_pins.xdc:416]
CRITICAL WARNING: [Constraints 18-5] Cannot loc instance 'design_gol_i/game_of_life_0/U0/CACORE/Field/ROW[0].COL[29].FL.M.CELL_XIY0/LUT4' at site SLICE_X55Y149, Instance design_gol_i/game_of_life_0/U0/CACORE/Field/ROW[0].COL[29].FL.M.CELL_XIY0/LUT4 can not be placed in B6LUT of site SLICE_X55Y149 because the bel is occupied by design_gol_i/game_of_life_0/U0/CACORE/Field/ROW[0].COL[29].FL.M.CELL_XIY0/LUT6_BIT0(port:). This could be caused by bel constraint conflict [C:/Project/GameOfLife/prj/project_microblaze/project_microblaze.srcs/constrs_1/imports/constraints/zed_pins.xdc:424]
CRITICAL WARNING: [Constraints 18-5] Cannot loc instance 'design_gol_i/game_of_life_0/U0/CACORE/Field/ROW[0].COL[29].FL.M.CELL_XIY0/LUT4' at site SLICE_X55Y149, Instance design_gol_i/game_of_life_0/U0/CACORE/Field/ROW[0].COL[29].FL.M.CELL_XIY0/LUT4 can not be placed in C6LUT of site SLICE_X55Y149 because the bel is occupied by design_gol_i/game_of_life_0/U0/CACORE/Field/ROW[0].COL[29].FL.M.CELL_XIY0/LUT6_BIT1(port:). This could be caused by bel constraint conflict [C:/Project/GameOfLife/prj/project_microblaze/project_microblaze.srcs/constrs_1/imports/constraints/zed_pins.xdc:424]
CRITICAL WARNING: [Constraints 18-5] Cannot loc instance 'design_gol_i/game_of_life_0/U0/CACORE/Field/ROW[0].COL[29].FL.M.CELL_XIY0/LUT4' at site SLICE_X55Y149, Instance design_gol_i/game_of_life_0/U0/CACORE/Field/ROW[0].COL[29].FL.M.CELL_XIY0/LUT4 can not be placed in D6LUT of site SLICE_X55Y149 because the bel is occupied by design_gol_i/game_of_life_0/U0/CACORE/Field/ROW[0].COL[29].FL.M.CELL_XIY0/LUT6_BIT2(port:). This could be caused by bel constraint conflict [C:/Project/GameOfLife/prj/project_microblaze/project_microblaze.srcs/constrs_1/imports/constraints/zed_pins.xdc:424]
CRITICAL WARNING: [Constraints 18-5] Cannot loc instance 'design_gol_i/game_of_life_0/U0/CACORE/Field/ROW[0].COL[2].FL.M.CELL_XIY0/LUT4' at site SLICE_X28Y149, Instance design_gol_i/game_of_life_0/U0/CACORE/Field/ROW[0].COL[2].FL.M.CELL_XIY0/LUT4 can not be placed in B6LUT of site SLICE_X28Y149 because the bel is occupied by design_gol_i/game_of_life_0/U0/CACORE/Field/ROW[0].COL[2].FL.M.CELL_XIY0/LUT6_BIT0(port:). This could be caused by bel constraint conflict [C:/Project/GameOfLife/prj/project_microblaze/project_microblaze.srcs/constrs_1/imports/constraints/zed_pins.xdc:208]
CRITICAL WARNING: [Constraints 18-5] Cannot loc instance 'design_gol_i/game_of_life_0/U0/CACORE/Field/ROW[0].COL[2].FL.M.CELL_XIY0/LUT4' at site SLICE_X28Y149, Instance design_gol_i/game_of_life_0/U0/CACORE/Field/ROW[0].COL[2].FL.M.CELL_XIY0/LUT4 can not be placed in C6LUT of site SLICE_X28Y149 because the bel is occupied by design_gol_i/game_of_life_0/U0/CACORE/Field/ROW[0].COL[2].FL.M.CELL_XIY0/LUT6_BIT1(port:). This could be caused by bel constraint conflict [C:/Project/GameOfLife/prj/project_microblaze/project_microblaze.srcs/constrs_1/imports/constraints/zed_pins.xdc:208]
CRITICAL WARNING: [Constraints 18-5] Cannot loc instance 'design_gol_i/game_of_life_0/U0/CACORE/Field/ROW[0].COL[2].FL.M.CELL_XIY0/LUT4' at site SLICE_X28Y149, Instance design_gol_i/game_of_life_0/U0/CACORE/Field/ROW[0].COL[2].FL.M.CELL_XIY0/LUT4 can not be placed in D6LUT of site SLICE_X28Y149 because the bel is occupied by design_gol_i/game_of_life_0/U0/CACORE/Field/ROW[0].COL[2].FL.M.CELL_XIY0/LUT6_BIT2(port:). This could be caused by bel constraint conflict [C:/Project/GameOfLife/prj/project_microblaze/project_microblaze.srcs/constrs_1/imports/constraints/zed_pins.xdc:208]
CRITICAL WARNING: [Constraints 18-5] Cannot loc instance 'design_gol_i/game_of_life_0/U0/CACORE/Field/ROW[0].COL[30].FL.M.CELL_XIY0/LUT4' at site SLICE_X56Y149, Instance design_gol_i/game_of_life_0/U0/CACORE/Field/ROW[0].COL[30].FL.M.CELL_XIY0/LUT4 can not be placed in B6LUT of site SLICE_X56Y149 because the bel is occupied by design_gol_i/game_of_life_0/U0/CACORE/Field/ROW[0].COL[30].FL.M.CELL_XIY0/LUT6_BIT0(port:). This could be caused by bel constraint conflict [C:/Project/GameOfLife/prj/project_microblaze/project_microblaze.srcs/constrs_1/imports/constraints/zed_pins.xdc:432]
CRITICAL WARNING: [Constraints 18-5] Cannot loc instance 'design_gol_i/game_of_life_0/U0/CACORE/Field/ROW[0].COL[30].FL.M.CELL_XIY0/LUT4' at site SLICE_X56Y149, Instance design_gol_i/game_of_life_0/U0/CACORE/Field/ROW[0].COL[30].FL.M.CELL_XIY0/LUT4 can not be placed in C6LUT of site SLICE_X56Y149 because the bel is occupied by design_gol_i/game_of_life_0/U0/CACORE/Field/ROW[0].COL[30].FL.M.CELL_XIY0/LUT6_BIT1(port:). This could be caused by bel constraint conflict [C:/Project/GameOfLife/prj/project_microblaze/project_microblaze.srcs/constrs_1/imports/constraints/zed_pins.xdc:432]
CRITICAL WARNING: [Constraints 18-5] Cannot loc instance 'design_gol_i/game_of_life_0/U0/CACORE/Field/ROW[0].COL[30].FL.M.CELL_XIY0/LUT4' at site SLICE_X56Y149, Instance design_gol_i/game_of_life_0/U0/CACORE/Field/ROW[0].COL[30].FL.M.CELL_XIY0/LUT4 can not be placed in D6LUT of site SLICE_X56Y149 because the bel is occupied by design_gol_i/game_of_life_0/U0/CACORE/Field/ROW[0].COL[30].FL.M.CELL_XIY0/LUT6_BIT2(port:). This could be caused by bel constraint conflict [C:/Project/GameOfLife/prj/project_microblaze/project_microblaze.srcs/constrs_1/imports/constraints/zed_pins.xdc:432]
CRITICAL WARNING: [Constraints 18-5] Cannot loc instance 'design_gol_i/game_of_life_0/U0/CACORE/Field/ROW[0].COL[31].FL.M.CELL_XIY0/LUT4' at site SLICE_X57Y149, Instance design_gol_i/game_of_life_0/U0/CACORE/Field/ROW[0].COL[31].FL.M.CELL_XIY0/LUT4 can not be placed in B6LUT of site SLICE_X57Y149 because the bel is occupied by design_gol_i/game_of_life_0/U0/CACORE/Field/ROW[0].COL[31].FL.M.CELL_XIY0/LUT6_BIT0(port:). This could be caused by bel constraint conflict [C:/Project/GameOfLife/prj/project_microblaze/project_microblaze.srcs/constrs_1/imports/constraints/zed_pins.xdc:440]
CRITICAL WARNING: [Constraints 18-5] Cannot loc instance 'design_gol_i/game_of_life_0/U0/CACORE/Field/ROW[0].COL[31].FL.M.CELL_XIY0/LUT4' at site SLICE_X57Y149, Instance design_gol_i/game_of_life_0/U0/CACORE/Field/ROW[0].COL[31].FL.M.CELL_XIY0/LUT4 can not be placed in C6LUT of site SLICE_X57Y149 because the bel is occupied by design_gol_i/game_of_life_0/U0/CACORE/Field/ROW[0].COL[31].FL.M.CELL_XIY0/LUT6_BIT1(port:). This could be caused by bel constraint conflict [C:/Project/GameOfLife/prj/project_microblaze/project_microblaze.srcs/constrs_1/imports/constraints/zed_pins.xdc:440]
CRITICAL WARNING: [Constraints 18-5] Cannot loc instance 'design_gol_i/game_of_life_0/U0/CACORE/Field/ROW[0].COL[31].FL.M.CELL_XIY0/LUT4' at site SLICE_X57Y149, Instance design_gol_i/game_of_life_0/U0/CACORE/Field/ROW[0].COL[31].FL.M.CELL_XIY0/LUT4 can not be placed in D6LUT of site SLICE_X57Y149 because the bel is occupied by design_gol_i/game_of_life_0/U0/CACORE/Field/ROW[0].COL[31].FL.M.CELL_XIY0/LUT6_BIT2(port:). This could be caused by bel constraint conflict [C:/Project/GameOfLife/prj/project_microblaze/project_microblaze.srcs/constrs_1/imports/constraints/zed_pins.xdc:440]
CRITICAL WARNING: [Constraints 18-5] Cannot loc instance 'design_gol_i/game_of_life_0/U0/CACORE/Field/ROW[0].COL[32].FL.M.CELL_XIY0/LUT4' at site SLICE_X58Y149, Instance design_gol_i/game_of_life_0/U0/CACORE/Field/ROW[0].COL[32].FL.M.CELL_XIY0/LUT4 can not be placed in B6LUT of site SLICE_X58Y149 because the bel is occupied by design_gol_i/game_of_life_0/U0/CACORE/Field/ROW[0].COL[32].FL.M.CELL_XIY0/LUT6_BIT0(port:). This could be caused by bel constraint conflict [C:/Project/GameOfLife/prj/project_microblaze/project_microblaze.srcs/constrs_1/imports/constraints/zed_pins.xdc:448]
CRITICAL WARNING: [Constraints 18-5] Cannot loc instance 'design_gol_i/game_of_life_0/U0/CACORE/Field/ROW[0].COL[32].FL.M.CELL_XIY0/LUT4' at site SLICE_X58Y149, Instance design_gol_i/game_of_life_0/U0/CACORE/Field/ROW[0].COL[32].FL.M.CELL_XIY0/LUT4 can not be placed in C6LUT of site SLICE_X58Y149 because the bel is occupied by design_gol_i/game_of_life_0/U0/CACORE/Field/ROW[0].COL[32].FL.M.CELL_XIY0/LUT6_BIT1(port:). This could be caused by bel constraint conflict [C:/Project/GameOfLife/prj/project_microblaze/project_microblaze.srcs/constrs_1/imports/constraints/zed_pins.xdc:448]
CRITICAL WARNING: [Constraints 18-5] Cannot loc instance 'design_gol_i/game_of_life_0/U0/CACORE/Field/ROW[0].COL[32].FL.M.CELL_XIY0/LUT4' at site SLICE_X58Y149, Instance design_gol_i/game_of_life_0/U0/CACORE/Field/ROW[0].COL[32].FL.M.CELL_XIY0/LUT4 can not be placed in D6LUT of site SLICE_X58Y149 because the bel is occupied by design_gol_i/game_of_life_0/U0/CACORE/Field/ROW[0].COL[32].FL.M.CELL_XIY0/LUT6_BIT2(port:). This could be caused by bel constraint conflict [C:/Project/GameOfLife/prj/project_microblaze/project_microblaze.srcs/constrs_1/imports/constraints/zed_pins.xdc:448]
CRITICAL WARNING: [Constraints 18-5] Cannot loc instance 'design_gol_i/game_of_life_0/U0/CACORE/Field/ROW[0].COL[33].FL.M.CELL_XIY0/LUT4' at site SLICE_X59Y149, Instance design_gol_i/game_of_life_0/U0/CACORE/Field/ROW[0].COL[33].FL.M.CELL_XIY0/LUT4 can not be placed in B6LUT of site SLICE_X59Y149 because the bel is occupied by design_gol_i/game_of_life_0/U0/CACORE/Field/ROW[0].COL[33].FL.M.CELL_XIY0/LUT6_BIT0(port:). This could be caused by bel constraint conflict [C:/Project/GameOfLife/prj/project_microblaze/project_microblaze.srcs/constrs_1/imports/constraints/zed_pins.xdc:456]
CRITICAL WARNING: [Constraints 18-5] Cannot loc instance 'design_gol_i/game_of_life_0/U0/CACORE/Field/ROW[0].COL[33].FL.M.CELL_XIY0/LUT4' at site SLICE_X59Y149, Instance design_gol_i/game_of_life_0/U0/CACORE/Field/ROW[0].COL[33].FL.M.CELL_XIY0/LUT4 can not be placed in C6LUT of site SLICE_X59Y149 because the bel is occupied by design_gol_i/game_of_life_0/U0/CACORE/Field/ROW[0].COL[33].FL.M.CELL_XIY0/LUT6_BIT1(port:). This could be caused by bel constraint conflict [C:/Project/GameOfLife/prj/project_microblaze/project_microblaze.srcs/constrs_1/imports/constraints/zed_pins.xdc:456]
CRITICAL WARNING: [Constraints 18-5] Cannot loc instance 'design_gol_i/game_of_life_0/U0/CACORE/Field/ROW[0].COL[33].FL.M.CELL_XIY0/LUT4' at site SLICE_X59Y149, Instance design_gol_i/game_of_life_0/U0/CACORE/Field/ROW[0].COL[33].FL.M.CELL_XIY0/LUT4 can not be placed in D6LUT of site SLICE_X59Y149 because the bel is occupied by design_gol_i/game_of_life_0/U0/CACORE/Field/ROW[0].COL[33].FL.M.CELL_XIY0/LUT6_BIT2(port:). This could be caused by bel constraint conflict [C:/Project/GameOfLife/prj/project_microblaze/project_microblaze.srcs/constrs_1/imports/constraints/zed_pins.xdc:456]
CRITICAL WARNING: [Constraints 18-5] Cannot loc instance 'design_gol_i/game_of_life_0/U0/CACORE/Field/ROW[0].COL[34].FL.M.CELL_XIY0/LUT4' at site SLICE_X60Y149, Instance design_gol_i/game_of_life_0/U0/CACORE/Field/ROW[0].COL[34].FL.M.CELL_XIY0/LUT4 can not be placed in B6LUT of site SLICE_X60Y149 because the bel is occupied by design_gol_i/game_of_life_0/U0/CACORE/Field/ROW[0].COL[34].FL.M.CELL_XIY0/LUT6_BIT0(port:). This could be caused by bel constraint conflict [C:/Project/GameOfLife/prj/project_microblaze/project_microblaze.srcs/constrs_1/imports/constraints/zed_pins.xdc:464]
CRITICAL WARNING: [Constraints 18-5] Cannot loc instance 'design_gol_i/game_of_life_0/U0/CACORE/Field/ROW[0].COL[34].FL.M.CELL_XIY0/LUT4' at site SLICE_X60Y149, Instance design_gol_i/game_of_life_0/U0/CACORE/Field/ROW[0].COL[34].FL.M.CELL_XIY0/LUT4 can not be placed in C6LUT of site SLICE_X60Y149 because the bel is occupied by design_gol_i/game_of_life_0/U0/CACORE/Field/ROW[0].COL[34].FL.M.CELL_XIY0/LUT6_BIT1(port:). This could be caused by bel constraint conflict [C:/Project/GameOfLife/prj/project_microblaze/project_microblaze.srcs/constrs_1/imports/constraints/zed_pins.xdc:464]
CRITICAL WARNING: [Constraints 18-5] Cannot loc instance 'design_gol_i/game_of_life_0/U0/CACORE/Field/ROW[0].COL[34].FL.M.CELL_XIY0/LUT4' at site SLICE_X60Y149, Instance design_gol_i/game_of_life_0/U0/CACORE/Field/ROW[0].COL[34].FL.M.CELL_XIY0/LUT4 can not be placed in D6LUT of site SLICE_X60Y149 because the bel is occupied by design_gol_i/game_of_life_0/U0/CACORE/Field/ROW[0].COL[34].FL.M.CELL_XIY0/LUT6_BIT2(port:). This could be caused by bel constraint conflict [C:/Project/GameOfLife/prj/project_microblaze/project_microblaze.srcs/constrs_1/imports/constraints/zed_pins.xdc:464]
CRITICAL WARNING: [Constraints 18-5] Cannot loc instance 'design_gol_i/game_of_life_0/U0/CACORE/Field/ROW[0].COL[35].FL.M.CELL_XIY0/LUT4' at site SLICE_X61Y149, Instance design_gol_i/game_of_life_0/U0/CACORE/Field/ROW[0].COL[35].FL.M.CELL_XIY0/LUT4 can not be placed in B6LUT of site SLICE_X61Y149 because the bel is occupied by design_gol_i/game_of_life_0/U0/CACORE/Field/ROW[0].COL[35].FL.M.CELL_XIY0/LUT6_BIT0(port:). This could be caused by bel constraint conflict [C:/Project/GameOfLife/prj/project_microblaze/project_microblaze.srcs/constrs_1/imports/constraints/zed_pins.xdc:472]
CRITICAL WARNING: [Constraints 18-5] Cannot loc instance 'design_gol_i/game_of_life_0/U0/CACORE/Field/ROW[0].COL[35].FL.M.CELL_XIY0/LUT4' at site SLICE_X61Y149, Instance design_gol_i/game_of_life_0/U0/CACORE/Field/ROW[0].COL[35].FL.M.CELL_XIY0/LUT4 can not be placed in C6LUT of site SLICE_X61Y149 because the bel is occupied by design_gol_i/game_of_life_0/U0/CACORE/Field/ROW[0].COL[35].FL.M.CELL_XIY0/LUT6_BIT1(port:). This could be caused by bel constraint conflict [C:/Project/GameOfLife/prj/project_microblaze/project_microblaze.srcs/constrs_1/imports/constraints/zed_pins.xdc:472]
CRITICAL WARNING: [Constraints 18-5] Cannot loc instance 'design_gol_i/game_of_life_0/U0/CACORE/Field/ROW[0].COL[35].FL.M.CELL_XIY0/LUT4' at site SLICE_X61Y149, Instance design_gol_i/game_of_life_0/U0/CACORE/Field/ROW[0].COL[35].FL.M.CELL_XIY0/LUT4 can not be placed in D6LUT of site SLICE_X61Y149 because the bel is occupied by design_gol_i/game_of_life_0/U0/CACORE/Field/ROW[0].COL[35].FL.M.CELL_XIY0/LUT6_BIT2(port:). This could be caused by bel constraint conflict [C:/Project/GameOfLife/prj/project_microblaze/project_microblaze.srcs/constrs_1/imports/constraints/zed_pins.xdc:472]
CRITICAL WARNING: [Constraints 18-5] Cannot loc instance 'design_gol_i/game_of_life_0/U0/CACORE/Field/ROW[0].COL[36].FL.M.CELL_XIY0/LUT4' at site SLICE_X62Y149, Instance design_gol_i/game_of_life_0/U0/CACORE/Field/ROW[0].COL[36].FL.M.CELL_XIY0/LUT4 can not be placed in B6LUT of site SLICE_X62Y149 because the bel is occupied by design_gol_i/game_of_life_0/U0/CACORE/Field/ROW[0].COL[36].FL.M.CELL_XIY0/LUT6_BIT0(port:). This could be caused by bel constraint conflict [C:/Project/GameOfLife/prj/project_microblaze/project_microblaze.srcs/constrs_1/imports/constraints/zed_pins.xdc:480]
CRITICAL WARNING: [Constraints 18-5] Cannot loc instance 'design_gol_i/game_of_life_0/U0/CACORE/Field/ROW[0].COL[36].FL.M.CELL_XIY0/LUT4' at site SLICE_X62Y149, Instance design_gol_i/game_of_life_0/U0/CACORE/Field/ROW[0].COL[36].FL.M.CELL_XIY0/LUT4 can not be placed in C6LUT of site SLICE_X62Y149 because the bel is occupied by design_gol_i/game_of_life_0/U0/CACORE/Field/ROW[0].COL[36].FL.M.CELL_XIY0/LUT6_BIT1(port:). This could be caused by bel constraint conflict [C:/Project/GameOfLife/prj/project_microblaze/project_microblaze.srcs/constrs_1/imports/constraints/zed_pins.xdc:480]
CRITICAL WARNING: [Constraints 18-5] Cannot loc instance 'design_gol_i/game_of_life_0/U0/CACORE/Field/ROW[0].COL[36].FL.M.CELL_XIY0/LUT4' at site SLICE_X62Y149, Instance design_gol_i/game_of_life_0/U0/CACORE/Field/ROW[0].COL[36].FL.M.CELL_XIY0/LUT4 can not be placed in D6LUT of site SLICE_X62Y149 because the bel is occupied by design_gol_i/game_of_life_0/U0/CACORE/Field/ROW[0].COL[36].FL.M.CELL_XIY0/LUT6_BIT2(port:). This could be caused by bel constraint conflict [C:/Project/GameOfLife/prj/project_microblaze/project_microblaze.srcs/constrs_1/imports/constraints/zed_pins.xdc:480]
CRITICAL WARNING: [Constraints 18-5] Cannot loc instance 'design_gol_i/game_of_life_0/U0/CACORE/Field/ROW[0].COL[37].FL.M.CELL_XIY0/LUT4' at site SLICE_X63Y149, Instance design_gol_i/game_of_life_0/U0/CACORE/Field/ROW[0].COL[37].FL.M.CELL_XIY0/LUT4 can not be placed in B6LUT of site SLICE_X63Y149 because the bel is occupied by design_gol_i/game_of_life_0/U0/CACORE/Field/ROW[0].COL[37].FL.M.CELL_XIY0/LUT6_BIT0(port:). This could be caused by bel constraint conflict [C:/Project/GameOfLife/prj/project_microblaze/project_microblaze.srcs/constrs_1/imports/constraints/zed_pins.xdc:488]
CRITICAL WARNING: [Constraints 18-5] Cannot loc instance 'design_gol_i/game_of_life_0/U0/CACORE/Field/ROW[0].COL[37].FL.M.CELL_XIY0/LUT4' at site SLICE_X63Y149, Instance design_gol_i/game_of_life_0/U0/CACORE/Field/ROW[0].COL[37].FL.M.CELL_XIY0/LUT4 can not be placed in C6LUT of site SLICE_X63Y149 because the bel is occupied by design_gol_i/game_of_life_0/U0/CACORE/Field/ROW[0].COL[37].FL.M.CELL_XIY0/LUT6_BIT1(port:). This could be caused by bel constraint conflict [C:/Project/GameOfLife/prj/project_microblaze/project_microblaze.srcs/constrs_1/imports/constraints/zed_pins.xdc:488]
CRITICAL WARNING: [Constraints 18-5] Cannot loc instance 'design_gol_i/game_of_life_0/U0/CACORE/Field/ROW[0].COL[37].FL.M.CELL_XIY0/LUT4' at site SLICE_X63Y149, Instance design_gol_i/game_of_life_0/U0/CACORE/Field/ROW[0].COL[37].FL.M.CELL_XIY0/LUT4 can not be placed in D6LUT of site SLICE_X63Y149 because the bel is occupied by design_gol_i/game_of_life_0/U0/CACORE/Field/ROW[0].COL[37].FL.M.CELL_XIY0/LUT6_BIT2(port:). This could be caused by bel constraint conflict [C:/Project/GameOfLife/prj/project_microblaze/project_microblaze.srcs/constrs_1/imports/constraints/zed_pins.xdc:488]
CRITICAL WARNING: [Constraints 18-5] Cannot loc instance 'design_gol_i/game_of_life_0/U0/CACORE/Field/ROW[0].COL[38].FL.M.CELL_XIY0/LUT4' at site SLICE_X64Y149, Instance design_gol_i/game_of_life_0/U0/CACORE/Field/ROW[0].COL[38].FL.M.CELL_XIY0/LUT4 can not be placed in B6LUT of site SLICE_X64Y149 because the bel is occupied by design_gol_i/game_of_life_0/U0/CACORE/Field/ROW[0].COL[38].FL.M.CELL_XIY0/LUT6_BIT0(port:). This could be caused by bel constraint conflict [C:/Project/GameOfLife/prj/project_microblaze/project_microblaze.srcs/constrs_1/imports/constraints/zed_pins.xdc:496]
CRITICAL WARNING: [Constraints 18-5] Cannot loc instance 'design_gol_i/game_of_life_0/U0/CACORE/Field/ROW[0].COL[38].FL.M.CELL_XIY0/LUT4' at site SLICE_X64Y149, Instance design_gol_i/game_of_life_0/U0/CACORE/Field/ROW[0].COL[38].FL.M.CELL_XIY0/LUT4 can not be placed in C6LUT of site SLICE_X64Y149 because the bel is occupied by design_gol_i/game_of_life_0/U0/CACORE/Field/ROW[0].COL[38].FL.M.CELL_XIY0/LUT6_BIT1(port:). This could be caused by bel constraint conflict [C:/Project/GameOfLife/prj/project_microblaze/project_microblaze.srcs/constrs_1/imports/constraints/zed_pins.xdc:496]
CRITICAL WARNING: [Constraints 18-5] Cannot loc instance 'design_gol_i/game_of_life_0/U0/CACORE/Field/ROW[0].COL[38].FL.M.CELL_XIY0/LUT4' at site SLICE_X64Y149, Instance design_gol_i/game_of_life_0/U0/CACORE/Field/ROW[0].COL[38].FL.M.CELL_XIY0/LUT4 can not be placed in D6LUT of site SLICE_X64Y149 because the bel is occupied by design_gol_i/game_of_life_0/U0/CACORE/Field/ROW[0].COL[38].FL.M.CELL_XIY0/LUT6_BIT2(port:). This could be caused by bel constraint conflict [C:/Project/GameOfLife/prj/project_microblaze/project_microblaze.srcs/constrs_1/imports/constraints/zed_pins.xdc:496]
CRITICAL WARNING: [Constraints 18-5] Cannot loc instance 'design_gol_i/game_of_life_0/U0/CACORE/Field/ROW[0].COL[39].FL.M.CELL_XIY0/LUT4' at site SLICE_X65Y149, Instance design_gol_i/game_of_life_0/U0/CACORE/Field/ROW[0].COL[39].FL.M.CELL_XIY0/LUT4 can not be placed in B6LUT of site SLICE_X65Y149 because the bel is occupied by design_gol_i/game_of_life_0/U0/CACORE/Field/ROW[0].COL[39].FL.M.CELL_XIY0/LUT6_BIT0(port:). This could be caused by bel constraint conflict [C:/Project/GameOfLife/prj/project_microblaze/project_microblaze.srcs/constrs_1/imports/constraints/zed_pins.xdc:504]
CRITICAL WARNING: [Constraints 18-5] Cannot loc instance 'design_gol_i/game_of_life_0/U0/CACORE/Field/ROW[0].COL[39].FL.M.CELL_XIY0/LUT4' at site SLICE_X65Y149, Instance design_gol_i/game_of_life_0/U0/CACORE/Field/ROW[0].COL[39].FL.M.CELL_XIY0/LUT4 can not be placed in C6LUT of site SLICE_X65Y149 because the bel is occupied by design_gol_i/game_of_life_0/U0/CACORE/Field/ROW[0].COL[39].FL.M.CELL_XIY0/LUT6_BIT1(port:). This could be caused by bel constraint conflict [C:/Project/GameOfLife/prj/project_microblaze/project_microblaze.srcs/constrs_1/imports/constraints/zed_pins.xdc:504]
CRITICAL WARNING: [Constraints 18-5] Cannot loc instance 'design_gol_i/game_of_life_0/U0/CACORE/Field/ROW[0].COL[39].FL.M.CELL_XIY0/LUT4' at site SLICE_X65Y149, Instance design_gol_i/game_of_life_0/U0/CACORE/Field/ROW[0].COL[39].FL.M.CELL_XIY0/LUT4 can not be placed in D6LUT of site SLICE_X65Y149 because the bel is occupied by design_gol_i/game_of_life_0/U0/CACORE/Field/ROW[0].COL[39].FL.M.CELL_XIY0/LUT6_BIT2(port:). This could be caused by bel constraint conflict [C:/Project/GameOfLife/prj/project_microblaze/project_microblaze.srcs/constrs_1/imports/constraints/zed_pins.xdc:504]
CRITICAL WARNING: [Constraints 18-5] Cannot loc instance 'design_gol_i/game_of_life_0/U0/CACORE/Field/ROW[0].COL[3].FL.M.CELL_XIY0/LUT4' at site SLICE_X29Y149, Instance design_gol_i/game_of_life_0/U0/CACORE/Field/ROW[0].COL[3].FL.M.CELL_XIY0/LUT4 can not be placed in B6LUT of site SLICE_X29Y149 because the bel is occupied by design_gol_i/game_of_life_0/U0/CACORE/Field/ROW[0].COL[3].FL.M.CELL_XIY0/LUT6_BIT0(port:). This could be caused by bel constraint conflict [C:/Project/GameOfLife/prj/project_microblaze/project_microblaze.srcs/constrs_1/imports/constraints/zed_pins.xdc:216]
CRITICAL WARNING: [Constraints 18-5] Cannot loc instance 'design_gol_i/game_of_life_0/U0/CACORE/Field/ROW[0].COL[3].FL.M.CELL_XIY0/LUT4' at site SLICE_X29Y149, Instance design_gol_i/game_of_life_0/U0/CACORE/Field/ROW[0].COL[3].FL.M.CELL_XIY0/LUT4 can not be placed in C6LUT of site SLICE_X29Y149 because the bel is occupied by design_gol_i/game_of_life_0/U0/CACORE/Field/ROW[0].COL[3].FL.M.CELL_XIY0/LUT6_BIT1(port:). This could be caused by bel constraint conflict [C:/Project/GameOfLife/prj/project_microblaze/project_microblaze.srcs/constrs_1/imports/constraints/zed_pins.xdc:216]
INFO: [Common 17-14] Message 'Constraints 18-5' appears 100 times and further instances of the messages will be disabled. Use the Tcl command set_msg_config to change the current settings.
INFO: [Opt 31-138] Pushed 1 inverter(s) to 1 load pin(s).
Phase 2 Constant propagation | Checksum: 1b1430f9c

Time (s): cpu = 00:00:11 ; elapsed = 00:00:09 . Memory (MB): peak = 1466.547 ; gain = 0.000
INFO: [Opt 31-389] Phase Constant propagation created 936 cells and removed 1275 cells

Phase 3 Sweep
Phase 3 Sweep | Checksum: 1102d4f4d

Time (s): cpu = 00:00:14 ; elapsed = 00:00:12 . Memory (MB): peak = 1466.547 ; gain = 0.000
INFO: [Opt 31-389] Phase Sweep created 0 cells and removed 625 cells

Phase 4 BUFG optimization
Phase 4 BUFG optimization | Checksum: 1102d4f4d

Time (s): cpu = 00:00:16 ; elapsed = 00:00:14 . Memory (MB): peak = 1466.547 ; gain = 0.000
INFO: [Opt 31-389] Phase BUFG optimization created 0 cells and removed 0 cells

Phase 5 Shift Register Optimization
Phase 5 Shift Register Optimization | Checksum: 1102d4f4d

Time (s): cpu = 00:00:16 ; elapsed = 00:00:14 . Memory (MB): peak = 1466.547 ; gain = 0.000
INFO: [Opt 31-389] Phase Shift Register Optimization created 0 cells and removed 0 cells

Starting Connectivity Check Task

Time (s): cpu = 00:00:00 ; elapsed = 00:00:00.202 . Memory (MB): peak = 1466.547 ; gain = 0.000
Ending Logic Optimization Task | Checksum: 1102d4f4d

Time (s): cpu = 00:00:17 ; elapsed = 00:00:15 . Memory (MB): peak = 1466.547 ; gain = 0.000

Starting Power Optimization Task
INFO: [Pwropt 34-132] Skipping clock gating for clocks with a period < 2.00 ns.
INFO: [Pwropt 34-203] Number of nets are not same before and after processing of findDistanceFromSourceAndDest. Before: 56156 After: 56388
INFO: [Pwropt 34-9] Applying IDT optimizations ...
INFO: [Pwropt 34-10] Applying ODC optimizations ...
INFO: [Timing 38-35] Done setting XDC timing constraints.
Running Vector-less Activity Propagation...

Finished Running Vector-less Activity Propagation


Starting PowerOpt Patch Enables Task
INFO: [Pwropt 34-162] WRITE_MODE attribute of 0 BRAM(s) out of a total of 4 has been updated to save power. Run report_power_opt to get a complete listing of the BRAMs updated.
INFO: [Pwropt 34-201] Structural ODC has moved 0 WE to EN ports
Number of BRAM Ports augmented: 0 newly gated: 0 Total Ports: 8
Ending PowerOpt Patch Enables Task | Checksum: 14092a2e5

Time (s): cpu = 00:00:01 ; elapsed = 00:00:00.189 . Memory (MB): peak = 1578.465 ; gain = 0.000
Ending Power Optimization Task | Checksum: 14092a2e5

Time (s): cpu = 00:00:31 ; elapsed = 00:00:21 . Memory (MB): peak = 1578.465 ; gain = 111.918
131 Infos, 0 Warnings, 100 Critical Warnings and 0 Errors encountered.
opt_design completed successfully
opt_design: Time (s): cpu = 00:00:58 ; elapsed = 00:00:44 . Memory (MB): peak = 1578.465 ; gain = 111.918
Writing placer database...
Writing XDEF routing.
Writing XDEF routing logical nets.
Writing XDEF routing special nets.
Write XDEF Complete: Time (s): cpu = 00:00:12 ; elapsed = 00:00:04 . Memory (MB): peak = 1578.465 ; gain = 0.000
INFO: [Common 17-1381] The checkpoint 'C:/Project/GameOfLife/prj/project_microblaze/project_microblaze.runs/impl_1/design_gol_wrapper_opt.dcp' has been generated.
write_checkpoint: Time (s): cpu = 00:00:20 ; elapsed = 00:00:11 . Memory (MB): peak = 1578.465 ; gain = 0.000
Command: report_drc -file design_gol_wrapper_drc_opted.rpt
INFO: [DRC 23-27] Running DRC with 2 threads
INFO: [Coretcl 2-168] The results of DRC are in file C:/Project/GameOfLife/prj/project_microblaze/project_microblaze.runs/impl_1/design_gol_wrapper_drc_opted.rpt.
report_drc completed successfully
report_drc: Time (s): cpu = 00:00:12 ; elapsed = 00:00:06 . Memory (MB): peak = 1578.465 ; gain = 0.000
INFO: [Chipscope 16-241] No debug cores found in the current design.
Before running the implement_debug_core command, either use the Set Up Debug wizard (GUI mode)
or use the create_debug_core and connect_debug_core Tcl commands to insert debug cores into the design.
Command: place_design
Attempting to get a license for feature 'Implementation' and/or device 'xc7z020-clg484'
INFO: [Common 17-349] Got license for feature 'Implementation' and/or device 'xc7z020-clg484'
Command: report_drc (run_mandatory_drcs) for: incr_eco_checks
INFO: [DRC 23-27] Running DRC with 2 threads
report_drc (run_mandatory_drcs) completed successfully
INFO: [Vivado_Tcl 4-198] DRC finished with 0 Errors
INFO: [Vivado_Tcl 4-199] Please refer to the DRC report (report_drc) for more information.
Running DRC as a precondition to command place_design
Command: report_drc (run_mandatory_drcs) for: placer_checks
INFO: [DRC 23-27] Running DRC with 2 threads
report_drc (run_mandatory_drcs) completed successfully
INFO: [Vivado_Tcl 4-198] DRC finished with 0 Errors
INFO: [Vivado_Tcl 4-199] Please refer to the DRC report (report_drc) for more information.

Starting Placer Task
INFO: [Place 30-611] Multithreading enabled for place_design using a maximum of 2 CPUs

Phase 1 Placer Initialization

Phase 1.1 Placer Initialization Netlist Sorting
Netlist sorting complete. Time (s): cpu = 00:00:00 ; elapsed = 00:00:00.121 . Memory (MB): peak = 1578.465 ; gain = 0.000
Phase 1.1 Placer Initialization Netlist Sorting | Checksum: d88128d7

Time (s): cpu = 00:00:00 ; elapsed = 00:00:00.667 . Memory (MB): peak = 1578.465 ; gain = 0.000
INFO: [Timing 38-35] Done setting XDC timing constraints.
INFO: [Opt 31-138] Pushed 0 inverter(s) to 0 load pin(s).
Netlist sorting complete. Time (s): cpu = 00:00:00 ; elapsed = 00:00:00.121 . Memory (MB): peak = 1578.465 ; gain = 0.000

Phase 1.2 IO Placement/ Clock Placement/ Build Placer Device
INFO: [Timing 38-35] Done setting XDC timing constraints.
Phase 1.2 IO Placement/ Clock Placement/ Build Placer Device | Checksum: 3d376cfd

Time (s): cpu = 00:00:17 ; elapsed = 00:00:16 . Memory (MB): peak = 1578.465 ; gain = 0.000

Phase 1.3 Build Placer Netlist Model
Phase 1.3 Build Placer Netlist Model | Checksum: 12883bc4a

Time (s): cpu = 00:00:40 ; elapsed = 00:00:32 . Memory (MB): peak = 1724.426 ; gain = 145.961

Phase 1.4 Constrain Clocks/Macros
Phase 1.4 Constrain Clocks/Macros | Checksum: 12883bc4a

Time (s): cpu = 00:00:41 ; elapsed = 00:00:33 . Memory (MB): peak = 1724.426 ; gain = 145.961
Phase 1 Placer Initialization | Checksum: 12883bc4a

Time (s): cpu = 00:00:41 ; elapsed = 00:00:33 . Memory (MB): peak = 1724.426 ; gain = 145.961

Phase 2 Global Placement
Phase 2 Global Placement | Checksum: 1fdc31747

Time (s): cpu = 00:01:11 ; elapsed = 00:00:52 . Memory (MB): peak = 1724.426 ; gain = 145.961

Phase 3 Detail Placement

Phase 3.1 Commit Multi Column Macros
Phase 3.1 Commit Multi Column Macros | Checksum: 1fdc31747

Time (s): cpu = 00:01:12 ; elapsed = 00:00:52 . Memory (MB): peak = 1724.426 ; gain = 145.961

Phase 3.2 Commit Most Macros & LUTRAMs
Phase 3.2 Commit Most Macros & LUTRAMs | Checksum: 171ec0af9

Time (s): cpu = 00:01:18 ; elapsed = 00:00:58 . Memory (MB): peak = 1724.426 ; gain = 145.961

Phase 3.3 Area Swap Optimization
Phase 3.3 Area Swap Optimization | Checksum: 15af4e3d9

Time (s): cpu = 00:01:18 ; elapsed = 00:00:58 . Memory (MB): peak = 1724.426 ; gain = 145.961

Phase 3.4 Pipeline Register Optimization
Phase 3.4 Pipeline Register Optimization | Checksum: 2162d4f28

Time (s): cpu = 00:01:19 ; elapsed = 00:00:59 . Memory (MB): peak = 1724.426 ; gain = 145.961

Phase 3.5 Timing Path Optimizer
Phase 3.5 Timing Path Optimizer | Checksum: 171b98d18

Time (s): cpu = 00:01:21 ; elapsed = 00:01:00 . Memory (MB): peak = 1724.426 ; gain = 145.961

Phase 3.6 Fast Optimization
Phase 3.6 Fast Optimization | Checksum: 22a24c206

Time (s): cpu = 00:01:22 ; elapsed = 00:01:01 . Memory (MB): peak = 1724.426 ; gain = 145.961

Phase 3.7 Small Shape Detail Placement
Phase 3.7 Small Shape Detail Placement | Checksum: 1fd4f339b

Time (s): cpu = 00:01:25 ; elapsed = 00:01:04 . Memory (MB): peak = 1724.426 ; gain = 145.961

Phase 3.8 Re-assign LUT pins
Phase 3.8 Re-assign LUT pins | Checksum: 1ba3737b9

Time (s): cpu = 00:01:28 ; elapsed = 00:01:07 . Memory (MB): peak = 1724.426 ; gain = 145.961

Phase 3.9 Pipeline Register Optimization
Phase 3.9 Pipeline Register Optimization | Checksum: 1ba3737b9

Time (s): cpu = 00:01:29 ; elapsed = 00:01:08 . Memory (MB): peak = 1724.426 ; gain = 145.961
Phase 3 Detail Placement | Checksum: 1ba3737b9

Time (s): cpu = 00:01:29 ; elapsed = 00:01:08 . Memory (MB): peak = 1724.426 ; gain = 145.961

Phase 4 Post Placement Optimization and Clean-Up

Phase 4.1 Post Commit Optimization
INFO: [Timing 38-35] Done setting XDC timing constraints.

Phase 4.1.1 Post Placement Optimization
Post Placement Optimization Initialization | Checksum: 1579ebf4a

Phase 4.1.1.1 BUFG Insertion
INFO: [Physopt 32-721] Multithreading enabled for phys_opt_design using a maximum of 2 CPUs
INFO: [Place 46-38] Processed net design_gol_i/game_of_life_0/U0/CACORE/internal_ce_reg_n_0, BUFG insertion was skipped due to placement/routing conflicts.
INFO: [Place 46-41] BUFG insertion identified 1 candidate nets, 0 success, 1 skipped for placement/routing, 0 skipped for timing, 0 skipped for netlist change reason.
Phase 4.1.1.1 BUFG Insertion | Checksum: 1579ebf4a

Time (s): cpu = 00:01:50 ; elapsed = 00:01:23 . Memory (MB): peak = 1724.426 ; gain = 145.961
INFO: [Place 30-746] Post Placement Timing Summary WNS=1.342. For the most accurate timing information please run report_timing.
Phase 4.1.1 Post Placement Optimization | Checksum: 1ae442524

Time (s): cpu = 00:01:50 ; elapsed = 00:01:23 . Memory (MB): peak = 1724.426 ; gain = 145.961
Phase 4.1 Post Commit Optimization | Checksum: 1ae442524

Time (s): cpu = 00:01:51 ; elapsed = 00:01:23 . Memory (MB): peak = 1724.426 ; gain = 145.961

Phase 4.2 Post Placement Cleanup
Phase 4.2 Post Placement Cleanup | Checksum: 1ae442524

Time (s): cpu = 00:01:51 ; elapsed = 00:01:24 . Memory (MB): peak = 1724.426 ; gain = 145.961

Phase 4.3 Placer Reporting
Phase 4.3 Placer Reporting | Checksum: 1ae442524

Time (s): cpu = 00:01:52 ; elapsed = 00:01:24 . Memory (MB): peak = 1724.426 ; gain = 145.961

Phase 4.4 Final Placement Cleanup
Phase 4.4 Final Placement Cleanup | Checksum: 1e254208c

Time (s): cpu = 00:01:52 ; elapsed = 00:01:25 . Memory (MB): peak = 1724.426 ; gain = 145.961
Phase 4 Post Placement Optimization and Clean-Up | Checksum: 1e254208c

Time (s): cpu = 00:01:53 ; elapsed = 00:01:25 . Memory (MB): peak = 1724.426 ; gain = 145.961
Ending Placer Task | Checksum: 1338c8f4d

Time (s): cpu = 00:01:53 ; elapsed = 00:01:25 . Memory (MB): peak = 1724.426 ; gain = 145.961
151 Infos, 0 Warnings, 100 Critical Warnings and 0 Errors encountered.
place_design completed successfully
place_design: Time (s): cpu = 00:01:59 ; elapsed = 00:01:29 . Memory (MB): peak = 1724.426 ; gain = 145.961
Writing placer database...
Writing XDEF routing.
Writing XDEF routing logical nets.
Writing XDEF routing special nets.
Write XDEF Complete: Time (s): cpu = 00:00:12 ; elapsed = 00:00:04 . Memory (MB): peak = 1724.426 ; gain = 0.000
INFO: [Common 17-1381] The checkpoint 'C:/Project/GameOfLife/prj/project_microblaze/project_microblaze.runs/impl_1/design_gol_wrapper_placed.dcp' has been generated.
write_checkpoint: Time (s): cpu = 00:00:20 ; elapsed = 00:00:11 . Memory (MB): peak = 1724.426 ; gain = 0.000
report_io: Time (s): cpu = 00:00:00 ; elapsed = 00:00:00.054 . Memory (MB): peak = 1724.426 ; gain = 0.000
report_utilization: Time (s): cpu = 00:00:00 ; elapsed = 00:00:00.377 . Memory (MB): peak = 1724.426 ; gain = 0.000
report_control_sets: Time (s): cpu = 00:00:00 ; elapsed = 00:00:00.076 . Memory (MB): peak = 1724.426 ; gain = 0.000
Command: route_design
Attempting to get a license for feature 'Implementation' and/or device 'xc7z020-clg484'
INFO: [Common 17-349] Got license for feature 'Implementation' and/or device 'xc7z020-clg484'
Running DRC as a precondition to command route_design
Command: report_drc (run_mandatory_drcs) for: router_checks
INFO: [DRC 23-27] Running DRC with 2 threads
report_drc (run_mandatory_drcs) completed successfully
INFO: [Vivado_Tcl 4-198] DRC finished with 0 Errors
INFO: [Vivado_Tcl 4-199] Please refer to the DRC report (report_drc) for more information.


Starting Routing Task
INFO: [Route 35-254] Multithreading enabled for route_design using a maximum of 2 CPUs
Checksum: PlaceDB: 8e9b1cf4 ConstDB: 0 ShapeSum: a4f17259 RouteDB: 0

Phase 1 Build RT Design
Phase 1 Build RT Design | Checksum: fcdd6d25

Time (s): cpu = 00:00:34 ; elapsed = 00:00:24 . Memory (MB): peak = 1724.426 ; gain = 0.000

Phase 2 Router Initialization

Phase 2.1 Create Timer
Phase 2.1 Create Timer | Checksum: fcdd6d25

Time (s): cpu = 00:00:35 ; elapsed = 00:00:25 . Memory (MB): peak = 1724.426 ; gain = 0.000

Phase 2.2 Fix Topology Constraints
Phase 2.2 Fix Topology Constraints | Checksum: fcdd6d25

Time (s): cpu = 00:00:35 ; elapsed = 00:00:26 . Memory (MB): peak = 1724.426 ; gain = 0.000

Phase 2.3 Pre Route Cleanup
Phase 2.3 Pre Route Cleanup | Checksum: fcdd6d25

Time (s): cpu = 00:00:35 ; elapsed = 00:00:26 . Memory (MB): peak = 1724.426 ; gain = 0.000
 Number of Nodes with overlaps = 0

Phase 2.4 Update Timing
Phase 2.4 Update Timing | Checksum: 26b38af2c

Time (s): cpu = 00:01:02 ; elapsed = 00:00:41 . Memory (MB): peak = 1724.426 ; gain = 0.000
INFO: [Route 35-416] Intermediate Timing Summary | WNS=1.164  | TNS=0.000  | WHS=-0.215 | THS=-1194.334|

Phase 2 Router Initialization | Checksum: 236eb0aaa

Time (s): cpu = 00:01:16 ; elapsed = 00:00:50 . Memory (MB): peak = 1724.426 ; gain = 0.000

Phase 3 Initial Routing
Phase 3 Initial Routing | Checksum: e1baa85e

Time (s): cpu = 00:01:27 ; elapsed = 00:00:55 . Memory (MB): peak = 1724.426 ; gain = 0.000

Phase 4 Rip-up And Reroute

Phase 4.1 Global Iteration 0
 Number of Nodes with overlaps = 11583
 Number of Nodes with overlaps = 275
 Number of Nodes with overlaps = 29
 Number of Nodes with overlaps = 5
 Number of Nodes with overlaps = 2
 Number of Nodes with overlaps = 1
 Number of Nodes with overlaps = 0
INFO: [Route 35-416] Intermediate Timing Summary | WNS=0.578  | TNS=0.000  | WHS=N/A    | THS=N/A    |

Phase 4.1 Global Iteration 0 | Checksum: 14ef2d2ce

Time (s): cpu = 00:02:13 ; elapsed = 00:01:23 . Memory (MB): peak = 1733.242 ; gain = 8.816

Phase 4.2 Global Iteration 1
 Number of Nodes with overlaps = 0
INFO: [Route 35-416] Intermediate Timing Summary | WNS=0.578  | TNS=0.000  | WHS=N/A    | THS=N/A    |

Phase 4.2 Global Iteration 1 | Checksum: 1fad6a273

Time (s): cpu = 00:02:14 ; elapsed = 00:01:24 . Memory (MB): peak = 1733.242 ; gain = 8.816
Phase 4 Rip-up And Reroute | Checksum: 1fad6a273

Time (s): cpu = 00:02:14 ; elapsed = 00:01:24 . Memory (MB): peak = 1733.242 ; gain = 8.816

Phase 5 Delay and Skew Optimization

Phase 5.1 Delay CleanUp
Phase 5.1 Delay CleanUp | Checksum: 1fad6a273

Time (s): cpu = 00:02:15 ; elapsed = 00:01:24 . Memory (MB): peak = 1733.242 ; gain = 8.816

Phase 5.2 Clock Skew Optimization
Phase 5.2 Clock Skew Optimization | Checksum: 1fad6a273

Time (s): cpu = 00:02:15 ; elapsed = 00:01:24 . Memory (MB): peak = 1733.242 ; gain = 8.816
Phase 5 Delay and Skew Optimization | Checksum: 1fad6a273

Time (s): cpu = 00:02:15 ; elapsed = 00:01:25 . Memory (MB): peak = 1733.242 ; gain = 8.816

Phase 6 Post Hold Fix

Phase 6.1 Hold Fix Iter

Phase 6.1.1 Update Timing
Phase 6.1.1 Update Timing | Checksum: 156f43d34

Time (s): cpu = 00:02:21 ; elapsed = 00:01:28 . Memory (MB): peak = 1733.242 ; gain = 8.816
INFO: [Route 35-416] Intermediate Timing Summary | WNS=0.578  | TNS=0.000  | WHS=0.030  | THS=0.000  |

Phase 6.1 Hold Fix Iter | Checksum: 12b2a3464

Time (s): cpu = 00:02:21 ; elapsed = 00:01:28 . Memory (MB): peak = 1733.242 ; gain = 8.816
Phase 6 Post Hold Fix | Checksum: 12b2a3464

Time (s): cpu = 00:02:21 ; elapsed = 00:01:28 . Memory (MB): peak = 1733.242 ; gain = 8.816

Phase 7 Route finalize

Router Utilization Summary
  Global Vertical Routing Utilization    = 5.72429 %
  Global Horizontal Routing Utilization  = 6.93687 %
  Routable Net Status*
  *Does not include unroutable nets such as driverless and loadless.
  Run report_route_status for detailed report.
  Number of Failed Nets               = 0
  Number of Unrouted Nets             = 0
  Number of Partially Routed Nets     = 0
  Number of Node Overlaps             = 0

Phase 7 Route finalize | Checksum: 1ebb29e83

Time (s): cpu = 00:02:22 ; elapsed = 00:01:29 . Memory (MB): peak = 1733.242 ; gain = 8.816

Phase 8 Verifying routed nets

 Verification completed successfully
Phase 8 Verifying routed nets | Checksum: 1ebb29e83

Time (s): cpu = 00:02:22 ; elapsed = 00:01:29 . Memory (MB): peak = 1733.242 ; gain = 8.816

Phase 9 Depositing Routes
Phase 9 Depositing Routes | Checksum: 1e396c542

Time (s): cpu = 00:02:27 ; elapsed = 00:01:34 . Memory (MB): peak = 1733.242 ; gain = 8.816

Phase 10 Post Router Timing
INFO: [Route 35-57] Estimated Timing Summary | WNS=0.578  | TNS=0.000  | WHS=0.030  | THS=0.000  |

INFO: [Route 35-327] The final timing numbers are based on the router estimated timing analysis. For a complete and accurate timing signoff, please run report_timing_summary.
Phase 10 Post Router Timing | Checksum: 1e396c542

Time (s): cpu = 00:02:27 ; elapsed = 00:01:34 . Memory (MB): peak = 1733.242 ; gain = 8.816
INFO: [Route 35-16] Router Completed Successfully

Time (s): cpu = 00:02:27 ; elapsed = 00:01:34 . Memory (MB): peak = 1733.242 ; gain = 8.816

Routing Is Done.
164 Infos, 0 Warnings, 100 Critical Warnings and 0 Errors encountered.
route_design completed successfully
route_design: Time (s): cpu = 00:02:35 ; elapsed = 00:01:38 . Memory (MB): peak = 1733.242 ; gain = 8.816
Writing placer database...
Writing XDEF routing.
Writing XDEF routing logical nets.
Writing XDEF routing special nets.
Write XDEF Complete: Time (s): cpu = 00:00:17 ; elapsed = 00:00:06 . Memory (MB): peak = 1733.242 ; gain = 0.000
INFO: [Common 17-1381] The checkpoint 'C:/Project/GameOfLife/prj/project_microblaze/project_microblaze.runs/impl_1/design_gol_wrapper_routed.dcp' has been generated.
write_checkpoint: Time (s): cpu = 00:00:22 ; elapsed = 00:00:11 . Memory (MB): peak = 1733.242 ; gain = 0.000
Command: report_drc -file design_gol_wrapper_drc_routed.rpt -pb design_gol_wrapper_drc_routed.pb -rpx design_gol_wrapper_drc_routed.rpx
INFO: [DRC 23-27] Running DRC with 2 threads
INFO: [Coretcl 2-168] The results of DRC are in file C:/Project/GameOfLife/prj/project_microblaze/project_microblaze.runs/impl_1/design_gol_wrapper_drc_routed.rpt.
report_drc completed successfully
report_drc: Time (s): cpu = 00:00:16 ; elapsed = 00:00:08 . Memory (MB): peak = 1787.469 ; gain = 54.227
Command: report_methodology -file design_gol_wrapper_methodology_drc_routed.rpt -rpx design_gol_wrapper_methodology_drc_routed.rpx
INFO: [Timing 38-35] Done setting XDC timing constraints.
INFO: [DRC 23-133] Running Methodology with 2 threads
INFO: [Coretcl 2-1520] The results of Report Methodology are in file C:/Project/GameOfLife/prj/project_microblaze/project_microblaze.runs/impl_1/design_gol_wrapper_methodology_drc_routed.rpt.
report_methodology completed successfully
report_methodology: Time (s): cpu = 00:00:38 ; elapsed = 00:00:21 . Memory (MB): peak = 1980.238 ; gain = 192.770
Command: report_power -file design_gol_wrapper_power_routed.rpt -pb design_gol_wrapper_power_summary_routed.pb -rpx design_gol_wrapper_power_routed.rpx
INFO: [Timing 38-35] Done setting XDC timing constraints.
Running Vector-less Activity Propagation...

Finished Running Vector-less Activity Propagation
WARNING: [Power 33-332] Found switching activity that implies high-fanout reset nets being asserted for excessive periods of time which may result in inaccurate power analysis.
Resolution: To review and fix problems, please run Power Constraints Advisor in the GUI from Tools > Power Constraints Advisor or run report_power with the -advisory option to generate a text report.
171 Infos, 1 Warnings, 100 Critical Warnings and 0 Errors encountered.
report_power completed successfully
report_power: Time (s): cpu = 00:00:40 ; elapsed = 00:00:25 . Memory (MB): peak = 2094.785 ; gain = 114.547
INFO: [Timing 38-91] UpdateTimingParams: Speed grade: -1, Delay Type: min_max.
INFO: [Timing 38-191] Multithreading enabled for timing update using a maximum of 2 CPUs
INFO: [Timing 38-273] Loop limit of 100 reached; Use -loop_limit switch to increase the number of loops reported
INFO: [Common 17-206] Exiting Vivado at Fri May  7 13:41:59 2021...
