Copyright 1986-2017 Xilinx, Inc. All Rights Reserved.
------------------------------------------------------------------------------------
| Tool Version : Vivado v.2017.2 (win64) Build 1909853 Thu Jun 15 18:39:09 MDT 2017
| Date         : Fri Apr 16 16:38:24 2021
| Host         : DESKTOP-VC4VFJL running 64-bit major release  (build 9200)
| Command      : upgrade_ip
| Device       : xc7z020clg484-1
------------------------------------------------------------------------------------

Upgrade Log for IP 'design_gol_game_of_life_0_0'

1. Summary
----------

SUCCESS in the conversion of design_gol_game_of_life_0_0 (xilinx.com:user:game_of_life:1.0 (Rev. 2)) to Vivado generation flows.






Copyright 1986-2017 Xilinx, Inc. All Rights Reserved.
------------------------------------------------------------------------------------
| Tool Version : Vivado v.2017.2 (win64) Build 1909853 Thu Jun 15 18:39:09 MDT 2017
| Date         : Fri Apr 16 16:27:05 2021
| Host         : DESKTOP-VC4VFJL running 64-bit major release  (build 9200)
| Command      : upgrade_ip
| Device       : xc7z020clg484-1
------------------------------------------------------------------------------------

Upgrade Log for IP 'design_gol_game_of_life_0_0'

1. Summary
----------

SUCCESS in the conversion of design_gol_game_of_life_0_0 (xilinx.com:user:game_of_life:1.0 (Rev. 2)) to Vivado generation flows.






Copyright 1986-2017 Xilinx, Inc. All Rights Reserved.
------------------------------------------------------------------------------------
| Tool Version : Vivado v.2017.2 (win64) Build 1909853 Thu Jun 15 18:39:09 MDT 2017
| Date         : Fri Apr 16 16:03:23 2021
| Host         : DESKTOP-VC4VFJL running 64-bit major release  (build 9200)
| Command      : upgrade_ip
| Device       : xc7z020clg484-1
------------------------------------------------------------------------------------

Upgrade Log for IP 'design_gol_game_of_life_0_0'

1. Summary
----------

SUCCESS in the conversion of design_gol_game_of_life_0_0 (xilinx.com:user:game_of_life:1.0 (Rev. 2)) to Vivado generation flows.






Copyright 1986-2017 Xilinx, Inc. All Rights Reserved.
------------------------------------------------------------------------------------
| Tool Version : Vivado v.2017.2 (win64) Build 1909853 Thu Jun 15 18:39:09 MDT 2017
| Date         : Fri Apr 16 15:47:03 2021
| Host         : DESKTOP-VC4VFJL running 64-bit major release  (build 9200)
| Command      : upgrade_ip
| Device       : xc7z020clg484-1
------------------------------------------------------------------------------------

Upgrade Log for IP 'design_gol_game_of_life_0_0'

1. Summary
----------

SUCCESS in the conversion of design_gol_game_of_life_0_0 (xilinx.com:user:game_of_life:1.0 (Rev. 2)) to Vivado generation flows.






Copyright 1986-2017 Xilinx, Inc. All Rights Reserved.
------------------------------------------------------------------------------------
| Tool Version : Vivado v.2017.2 (win64) Build 1909853 Thu Jun 15 18:39:09 MDT 2017
| Date         : Fri Apr 16 15:32:38 2021
| Host         : DESKTOP-VC4VFJL running 64-bit major release  (build 9200)
| Command      : upgrade_ip
| Device       : xc7z020clg484-1
------------------------------------------------------------------------------------

Upgrade Log for IP 'design_gol_game_of_life_0_0'

1. Summary
----------

SUCCESS in the conversion of design_gol_game_of_life_0_0 (xilinx.com:user:game_of_life:1.0 (Rev. 2)) to Vivado generation flows.






Copyright 1986-2017 Xilinx, Inc. All Rights Reserved.
------------------------------------------------------------------------------------
| Tool Version : Vivado v.2017.2 (win64) Build 1909853 Thu Jun 15 18:39:09 MDT 2017
| Date         : Fri Apr 16 15:18:49 2021
| Host         : DESKTOP-VC4VFJL running 64-bit major release  (build 9200)
| Command      : upgrade_ip
| Device       : xc7z020clg484-1
------------------------------------------------------------------------------------

Upgrade Log for IP 'design_gol_game_of_life_0_0'

1. Summary
----------

SUCCESS in the conversion of design_gol_game_of_life_0_0 (xilinx.com:user:game_of_life:1.0 (Rev. 2)) to Vivado generation flows.






Copyright 1986-2017 Xilinx, Inc. All Rights Reserved.
------------------------------------------------------------------------------------
| Tool Version : Vivado v.2017.2 (win64) Build 1909853 Thu Jun 15 18:39:09 MDT 2017
| Date         : Fri Apr 16 14:56:20 2021
| Host         : DESKTOP-VC4VFJL running 64-bit major release  (build 9200)
| Command      : upgrade_ip
| Device       : xc7z020clg484-1
------------------------------------------------------------------------------------

Upgrade Log for IP 'design_gol_game_of_life_0_0'

1. Summary
----------

SUCCESS in the conversion of design_gol_game_of_life_0_0 (xilinx.com:user:game_of_life:1.0 (Rev. 2)) to Vivado generation flows.






Copyright 1986-2017 Xilinx, Inc. All Rights Reserved.
------------------------------------------------------------------------------------
| Tool Version : Vivado v.2017.2 (win64) Build 1909853 Thu Jun 15 18:39:09 MDT 2017
| Date         : Fri Apr 16 14:30:30 2021
| Host         : DESKTOP-VC4VFJL running 64-bit major release  (build 9200)
| Command      : upgrade_ip
| Device       : xc7z020clg484-1
------------------------------------------------------------------------------------

Upgrade Log for IP 'design_gol_game_of_life_0_0'

1. Summary
----------

SUCCESS in the conversion of design_gol_game_of_life_0_0 (xilinx.com:user:game_of_life:1.0 (Rev. 2)) to Vivado generation flows.






Copyright 1986-2017 Xilinx, Inc. All Rights Reserved.
------------------------------------------------------------------------------------
| Tool Version : Vivado v.2017.2 (win64) Build 1909853 Thu Jun 15 18:39:09 MDT 2017
| Date         : Fri Apr 16 13:24:44 2021
| Host         : DESKTOP-VC4VFJL running 64-bit major release  (build 9200)
| Command      : upgrade_ip
| Device       : xc7z020clg484-1
------------------------------------------------------------------------------------

Upgrade Log for IP 'design_gol_game_of_life_0_0'

1. Summary
----------

SUCCESS in the conversion of design_gol_game_of_life_0_0 (xilinx.com:user:game_of_life:1.0 (Rev. 2)) to Vivado generation flows.






Copyright 1986-2017 Xilinx, Inc. All Rights Reserved.
------------------------------------------------------------------------------------
| Tool Version : Vivado v.2017.2 (win64) Build 1909853 Thu Jun 15 18:39:09 MDT 2017
| Date         : Wed Apr 14 21:47:15 2021
| Host         : DESKTOP-VC4VFJL running 64-bit major release  (build 9200)
| Command      : upgrade_ip
| Device       : xc7z020clg484-1
------------------------------------------------------------------------------------

Upgrade Log for IP 'design_gol_game_of_life_0_0'

1. Summary
----------

SUCCESS in the conversion of design_gol_game_of_life_0_0 (xilinx.com:user:game_of_life:1.0 (Rev. 2)) to Vivado generation flows.






Copyright 1986-2017 Xilinx, Inc. All Rights Reserved.
------------------------------------------------------------------------------------
| Tool Version : Vivado v.2017.2 (win64) Build 1909853 Thu Jun 15 18:39:09 MDT 2017
| Date         : Wed Apr 14 19:17:03 2021
| Host         : DESKTOP-VC4VFJL running 64-bit major release  (build 9200)
| Command      : upgrade_ip
| Device       : xc7z020clg484-1
------------------------------------------------------------------------------------

Upgrade Log for IP 'design_gol_game_of_life_0_0'

1. Summary
----------

SUCCESS in the conversion of design_gol_game_of_life_0_0 (xilinx.com:user:game_of_life:1.0 (Rev. 2)) to Vivado generation flows.






Copyright 1986-2017 Xilinx, Inc. All Rights Reserved.
------------------------------------------------------------------------------------
| Tool Version : Vivado v.2017.2 (win64) Build 1909853 Thu Jun 15 18:39:09 MDT 2017
| Date         : Wed Apr 14 18:56:55 2021
| Host         : DESKTOP-VC4VFJL running 64-bit major release  (build 9200)
| Command      : upgrade_ip
| Device       : xc7z020clg484-1
------------------------------------------------------------------------------------

Upgrade Log for IP 'design_gol_game_of_life_0_0'

1. Summary
----------

SUCCESS in the conversion of design_gol_game_of_life_0_0 (xilinx.com:user:game_of_life:1.0 (Rev. 2)) to Vivado generation flows.






Copyright 1986-2017 Xilinx, Inc. All Rights Reserved.
------------------------------------------------------------------------------------
| Tool Version : Vivado v.2017.2 (win64) Build 1909853 Thu Jun 15 18:39:09 MDT 2017
| Date         : Wed Apr 14 18:40:17 2021
| Host         : DESKTOP-VC4VFJL running 64-bit major release  (build 9200)
| Command      : upgrade_ip
| Device       : xc7z020clg484-1
------------------------------------------------------------------------------------

Upgrade Log for IP 'design_gol_game_of_life_0_0'

1. Summary
----------

SUCCESS in the conversion of design_gol_game_of_life_0_0 (xilinx.com:user:game_of_life:1.0 (Rev. 2)) to Vivado generation flows.






Copyright 1986-2017 Xilinx, Inc. All Rights Reserved.
------------------------------------------------------------------------------------
| Tool Version : Vivado v.2017.2 (win64) Build 1909853 Thu Jun 15 18:39:09 MDT 2017
| Date         : Wed Apr 14 18:26:45 2021
| Host         : DESKTOP-VC4VFJL running 64-bit major release  (build 9200)
| Command      : upgrade_ip
| Device       : xc7z020clg484-1
------------------------------------------------------------------------------------

Upgrade Log for IP 'design_gol_game_of_life_0_0'

1. Summary
----------

SUCCESS in the conversion of design_gol_game_of_life_0_0 (xilinx.com:user:game_of_life:1.0 (Rev. 2)) to Vivado generation flows.






Copyright 1986-2017 Xilinx, Inc. All Rights Reserved.
------------------------------------------------------------------------------------
| Tool Version : Vivado v.2017.2 (win64) Build 1909853 Thu Jun 15 18:39:09 MDT 2017
| Date         : Wed Apr 14 18:04:16 2021
| Host         : DESKTOP-VC4VFJL running 64-bit major release  (build 9200)
| Command      : upgrade_ip
| Device       : xc7z020clg484-1
------------------------------------------------------------------------------------

Upgrade Log for IP 'design_gol_game_of_life_0_0'

1. Summary
----------

SUCCESS in the conversion of design_gol_game_of_life_0_0 (xilinx.com:user:game_of_life:1.0 (Rev. 2)) to Vivado generation flows.






Copyright 1986-2017 Xilinx, Inc. All Rights Reserved.
------------------------------------------------------------------------------------
| Tool Version : Vivado v.2017.2 (win64) Build 1909853 Thu Jun 15 18:39:09 MDT 2017
| Date         : Wed Apr 14 17:44:22 2021
| Host         : DESKTOP-VC4VFJL running 64-bit major release  (build 9200)
| Command      : upgrade_ip
| Device       : xc7z020clg484-1
------------------------------------------------------------------------------------

Upgrade Log for IP 'design_gol_game_of_life_0_0'

1. Summary
----------

SUCCESS in the conversion of design_gol_game_of_life_0_0 (xilinx.com:user:game_of_life:1.0 (Rev. 2)) to Vivado generation flows.






Copyright 1986-2017 Xilinx, Inc. All Rights Reserved.
------------------------------------------------------------------------------------
| Tool Version : Vivado v.2017.2 (win64) Build 1909853 Thu Jun 15 18:39:09 MDT 2017
| Date         : Wed Apr 14 17:00:20 2021
| Host         : DESKTOP-VC4VFJL running 64-bit major release  (build 9200)
| Command      : upgrade_ip
| Device       : xc7z020clg484-1
------------------------------------------------------------------------------------

Upgrade Log for IP 'design_gol_game_of_life_0_0'

1. Summary
----------

SUCCESS in the conversion of design_gol_game_of_life_0_0 (xilinx.com:user:game_of_life:1.0 (Rev. 2)) to Vivado generation flows.






Copyright 1986-2017 Xilinx, Inc. All Rights Reserved.
------------------------------------------------------------------------------------
| Tool Version : Vivado v.2017.2 (win64) Build 1909853 Thu Jun 15 18:39:09 MDT 2017
| Date         : Wed Apr 14 16:29:46 2021
| Host         : DESKTOP-VC4VFJL running 64-bit major release  (build 9200)
| Command      : upgrade_ip
| Device       : xc7z020clg484-1
------------------------------------------------------------------------------------

Upgrade Log for IP 'design_gol_game_of_life_0_0'

1. Summary
----------

SUCCESS in the conversion of design_gol_game_of_life_0_0 (xilinx.com:user:game_of_life:1.0 (Rev. 2)) to Vivado generation flows.






Copyright 1986-2017 Xilinx, Inc. All Rights Reserved.
------------------------------------------------------------------------------------
| Tool Version : Vivado v.2017.2 (win64) Build 1909853 Thu Jun 15 18:39:09 MDT 2017
| Date         : Wed Apr 14 16:03:36 2021
| Host         : DESKTOP-VC4VFJL running 64-bit major release  (build 9200)
| Command      : upgrade_ip
| Device       : xc7z020clg484-1
------------------------------------------------------------------------------------

Upgrade Log for IP 'design_gol_game_of_life_0_0'

1. Summary
----------

SUCCESS in the conversion of design_gol_game_of_life_0_0 (xilinx.com:user:game_of_life:1.0 (Rev. 2)) to Vivado generation flows.






Copyright 1986-2017 Xilinx, Inc. All Rights Reserved.
------------------------------------------------------------------------------------
| Tool Version : Vivado v.2017.2 (win64) Build 1909853 Thu Jun 15 18:39:09 MDT 2017
| Date         : Wed Apr 14 15:23:58 2021
| Host         : DESKTOP-VC4VFJL running 64-bit major release  (build 9200)
| Command      : upgrade_ip
| Device       : xc7z020clg484-1
------------------------------------------------------------------------------------

Upgrade Log for IP 'design_gol_game_of_life_0_0'

1. Summary
----------

SUCCESS in the conversion of design_gol_game_of_life_0_0 (xilinx.com:user:game_of_life:1.0 (Rev. 2)) to Vivado generation flows.






Copyright 1986-2017 Xilinx, Inc. All Rights Reserved.
------------------------------------------------------------------------------------
| Tool Version : Vivado v.2017.2 (win64) Build 1909853 Thu Jun 15 18:39:09 MDT 2017
| Date         : Wed Apr 14 12:20:33 2021
| Host         : DESKTOP-VC4VFJL running 64-bit major release  (build 9200)
| Command      : upgrade_ip
| Device       : xc7z020clg484-1
------------------------------------------------------------------------------------

Upgrade Log for IP 'design_gol_game_of_life_0_0'

1. Summary
----------

SUCCESS in the conversion of design_gol_game_of_life_0_0 (xilinx.com:user:game_of_life:1.0 (Rev. 2)) to Vivado generation flows.






Copyright 1986-2017 Xilinx, Inc. All Rights Reserved.
------------------------------------------------------------------------------------
| Tool Version : Vivado v.2017.2 (win64) Build 1909853 Thu Jun 15 18:39:09 MDT 2017
| Date         : Tue Apr 13 20:02:29 2021
| Host         : DESKTOP-VC4VFJL running 64-bit major release  (build 9200)
| Command      : upgrade_ip
| Device       : xc7z020clg484-1
------------------------------------------------------------------------------------

Upgrade Log for IP 'design_gol_game_of_life_0_0'

1. Summary
----------

SUCCESS in the conversion of design_gol_game_of_life_0_0 (xilinx.com:user:game_of_life:1.0 (Rev. 2)) to Vivado generation flows.






Copyright 1986-2017 Xilinx, Inc. All Rights Reserved.
------------------------------------------------------------------------------------
| Tool Version : Vivado v.2017.2 (win64) Build 1909853 Thu Jun 15 18:39:09 MDT 2017
| Date         : Tue Apr 13 18:55:33 2021
| Host         : DESKTOP-VC4VFJL running 64-bit major release  (build 9200)
| Command      : upgrade_ip
| Device       : xc7z020clg484-1
------------------------------------------------------------------------------------

Upgrade Log for IP 'design_gol_game_of_life_0_0'

1. Summary
----------

SUCCESS in the conversion of design_gol_game_of_life_0_0 (xilinx.com:user:game_of_life:1.0 (Rev. 2)) to Vivado generation flows.






Copyright 1986-2017 Xilinx, Inc. All Rights Reserved.
------------------------------------------------------------------------------------
| Tool Version : Vivado v.2017.2 (win64) Build 1909853 Thu Jun 15 18:39:09 MDT 2017
| Date         : Tue Apr 13 18:15:57 2021
| Host         : DESKTOP-VC4VFJL running 64-bit major release  (build 9200)
| Command      : upgrade_ip
| Device       : xc7z020clg484-1
------------------------------------------------------------------------------------

Upgrade Log for IP 'design_gol_game_of_life_0_0'

1. Summary
----------

SUCCESS in the conversion of design_gol_game_of_life_0_0 (xilinx.com:user:game_of_life:1.0 (Rev. 2)) to Vivado generation flows.






Copyright 1986-2017 Xilinx, Inc. All Rights Reserved.
------------------------------------------------------------------------------------
| Tool Version : Vivado v.2017.2 (win64) Build 1909853 Thu Jun 15 18:39:09 MDT 2017
| Date         : Tue Apr 13 17:58:44 2021
| Host         : DESKTOP-VC4VFJL running 64-bit major release  (build 9200)
| Command      : upgrade_ip
| Device       : xc7z020clg484-1
------------------------------------------------------------------------------------

Upgrade Log for IP 'design_gol_game_of_life_0_0'

1. Summary
----------

SUCCESS in the conversion of design_gol_game_of_life_0_0 (xilinx.com:user:game_of_life:1.0 (Rev. 2)) to Vivado generation flows.






Copyright 1986-2017 Xilinx, Inc. All Rights Reserved.
------------------------------------------------------------------------------------
| Tool Version : Vivado v.2017.2 (win64) Build 1909853 Thu Jun 15 18:39:09 MDT 2017
| Date         : Tue Apr 13 17:44:42 2021
| Host         : DESKTOP-VC4VFJL running 64-bit major release  (build 9200)
| Command      : upgrade_ip
| Device       : xc7z020clg484-1
------------------------------------------------------------------------------------

Upgrade Log for IP 'design_gol_game_of_life_0_0'

1. Summary
----------

SUCCESS in the conversion of design_gol_game_of_life_0_0 (xilinx.com:user:game_of_life:1.0 (Rev. 2)) to Vivado generation flows.






Copyright 1986-2017 Xilinx, Inc. All Rights Reserved.
------------------------------------------------------------------------------------
| Tool Version : Vivado v.2017.2 (win64) Build 1909853 Thu Jun 15 18:39:09 MDT 2017
| Date         : Tue Apr 13 16:49:40 2021
| Host         : DESKTOP-VC4VFJL running 64-bit major release  (build 9200)
| Command      : upgrade_ip
| Device       : xc7z020clg484-1
------------------------------------------------------------------------------------

Upgrade Log for IP 'design_gol_game_of_life_0_0'

1. Summary
----------

SUCCESS in the conversion of design_gol_game_of_life_0_0 (xilinx.com:user:game_of_life:1.0 (Rev. 2)) to Vivado generation flows.

