#-----------------------------------------------------------
# Vivado v2017.2 (64-bit)
# SW Build 1909853 on Thu Jun 15 18:39:09 MDT 2017
# IP Build 1909766 on Thu Jun 15 19:58:00 MDT 2017
# Start of session at: Thu May 27 16:40:13 2021
# Process ID: 15488
# Current directory: C:/Project/GameOfLife/prj/project_microblaze
# Command line: vivado.exe -gui_launcher_event rodinguilauncherevent3680 C:\Project\GameOfLife\prj\project_microblaze\project_microblaze.xpr
# Log file: C:/Project/GameOfLife/prj/project_microblaze/vivado.log
# Journal file: C:/Project/GameOfLife/prj/project_microblaze\vivado.jou
#-----------------------------------------------------------
start_gui
open_project C:/Project/GameOfLife/prj/project_microblaze/project_microblaze.xpr
Scanning sources...
Finished scanning sources
INFO: [IP_Flow 19-234] Refreshing IP repositories
INFO: [IP_Flow 19-1700] Loaded user IP repository 'c:/Project/GameOfLife/ip'.
INFO: [IP_Flow 19-2313] Loaded Vivado IP repository 'C:/Xilinx/Vivado/2017.2/data/ip'.
WARNING: [IP_Flow 19-3664] IP 'design_1_clk_wiz_1_0' generated file not found 'c:/Project/GameOfLife/bd/design_1/ip/design_1_clk_wiz_1_0/stats.txt'. Please regenerate to continue.
WARNING: [IP_Flow 19-3664] IP 'design_1_proc_sys_reset_0_0' generated file not found 'c:/Project/GameOfLife/bd/design_1/ip/design_1_proc_sys_reset_0_0/stats.txt'. Please regenerate to continue.
open_project: Time (s): cpu = 00:00:24 ; elapsed = 00:00:12 . Memory (MB): peak = 875.277 ; gain = 96.918
update_compile_order -fileset sources_1
open_bd_design {C:/Project/GameOfLife/bd/design_1/design_1.bd}
Adding cell -- xilinx.com:ip:microblaze:10.0 - microblaze_0
Adding cell -- xilinx.com:ip:mdm:3.2 - mdm_1
Adding cell -- xilinx.com:ip:clk_wiz:5.4 - clk_wiz_1
Adding cell -- xilinx.com:ip:proc_sys_reset:5.0 - rst_clk_wiz_1_100M
Adding cell -- xilinx.com:ip:axi_uartlite:2.0 - axi_uartlite_0
Adding cell -- xilinx.com:ip:proc_sys_reset:5.0 - proc_sys_reset_0
Adding cell -- xilinx.com:user:game_of_life:1.0 - game_of_life_0
Adding cell -- xilinx.com:ip:axi_crossbar:2.1 - xbar
Adding cell -- xilinx.com:ip:axi_clock_converter:2.1 - auto_cc
Adding cell -- xilinx.com:ip:lmb_v10:3.0 - dlmb_v10
Adding cell -- xilinx.com:ip:lmb_v10:3.0 - ilmb_v10
Adding cell -- xilinx.com:ip:lmb_bram_if_cntlr:4.0 - dlmb_bram_if_cntlr
Adding cell -- xilinx.com:ip:lmb_bram_if_cntlr:4.0 - ilmb_bram_if_cntlr
Adding cell -- xilinx.com:ip:blk_mem_gen:8.3 - lmb_bram
Successfully read diagram <design_1> from BD file <C:/Project/GameOfLife/bd/design_1/design_1.bd>
open_bd_design: Time (s): cpu = 00:00:11 ; elapsed = 00:00:11 . Memory (MB): peak = 933.184 ; gain = 56.930
delete_bd_objs [get_bd_intf_nets axi_interconnect_0_M01_AXI] [get_bd_cells game_of_life_0]
save_bd_design
Wrote  : <C:/Project/GameOfLife/bd/design_1/design_1.bd> 
Wrote  : <C:/Project/GameOfLife/bd/design_1/ui/bd_1f5defd0.ui> 
exit
INFO: [Common 17-206] Exiting Vivado at Thu May 27 16:43:21 2021...
