Copyright 1986-2017 Xilinx, Inc. All Rights Reserved.
-------------------------------------------------------------------------------------------------------------------------------------------------------------------------
| Tool Version     : Vivado v.2017.2 (win64) Build 1909853 Thu Jun 15 18:39:09 MDT 2017
| Date             : Mon Apr 12 18:00:54 2021
| Host             : DESKTOP-VC4VFJL running 64-bit major release  (build 9200)
| Command          : report_power -file game_of_life_v1_0_power_routed.rpt -pb game_of_life_v1_0_power_summary_routed.pb -rpx game_of_life_v1_0_power_routed.rpx
| Design           : game_of_life_v1_0
| Device           : xc7z020clg484-1
| Design State     : routed
| Grade            : commercial
| Process          : typical
| Characterization : Production
-------------------------------------------------------------------------------------------------------------------------------------------------------------------------

Power Report

Table of Contents
-----------------
1. Summary
1.1 On-Chip Components
1.2 Power Supply Summary
1.3 Confidence Level
2. Settings
2.1 Environment
2.2 Clock Constraints
3. Detailed Reports
3.1 By Hierarchy

1. Summary
----------

+--------------------------+----------------------------------+
| Total On-Chip Power (W)  | 17.796 (Junction temp exceeded!) |
| Dynamic (W)              | 16.756                           |
| Device Static (W)        | 1.040                            |
| Effective TJA (C/W)      | 11.5                             |
| Max Ambient (C)          | 0.0                              |
| Junction Temperature (C) | 125.0                            |
| Confidence Level         | Low                              |
| Setting File             | ---                              |
| Simulation Activity File | ---                              |
| Design Nets Matched      | NA                               |
+--------------------------+----------------------------------+


1.1 On-Chip Components
----------------------

+----------------+-----------+----------+-----------+-----------------+
| On-Chip        | Power (W) | Used     | Available | Utilization (%) |
+----------------+-----------+----------+-----------+-----------------+
| Slice Logic    |     4.358 |     1775 |       --- |             --- |
|   LUT as Logic |     3.696 |      918 |     53200 |            1.73 |
|   CARRY4       |     0.594 |      235 |     13300 |            1.77 |
|   Register     |     0.062 |      399 |    106400 |            0.38 |
|   BUFG         |     0.006 |        1 |        32 |            3.13 |
|   Others       |     0.000 |      220 |       --- |             --- |
| Signals        |     4.301 |     1394 |       --- |             --- |
| I/O            |     8.096 |       84 |       200 |           42.00 |
| Static Power   |     1.040 |          |           |                 |
| Total          |    17.796 |          |           |                 |
+----------------+-----------+----------+-----------+-----------------+


1.2 Power Supply Summary
------------------------

+-----------+-------------+-----------+-------------+------------+
| Source    | Voltage (V) | Total (A) | Dynamic (A) | Static (A) |
+-----------+-------------+-----------+-------------+------------+
| Vccint    |       1.000 |     9.119 |       8.820 |      0.299 |
| Vccaux    |       1.800 |     0.750 |       0.650 |      0.100 |
| Vcco33    |       3.300 |     0.000 |       0.000 |      0.000 |
| Vcco25    |       2.500 |     0.000 |       0.000 |      0.000 |
| Vcco18    |       1.800 |     3.760 |       3.759 |      0.001 |
| Vcco15    |       1.500 |     0.000 |       0.000 |      0.000 |
| Vcco135   |       1.350 |     0.000 |       0.000 |      0.000 |
| Vcco12    |       1.200 |     0.000 |       0.000 |      0.000 |
| Vccaux_io |       1.800 |     0.000 |       0.000 |      0.000 |
| Vccbram   |       1.000 |     0.026 |       0.000 |      0.026 |
| MGTAVcc   |       1.000 |     0.000 |       0.000 |      0.000 |
| MGTAVtt   |       1.200 |     0.000 |       0.000 |      0.000 |
| MGTVccaux |       1.800 |     0.000 |       0.000 |      0.000 |
| Vccpint   |       1.000 |     0.473 |       0.000 |      0.473 |
| Vccpaux   |       1.800 |     0.010 |       0.000 |      0.010 |
| Vccpll    |       1.800 |     0.003 |       0.000 |      0.003 |
| Vcco_ddr  |       1.500 |     0.000 |       0.000 |      0.000 |
| Vcco_mio0 |       1.800 |     0.000 |       0.000 |      0.000 |
| Vcco_mio1 |       1.800 |     0.000 |       0.000 |      0.000 |
| Vccadc    |       1.800 |     0.020 |       0.000 |      0.020 |
+-----------+-------------+-----------+-------------+------------+


1.3 Confidence Level
--------------------

+-----------------------------+------------+--------------------------------------------------------+--------------------------------------------------------------------------------------------------------------------+
| User Input Data             | Confidence | Details                                                | Action                                                                                                             |
+-----------------------------+------------+--------------------------------------------------------+--------------------------------------------------------------------------------------------------------------------+
| Design implementation state | High       | Design is routed                                       |                                                                                                                    |
| Clock nodes activity        | Low        | User specified less than 75% of clocks                 | Provide missing clock activity with a constraint file, simulation results or by editing the "By Clock Domain" view |
| I/O nodes activity          | Low        | More than 75% of inputs are missing user specification | Provide missing input activity with simulation results or by editing the "By Resource Type -> I/Os" view           |
| Internal nodes activity     | Medium     | User specified less than 25% of internal nodes         | Provide missing internal nodes activity with simulation results or by editing the "By Resource Type" views         |
| Device models               | High       | Device models are Production                           |                                                                                                                    |
|                             |            |                                                        |                                                                                                                    |
| Overall confidence level    | Low        |                                                        |                                                                                                                    |
+-----------------------------+------------+--------------------------------------------------------+--------------------------------------------------------------------------------------------------------------------+


2. Settings
-----------

2.1 Environment
---------------

+-----------------------+------------------------+
| Ambient Temp (C)      | 25.0                   |
| ThetaJA (C/W)         | 11.5                   |
| Airflow (LFM)         | 250                    |
| Heat Sink             | none                   |
| ThetaSA (C/W)         | 0.0                    |
| Board Selection       | medium (10"x10")       |
| # of Board Layers     | 8to11 (8 to 11 Layers) |
| Board Temperature (C) | 25.0                   |
+-----------------------+------------------------+


2.2 Clock Constraints
---------------------

+-------+--------+-----------------+
| Clock | Domain | Constraint (ns) |
+-------+--------+-----------------+


3. Detailed Reports
-------------------

3.1 By Hierarchy
----------------

+------------------------------------------+-----------+
| Name                                     | Power (W) |
+------------------------------------------+-----------+
| game_of_life_v1_0                        |    16.756 |
|   CACORE                                 |     7.941 |
|     Field                                |     7.809 |
|       ROW[0].COL[0].FL.LE.CELL_X0Y0      |     0.012 |
|       ROW[0].COL[10].FL.M.CELL_XIY0      |     0.019 |
|       ROW[0].COL[11].FL.M.CELL_XIY0      |     0.019 |
|       ROW[0].COL[12].FL.M.CELL_XIY0      |     0.019 |
|       ROW[0].COL[13].FL.M.CELL_XIY0      |     0.019 |
|       ROW[0].COL[14].FL.M.CELL_XIY0      |     0.019 |
|       ROW[0].COL[15].FL.M.CELL_XIY0      |     0.022 |
|       ROW[0].COL[16].FL.M.CELL_XIY0      |     0.026 |
|       ROW[0].COL[17].FL.RE.CELL_XWY0     |     0.016 |
|       ROW[0].COL[1].FL.M.CELL_XIY0       |     0.018 |
|       ROW[0].COL[2].FL.M.CELL_XIY0       |     0.019 |
|       ROW[0].COL[3].FL.M.CELL_XIY0       |     0.018 |
|       ROW[0].COL[4].FL.M.CELL_XIY0       |     0.020 |
|       ROW[0].COL[5].FL.M.CELL_XIY0       |     0.017 |
|       ROW[0].COL[6].FL.M.CELL_XIY0       |     0.019 |
|       ROW[0].COL[7].FL.M.CELL_XIY0       |     0.019 |
|       ROW[0].COL[8].FL.M.CELL_XIY0       |     0.019 |
|       ROW[0].COL[9].FL.M.CELL_XIY0       |     0.020 |
|       ROW[10].COL[0].EH.E_LS.CELL_X0YE   |     0.024 |
|       ROW[10].COL[10].EH.E_M.CELL_XIYE   |     0.040 |
|       ROW[10].COL[11].EH.E_M.CELL_XIYE   |     0.036 |
|       ROW[10].COL[12].EH.E_M.CELL_XIYE   |     0.036 |
|       ROW[10].COL[13].EH.E_M.CELL_XIYE   |     0.034 |
|       ROW[10].COL[14].EH.E_M.CELL_XIYE   |     0.035 |
|       ROW[10].COL[15].EH.E_M.CELL_XIYE   |     0.034 |
|       ROW[10].COL[16].EH.E_M.CELL_XIYE   |     0.035 |
|       ROW[10].COL[17].EH.E_RS.CELL_XWYE  |     0.021 |
|       ROW[10].COL[1].EH.E_M.CELL_XIYE    |     0.040 |
|       ROW[10].COL[2].EH.E_M.CELL_XIYE    |     0.039 |
|       ROW[10].COL[3].EH.E_M.CELL_XIYE    |     0.036 |
|       ROW[10].COL[4].EH.E_M.CELL_XIYE    |     0.038 |
|       ROW[10].COL[5].EH.E_M.CELL_XIYE    |     0.039 |
|       ROW[10].COL[6].EH.E_M.CELL_XIYE    |     0.042 |
|       ROW[10].COL[7].EH.E_M.CELL_XIYE    |     0.037 |
|       ROW[10].COL[8].EH.E_M.CELL_XIYE    |     0.041 |
|       ROW[10].COL[9].EH.E_M.CELL_XIYE    |     0.046 |
|       ROW[11].COL[0].EH.LL_LE.CELL_X0YH  |     0.014 |
|       ROW[11].COL[10].EH.LL_M.CELL_XIYH  |     0.025 |
|       ROW[11].COL[11].EH.LL_M.CELL_XIYH  |     0.023 |
|       ROW[11].COL[12].EH.LL_M.CELL_XIYH  |     0.018 |
|       ROW[11].COL[13].EH.LL_M.CELL_XIYH  |     0.020 |
|       ROW[11].COL[14].EH.LL_M.CELL_XIYH  |     0.023 |
|       ROW[11].COL[15].EH.LL_M.CELL_XIYH  |     0.023 |
|       ROW[11].COL[16].EH.LL_M.CELL_XIYH  |     0.021 |
|       ROW[11].COL[17].EH.LL_RE.CELL_XWYH |     0.010 |
|       ROW[11].COL[1].EH.LL_M.CELL_XIYH   |     0.025 |
|       ROW[11].COL[2].EH.LL_M.CELL_XIYH   |     0.024 |
|       ROW[11].COL[3].EH.LL_M.CELL_XIYH   |     0.024 |
|       ROW[11].COL[4].EH.LL_M.CELL_XIYH   |     0.023 |
|       ROW[11].COL[5].EH.LL_M.CELL_XIYH   |     0.022 |
|       ROW[11].COL[6].EH.LL_M.CELL_XIYH   |     0.021 |
|       ROW[11].COL[7].EH.LL_M.CELL_XIYH   |     0.029 |
|       ROW[11].COL[8].EH.LL_M.CELL_XIYH   |     0.029 |
|       ROW[11].COL[9].EH.LL_M.CELL_XIYH   |     0.025 |
|       ROW[1].COL[0].EH.O_LS.CELL_X0YO    |     0.021 |
|       ROW[1].COL[10].EH.O_M.CELL_XIYO    |     0.037 |
|       ROW[1].COL[11].EH.O_M.CELL_XIYO    |     0.037 |
|       ROW[1].COL[12].EH.O_M.CELL_XIYO    |     0.041 |
|       ROW[1].COL[13].EH.O_M.CELL_XIYO    |     0.034 |
|       ROW[1].COL[14].EH.O_M.CELL_XIYO    |     0.038 |
|       ROW[1].COL[15].EH.O_M.CELL_XIYO    |     0.037 |
|       ROW[1].COL[16].EH.O_M.CELL_XIYO    |     0.041 |
|       ROW[1].COL[17].EH.O_RS.CELL_XWYO   |     0.025 |
|       ROW[1].COL[1].EH.O_M.CELL_XIYO     |     0.038 |
|       ROW[1].COL[2].EH.O_M.CELL_XIYO     |     0.037 |
|       ROW[1].COL[3].EH.O_M.CELL_XIYO     |     0.041 |
|       ROW[1].COL[4].EH.O_M.CELL_XIYO     |     0.040 |
|       ROW[1].COL[5].EH.O_M.CELL_XIYO     |     0.037 |
|       ROW[1].COL[6].EH.O_M.CELL_XIYO     |     0.036 |
|       ROW[1].COL[7].EH.O_M.CELL_XIYO     |     0.039 |
|       ROW[1].COL[8].EH.O_M.CELL_XIYO     |     0.037 |
|       ROW[1].COL[9].EH.O_M.CELL_XIYO     |     0.036 |
|       ROW[2].COL[0].EH.E_LS.CELL_X0YE    |     0.025 |
|       ROW[2].COL[10].EH.E_M.CELL_XIYE    |     0.043 |
|       ROW[2].COL[11].EH.E_M.CELL_XIYE    |     0.041 |
|       ROW[2].COL[12].EH.E_M.CELL_XIYE    |     0.038 |
|       ROW[2].COL[13].EH.E_M.CELL_XIYE    |     0.043 |
|       ROW[2].COL[14].EH.E_M.CELL_XIYE    |     0.043 |
|       ROW[2].COL[15].EH.E_M.CELL_XIYE    |     0.045 |
|       ROW[2].COL[16].EH.E_M.CELL_XIYE    |     0.042 |
|       ROW[2].COL[17].EH.E_RS.CELL_XWYE   |     0.023 |
|       ROW[2].COL[1].EH.E_M.CELL_XIYE     |     0.044 |
|       ROW[2].COL[2].EH.E_M.CELL_XIYE     |     0.040 |
|       ROW[2].COL[3].EH.E_M.CELL_XIYE     |     0.043 |
|       ROW[2].COL[4].EH.E_M.CELL_XIYE     |     0.044 |
|       ROW[2].COL[5].EH.E_M.CELL_XIYE     |     0.040 |
|       ROW[2].COL[6].EH.E_M.CELL_XIYE     |     0.043 |
|       ROW[2].COL[7].EH.E_M.CELL_XIYE     |     0.039 |
|       ROW[2].COL[8].EH.E_M.CELL_XIYE     |     0.044 |
|       ROW[2].COL[9].EH.E_M.CELL_XIYE     |     0.040 |
|       ROW[3].COL[0].EH.O_LS.CELL_X0YO    |     0.024 |
|       ROW[3].COL[10].EH.O_M.CELL_XIYO    |     0.039 |
|       ROW[3].COL[11].EH.O_M.CELL_XIYO    |     0.039 |
|       ROW[3].COL[12].EH.O_M.CELL_XIYO    |     0.043 |
|       ROW[3].COL[13].EH.O_M.CELL_XIYO    |     0.042 |
|       ROW[3].COL[14].EH.O_M.CELL_XIYO    |     0.041 |
|       ROW[3].COL[15].EH.O_M.CELL_XIYO    |     0.043 |
|       ROW[3].COL[16].EH.O_M.CELL_XIYO    |     0.042 |
|       ROW[3].COL[17].EH.O_RS.CELL_XWYO   |     0.023 |
|       ROW[3].COL[1].EH.O_M.CELL_XIYO     |     0.040 |
|       ROW[3].COL[2].EH.O_M.CELL_XIYO     |     0.044 |
|       ROW[3].COL[3].EH.O_M.CELL_XIYO     |     0.043 |
|       ROW[3].COL[4].EH.O_M.CELL_XIYO     |     0.041 |
|       ROW[3].COL[5].EH.O_M.CELL_XIYO     |     0.047 |
|       ROW[3].COL[6].EH.O_M.CELL_XIYO     |     0.042 |
|       ROW[3].COL[7].EH.O_M.CELL_XIYO     |     0.043 |
|       ROW[3].COL[8].EH.O_M.CELL_XIYO     |     0.039 |
|       ROW[3].COL[9].EH.O_M.CELL_XIYO     |     0.041 |
|       ROW[4].COL[0].EH.E_LS.CELL_X0YE    |     0.025 |
|       ROW[4].COL[10].EH.E_M.CELL_XIYE    |     0.042 |
|       ROW[4].COL[11].EH.E_M.CELL_XIYE    |     0.041 |
|       ROW[4].COL[12].EH.E_M.CELL_XIYE    |     0.040 |
|       ROW[4].COL[13].EH.E_M.CELL_XIYE    |     0.039 |
|       ROW[4].COL[14].EH.E_M.CELL_XIYE    |     0.042 |
|       ROW[4].COL[15].EH.E_M.CELL_XIYE    |     0.041 |
|       ROW[4].COL[16].EH.E_M.CELL_XIYE    |     0.044 |
|       ROW[4].COL[17].EH.E_RS.CELL_XWYE   |     0.025 |
|       ROW[4].COL[1].EH.E_M.CELL_XIYE     |     0.042 |
|       ROW[4].COL[2].EH.E_M.CELL_XIYE     |     0.042 |
|       ROW[4].COL[3].EH.E_M.CELL_XIYE     |     0.046 |
|       ROW[4].COL[4].EH.E_M.CELL_XIYE     |     0.043 |
|       ROW[4].COL[5].EH.E_M.CELL_XIYE     |     0.046 |
|       ROW[4].COL[6].EH.E_M.CELL_XIYE     |     0.039 |
|       ROW[4].COL[7].EH.E_M.CELL_XIYE     |     0.042 |
|       ROW[4].COL[8].EH.E_M.CELL_XIYE     |     0.045 |
|       ROW[4].COL[9].EH.E_M.CELL_XIYE     |     0.040 |
|       ROW[5].COL[0].EH.O_LS.CELL_X0YO    |     0.027 |
|       ROW[5].COL[10].EH.O_M.CELL_XIYO    |     0.043 |
|       ROW[5].COL[11].EH.O_M.CELL_XIYO    |     0.044 |
|       ROW[5].COL[12].EH.O_M.CELL_XIYO    |     0.044 |
|       ROW[5].COL[13].EH.O_M.CELL_XIYO    |     0.041 |
|       ROW[5].COL[14].EH.O_M.CELL_XIYO    |     0.040 |
|       ROW[5].COL[15].EH.O_M.CELL_XIYO    |     0.041 |
|       ROW[5].COL[16].EH.O_M.CELL_XIYO    |     0.042 |
|       ROW[5].COL[17].EH.O_RS.CELL_XWYO   |     0.027 |
|       ROW[5].COL[1].EH.O_M.CELL_XIYO     |     0.041 |
|       ROW[5].COL[2].EH.O_M.CELL_XIYO     |     0.040 |
|       ROW[5].COL[3].EH.O_M.CELL_XIYO     |     0.041 |
|       ROW[5].COL[4].EH.O_M.CELL_XIYO     |     0.041 |
|       ROW[5].COL[5].EH.O_M.CELL_XIYO     |     0.042 |
|       ROW[5].COL[6].EH.O_M.CELL_XIYO     |     0.041 |
|       ROW[5].COL[7].EH.O_M.CELL_XIYO     |     0.038 |
|       ROW[5].COL[8].EH.O_M.CELL_XIYO     |     0.043 |
|       ROW[5].COL[9].EH.O_M.CELL_XIYO     |     0.041 |
|       ROW[6].COL[0].EH.E_LS.CELL_X0YE    |     0.025 |
|       ROW[6].COL[10].EH.E_M.CELL_XIYE    |     0.040 |
|       ROW[6].COL[11].EH.E_M.CELL_XIYE    |     0.041 |
|       ROW[6].COL[12].EH.E_M.CELL_XIYE    |     0.040 |
|       ROW[6].COL[13].EH.E_M.CELL_XIYE    |     0.044 |
|       ROW[6].COL[14].EH.E_M.CELL_XIYE    |     0.043 |
|       ROW[6].COL[15].EH.E_M.CELL_XIYE    |     0.044 |
|       ROW[6].COL[16].EH.E_M.CELL_XIYE    |     0.043 |
|       ROW[6].COL[17].EH.E_RS.CELL_XWYE   |     0.024 |
|       ROW[6].COL[1].EH.E_M.CELL_XIYE     |     0.045 |
|       ROW[6].COL[2].EH.E_M.CELL_XIYE     |     0.041 |
|       ROW[6].COL[3].EH.E_M.CELL_XIYE     |     0.043 |
|       ROW[6].COL[4].EH.E_M.CELL_XIYE     |     0.040 |
|       ROW[6].COL[5].EH.E_M.CELL_XIYE     |     0.041 |
|       ROW[6].COL[6].EH.E_M.CELL_XIYE     |     0.044 |
|       ROW[6].COL[7].EH.E_M.CELL_XIYE     |     0.041 |
|       ROW[6].COL[8].EH.E_M.CELL_XIYE     |     0.045 |
|       ROW[6].COL[9].EH.E_M.CELL_XIYE     |     0.045 |
|       ROW[7].COL[0].EH.O_LS.CELL_X0YO    |     0.026 |
|       ROW[7].COL[10].EH.O_M.CELL_XIYO    |     0.043 |
|       ROW[7].COL[11].EH.O_M.CELL_XIYO    |     0.043 |
|       ROW[7].COL[12].EH.O_M.CELL_XIYO    |     0.041 |
|       ROW[7].COL[13].EH.O_M.CELL_XIYO    |     0.040 |
|       ROW[7].COL[14].EH.O_M.CELL_XIYO    |     0.040 |
|       ROW[7].COL[15].EH.O_M.CELL_XIYO    |     0.043 |
|       ROW[7].COL[16].EH.O_M.CELL_XIYO    |     0.039 |
|       ROW[7].COL[17].EH.O_RS.CELL_XWYO   |     0.026 |
|       ROW[7].COL[1].EH.O_M.CELL_XIYO     |     0.040 |
|       ROW[7].COL[2].EH.O_M.CELL_XIYO     |     0.039 |
|       ROW[7].COL[3].EH.O_M.CELL_XIYO     |     0.043 |
|       ROW[7].COL[4].EH.O_M.CELL_XIYO     |     0.039 |
|       ROW[7].COL[5].EH.O_M.CELL_XIYO     |     0.039 |
|       ROW[7].COL[6].EH.O_M.CELL_XIYO     |     0.041 |
|       ROW[7].COL[7].EH.O_M.CELL_XIYO     |     0.043 |
|       ROW[7].COL[8].EH.O_M.CELL_XIYO     |     0.046 |
|       ROW[7].COL[9].EH.O_M.CELL_XIYO     |     0.042 |
|       ROW[8].COL[0].EH.E_LS.CELL_X0YE    |     0.025 |
|       ROW[8].COL[10].EH.E_M.CELL_XIYE    |     0.044 |
|       ROW[8].COL[11].EH.E_M.CELL_XIYE    |     0.041 |
|       ROW[8].COL[12].EH.E_M.CELL_XIYE    |     0.042 |
|       ROW[8].COL[13].EH.E_M.CELL_XIYE    |     0.042 |
|       ROW[8].COL[14].EH.E_M.CELL_XIYE    |     0.042 |
|       ROW[8].COL[15].EH.E_M.CELL_XIYE    |     0.045 |
|       ROW[8].COL[16].EH.E_M.CELL_XIYE    |     0.040 |
|       ROW[8].COL[17].EH.E_RS.CELL_XWYE   |     0.026 |
|       ROW[8].COL[1].EH.E_M.CELL_XIYE     |     0.042 |
|       ROW[8].COL[2].EH.E_M.CELL_XIYE     |     0.045 |
|       ROW[8].COL[3].EH.E_M.CELL_XIYE     |     0.039 |
|       ROW[8].COL[4].EH.E_M.CELL_XIYE     |     0.045 |
|       ROW[8].COL[5].EH.E_M.CELL_XIYE     |     0.043 |
|       ROW[8].COL[6].EH.E_M.CELL_XIYE     |     0.045 |
|       ROW[8].COL[7].EH.E_M.CELL_XIYE     |     0.042 |
|       ROW[8].COL[8].EH.E_M.CELL_XIYE     |     0.044 |
|       ROW[8].COL[9].EH.E_M.CELL_XIYE     |     0.045 |
|       ROW[9].COL[0].EH.O_LS.CELL_X0YO    |     0.026 |
|       ROW[9].COL[10].EH.O_M.CELL_XIYO    |     0.041 |
|       ROW[9].COL[11].EH.O_M.CELL_XIYO    |     0.039 |
|       ROW[9].COL[12].EH.O_M.CELL_XIYO    |     0.041 |
|       ROW[9].COL[13].EH.O_M.CELL_XIYO    |     0.040 |
|       ROW[9].COL[14].EH.O_M.CELL_XIYO    |     0.041 |
|       ROW[9].COL[15].EH.O_M.CELL_XIYO    |     0.038 |
|       ROW[9].COL[16].EH.O_M.CELL_XIYO    |     0.043 |
|       ROW[9].COL[17].EH.O_RS.CELL_XWYO   |     0.023 |
|       ROW[9].COL[1].EH.O_M.CELL_XIYO     |     0.038 |
|       ROW[9].COL[2].EH.O_M.CELL_XIYO     |     0.043 |
|       ROW[9].COL[3].EH.O_M.CELL_XIYO     |     0.043 |
|       ROW[9].COL[4].EH.O_M.CELL_XIYO     |     0.041 |
|       ROW[9].COL[5].EH.O_M.CELL_XIYO     |     0.038 |
|       ROW[9].COL[6].EH.O_M.CELL_XIYO     |     0.040 |
|       ROW[9].COL[7].EH.O_M.CELL_XIYO     |     0.045 |
|       ROW[9].COL[8].EH.O_M.CELL_XIYO     |     0.042 |
|       ROW[9].COL[9].EH.O_M.CELL_XIYO     |     0.040 |
+------------------------------------------+-----------+


