Unable to capture context for thread 13112 in process 14044, can not generate back trace
Unable to capture context for thread 8972 in process 14044, can not generate back trace
Exception at PC 0x00007FFD2C7DBB93
Printing stacktrace...

[0]  [0x00007FFD2C7DBB93]
[1]  [0x00007FFD2C7DBB93]
[2]  [0x00007FFD2C7DB4A1]
[3]  [0x00007FFD2C7DB3EF]
[4]  [0x00007FFD2C7C19FE]
[5]  [0x00007FFD2C7C0ED1]
[6]  [0x00007FFD2C7C0D76]
[7]  [0x00007FFD2C7679F6]
[8]  [0x00007FFD2C757AFB]
[9]  [0x00007FFD2C87E90A]
[10]  [0x00007FFD2C899F87]
[11]  [0x00007FFD2C89A05F]
[12] (BaseThreadInitThunk+0x14) [0x00007FFDB6CD7034]
[13] (RtlUserThreadStart+0x21) [0x00007FFDB7D22651]
Done
Exception at PC 0x00007FFD2C4E1A52
Attemped to write at address 0x00007FFD8253ABA4
Printing stacktrace...

[0]  [0x00007FFD2C4E1A52]
[1]  [0x00007FFD2C4E1A52]
[2]  [0x00007FFD2C4E1AD4]
[3]  [0x00007FFD2C623FF7]
[4]  [0x00007FFD2C509128]
[5]  [0x00007FFD2C7BDFB9]
[6]  [0x00007FFD2C98EF23]
[7]  [0x00007FFD2C89B06B]
[8]  [0x00007FFD2C8908AF]
[9]  [0x00007FFD2C890A32]
[10] (RtlActivateActivationContextUnsafeFast+0x11d) [0x00007FFDB7CE9A1D]
[11] (LdrShutdownProcess+0x141) [0x00007FFDB7D2DB91]
[12] (RtlExitUserProcess+0xad) [0x00007FFDB7D2DA2D]
[13] (FatalExit+0xb) [0x00007FFDB6CDE0AB]
[14] (exit+0x85) [0x00007FFDB680A155]
[15] (initterm_e+0x245) [0x00007FFDB680A7C5]
[16]  [0x00000000004014CD]
[17]  [0x000000000040151B]
[18] (BaseThreadInitThunk+0x14) [0x00007FFDB6CD7034]
[19] (RtlUserThreadStart+0x21) [0x00007FFDB7D22651]
Done
