Unable to capture context for thread 14932 in process 6192, can not generate back trace
Unable to capture context for thread 9532 in process 6192, can not generate back trace
Exception at PC 0x00007FF93877BB93
Printing stacktrace...

[0]  [0x00007FF93877BB93]
[1]  [0x00007FF93877BB93]
[2]  [0x00007FF93877B4A1]
[3]  [0x00007FF93877B3EF]
[4]  [0x00007FF9387619FE]
[5]  [0x00007FF938760ED1]
[6]  [0x00007FF938760D76]
[7]  [0x00007FF9387079F6]
[8]  [0x00007FF9386F7AFB]
[9]  [0x00007FF93881E90A]
[10]  [0x00007FF938839F87]
[11]  [0x00007FF93883A05F]
[12] (BaseThreadInitThunk+0x14) [0x00007FF9BF007034]
[13] (RtlUserThreadStart+0x21) [0x00007FF9C0382651]
Done
Exception at PC 0x00007FF938481A52
Attemped to write at address 0x00007FF96CB7ABA4
Printing stacktrace...

[0]  [0x00007FF938481A52]
[1]  [0x00007FF938481A52]
[2]  [0x00007FF938481AD4]
[3]  [0x00007FF9385C3FF7]
[4]  [0x00007FF9384A9128]
[5]  [0x00007FF93875DFB9]
[6]  [0x00007FF93892EF23]
[7]  [0x00007FF93883B06B]
[8]  [0x00007FF9388308AF]
[9]  [0x00007FF938830A32]
[10] (RtlActivateActivationContextUnsafeFast+0x11d) [0x00007FF9C0349A1D]
[11] (LdrShutdownProcess+0x141) [0x00007FF9C038DB91]
[12] (RtlExitUserProcess+0xad) [0x00007FF9C038DA2D]
[13] (FatalExit+0xb) [0x00007FF9BF00E0AB]
[14] (exit+0x85) [0x00007FF9BFA5A155]
[15] (initterm_e+0x245) [0x00007FF9BFA5A7C5]
[16]  [0x00000000004014CD]
[17]  [0x000000000040151B]
[18] (BaseThreadInitThunk+0x14) [0x00007FF9BF007034]
[19] (RtlUserThreadStart+0x21) [0x00007FF9C0382651]
Done
