
*** Running vivado
    with args -log design_gol_clk_wiz_1_0.vds -m64 -product Vivado -mode batch -messageDb vivado.pb -notrace -source design_gol_clk_wiz_1_0.tcl


****** Vivado v2017.2 (64-bit)
  **** SW Build 1909853 on Thu Jun 15 18:39:09 MDT 2017
  **** IP Build 1909766 on Thu Jun 15 19:58:00 MDT 2017
    ** Copyright 1986-2017 Xilinx, Inc. All Rights Reserved.

source design_gol_clk_wiz_1_0.tcl -notrace
Starting RTL Elaboration : Time (s): cpu = 00:00:06 ; elapsed = 00:00:09 . Memory (MB): peak = 314.285 ; gain = 81.000
INFO: [Synth 8-638] synthesizing module 'design_gol_clk_wiz_1_0' [c:/Workspace/GameOfLife/bd/design_gol/ip/design_gol_clk_wiz_1_0/design_gol_clk_wiz_1_0.v:70]
INFO: [Synth 8-638] synthesizing module 'design_gol_clk_wiz_1_0_clk_wiz' [c:/Workspace/GameOfLife/bd/design_gol/ip/design_gol_clk_wiz_1_0/design_gol_clk_wiz_1_0_clk_wiz.v:68]
INFO: [Synth 8-638] synthesizing module 'IBUF' [C:/Xilinx/Vivado/2017.2/scripts/rt/data/unisim_comp.v:14470]
INFO: [Synth 8-256] done synthesizing module 'IBUF' (1#1) [C:/Xilinx/Vivado/2017.2/scripts/rt/data/unisim_comp.v:14470]
INFO: [Synth 8-638] synthesizing module 'MMCME2_ADV' [C:/Xilinx/Vivado/2017.2/scripts/rt/data/unisim_comp.v:20759]
INFO: [Synth 8-256] done synthesizing module 'MMCME2_ADV' (2#1) [C:/Xilinx/Vivado/2017.2/scripts/rt/data/unisim_comp.v:20759]
INFO: [Synth 8-638] synthesizing module 'BUFG' [C:/Xilinx/Vivado/2017.2/scripts/rt/data/unisim_comp.v:607]
INFO: [Synth 8-256] done synthesizing module 'BUFG' (3#1) [C:/Xilinx/Vivado/2017.2/scripts/rt/data/unisim_comp.v:607]
INFO: [Synth 8-256] done synthesizing module 'design_gol_clk_wiz_1_0_clk_wiz' (4#1) [c:/Workspace/GameOfLife/bd/design_gol/ip/design_gol_clk_wiz_1_0/design_gol_clk_wiz_1_0_clk_wiz.v:68]
INFO: [Synth 8-256] done synthesizing module 'design_gol_clk_wiz_1_0' (5#1) [c:/Workspace/GameOfLife/bd/design_gol/ip/design_gol_clk_wiz_1_0/design_gol_clk_wiz_1_0.v:70]
Finished RTL Elaboration : Time (s): cpu = 00:00:08 ; elapsed = 00:00:12 . Memory (MB): peak = 354.363 ; gain = 121.078
Finished RTL Optimization Phase 1 : Time (s): cpu = 00:00:08 ; elapsed = 00:00:12 . Memory (MB): peak = 354.363 ; gain = 121.078
INFO: [Device 21-403] Loading part xc7z020clg484-1
Constraint Validation Runtime : Time (s): cpu = 00:00:00 ; elapsed = 00:00:00.036 . Memory (MB): peak = 591.492 ; gain = 0.000
Finished Constraint Validation : Time (s): cpu = 00:00:25 ; elapsed = 00:00:35 . Memory (MB): peak = 591.492 ; gain = 358.207
Finished Loading Part and Timing Information : Time (s): cpu = 00:00:25 ; elapsed = 00:00:35 . Memory (MB): peak = 591.492 ; gain = 358.207
Finished applying 'set_property' XDC Constraints : Time (s): cpu = 00:00:25 ; elapsed = 00:00:35 . Memory (MB): peak = 591.492 ; gain = 358.207
Finished RTL Optimization Phase 2 : Time (s): cpu = 00:00:26 ; elapsed = 00:00:35 . Memory (MB): peak = 591.492 ; gain = 358.207
Finished Cross Boundary and Area Optimization : Time (s): cpu = 00:00:26 ; elapsed = 00:00:36 . Memory (MB): peak = 591.492 ; gain = 358.207
Finished Applying XDC Timing Constraints : Time (s): cpu = 00:00:45 ; elapsed = 00:00:59 . Memory (MB): peak = 615.637 ; gain = 382.352
Finished Timing Optimization : Time (s): cpu = 00:00:45 ; elapsed = 00:00:59 . Memory (MB): peak = 615.637 ; gain = 382.352
Finished Technology Mapping : Time (s): cpu = 00:00:45 ; elapsed = 00:00:59 . Memory (MB): peak = 625.781 ; gain = 392.496
Finished IO Insertion : Time (s): cpu = 00:00:46 ; elapsed = 00:01:00 . Memory (MB): peak = 625.781 ; gain = 392.496
Finished Renaming Generated Instances : Time (s): cpu = 00:00:46 ; elapsed = 00:01:00 . Memory (MB): peak = 625.781 ; gain = 392.496
Finished Rebuilding User Hierarchy : Time (s): cpu = 00:00:46 ; elapsed = 00:01:00 . Memory (MB): peak = 625.781 ; gain = 392.496
Finished Renaming Generated Ports : Time (s): cpu = 00:00:46 ; elapsed = 00:01:00 . Memory (MB): peak = 625.781 ; gain = 392.496
Finished Handling Custom Attributes : Time (s): cpu = 00:00:46 ; elapsed = 00:01:00 . Memory (MB): peak = 625.781 ; gain = 392.496
Finished Renaming Generated Nets : Time (s): cpu = 00:00:46 ; elapsed = 00:01:00 . Memory (MB): peak = 625.781 ; gain = 392.496

Report Cell Usage: 
+------+-----------+------+
|      |Cell       |Count |
+------+-----------+------+
|1     |BUFG       |     2|
|2     |MMCME2_ADV |     1|
|3     |IBUF       |     1|
+------+-----------+------+
Finished Writing Synthesis Report : Time (s): cpu = 00:00:46 ; elapsed = 00:01:00 . Memory (MB): peak = 625.781 ; gain = 392.496
synth_design: Time (s): cpu = 00:00:48 ; elapsed = 00:01:04 . Memory (MB): peak = 639.305 ; gain = 407.648
