
*** Running vivado
    with args -log gol_bd_microblaze_0_0.vds -m64 -product Vivado -mode batch -messageDb vivado.pb -notrace -source gol_bd_microblaze_0_0.tcl


****** Vivado v2017.2 (64-bit)
  **** SW Build 1909853 on Thu Jun 15 18:39:10 MDT 2017
  **** IP Build 1909766 on Thu Jun 15 19:58:00 MDT 2017
    ** Copyright 1986-2017 Xilinx, Inc. All Rights Reserved.

source gol_bd_microblaze_0_0.tcl -notrace
Starting RTL Elaboration : Time (s): cpu = 00:00:04 ; elapsed = 00:00:04 . Memory (MB): peak = 1153.875 ; gain = 52.996 ; free physical = 3991 ; free virtual = 12926
INFO: [Synth 8-638] synthesizing module 'gol_bd_microblaze_0_0' [/home/link/projects/vivado/GameOfLife/bd/gol_bd/ip/gol_bd_microblaze_0_0/synth/gol_bd_microblaze_0_0.vhd:116]
INFO: [Synth 8-256] done synthesizing module 'gol_bd_microblaze_0_0' (52#1) [/home/link/projects/vivado/GameOfLife/bd/gol_bd/ip/gol_bd_microblaze_0_0/synth/gol_bd_microblaze_0_0.vhd:116]
Finished RTL Elaboration : Time (s): cpu = 00:00:10 ; elapsed = 00:00:11 . Memory (MB): peak = 1451.109 ; gain = 350.230 ; free physical = 3307 ; free virtual = 12262
Finished RTL Optimization Phase 1 : Time (s): cpu = 00:00:11 ; elapsed = 00:00:12 . Memory (MB): peak = 1451.109 ; gain = 350.230 ; free physical = 3307 ; free virtual = 12262
INFO: [Device 21-403] Loading part xc7z020clg484-1
Constraint Validation Runtime : Time (s): cpu = 00:00:00.18 ; elapsed = 00:00:00.06 . Memory (MB): peak = 1770.391 ; gain = 1.000 ; free physical = 3655 ; free virtual = 12619
Finished Constraint Validation : Time (s): cpu = 00:00:30 ; elapsed = 00:00:30 . Memory (MB): peak = 1770.391 ; gain = 669.512 ; free physical = 4238 ; free virtual = 13205
Finished Loading Part and Timing Information : Time (s): cpu = 00:00:30 ; elapsed = 00:00:30 . Memory (MB): peak = 1770.391 ; gain = 669.512 ; free physical = 4238 ; free virtual = 13205
Finished applying 'set_property' XDC Constraints : Time (s): cpu = 00:00:30 ; elapsed = 00:00:31 . Memory (MB): peak = 1770.391 ; gain = 669.512 ; free physical = 4238 ; free virtual = 13205
Finished RTL Optimization Phase 2 : Time (s): cpu = 00:00:33 ; elapsed = 00:00:34 . Memory (MB): peak = 1770.391 ; gain = 669.512 ; free physical = 4344 ; free virtual = 13311
Finished Cross Boundary and Area Optimization : Time (s): cpu = 00:00:40 ; elapsed = 00:00:42 . Memory (MB): peak = 1770.391 ; gain = 669.512 ; free physical = 4332 ; free virtual = 13301
Finished Applying XDC Timing Constraints : Time (s): cpu = 00:00:46 ; elapsed = 00:00:48 . Memory (MB): peak = 1770.391 ; gain = 669.512 ; free physical = 4214 ; free virtual = 13183
Finished Timing Optimization : Time (s): cpu = 00:00:58 ; elapsed = 00:00:59 . Memory (MB): peak = 1770.391 ; gain = 669.512 ; free physical = 4140 ; free virtual = 13116
Finished Technology Mapping : Time (s): cpu = 00:00:59 ; elapsed = 00:01:01 . Memory (MB): peak = 1770.391 ; gain = 669.512 ; free physical = 4147 ; free virtual = 13122
Finished IO Insertion : Time (s): cpu = 00:01:00 ; elapsed = 00:01:02 . Memory (MB): peak = 1770.391 ; gain = 669.512 ; free physical = 4155 ; free virtual = 13130
Finished Renaming Generated Instances : Time (s): cpu = 00:01:00 ; elapsed = 00:01:02 . Memory (MB): peak = 1770.391 ; gain = 669.512 ; free physical = 4156 ; free virtual = 13131
Finished Rebuilding User Hierarchy : Time (s): cpu = 00:01:00 ; elapsed = 00:01:02 . Memory (MB): peak = 1770.391 ; gain = 669.512 ; free physical = 4157 ; free virtual = 13132
Finished Renaming Generated Ports : Time (s): cpu = 00:01:00 ; elapsed = 00:01:02 . Memory (MB): peak = 1770.391 ; gain = 669.512 ; free physical = 4157 ; free virtual = 13132
Finished Handling Custom Attributes : Time (s): cpu = 00:01:00 ; elapsed = 00:01:02 . Memory (MB): peak = 1770.391 ; gain = 669.512 ; free physical = 4157 ; free virtual = 13132
Finished Renaming Generated Nets : Time (s): cpu = 00:01:00 ; elapsed = 00:01:02 . Memory (MB): peak = 1770.391 ; gain = 669.512 ; free physical = 4157 ; free virtual = 13132

Report Cell Usage: 
+------+---------+------+
|      |Cell     |Count |
+------+---------+------+
|1     |AND2B1L  |     1|
|2     |LUT1     |    17|
|3     |LUT2     |   107|
|4     |LUT3     |   346|
|5     |LUT4     |   108|
|6     |LUT5     |   225|
|7     |LUT6     |   332|
|8     |LUT6_2   |    80|
|9     |MULT_AND |     1|
|10    |MUXCY_L  |   136|
|11    |MUXF7    |   108|
|12    |RAM32M   |    16|
|13    |SRL16E   |    89|
|14    |SRLC16E  |     8|
|15    |XORCY    |    94|
|16    |FDCE     |   143|
|17    |FDE      |    32|
|18    |FDR      |    87|
|19    |FDRE     |  1209|
|20    |FDS      |     1|
|21    |FDSE     |    36|
+------+---------+------+
Finished Writing Synthesis Report : Time (s): cpu = 00:01:00 ; elapsed = 00:01:02 . Memory (MB): peak = 1770.391 ; gain = 669.512 ; free physical = 4157 ; free virtual = 13132
synth_design: Time (s): cpu = 00:01:03 ; elapsed = 00:01:05 . Memory (MB): peak = 1770.391 ; gain = 682.098 ; free physical = 4266 ; free virtual = 13239
