
*** Running vivado
    with args -log design_gol_ilmb_bram_if_cntlr_0.vds -m64 -product Vivado -mode batch -messageDb vivado.pb -notrace -source design_gol_ilmb_bram_if_cntlr_0.tcl


****** Vivado v2017.2 (64-bit)
  **** SW Build 1909853 on Thu Jun 15 18:39:09 MDT 2017
  **** IP Build 1909766 on Thu Jun 15 19:58:00 MDT 2017
    ** Copyright 1986-2017 Xilinx, Inc. All Rights Reserved.

source design_gol_ilmb_bram_if_cntlr_0.tcl -notrace
Starting RTL Elaboration : Time (s): cpu = 00:00:06 ; elapsed = 00:00:09 . Memory (MB): peak = 313.234 ; gain = 81.258
INFO: [Synth 8-638] synthesizing module 'design_gol_ilmb_bram_if_cntlr_0' [c:/Workspace/GameOfLife/bd/design_gol/ip/design_gol_ilmb_bram_if_cntlr_0/synth/design_gol_ilmb_bram_if_cntlr_0.vhd:84]
INFO: [Synth 8-638] synthesizing module 'lmb_bram_if_cntlr' [c:/Workspace/GameOfLife/bd/design_gol/ipshared/51e1/hdl/lmb_bram_if_cntlr_v4_0_vh_rfs.vhd:3106]
INFO: [Synth 8-638] synthesizing module 'lmb_mux' [c:/Workspace/GameOfLife/bd/design_gol/ipshared/51e1/hdl/lmb_bram_if_cntlr_v4_0_vh_rfs.vhd:2601]
INFO: [Synth 8-638] synthesizing module 'pselect_mask' [c:/Workspace/GameOfLife/bd/design_gol/ipshared/51e1/hdl/lmb_bram_if_cntlr_v4_0_vh_rfs.vhd:2121]
INFO: [Synth 8-256] done synthesizing module 'pselect_mask' (1#1) [c:/Workspace/GameOfLife/bd/design_gol/ipshared/51e1/hdl/lmb_bram_if_cntlr_v4_0_vh_rfs.vhd:2121]
INFO: [Synth 8-256] done synthesizing module 'lmb_mux' (2#1) [c:/Workspace/GameOfLife/bd/design_gol/ipshared/51e1/hdl/lmb_bram_if_cntlr_v4_0_vh_rfs.vhd:2601]
INFO: [Synth 8-256] done synthesizing module 'lmb_bram_if_cntlr' (3#1) [c:/Workspace/GameOfLife/bd/design_gol/ipshared/51e1/hdl/lmb_bram_if_cntlr_v4_0_vh_rfs.vhd:3106]
INFO: [Synth 8-256] done synthesizing module 'design_gol_ilmb_bram_if_cntlr_0' (4#1) [c:/Workspace/GameOfLife/bd/design_gol/ip/design_gol_ilmb_bram_if_cntlr_0/synth/design_gol_ilmb_bram_if_cntlr_0.vhd:84]
Finished RTL Elaboration : Time (s): cpu = 00:00:08 ; elapsed = 00:00:15 . Memory (MB): peak = 354.566 ; gain = 122.590
Finished RTL Optimization Phase 1 : Time (s): cpu = 00:00:08 ; elapsed = 00:00:15 . Memory (MB): peak = 354.566 ; gain = 122.590
INFO: [Device 21-403] Loading part xc7z020clg484-1
Constraint Validation Runtime : Time (s): cpu = 00:00:00 ; elapsed = 00:00:00.037 . Memory (MB): peak = 653.270 ; gain = 0.000
Finished Constraint Validation : Time (s): cpu = 00:00:23 ; elapsed = 00:00:33 . Memory (MB): peak = 653.270 ; gain = 421.293
Finished Loading Part and Timing Information : Time (s): cpu = 00:00:23 ; elapsed = 00:00:33 . Memory (MB): peak = 653.270 ; gain = 421.293
Finished applying 'set_property' XDC Constraints : Time (s): cpu = 00:00:23 ; elapsed = 00:00:33 . Memory (MB): peak = 653.270 ; gain = 421.293
Finished RTL Optimization Phase 2 : Time (s): cpu = 00:00:23 ; elapsed = 00:00:34 . Memory (MB): peak = 653.270 ; gain = 421.293
Finished Cross Boundary and Area Optimization : Time (s): cpu = 00:00:24 ; elapsed = 00:00:34 . Memory (MB): peak = 653.270 ; gain = 421.293
Finished Applying XDC Timing Constraints : Time (s): cpu = 00:00:40 ; elapsed = 00:00:53 . Memory (MB): peak = 653.270 ; gain = 421.293
Finished Timing Optimization : Time (s): cpu = 00:00:40 ; elapsed = 00:00:53 . Memory (MB): peak = 653.270 ; gain = 421.293
Finished Technology Mapping : Time (s): cpu = 00:00:40 ; elapsed = 00:00:53 . Memory (MB): peak = 657.449 ; gain = 425.473
Finished IO Insertion : Time (s): cpu = 00:00:41 ; elapsed = 00:00:54 . Memory (MB): peak = 657.449 ; gain = 425.473
Finished Renaming Generated Instances : Time (s): cpu = 00:00:41 ; elapsed = 00:00:54 . Memory (MB): peak = 657.449 ; gain = 425.473
Finished Rebuilding User Hierarchy : Time (s): cpu = 00:00:41 ; elapsed = 00:00:54 . Memory (MB): peak = 657.449 ; gain = 425.473
Finished Renaming Generated Ports : Time (s): cpu = 00:00:41 ; elapsed = 00:00:54 . Memory (MB): peak = 657.449 ; gain = 425.473
Finished Handling Custom Attributes : Time (s): cpu = 00:00:41 ; elapsed = 00:00:54 . Memory (MB): peak = 657.449 ; gain = 425.473
Finished Renaming Generated Nets : Time (s): cpu = 00:00:41 ; elapsed = 00:00:54 . Memory (MB): peak = 657.449 ; gain = 425.473

Report Cell Usage: 
+------+-----+------+
|      |Cell |Count |
+------+-----+------+
|1     |LUT1 |     1|
|2     |LUT2 |     6|
|3     |FDRE |     2|
+------+-----+------+
Finished Writing Synthesis Report : Time (s): cpu = 00:00:41 ; elapsed = 00:00:54 . Memory (MB): peak = 657.449 ; gain = 425.473
synth_design: Time (s): cpu = 00:00:44 ; elapsed = 00:00:57 . Memory (MB): peak = 662.867 ; gain = 431.516
