
*** Running vivado
    with args -log design_1_clk_wiz_1_0.vds -m64 -product Vivado -mode batch -messageDb vivado.pb -notrace -source design_1_clk_wiz_1_0.tcl


****** Vivado v2017.2 (64-bit)
  **** SW Build 1909853 on Thu Jun 15 18:39:09 MDT 2017
  **** IP Build 1909766 on Thu Jun 15 19:58:00 MDT 2017
    ** Copyright 1986-2017 Xilinx, Inc. All Rights Reserved.

source design_1_clk_wiz_1_0.tcl -notrace
Starting RTL Elaboration : Time (s): cpu = 00:00:04 ; elapsed = 00:00:04 . Memory (MB): peak = 320.398 ; gain = 82.238
INFO: [Synth 8-638] synthesizing module 'design_1_clk_wiz_1_0' [c:/Project/GameOfLife/bd/design_1/ip/design_1_clk_wiz_1_0/design_1_clk_wiz_1_0.v:71]
INFO: [Synth 8-638] synthesizing module 'design_1_clk_wiz_1_0_clk_wiz' [c:/Project/GameOfLife/bd/design_1/ip/design_1_clk_wiz_1_0/design_1_clk_wiz_1_0_clk_wiz.v:69]
INFO: [Synth 8-638] synthesizing module 'IBUF' [C:/Xilinx/Vivado/2017.2/scripts/rt/data/unisim_comp.v:14470]
INFO: [Synth 8-256] done synthesizing module 'IBUF' (1#1) [C:/Xilinx/Vivado/2017.2/scripts/rt/data/unisim_comp.v:14470]
INFO: [Synth 8-638] synthesizing module 'MMCME2_ADV' [C:/Xilinx/Vivado/2017.2/scripts/rt/data/unisim_comp.v:20759]
INFO: [Synth 8-256] done synthesizing module 'MMCME2_ADV' (2#1) [C:/Xilinx/Vivado/2017.2/scripts/rt/data/unisim_comp.v:20759]
INFO: [Synth 8-638] synthesizing module 'BUFG' [C:/Xilinx/Vivado/2017.2/scripts/rt/data/unisim_comp.v:607]
INFO: [Synth 8-256] done synthesizing module 'BUFG' (3#1) [C:/Xilinx/Vivado/2017.2/scripts/rt/data/unisim_comp.v:607]
INFO: [Synth 8-256] done synthesizing module 'design_1_clk_wiz_1_0_clk_wiz' (4#1) [c:/Project/GameOfLife/bd/design_1/ip/design_1_clk_wiz_1_0/design_1_clk_wiz_1_0_clk_wiz.v:69]
INFO: [Synth 8-256] done synthesizing module 'design_1_clk_wiz_1_0' (5#1) [c:/Project/GameOfLife/bd/design_1/ip/design_1_clk_wiz_1_0/design_1_clk_wiz_1_0.v:71]
Finished RTL Elaboration : Time (s): cpu = 00:00:05 ; elapsed = 00:00:06 . Memory (MB): peak = 360.477 ; gain = 122.316
Finished RTL Optimization Phase 1 : Time (s): cpu = 00:00:05 ; elapsed = 00:00:06 . Memory (MB): peak = 360.477 ; gain = 122.316
INFO: [Device 21-403] Loading part xc7z020clg484-1
Constraint Validation Runtime : Time (s): cpu = 00:00:00 ; elapsed = 00:00:00.015 . Memory (MB): peak = 596.875 ; gain = 0.000
Finished Constraint Validation : Time (s): cpu = 00:00:16 ; elapsed = 00:00:18 . Memory (MB): peak = 596.875 ; gain = 358.715
Finished Loading Part and Timing Information : Time (s): cpu = 00:00:16 ; elapsed = 00:00:18 . Memory (MB): peak = 596.875 ; gain = 358.715
Finished applying 'set_property' XDC Constraints : Time (s): cpu = 00:00:16 ; elapsed = 00:00:18 . Memory (MB): peak = 596.875 ; gain = 358.715
Finished RTL Optimization Phase 2 : Time (s): cpu = 00:00:16 ; elapsed = 00:00:18 . Memory (MB): peak = 596.875 ; gain = 358.715
Finished Cross Boundary and Area Optimization : Time (s): cpu = 00:00:17 ; elapsed = 00:00:18 . Memory (MB): peak = 596.875 ; gain = 358.715
Finished Applying XDC Timing Constraints : Time (s): cpu = 00:00:29 ; elapsed = 00:00:31 . Memory (MB): peak = 621.117 ; gain = 382.957
Finished Timing Optimization : Time (s): cpu = 00:00:29 ; elapsed = 00:00:31 . Memory (MB): peak = 621.117 ; gain = 382.957
Finished Technology Mapping : Time (s): cpu = 00:00:29 ; elapsed = 00:00:31 . Memory (MB): peak = 631.262 ; gain = 393.102
Finished IO Insertion : Time (s): cpu = 00:00:30 ; elapsed = 00:00:32 . Memory (MB): peak = 631.262 ; gain = 393.102
Finished Renaming Generated Instances : Time (s): cpu = 00:00:30 ; elapsed = 00:00:32 . Memory (MB): peak = 631.262 ; gain = 393.102
Finished Rebuilding User Hierarchy : Time (s): cpu = 00:00:30 ; elapsed = 00:00:32 . Memory (MB): peak = 631.262 ; gain = 393.102
Finished Renaming Generated Ports : Time (s): cpu = 00:00:30 ; elapsed = 00:00:32 . Memory (MB): peak = 631.262 ; gain = 393.102
Finished Handling Custom Attributes : Time (s): cpu = 00:00:30 ; elapsed = 00:00:32 . Memory (MB): peak = 631.262 ; gain = 393.102
Finished Renaming Generated Nets : Time (s): cpu = 00:00:30 ; elapsed = 00:00:32 . Memory (MB): peak = 631.262 ; gain = 393.102

Report Cell Usage: 
+------+-----------+------+
|      |Cell       |Count |
+------+-----------+------+
|1     |BUFG       |     3|
|2     |MMCME2_ADV |     1|
|3     |IBUF       |     1|
+------+-----------+------+
Finished Writing Synthesis Report : Time (s): cpu = 00:00:30 ; elapsed = 00:00:32 . Memory (MB): peak = 631.262 ; gain = 393.102
synth_design: Time (s): cpu = 00:00:32 ; elapsed = 00:00:34 . Memory (MB): peak = 644.785 ; gain = 410.262
