12:37:18 INFO  : Registering command handlers for SDK TCF services
12:37:18 INFO  : Launching XSCT server: xsct.bat -interactive C:\Workspace\GameOfLife\sdk\temp_xsdb_launch_script.tcl
12:37:21 INFO  : XSCT server has started successfully.
12:37:30 INFO  : Successfully done setting XSCT server connection channel  
12:37:30 INFO  : Successfully done setting SDK workspace  
12:37:30 INFO  : Processing command line option -hwspec C:/Workspace/GameOfLife/prj/project_microblaze/project_microblaze.sdk/design_gol_wrapper.hdf.
12:49:29 INFO  : Connected to target on host '127.0.0.1' and port '3121'.
12:49:29 INFO  : 'targets -set -filter {jtag_cable_name =~ "Digilent Zed 210248722788" && level==0} -index 1' command is executed.
12:49:32 INFO  : FPGA configured successfully with bitstream "C:/Workspace/GameOfLife/sdk/design_gol_wrapper_hw_platform_0/download.bit"
15:30:28 INFO  : SDK has detected change in the last modified timestamps for source hardware specification file Source:1618407010583,  Project:1618396068206
15:30:28 INFO  : Project design_gol_wrapper_hw_platform_0's source hardware specification located at C:/Workspace/GameOfLife/prj/project_microblaze/project_microblaze.sdk/design_gol_wrapper.hdf is now different from the local copy.
		 The local copy will be replaced with the source specification and your workspace will be updated.
15:30:29 INFO  : Copied contents of C:/Workspace/GameOfLife/prj/project_microblaze/project_microblaze.sdk/design_gol_wrapper.hdf into \design_gol_wrapper_hw_platform_0\system.hdf.
15:30:29 INFO  : Synchronizing projects in the workspace with the hardware platform specification changes.
15:30:31 INFO  : 
15:30:32 INFO  : Updating hardware inferred compiler options for gol_app.
15:30:32 INFO  : Clearing existing target manager status.
15:30:34 INFO  : Workspace synchronized with the new hardware specification file. Cleaning dependent projects...
15:30:35 WARN  : Linker script will not be updated automatically. Users need to update it manually.
15:38:31 INFO  : Connected to target on host '127.0.0.1' and port '3121'.
15:38:31 INFO  : 'targets -set -filter {jtag_cable_name =~ "Digilent Zed 210248722788" && level==0} -index 1' command is executed.
15:38:33 INFO  : FPGA configured successfully with bitstream "C:/Workspace/GameOfLife/sdk/design_gol_wrapper_hw_platform_0/download.bit"
15:40:05 INFO  : Connected to target on host '127.0.0.1' and port '3121'.
15:40:06 INFO  : 'targets -set -filter {jtag_cable_name =~ "Digilent Zed 210248722788" && level==0} -index 1' command is executed.
15:40:08 INFO  : FPGA configured successfully with bitstream "C:/Workspace/GameOfLife/sdk/design_gol_wrapper_hw_platform_0/download.bit"
15:43:18 INFO  : Connected to target on host '127.0.0.1' and port '3121'.
15:43:19 INFO  : 'targets -set -filter {jtag_cable_name =~ "Digilent Zed 210248722788" && level==0} -index 1' command is executed.
15:43:21 INFO  : FPGA configured successfully with bitstream "C:/Workspace/GameOfLife/sdk/design_gol_wrapper_hw_platform_0/download.bit"
16:10:06 INFO  : SDK has detected change in the last modified timestamps for source hardware specification file Source:1618409366385,  Project:1618407010583
16:10:06 INFO  : Project design_gol_wrapper_hw_platform_0's source hardware specification located at C:/Workspace/GameOfLife/prj/project_microblaze/project_microblaze.sdk/design_gol_wrapper.hdf is now different from the local copy.
		 The local copy will be replaced with the source specification and your workspace will be updated.
16:10:30 INFO  : Copied contents of C:/Workspace/GameOfLife/prj/project_microblaze/project_microblaze.sdk/design_gol_wrapper.hdf into \design_gol_wrapper_hw_platform_0\system.hdf.
16:10:30 INFO  : Synchronizing projects in the workspace with the hardware platform specification changes.
16:10:32 INFO  : 
16:10:33 INFO  : Updating hardware inferred compiler options for gol_app.
16:10:33 INFO  : Clearing existing target manager status.
16:10:33 INFO  : Workspace synchronized with the new hardware specification file. Cleaning dependent projects...
16:10:34 WARN  : Linker script will not be updated automatically. Users need to update it manually.
16:11:19 INFO  : Connected to target on host '127.0.0.1' and port '3121'.
16:11:19 INFO  : 'targets -set -filter {jtag_cable_name =~ "Digilent Zed 210248722788" && level==0} -index 1' command is executed.
16:11:22 INFO  : FPGA configured successfully with bitstream "C:/Workspace/GameOfLife/sdk/design_gol_wrapper_hw_platform_0/download.bit"
16:16:10 INFO  : Connected to target on host '127.0.0.1' and port '3121'.
16:16:10 INFO  : 'targets -set -filter {jtag_cable_name =~ "Digilent Zed 210248722788" && level==0} -index 1' command is executed.
16:16:12 INFO  : FPGA configured successfully with bitstream "C:/Workspace/GameOfLife/sdk/design_gol_wrapper_hw_platform_0/download.bit"
16:19:19 INFO  : Connected to target on host '127.0.0.1' and port '3121'.
16:19:19 INFO  : 'targets -set -filter {jtag_cable_name =~ "Digilent Zed 210248722788" && level==0} -index 1' command is executed.
16:19:22 INFO  : FPGA configured successfully with bitstream "C:/Workspace/GameOfLife/sdk/design_gol_wrapper_hw_platform_0/download.bit"
16:25:15 INFO  : Connected to target on host '127.0.0.1' and port '3121'.
16:25:15 INFO  : 'targets -set -filter {jtag_cable_name =~ "Digilent Zed 210248722788" && level==0} -index 1' command is executed.
16:25:18 INFO  : FPGA configured successfully with bitstream "C:/Workspace/GameOfLife/sdk/design_gol_wrapper_hw_platform_0/download.bit"
16:27:48 INFO  : Connected to target on host '127.0.0.1' and port '3121'.
16:27:48 INFO  : 'targets -set -filter {jtag_cable_name =~ "Digilent Zed 210248722788" && level==0} -index 1' command is executed.
16:27:50 INFO  : FPGA configured successfully with bitstream "C:/Workspace/GameOfLife/sdk/design_gol_wrapper_hw_platform_0/download.bit"
16:36:21 INFO  : SDK has detected change in the last modified timestamps for source hardware specification file Source:1618410929811,  Project:1618409366385
16:36:21 INFO  : Project design_gol_wrapper_hw_platform_0's source hardware specification located at C:/Workspace/GameOfLife/prj/project_microblaze/project_microblaze.sdk/design_gol_wrapper.hdf is now different from the local copy.
		 The local copy will be replaced with the source specification and your workspace will be updated.
16:36:24 INFO  : Copied contents of C:/Workspace/GameOfLife/prj/project_microblaze/project_microblaze.sdk/design_gol_wrapper.hdf into \design_gol_wrapper_hw_platform_0\system.hdf.
16:36:25 INFO  : Synchronizing projects in the workspace with the hardware platform specification changes.
16:36:27 INFO  : 
16:36:27 INFO  : Updating hardware inferred compiler options for gol_app.
16:36:27 INFO  : Clearing existing target manager status.
16:36:27 INFO  : Workspace synchronized with the new hardware specification file. Cleaning dependent projects...
16:36:28 WARN  : Linker script will not be updated automatically. Users need to update it manually.
16:37:07 INFO  : Connected to target on host '127.0.0.1' and port '3121'.
16:37:07 INFO  : 'targets -set -filter {jtag_cable_name =~ "Digilent Zed 210248722788" && level==0} -index 1' command is executed.
16:37:09 INFO  : FPGA configured successfully with bitstream "C:/Workspace/GameOfLife/sdk/design_gol_wrapper_hw_platform_0/download.bit"
16:44:52 INFO  : Connected to target on host '127.0.0.1' and port '3121'.
16:44:52 INFO  : 'targets -set -filter {jtag_cable_name =~ "Digilent Zed 210248722788" && level==0} -index 1' command is executed.
16:44:55 INFO  : FPGA configured successfully with bitstream "C:/Workspace/GameOfLife/sdk/design_gol_wrapper_hw_platform_0/download.bit"
16:45:20 INFO  : Connected to target on host '127.0.0.1' and port '3121'.
16:45:20 INFO  : 'targets -set -filter {jtag_cable_name =~ "Digilent Zed 210248722788" && level==0} -index 1' command is executed.
16:45:23 INFO  : FPGA configured successfully with bitstream "C:/Workspace/GameOfLife/sdk/design_gol_wrapper_hw_platform_0/download.bit"
16:58:29 INFO  : Connected to target on host '127.0.0.1' and port '3121'.
16:58:29 INFO  : 'targets -set -filter {jtag_cable_name =~ "Digilent Zed 210248722788" && level==0} -index 1' command is executed.
16:58:31 INFO  : FPGA configured successfully with bitstream "C:/Workspace/GameOfLife/sdk/design_gol_wrapper_hw_platform_0/download.bit"
16:58:51 ERROR : Unexpected error while parsing XMD response ?: com.google.gson.JsonSyntaxException: com.google.gson.stream.MalformedJsonException: invalid number or unquoted string near 
17:07:05 INFO  : Registering command handlers for SDK TCF services
17:07:05 INFO  : Launching XSCT server: xsct.bat -interactive C:\Workspace\GameOfLife\sdk\temp_xsdb_launch_script.tcl
17:07:07 INFO  : XSCT server has started successfully.
17:07:12 INFO  : Successfully done setting XSCT server connection channel  
17:07:12 INFO  : Successfully done setting SDK workspace  
17:07:12 INFO  : Processing command line option -hwspec C:/Workspace/GameOfLife/prj/project_microblaze/project_microblaze.sdk/design_gol_wrapper.hdf.
17:07:12 INFO  : Checking for hwspec changes in the project design_gol_wrapper_hw_platform_0.
17:07:12 INFO  : SDK has detected change in the last modified timestamps for source hardware specification file Source:1618412758294,  Project:1618410929811
17:07:12 INFO  : The hardware specification for project 'design_gol_wrapper_hw_platform_0' is different from C:/Workspace/GameOfLife/prj/project_microblaze/project_microblaze.sdk/design_gol_wrapper.hdf.
17:07:12 INFO  : Copied contents of C:/Workspace/GameOfLife/prj/project_microblaze/project_microblaze.sdk/design_gol_wrapper.hdf into \design_gol_wrapper_hw_platform_0\system.hdf.
17:07:12 INFO  : Synchronizing projects in the workspace with the hardware platform specification changes.
17:07:14 INFO  : 
17:07:15 INFO  : Updating hardware inferred compiler options for gol_app.
17:07:15 INFO  : Clearing existing target manager status.
17:07:16 INFO  : Workspace synchronized with the new hardware specification file. Cleaning dependent projects...
17:07:18 WARN  : Linker script will not be updated automatically. Users need to update it manually.
17:08:25 INFO  : Connected to target on host '127.0.0.1' and port '3121'.
17:08:26 INFO  : 'targets -set -filter {jtag_cable_name =~ "Digilent Zed 210248722788" && level==0} -index 1' command is executed.
17:08:28 INFO  : FPGA configured successfully with bitstream "C:/Workspace/GameOfLife/sdk/design_gol_wrapper_hw_platform_0/download.bit"
17:09:26 INFO  : Connected to target on host '127.0.0.1' and port '3121'.
17:09:26 INFO  : 'targets -set -filter {jtag_cable_name =~ "Digilent Zed 210248722788" && level==0} -index 1' command is executed.
17:09:29 INFO  : FPGA configured successfully with bitstream "C:/Workspace/GameOfLife/sdk/design_gol_wrapper_hw_platform_0/download.bit"
17:50:38 INFO  : SDK has detected change in the last modified timestamps for source hardware specification file Source:1618415408715,  Project:1618412758294
17:50:38 INFO  : Project design_gol_wrapper_hw_platform_0's source hardware specification located at C:/Workspace/GameOfLife/prj/project_microblaze/project_microblaze.sdk/design_gol_wrapper.hdf is now different from the local copy.
		 The local copy will be replaced with the source specification and your workspace will be updated.
17:50:39 INFO  : Copied contents of C:/Workspace/GameOfLife/prj/project_microblaze/project_microblaze.sdk/design_gol_wrapper.hdf into \design_gol_wrapper_hw_platform_0\system.hdf.
17:50:39 INFO  : Synchronizing projects in the workspace with the hardware platform specification changes.
17:50:41 INFO  : 
17:50:42 INFO  : Updating hardware inferred compiler options for gol_app.
17:50:42 INFO  : Clearing existing target manager status.
17:50:42 INFO  : Workspace synchronized with the new hardware specification file. Cleaning dependent projects...
17:50:43 WARN  : Linker script will not be updated automatically. Users need to update it manually.
17:51:26 INFO  : Connected to target on host '127.0.0.1' and port '3121'.
17:51:26 INFO  : 'targets -set -filter {jtag_cable_name =~ "Digilent Zed 210248722788" && level==0} -index 1' command is executed.
17:51:28 INFO  : FPGA configured successfully with bitstream "C:/Workspace/GameOfLife/sdk/design_gol_wrapper_hw_platform_0/download.bit"
18:11:13 INFO  : SDK has detected change in the last modified timestamps for source hardware specification file Source:1618416648972,  Project:1618415408715
18:11:13 INFO  : Project design_gol_wrapper_hw_platform_0's source hardware specification located at C:/Workspace/GameOfLife/prj/project_microblaze/project_microblaze.sdk/design_gol_wrapper.hdf is now different from the local copy.
		 The local copy will be replaced with the source specification and your workspace will be updated.
18:11:17 INFO  : Copied contents of C:/Workspace/GameOfLife/prj/project_microblaze/project_microblaze.sdk/design_gol_wrapper.hdf into \design_gol_wrapper_hw_platform_0\system.hdf.
18:11:17 INFO  : Synchronizing projects in the workspace with the hardware platform specification changes.
18:11:19 INFO  : 
18:11:20 INFO  : Updating hardware inferred compiler options for gol_app.
18:11:20 INFO  : Clearing existing target manager status.
18:11:20 INFO  : Workspace synchronized with the new hardware specification file. Cleaning dependent projects...
18:11:21 WARN  : Linker script will not be updated automatically. Users need to update it manually.
18:11:59 INFO  : Connected to target on host '127.0.0.1' and port '3121'.
18:11:59 INFO  : 'targets -set -filter {jtag_cable_name =~ "Digilent Zed 210248722788" && level==0} -index 1' command is executed.
18:12:01 INFO  : FPGA configured successfully with bitstream "C:/Workspace/GameOfLife/sdk/design_gol_wrapper_hw_platform_0/download.bit"
18:14:08 INFO  : Connected to target on host '127.0.0.1' and port '3121'.
18:14:08 INFO  : 'targets -set -filter {jtag_cable_name =~ "Digilent Zed 210248722788" && level==0} -index 1' command is executed.
18:14:11 INFO  : FPGA configured successfully with bitstream "C:/Workspace/GameOfLife/sdk/design_gol_wrapper_hw_platform_0/download.bit"
18:14:57 INFO  : Connected to target on host '127.0.0.1' and port '3121'.
18:14:57 INFO  : 'targets -set -filter {jtag_cable_name =~ "Digilent Zed 210248722788" && level==0} -index 1' command is executed.
18:15:00 INFO  : FPGA configured successfully with bitstream "C:/Workspace/GameOfLife/sdk/design_gol_wrapper_hw_platform_0/download.bit"
18:16:23 INFO  : Connected to target on host '127.0.0.1' and port '3121'.
18:16:23 INFO  : 'targets -set -filter {jtag_cable_name =~ "Digilent Zed 210248722788" && level==0} -index 1' command is executed.
18:16:26 INFO  : FPGA configured successfully with bitstream "C:/Workspace/GameOfLife/sdk/design_gol_wrapper_hw_platform_0/download.bit"
18:22:32 INFO  : Connected to target on host '127.0.0.1' and port '3121'.
18:22:32 INFO  : 'targets -set -filter {jtag_cable_name =~ "Digilent Zed 210248722788" && level==0} -index 1' command is executed.
18:22:35 INFO  : FPGA configured successfully with bitstream "C:/Workspace/GameOfLife/sdk/design_gol_wrapper_hw_platform_0/download.bit"
18:33:52 INFO  : SDK has detected change in the last modified timestamps for source hardware specification file Source:1618417973357,  Project:1618416648972
18:33:52 INFO  : Project design_gol_wrapper_hw_platform_0's source hardware specification located at C:/Workspace/GameOfLife/prj/project_microblaze/project_microblaze.sdk/design_gol_wrapper.hdf is now different from the local copy.
		 The local copy will be replaced with the source specification and your workspace will be updated.
18:33:54 INFO  : Copied contents of C:/Workspace/GameOfLife/prj/project_microblaze/project_microblaze.sdk/design_gol_wrapper.hdf into \design_gol_wrapper_hw_platform_0\system.hdf.
18:33:54 INFO  : Synchronizing projects in the workspace with the hardware platform specification changes.
18:33:56 INFO  : 
18:33:57 INFO  : Updating hardware inferred compiler options for gol_app.
18:33:57 INFO  : Clearing existing target manager status.
18:33:57 INFO  : Workspace synchronized with the new hardware specification file. Cleaning dependent projects...
18:33:58 WARN  : Linker script will not be updated automatically. Users need to update it manually.
18:34:39 INFO  : Connected to target on host '127.0.0.1' and port '3121'.
18:34:39 INFO  : 'targets -set -filter {jtag_cable_name =~ "Digilent Zed 210248722788" && level==0} -index 1' command is executed.
18:34:41 INFO  : FPGA configured successfully with bitstream "C:/Workspace/GameOfLife/sdk/design_gol_wrapper_hw_platform_0/download.bit"
18:48:53 INFO  : SDK has detected change in the last modified timestamps for source hardware specification file Source:1618418894268,  Project:1618417973357
18:48:53 INFO  : Project design_gol_wrapper_hw_platform_0's source hardware specification located at C:/Workspace/GameOfLife/prj/project_microblaze/project_microblaze.sdk/design_gol_wrapper.hdf is now different from the local copy.
		 The local copy will be replaced with the source specification and your workspace will be updated.
18:48:55 INFO  : Copied contents of C:/Workspace/GameOfLife/prj/project_microblaze/project_microblaze.sdk/design_gol_wrapper.hdf into \design_gol_wrapper_hw_platform_0\system.hdf.
18:48:55 INFO  : Synchronizing projects in the workspace with the hardware platform specification changes.
18:48:57 INFO  : 
18:48:58 INFO  : Updating hardware inferred compiler options for gol_app.
18:48:58 INFO  : Clearing existing target manager status.
18:48:58 INFO  : Workspace synchronized with the new hardware specification file. Cleaning dependent projects...
18:48:59 WARN  : Linker script will not be updated automatically. Users need to update it manually.
18:49:44 INFO  : Connected to target on host '127.0.0.1' and port '3121'.
18:49:44 INFO  : 'targets -set -filter {jtag_cable_name =~ "Digilent Zed 210248722788" && level==0} -index 1' command is executed.
18:49:46 INFO  : FPGA configured successfully with bitstream "C:/Workspace/GameOfLife/sdk/design_gol_wrapper_hw_platform_0/download.bit"
19:04:23 INFO  : SDK has detected change in the last modified timestamps for source hardware specification file Source:1618419782249,  Project:1618418894268
19:04:23 INFO  : Project design_gol_wrapper_hw_platform_0's source hardware specification located at C:/Workspace/GameOfLife/prj/project_microblaze/project_microblaze.sdk/design_gol_wrapper.hdf is now different from the local copy.
		 The local copy will be replaced with the source specification and your workspace will be updated.
19:04:36 INFO  : Copied contents of C:/Workspace/GameOfLife/prj/project_microblaze/project_microblaze.sdk/design_gol_wrapper.hdf into \design_gol_wrapper_hw_platform_0\system.hdf.
19:04:36 INFO  : Synchronizing projects in the workspace with the hardware platform specification changes.
19:04:38 INFO  : 
19:04:39 INFO  : Updating hardware inferred compiler options for gol_app.
19:04:39 INFO  : Clearing existing target manager status.
19:04:39 INFO  : Workspace synchronized with the new hardware specification file. Cleaning dependent projects...
19:04:40 WARN  : Linker script will not be updated automatically. Users need to update it manually.
19:05:26 INFO  : Connected to target on host '127.0.0.1' and port '3121'.
19:05:26 INFO  : 'targets -set -filter {jtag_cable_name =~ "Digilent Zed 210248722788" && level==0} -index 1' command is executed.
19:05:28 INFO  : FPGA configured successfully with bitstream "C:/Workspace/GameOfLife/sdk/design_gol_wrapper_hw_platform_0/download.bit"
19:07:07 INFO  : Connected to target on host '127.0.0.1' and port '3121'.
19:07:07 INFO  : 'targets -set -filter {jtag_cable_name =~ "Digilent Zed 210248722788" && level==0} -index 1' command is executed.
19:07:09 INFO  : FPGA configured successfully with bitstream "C:/Workspace/GameOfLife/sdk/design_gol_wrapper_hw_platform_0/download.bit"
19:15:10 INFO  : Connected to target on host '127.0.0.1' and port '3121'.
19:15:10 INFO  : 'targets -set -filter {jtag_cable_name =~ "Digilent Zed 210248722788" && level==0} -index 1' command is executed.
19:15:13 INFO  : FPGA configured successfully with bitstream "C:/Workspace/GameOfLife/sdk/design_gol_wrapper_hw_platform_0/download.bit"
19:23:45 INFO  : SDK has detected change in the last modified timestamps for source hardware specification file Source:1618420987329,  Project:1618419782249
19:23:45 INFO  : Project design_gol_wrapper_hw_platform_0's source hardware specification located at C:/Workspace/GameOfLife/prj/project_microblaze/project_microblaze.sdk/design_gol_wrapper.hdf is now different from the local copy.
		 The local copy will be replaced with the source specification and your workspace will be updated.
19:24:27 INFO  : Copied contents of C:/Workspace/GameOfLife/prj/project_microblaze/project_microblaze.sdk/design_gol_wrapper.hdf into \design_gol_wrapper_hw_platform_0\system.hdf.
19:24:27 INFO  : Synchronizing projects in the workspace with the hardware platform specification changes.
19:24:29 INFO  : 
19:24:30 INFO  : Updating hardware inferred compiler options for gol_app.
19:24:30 INFO  : Clearing existing target manager status.
19:24:30 INFO  : Workspace synchronized with the new hardware specification file. Cleaning dependent projects...
19:24:31 WARN  : Linker script will not be updated automatically. Users need to update it manually.
19:25:06 INFO  : Connected to target on host '127.0.0.1' and port '3121'.
19:25:06 INFO  : 'targets -set -filter {jtag_cable_name =~ "Digilent Zed 210248722788" && level==0} -index 1' command is executed.
19:25:08 INFO  : FPGA configured successfully with bitstream "C:/Workspace/GameOfLife/sdk/design_gol_wrapper_hw_platform_0/download.bit"
19:25:48 INFO  : Connected to target on host '127.0.0.1' and port '3121'.
19:25:48 INFO  : 'targets -set -filter {jtag_cable_name =~ "Digilent Zed 210248722788" && level==0} -index 1' command is executed.
19:25:50 INFO  : FPGA configured successfully with bitstream "C:/Workspace/GameOfLife/sdk/design_gol_wrapper_hw_platform_0/download.bit"
21:29:35 INFO  : Connected to target on host '127.0.0.1' and port '3121'.
21:29:35 INFO  : 'targets -set -filter {jtag_cable_name =~ "Digilent Zed 210248722788" && level==0} -index 1' command is executed.
21:29:38 INFO  : FPGA configured successfully with bitstream "C:/Workspace/GameOfLife/sdk/design_gol_wrapper_hw_platform_0/download.bit"
21:54:57 INFO  : SDK has detected change in the last modified timestamps for source hardware specification file Source:1618430021213,  Project:1618420987329
21:54:57 INFO  : Project design_gol_wrapper_hw_platform_0's source hardware specification located at C:/Workspace/GameOfLife/prj/project_microblaze/project_microblaze.sdk/design_gol_wrapper.hdf is now different from the local copy.
		 The local copy will be replaced with the source specification and your workspace will be updated.
21:55:33 INFO  : Copied contents of C:/Workspace/GameOfLife/prj/project_microblaze/project_microblaze.sdk/design_gol_wrapper.hdf into \design_gol_wrapper_hw_platform_0\system.hdf.
21:55:33 INFO  : Synchronizing projects in the workspace with the hardware platform specification changes.
21:55:35 INFO  : 
21:55:36 INFO  : Updating hardware inferred compiler options for gol_app.
21:55:36 INFO  : Clearing existing target manager status.
21:55:36 INFO  : Workspace synchronized with the new hardware specification file. Cleaning dependent projects...
21:55:37 WARN  : Linker script will not be updated automatically. Users need to update it manually.
21:56:43 INFO  : Connected to target on host '127.0.0.1' and port '3121'.
21:56:43 INFO  : 'targets -set -filter {jtag_cable_name =~ "Digilent Zed 210248722788" && level==0} -index 1' command is executed.
21:56:46 INFO  : FPGA configured successfully with bitstream "C:/Workspace/GameOfLife/sdk/design_gol_wrapper_hw_platform_0/download.bit"
21:57:34 INFO  : Connected to target on host '127.0.0.1' and port '3121'.
21:57:34 INFO  : 'targets -set -filter {jtag_cable_name =~ "Digilent Zed 210248722788" && level==0} -index 1' command is executed.
21:57:36 INFO  : FPGA configured successfully with bitstream "C:/Workspace/GameOfLife/sdk/design_gol_wrapper_hw_platform_0/download.bit"
22:15:14 ERROR : Unexpected error while parsing XMD response ?: com.google.gson.JsonSyntaxException: com.google.gson.stream.MalformedJsonException: invalid number or unquoted string near 
13:33:40 INFO  : Registering command handlers for SDK TCF services
13:33:40 INFO  : Launching XSCT server: xsct.bat -interactive C:\Workspace\GameOfLife\sdk\temp_xsdb_launch_script.tcl
13:33:44 INFO  : XSCT server has started successfully.
13:33:51 INFO  : Successfully done setting XSCT server connection channel  
13:33:51 INFO  : Successfully done setting SDK workspace  
13:33:51 INFO  : Processing command line option -hwspec C:/Workspace/GameOfLife/prj/project_microblaze/project_microblaze.sdk/design_gol_wrapper.hdf.
13:33:51 INFO  : Checking for hwspec changes in the project design_gol_wrapper_hw_platform_0.
13:33:51 INFO  : SDK has detected change in the last modified timestamps for source hardware specification file Source:1618572617886,  Project:1618430021213
13:33:51 INFO  : The hardware specification for project 'design_gol_wrapper_hw_platform_0' is different from C:/Workspace/GameOfLife/prj/project_microblaze/project_microblaze.sdk/design_gol_wrapper.hdf.
13:33:51 INFO  : Copied contents of C:/Workspace/GameOfLife/prj/project_microblaze/project_microblaze.sdk/design_gol_wrapper.hdf into \design_gol_wrapper_hw_platform_0\system.hdf.
13:33:51 INFO  : Synchronizing projects in the workspace with the hardware platform specification changes.
13:33:56 INFO  : 
13:33:57 INFO  : Updating hardware inferred compiler options for gol_app.
13:33:57 INFO  : Clearing existing target manager status.
13:33:58 INFO  : Workspace synchronized with the new hardware specification file. Cleaning dependent projects...
13:33:59 WARN  : Linker script will not be updated automatically. Users need to update it manually.
13:35:27 INFO  : Connected to target on host '127.0.0.1' and port '3121'.
13:35:27 INFO  : 'targets -set -filter {jtag_cable_name =~ "Digilent Zed 210248722788" && level==0} -index 1' command is executed.
13:35:30 INFO  : FPGA configured successfully with bitstream "C:/Workspace/GameOfLife/sdk/design_gol_wrapper_hw_platform_0/download.bit"
13:58:54 INFO  : Connected to target on host '127.0.0.1' and port '3121'.
13:58:54 INFO  : 'targets -set -filter {jtag_cable_name =~ "Digilent Zed 210248722788" && level==0} -index 1' command is executed.
13:58:57 INFO  : FPGA configured successfully with bitstream "C:/Workspace/GameOfLife/sdk/design_gol_wrapper_hw_platform_0/download.bit"
14:03:10 INFO  : Connected to target on host '127.0.0.1' and port '3121'.
14:03:10 INFO  : 'targets -set -filter {jtag_cable_name =~ "Digilent Zed 210248722788" && level==0} -index 1' command is executed.
14:03:12 INFO  : FPGA configured successfully with bitstream "C:/Workspace/GameOfLife/sdk/design_gol_wrapper_hw_platform_0/download.bit"
14:04:09 INFO  : Connected to target on host '127.0.0.1' and port '3121'.
14:04:09 INFO  : 'targets -set -filter {jtag_cable_name =~ "Digilent Zed 210248722788" && level==0} -index 1' command is executed.
14:04:12 INFO  : FPGA configured successfully with bitstream "C:/Workspace/GameOfLife/sdk/design_gol_wrapper_hw_platform_0/download.bit"
14:04:47 INFO  : Connected to target on host '127.0.0.1' and port '3121'.
14:04:47 INFO  : 'targets -set -filter {jtag_cable_name =~ "Digilent Zed 210248722788" && level==0} -index 1' command is executed.
14:04:49 INFO  : FPGA configured successfully with bitstream "C:/Workspace/GameOfLife/sdk/design_gol_wrapper_hw_platform_0/download.bit"
14:06:01 INFO  : Connected to target on host '127.0.0.1' and port '3121'.
14:06:01 INFO  : 'targets -set -filter {jtag_cable_name =~ "Digilent Zed 210248722788" && level==0} -index 1' command is executed.
14:06:03 INFO  : FPGA configured successfully with bitstream "C:/Workspace/GameOfLife/sdk/design_gol_wrapper_hw_platform_0/download.bit"
14:07:02 INFO  : Connected to target on host '127.0.0.1' and port '3121'.
14:07:03 INFO  : 'targets -set -filter {jtag_cable_name =~ "Digilent Zed 210248722788" && level==0} -index 1' command is executed.
14:07:05 INFO  : FPGA configured successfully with bitstream "C:/Workspace/GameOfLife/sdk/design_gol_wrapper_hw_platform_0/download.bit"
14:36:54 INFO  : SDK has detected change in the last modified timestamps for source hardware specification file Source:1618576565228,  Project:1618572617886
14:36:54 INFO  : Project design_gol_wrapper_hw_platform_0's source hardware specification located at C:/Workspace/GameOfLife/prj/project_microblaze/project_microblaze.sdk/design_gol_wrapper.hdf is now different from the local copy.
		 The local copy will be replaced with the source specification and your workspace will be updated.
14:37:30 INFO  : Copied contents of C:/Workspace/GameOfLife/prj/project_microblaze/project_microblaze.sdk/design_gol_wrapper.hdf into \design_gol_wrapper_hw_platform_0\system.hdf.
14:37:30 INFO  : Synchronizing projects in the workspace with the hardware platform specification changes.
14:37:31 INFO  : 
14:37:32 INFO  : Updating hardware inferred compiler options for gol_app.
14:37:32 INFO  : Clearing existing target manager status.
14:37:32 INFO  : Workspace synchronized with the new hardware specification file. Cleaning dependent projects...
14:37:33 WARN  : Linker script will not be updated automatically. Users need to update it manually.
14:38:04 INFO  : Connected to target on host '127.0.0.1' and port '3121'.
14:38:05 INFO  : 'targets -set -filter {jtag_cable_name =~ "Digilent Zed 210248722788" && level==0} -index 1' command is executed.
14:38:07 INFO  : FPGA configured successfully with bitstream "C:/Workspace/GameOfLife/sdk/design_gol_wrapper_hw_platform_0/download.bit"
14:51:58 INFO  : Connected to target on host '127.0.0.1' and port '3121'.
14:51:58 INFO  : 'targets -set -filter {jtag_cable_name =~ "Digilent Zed 210248722788" && level==0} -index 1' command is executed.
14:52:00 INFO  : FPGA configured successfully with bitstream "C:/Workspace/GameOfLife/sdk/design_gol_wrapper_hw_platform_0/download.bit"
15:02:32 INFO  : SDK has detected change in the last modified timestamps for source hardware specification file Source:1618578117406,  Project:1618576565228
15:02:32 INFO  : Project design_gol_wrapper_hw_platform_0's source hardware specification located at C:/Workspace/GameOfLife/prj/project_microblaze/project_microblaze.sdk/design_gol_wrapper.hdf is now different from the local copy.
		 The local copy will be replaced with the source specification and your workspace will be updated.
15:02:54 INFO  : Copied contents of C:/Workspace/GameOfLife/prj/project_microblaze/project_microblaze.sdk/design_gol_wrapper.hdf into \design_gol_wrapper_hw_platform_0\system.hdf.
15:02:54 INFO  : Synchronizing projects in the workspace with the hardware platform specification changes.
15:02:56 INFO  : 
15:02:56 INFO  : Updating hardware inferred compiler options for gol_app.
15:02:56 INFO  : Clearing existing target manager status.
15:02:56 INFO  : Workspace synchronized with the new hardware specification file. Cleaning dependent projects...
15:02:57 WARN  : Linker script will not be updated automatically. Users need to update it manually.
15:03:27 INFO  : Connected to target on host '127.0.0.1' and port '3121'.
15:03:27 INFO  : 'targets -set -filter {jtag_cable_name =~ "Digilent Zed 210248722788" && level==0} -index 1' command is executed.
15:03:30 INFO  : FPGA configured successfully with bitstream "C:/Workspace/GameOfLife/sdk/design_gol_wrapper_hw_platform_0/download.bit"
15:25:08 INFO  : SDK has detected change in the last modified timestamps for source hardware specification file Source:1618579468603,  Project:1618578117406
15:25:08 INFO  : Project design_gol_wrapper_hw_platform_0's source hardware specification located at C:/Workspace/GameOfLife/prj/project_microblaze/project_microblaze.sdk/design_gol_wrapper.hdf is now different from the local copy.
		 The local copy will be replaced with the source specification and your workspace will be updated.
15:25:27 INFO  : Copied contents of C:/Workspace/GameOfLife/prj/project_microblaze/project_microblaze.sdk/design_gol_wrapper.hdf into \design_gol_wrapper_hw_platform_0\system.hdf.
15:25:27 INFO  : Synchronizing projects in the workspace with the hardware platform specification changes.
15:25:29 INFO  : 
15:25:30 INFO  : Updating hardware inferred compiler options for gol_app.
15:25:30 INFO  : Clearing existing target manager status.
15:25:30 INFO  : Workspace synchronized with the new hardware specification file. Cleaning dependent projects...
15:25:31 WARN  : Linker script will not be updated automatically. Users need to update it manually.
15:26:01 INFO  : Connected to target on host '127.0.0.1' and port '3121'.
15:26:01 INFO  : 'targets -set -filter {jtag_cable_name =~ "Digilent Zed 210248722788" && level==0} -index 1' command is executed.
15:26:04 INFO  : FPGA configured successfully with bitstream "C:/Workspace/GameOfLife/sdk/design_gol_wrapper_hw_platform_0/download.bit"
15:26:46 INFO  : Connected to target on host '127.0.0.1' and port '3121'.
15:26:46 INFO  : 'targets -set -filter {jtag_cable_name =~ "Digilent Zed 210248722788" && level==0} -index 1' command is executed.
15:26:48 INFO  : FPGA configured successfully with bitstream "C:/Workspace/GameOfLife/sdk/design_gol_wrapper_hw_platform_0/download.bit"
15:27:27 INFO  : Connected to target on host '127.0.0.1' and port '3121'.
15:27:27 INFO  : 'targets -set -filter {jtag_cable_name =~ "Digilent Zed 210248722788" && level==0} -index 1' command is executed.
15:27:30 INFO  : FPGA configured successfully with bitstream "C:/Workspace/GameOfLife/sdk/design_gol_wrapper_hw_platform_0/download.bit"
15:40:43 INFO  : SDK has detected change in the last modified timestamps for source hardware specification file Source:1618580301731,  Project:1618579468603
15:40:43 INFO  : Project design_gol_wrapper_hw_platform_0's source hardware specification located at C:/Workspace/GameOfLife/prj/project_microblaze/project_microblaze.sdk/design_gol_wrapper.hdf is now different from the local copy.
		 The local copy will be replaced with the source specification and your workspace will be updated.
15:40:45 INFO  : Copied contents of C:/Workspace/GameOfLife/prj/project_microblaze/project_microblaze.sdk/design_gol_wrapper.hdf into \design_gol_wrapper_hw_platform_0\system.hdf.
15:40:45 INFO  : Synchronizing projects in the workspace with the hardware platform specification changes.
15:40:47 INFO  : 
15:40:48 INFO  : Updating hardware inferred compiler options for gol_app.
15:40:48 INFO  : Clearing existing target manager status.
15:40:48 INFO  : Workspace synchronized with the new hardware specification file. Cleaning dependent projects...
15:40:49 WARN  : Linker script will not be updated automatically. Users need to update it manually.
15:44:11 INFO  : Connected to target on host '127.0.0.1' and port '3121'.
15:44:12 INFO  : 'targets -set -filter {jtag_cable_name =~ "Digilent Zed 210248722788" && level==0} -index 1' command is executed.
15:44:14 INFO  : FPGA configured successfully with bitstream "C:/Workspace/GameOfLife/sdk/design_gol_wrapper_hw_platform_0/download.bit"
15:54:30 INFO  : SDK has detected change in the last modified timestamps for source hardware specification file Source:1618581241459,  Project:1618580301731
15:54:30 INFO  : Project design_gol_wrapper_hw_platform_0's source hardware specification located at C:/Workspace/GameOfLife/prj/project_microblaze/project_microblaze.sdk/design_gol_wrapper.hdf is now different from the local copy.
		 The local copy will be replaced with the source specification and your workspace will be updated.
15:57:02 INFO  : Copied contents of C:/Workspace/GameOfLife/prj/project_microblaze/project_microblaze.sdk/design_gol_wrapper.hdf into \design_gol_wrapper_hw_platform_0\system.hdf.
15:57:03 INFO  : Synchronizing projects in the workspace with the hardware platform specification changes.
15:57:04 INFO  : 
15:57:05 INFO  : Updating hardware inferred compiler options for gol_app.
15:57:05 INFO  : Clearing existing target manager status.
15:57:05 INFO  : Workspace synchronized with the new hardware specification file. Cleaning dependent projects...
15:57:06 WARN  : Linker script will not be updated automatically. Users need to update it manually.
15:58:04 INFO  : Connected to target on host '127.0.0.1' and port '3121'.
15:58:04 INFO  : 'targets -set -filter {jtag_cable_name =~ "Digilent Zed 210248722788" && level==0} -index 1' command is executed.
15:58:06 INFO  : FPGA configured successfully with bitstream "C:/Workspace/GameOfLife/sdk/design_gol_wrapper_hw_platform_0/download.bit"
16:10:28 INFO  : SDK has detected change in the last modified timestamps for source hardware specification file Source:1618582134734,  Project:1618581241459
16:10:28 INFO  : Project design_gol_wrapper_hw_platform_0's source hardware specification located at C:/Workspace/GameOfLife/prj/project_microblaze/project_microblaze.sdk/design_gol_wrapper.hdf is now different from the local copy.
		 The local copy will be replaced with the source specification and your workspace will be updated.
16:11:20 INFO  : Copied contents of C:/Workspace/GameOfLife/prj/project_microblaze/project_microblaze.sdk/design_gol_wrapper.hdf into \design_gol_wrapper_hw_platform_0\system.hdf.
16:11:21 INFO  : Synchronizing projects in the workspace with the hardware platform specification changes.
16:11:22 INFO  : 
16:11:23 INFO  : Updating hardware inferred compiler options for gol_app.
16:11:23 INFO  : Clearing existing target manager status.
16:11:23 INFO  : Workspace synchronized with the new hardware specification file. Cleaning dependent projects...
16:11:24 WARN  : Linker script will not be updated automatically. Users need to update it manually.
16:12:06 INFO  : Connected to target on host '127.0.0.1' and port '3121'.
16:12:07 INFO  : 'targets -set -filter {jtag_cable_name =~ "Digilent Zed 210248722788" && level==0} -index 1' command is executed.
16:12:09 INFO  : FPGA configured successfully with bitstream "C:/Workspace/GameOfLife/sdk/design_gol_wrapper_hw_platform_0/download.bit"
16:12:54 INFO  : Connected to target on host '127.0.0.1' and port '3121'.
16:12:54 INFO  : 'targets -set -filter {jtag_cable_name =~ "Digilent Zed 210248722788" && level==0} -index 1' command is executed.
16:12:56 INFO  : FPGA configured successfully with bitstream "C:/Workspace/GameOfLife/sdk/design_gol_wrapper_hw_platform_0/download.bit"
16:33:22 INFO  : SDK has detected change in the last modified timestamps for source hardware specification file Source:1618583569097,  Project:1618582134734
16:33:22 INFO  : Project design_gol_wrapper_hw_platform_0's source hardware specification located at C:/Workspace/GameOfLife/prj/project_microblaze/project_microblaze.sdk/design_gol_wrapper.hdf is now different from the local copy.
		 The local copy will be replaced with the source specification and your workspace will be updated.
16:34:03 INFO  : Copied contents of C:/Workspace/GameOfLife/prj/project_microblaze/project_microblaze.sdk/design_gol_wrapper.hdf into \design_gol_wrapper_hw_platform_0\system.hdf.
16:34:03 INFO  : Synchronizing projects in the workspace with the hardware platform specification changes.
16:34:05 INFO  : 
16:34:06 INFO  : Updating hardware inferred compiler options for gol_app.
16:34:06 INFO  : Clearing existing target manager status.
16:34:06 INFO  : Workspace synchronized with the new hardware specification file. Cleaning dependent projects...
16:34:07 WARN  : Linker script will not be updated automatically. Users need to update it manually.
16:34:42 INFO  : Connected to target on host '127.0.0.1' and port '3121'.
16:34:42 INFO  : 'targets -set -filter {jtag_cable_name =~ "Digilent Zed 210248722788" && level==0} -index 1' command is executed.
16:34:45 INFO  : FPGA configured successfully with bitstream "C:/Workspace/GameOfLife/sdk/design_gol_wrapper_hw_platform_0/download.bit"
16:44:53 INFO  : SDK has detected change in the last modified timestamps for source hardware specification file Source:1618584255107,  Project:1618583569097
16:44:53 INFO  : Project design_gol_wrapper_hw_platform_0's source hardware specification located at C:/Workspace/GameOfLife/prj/project_microblaze/project_microblaze.sdk/design_gol_wrapper.hdf is now different from the local copy.
		 The local copy will be replaced with the source specification and your workspace will be updated.
16:45:27 INFO  : Copied contents of C:/Workspace/GameOfLife/prj/project_microblaze/project_microblaze.sdk/design_gol_wrapper.hdf into \design_gol_wrapper_hw_platform_0\system.hdf.
16:45:27 INFO  : Synchronizing projects in the workspace with the hardware platform specification changes.
16:45:29 INFO  : 
16:45:30 INFO  : Updating hardware inferred compiler options for gol_app.
16:45:30 INFO  : Clearing existing target manager status.
16:45:30 INFO  : Workspace synchronized with the new hardware specification file. Cleaning dependent projects...
16:45:40 WARN  : Linker script will not be updated automatically. Users need to update it manually.
16:54:06 INFO  : Connected to target on host '127.0.0.1' and port '3121'.
16:54:06 INFO  : 'targets -set -filter {jtag_cable_name =~ "Digilent Zed 210248722788" && level==0} -index 1' command is executed.
16:54:09 INFO  : FPGA configured successfully with bitstream "C:/Workspace/GameOfLife/sdk/design_gol_wrapper_hw_platform_0/download.bit"
16:54:41 ERROR : Unexpected error while parsing XMD response ?: com.google.gson.JsonSyntaxException: com.google.gson.stream.MalformedJsonException: invalid number or unquoted string near 
