
*** Running vivado
    with args -log design_1_ilmb_bram_if_cntlr_0.vds -m64 -product Vivado -mode batch -messageDb vivado.pb -notrace -source design_1_ilmb_bram_if_cntlr_0.tcl


****** Vivado v2017.2 (64-bit)
  **** SW Build 1909853 on Thu Jun 15 18:39:09 MDT 2017
  **** IP Build 1909766 on Thu Jun 15 19:58:00 MDT 2017
    ** Copyright 1986-2017 Xilinx, Inc. All Rights Reserved.

source design_1_ilmb_bram_if_cntlr_0.tcl -notrace
Starting RTL Elaboration : Time (s): cpu = 00:00:06 ; elapsed = 00:00:07 . Memory (MB): peak = 318.777 ; gain = 81.785
INFO: [Synth 8-638] synthesizing module 'design_1_ilmb_bram_if_cntlr_0' [c:/Project/GameOfLife/bd/design_1/ip/design_1_ilmb_bram_if_cntlr_0/synth/design_1_ilmb_bram_if_cntlr_0.vhd:84]
INFO: [Synth 8-638] synthesizing module 'lmb_bram_if_cntlr' [c:/Project/GameOfLife/bd/design_1/ipshared/51e1/hdl/lmb_bram_if_cntlr_v4_0_vh_rfs.vhd:3106]
INFO: [Synth 8-638] synthesizing module 'lmb_mux' [c:/Project/GameOfLife/bd/design_1/ipshared/51e1/hdl/lmb_bram_if_cntlr_v4_0_vh_rfs.vhd:2601]
INFO: [Synth 8-638] synthesizing module 'pselect_mask' [c:/Project/GameOfLife/bd/design_1/ipshared/51e1/hdl/lmb_bram_if_cntlr_v4_0_vh_rfs.vhd:2121]
INFO: [Synth 8-256] done synthesizing module 'pselect_mask' (1#1) [c:/Project/GameOfLife/bd/design_1/ipshared/51e1/hdl/lmb_bram_if_cntlr_v4_0_vh_rfs.vhd:2121]
INFO: [Synth 8-256] done synthesizing module 'lmb_mux' (2#1) [c:/Project/GameOfLife/bd/design_1/ipshared/51e1/hdl/lmb_bram_if_cntlr_v4_0_vh_rfs.vhd:2601]
INFO: [Synth 8-256] done synthesizing module 'lmb_bram_if_cntlr' (3#1) [c:/Project/GameOfLife/bd/design_1/ipshared/51e1/hdl/lmb_bram_if_cntlr_v4_0_vh_rfs.vhd:3106]
INFO: [Synth 8-256] done synthesizing module 'design_1_ilmb_bram_if_cntlr_0' (4#1) [c:/Project/GameOfLife/bd/design_1/ip/design_1_ilmb_bram_if_cntlr_0/synth/design_1_ilmb_bram_if_cntlr_0.vhd:84]
Finished RTL Elaboration : Time (s): cpu = 00:00:08 ; elapsed = 00:00:10 . Memory (MB): peak = 359.859 ; gain = 122.867
Finished RTL Optimization Phase 1 : Time (s): cpu = 00:00:08 ; elapsed = 00:00:11 . Memory (MB): peak = 359.859 ; gain = 122.867
INFO: [Device 21-403] Loading part xc7z020clg484-1
Constraint Validation Runtime : Time (s): cpu = 00:00:00 ; elapsed = 00:00:00.027 . Memory (MB): peak = 656.809 ; gain = 0.000
Finished Constraint Validation : Time (s): cpu = 00:00:24 ; elapsed = 00:00:28 . Memory (MB): peak = 656.809 ; gain = 419.816
Finished Loading Part and Timing Information : Time (s): cpu = 00:00:24 ; elapsed = 00:00:28 . Memory (MB): peak = 656.809 ; gain = 419.816
Finished applying 'set_property' XDC Constraints : Time (s): cpu = 00:00:24 ; elapsed = 00:00:28 . Memory (MB): peak = 656.809 ; gain = 419.816
Finished RTL Optimization Phase 2 : Time (s): cpu = 00:00:24 ; elapsed = 00:00:28 . Memory (MB): peak = 656.809 ; gain = 419.816
Finished Cross Boundary and Area Optimization : Time (s): cpu = 00:00:24 ; elapsed = 00:00:29 . Memory (MB): peak = 656.809 ; gain = 419.816
Finished Applying XDC Timing Constraints : Time (s): cpu = 00:00:41 ; elapsed = 00:00:46 . Memory (MB): peak = 656.809 ; gain = 419.816
Finished Timing Optimization : Time (s): cpu = 00:00:41 ; elapsed = 00:00:46 . Memory (MB): peak = 656.809 ; gain = 419.816
Finished Technology Mapping : Time (s): cpu = 00:00:41 ; elapsed = 00:00:46 . Memory (MB): peak = 661.070 ; gain = 424.078
Finished IO Insertion : Time (s): cpu = 00:00:42 ; elapsed = 00:00:47 . Memory (MB): peak = 661.070 ; gain = 424.078
Finished Renaming Generated Instances : Time (s): cpu = 00:00:42 ; elapsed = 00:00:47 . Memory (MB): peak = 661.070 ; gain = 424.078
Finished Rebuilding User Hierarchy : Time (s): cpu = 00:00:42 ; elapsed = 00:00:47 . Memory (MB): peak = 661.070 ; gain = 424.078
Finished Renaming Generated Ports : Time (s): cpu = 00:00:42 ; elapsed = 00:00:47 . Memory (MB): peak = 661.070 ; gain = 424.078
Finished Handling Custom Attributes : Time (s): cpu = 00:00:42 ; elapsed = 00:00:47 . Memory (MB): peak = 661.070 ; gain = 424.078
Finished Renaming Generated Nets : Time (s): cpu = 00:00:42 ; elapsed = 00:00:47 . Memory (MB): peak = 661.070 ; gain = 424.078

Report Cell Usage: 
+------+-----+------+
|      |Cell |Count |
+------+-----+------+
|1     |LUT1 |     1|
|2     |LUT2 |     6|
|3     |FDRE |     2|
+------+-----+------+
Finished Writing Synthesis Report : Time (s): cpu = 00:00:42 ; elapsed = 00:00:47 . Memory (MB): peak = 661.070 ; gain = 424.078
synth_design: Time (s): cpu = 00:00:45 ; elapsed = 00:00:50 . Memory (MB): peak = 665.492 ; gain = 430.129
