
*** Running vivado
    with args -log gol_bd_clk_wiz_0_0.vds -m64 -product Vivado -mode batch -messageDb vivado.pb -notrace -source gol_bd_clk_wiz_0_0.tcl


****** Vivado v2017.2 (64-bit)
  **** SW Build 1909853 on Thu Jun 15 18:39:10 MDT 2017
  **** IP Build 1909766 on Thu Jun 15 19:58:00 MDT 2017
    ** Copyright 1986-2017 Xilinx, Inc. All Rights Reserved.

source gol_bd_clk_wiz_0_0.tcl -notrace
Starting RTL Elaboration : Time (s): cpu = 00:00:03 ; elapsed = 00:00:04 . Memory (MB): peak = 1150.875 ; gain = 49.996 ; free physical = 4031 ; free virtual = 12964
INFO: [Synth 8-638] synthesizing module 'gol_bd_clk_wiz_0_0' [/home/link/projects/vivado/GameOfLife/bd/gol_bd/ip/gol_bd_clk_wiz_0_0/gol_bd_clk_wiz_0_0.v:70]
INFO: [Synth 8-638] synthesizing module 'gol_bd_clk_wiz_0_0_clk_wiz' [/home/link/projects/vivado/GameOfLife/bd/gol_bd/ip/gol_bd_clk_wiz_0_0/gol_bd_clk_wiz_0_0_clk_wiz.v:68]
INFO: [Synth 8-638] synthesizing module 'IBUF' [/home/link/Tools/Xilinx/Vivado/2017.2/scripts/rt/data/unisim_comp.v:14470]
INFO: [Synth 8-256] done synthesizing module 'IBUF' (1#1) [/home/link/Tools/Xilinx/Vivado/2017.2/scripts/rt/data/unisim_comp.v:14470]
INFO: [Synth 8-638] synthesizing module 'MMCME2_ADV' [/home/link/Tools/Xilinx/Vivado/2017.2/scripts/rt/data/unisim_comp.v:20759]
INFO: [Synth 8-256] done synthesizing module 'MMCME2_ADV' (2#1) [/home/link/Tools/Xilinx/Vivado/2017.2/scripts/rt/data/unisim_comp.v:20759]
INFO: [Synth 8-638] synthesizing module 'BUFG' [/home/link/Tools/Xilinx/Vivado/2017.2/scripts/rt/data/unisim_comp.v:607]
INFO: [Synth 8-256] done synthesizing module 'BUFG' (3#1) [/home/link/Tools/Xilinx/Vivado/2017.2/scripts/rt/data/unisim_comp.v:607]
INFO: [Synth 8-256] done synthesizing module 'gol_bd_clk_wiz_0_0_clk_wiz' (4#1) [/home/link/projects/vivado/GameOfLife/bd/gol_bd/ip/gol_bd_clk_wiz_0_0/gol_bd_clk_wiz_0_0_clk_wiz.v:68]
INFO: [Synth 8-256] done synthesizing module 'gol_bd_clk_wiz_0_0' (5#1) [/home/link/projects/vivado/GameOfLife/bd/gol_bd/ip/gol_bd_clk_wiz_0_0/gol_bd_clk_wiz_0_0.v:70]
Finished RTL Elaboration : Time (s): cpu = 00:00:04 ; elapsed = 00:00:04 . Memory (MB): peak = 1191.375 ; gain = 90.496 ; free physical = 4022 ; free virtual = 12958
Finished RTL Optimization Phase 1 : Time (s): cpu = 00:00:04 ; elapsed = 00:00:04 . Memory (MB): peak = 1191.375 ; gain = 90.496 ; free physical = 4013 ; free virtual = 12948
INFO: [Device 21-403] Loading part xc7z020clg484-1
Constraint Validation Runtime : Time (s): cpu = 00:00:00.02 ; elapsed = 00:00:00.01 . Memory (MB): peak = 1480.414 ; gain = 0.000 ; free physical = 3176 ; free virtual = 12169
Finished Constraint Validation : Time (s): cpu = 00:00:13 ; elapsed = 00:00:13 . Memory (MB): peak = 1480.414 ; gain = 379.535 ; free physical = 3273 ; free virtual = 12228
Finished Loading Part and Timing Information : Time (s): cpu = 00:00:13 ; elapsed = 00:00:13 . Memory (MB): peak = 1480.414 ; gain = 379.535 ; free physical = 3275 ; free virtual = 12230
Finished applying 'set_property' XDC Constraints : Time (s): cpu = 00:00:13 ; elapsed = 00:00:13 . Memory (MB): peak = 1480.414 ; gain = 379.535 ; free physical = 3284 ; free virtual = 12239
Finished RTL Optimization Phase 2 : Time (s): cpu = 00:00:13 ; elapsed = 00:00:14 . Memory (MB): peak = 1480.414 ; gain = 379.535 ; free physical = 3289 ; free virtual = 12244
Finished Cross Boundary and Area Optimization : Time (s): cpu = 00:00:13 ; elapsed = 00:00:14 . Memory (MB): peak = 1480.414 ; gain = 379.535 ; free physical = 3281 ; free virtual = 12236
Finished Applying XDC Timing Constraints : Time (s): cpu = 00:00:20 ; elapsed = 00:00:20 . Memory (MB): peak = 1480.414 ; gain = 379.535 ; free physical = 2974 ; free virtual = 11938
Finished Timing Optimization : Time (s): cpu = 00:00:20 ; elapsed = 00:00:20 . Memory (MB): peak = 1480.414 ; gain = 379.535 ; free physical = 2974 ; free virtual = 11938
Finished Technology Mapping : Time (s): cpu = 00:00:20 ; elapsed = 00:00:20 . Memory (MB): peak = 1487.414 ; gain = 386.535 ; free physical = 2972 ; free virtual = 11936
Finished IO Insertion : Time (s): cpu = 00:00:20 ; elapsed = 00:00:21 . Memory (MB): peak = 1487.414 ; gain = 386.535 ; free physical = 2887 ; free virtual = 11850
Finished Renaming Generated Instances : Time (s): cpu = 00:00:20 ; elapsed = 00:00:21 . Memory (MB): peak = 1487.414 ; gain = 386.535 ; free physical = 2886 ; free virtual = 11850
Finished Rebuilding User Hierarchy : Time (s): cpu = 00:00:20 ; elapsed = 00:00:21 . Memory (MB): peak = 1487.414 ; gain = 386.535 ; free physical = 2886 ; free virtual = 11849
Finished Renaming Generated Ports : Time (s): cpu = 00:00:20 ; elapsed = 00:00:21 . Memory (MB): peak = 1487.414 ; gain = 386.535 ; free physical = 2885 ; free virtual = 11849
Finished Handling Custom Attributes : Time (s): cpu = 00:00:20 ; elapsed = 00:00:21 . Memory (MB): peak = 1487.414 ; gain = 386.535 ; free physical = 2885 ; free virtual = 11849
Finished Renaming Generated Nets : Time (s): cpu = 00:00:20 ; elapsed = 00:00:21 . Memory (MB): peak = 1487.414 ; gain = 386.535 ; free physical = 2885 ; free virtual = 11849

Report Cell Usage: 
+------+-----------+------+
|      |Cell       |Count |
+------+-----------+------+
|1     |BUFG       |     2|
|2     |MMCME2_ADV |     1|
|3     |IBUF       |     1|
+------+-----------+------+
Finished Writing Synthesis Report : Time (s): cpu = 00:00:20 ; elapsed = 00:00:21 . Memory (MB): peak = 1487.414 ; gain = 386.535 ; free physical = 2885 ; free virtual = 11849
synth_design: Time (s): cpu = 00:00:21 ; elapsed = 00:00:21 . Memory (MB): peak = 1493.414 ; gain = 405.121 ; free physical = 2891 ; free virtual = 11856
