
*** Running vivado
    with args -log design_1_dlmb_v10_0.vds -m64 -product Vivado -mode batch -messageDb vivado.pb -notrace -source design_1_dlmb_v10_0.tcl


****** Vivado v2017.2 (64-bit)
  **** SW Build 1909853 on Thu Jun 15 18:39:09 MDT 2017
  **** IP Build 1909766 on Thu Jun 15 19:58:00 MDT 2017
    ** Copyright 1986-2017 Xilinx, Inc. All Rights Reserved.

source design_1_dlmb_v10_0.tcl -notrace
Starting RTL Elaboration : Time (s): cpu = 00:00:06 ; elapsed = 00:00:09 . Memory (MB): peak = 318.262 ; gain = 81.109
INFO: [Synth 8-638] synthesizing module 'design_1_dlmb_v10_0' [c:/Project/GameOfLife/bd/design_1/ip/design_1_dlmb_v10_0/synth/design_1_dlmb_v10_0.vhd:89]
INFO: [Synth 8-638] synthesizing module 'lmb_v10' [c:/Project/GameOfLife/bd/design_1/ipshared/162e/hdl/lmb_v10_v3_0_vh_rfs.vhd:140]
INFO: [Synth 8-638] synthesizing module 'FDS' [C:/Xilinx/Vivado/2017.2/scripts/rt/data/unisim_comp.v:4087]
INFO: [Synth 8-256] done synthesizing module 'FDS' (1#1) [C:/Xilinx/Vivado/2017.2/scripts/rt/data/unisim_comp.v:4087]
INFO: [Synth 8-256] done synthesizing module 'lmb_v10' (2#1) [c:/Project/GameOfLife/bd/design_1/ipshared/162e/hdl/lmb_v10_v3_0_vh_rfs.vhd:140]
INFO: [Synth 8-256] done synthesizing module 'design_1_dlmb_v10_0' (3#1) [c:/Project/GameOfLife/bd/design_1/ip/design_1_dlmb_v10_0/synth/design_1_dlmb_v10_0.vhd:89]
Finished RTL Elaboration : Time (s): cpu = 00:00:08 ; elapsed = 00:00:11 . Memory (MB): peak = 358.344 ; gain = 121.191
Finished RTL Optimization Phase 1 : Time (s): cpu = 00:00:08 ; elapsed = 00:00:11 . Memory (MB): peak = 358.344 ; gain = 121.191
INFO: [Device 21-403] Loading part xc7z020clg484-1
Constraint Validation Runtime : Time (s): cpu = 00:00:00 ; elapsed = 00:00:00.190 . Memory (MB): peak = 589.355 ; gain = 0.000
Finished Constraint Validation : Time (s): cpu = 00:00:25 ; elapsed = 00:00:31 . Memory (MB): peak = 589.355 ; gain = 352.203
Finished Loading Part and Timing Information : Time (s): cpu = 00:00:25 ; elapsed = 00:00:31 . Memory (MB): peak = 589.355 ; gain = 352.203
Finished applying 'set_property' XDC Constraints : Time (s): cpu = 00:00:25 ; elapsed = 00:00:31 . Memory (MB): peak = 589.355 ; gain = 352.203
Finished RTL Optimization Phase 2 : Time (s): cpu = 00:00:25 ; elapsed = 00:00:32 . Memory (MB): peak = 589.355 ; gain = 352.203
Finished Cross Boundary and Area Optimization : Time (s): cpu = 00:00:26 ; elapsed = 00:00:32 . Memory (MB): peak = 589.355 ; gain = 352.203
Finished Applying XDC Timing Constraints : Time (s): cpu = 00:00:45 ; elapsed = 00:00:53 . Memory (MB): peak = 618.879 ; gain = 381.727
Finished Timing Optimization : Time (s): cpu = 00:00:45 ; elapsed = 00:00:53 . Memory (MB): peak = 618.879 ; gain = 381.727
Finished Technology Mapping : Time (s): cpu = 00:00:45 ; elapsed = 00:00:53 . Memory (MB): peak = 630.023 ; gain = 392.871
Finished IO Insertion : Time (s): cpu = 00:00:46 ; elapsed = 00:00:54 . Memory (MB): peak = 630.023 ; gain = 392.871
Finished Renaming Generated Instances : Time (s): cpu = 00:00:46 ; elapsed = 00:00:54 . Memory (MB): peak = 630.023 ; gain = 392.871
Finished Rebuilding User Hierarchy : Time (s): cpu = 00:00:46 ; elapsed = 00:00:54 . Memory (MB): peak = 630.023 ; gain = 392.871
Finished Renaming Generated Ports : Time (s): cpu = 00:00:46 ; elapsed = 00:00:54 . Memory (MB): peak = 630.023 ; gain = 392.871
Finished Handling Custom Attributes : Time (s): cpu = 00:00:46 ; elapsed = 00:00:54 . Memory (MB): peak = 630.023 ; gain = 392.871
Finished Renaming Generated Nets : Time (s): cpu = 00:00:46 ; elapsed = 00:00:54 . Memory (MB): peak = 630.023 ; gain = 392.871

Report Cell Usage: 
+------+-----+------+
|      |Cell |Count |
+------+-----+------+
|1     |FDS  |     1|
+------+-----+------+
Finished Writing Synthesis Report : Time (s): cpu = 00:00:46 ; elapsed = 00:00:54 . Memory (MB): peak = 630.023 ; gain = 392.871
synth_design: Time (s): cpu = 00:00:49 ; elapsed = 00:00:57 . Memory (MB): peak = 639.480 ; gain = 402.953
