Vivado Simulator 2017.2
Copyright 1986-1999, 2001-2016 Xilinx, Inc. All Rights Reserved.
Running: C:/Xilinx/Vivado/2017.2/bin/unwrapped/win64.o/xelab.exe -wto 470e3724571c4280a12b39baf98ef3bb --debug typical --relax --mt 2 --maxdelay -L xil_defaultlib -L simprims_ver -L secureip --snapshot design_gol_wrapper_time_impl -transport_int_delays -pulse_r 0 -pulse_int_r 0 -pulse_e 0 -pulse_int_e 0 xil_defaultlib.design_gol_wrapper xil_defaultlib.glbl -log elaborate.log 
Using 2 slave threads.
Starting static elaboration
Completed static elaboration
Starting simulation data flow analysis
Completed simulation data flow analysis
INFO: [XSIM 43-3451] SDF backannotation process started with SDF file "design_gol_wrapper_time_impl.sdf", for root module "design_gol_wrapper".
INFO: [XSIM 43-3452] SDF backannotation was successful for SDF file "design_gol_wrapper_time_impl.sdf", for root module "design_gol_wrapper".
Time Resolution for simulation is 1ps
Compiling module simprims_ver.LUT6
Compiling module simprims_ver.LUT4
Compiling module simprims_ver.x_lut3_mux8
Compiling module simprims_ver.LUT3
Compiling module simprims_ver.x_lut2_mux4
Compiling module simprims_ver.LUT2
Compiling module simprims_ver.FDRE_default
Compiling module simprims_ver.x_lut1_mux2
Compiling module simprims_ver.LUT1
Compiling module simprims_ver.LUT5
Compiling module xil_defaultlib.axi_crossbar_v2_1_14_addr_arbite...
Compiling module xil_defaultlib.axi_crossbar_v2_1_14_decerr_slav...
Compiling module xil_defaultlib.axi_register_slice_v2_1_13_axic_...
Compiling module xil_defaultlib.axi_crossbar_v2_1_14_splitter__p...
Compiling module xil_defaultlib.axi_crossbar_v2_1_14_splitter
Compiling module xil_defaultlib.axi_crossbar_v2_1_14_crossbar_sa...
Compiling module xil_defaultlib.axi_crossbar_v2_1_14_axi_crossba...
Compiling module xil_defaultlib.design_gol_xbar_0
Compiling module xil_defaultlib.design_gol_axi_interconnect_0_0
Compiling module xil_defaultlib.pselect_f
Compiling module xil_defaultlib.pselect_f__parameterized1
Compiling module xil_defaultlib.address_decoder
Compiling module xil_defaultlib.slave_attachment
Compiling module xil_defaultlib.axi_lite_ipif
Compiling module xil_defaultlib.baudrate
Compiling module simprims_ver.SRL16E_default
Compiling module xil_defaultlib.dynshreg_i_f
Compiling module simprims_ver.FDRE(XON="FALSE")
Compiling module xil_defaultlib.cdc_sync
Compiling module simprims_ver.FDSE_default
Compiling module xil_defaultlib.cntr_incr_decr_addn_f_802
Compiling module xil_defaultlib.dynshreg_f_803
Compiling module xil_defaultlib.srl_fifo_rbu_f_801
Compiling module xil_defaultlib.srl_fifo_f_800
Compiling module xil_defaultlib.uartlite_rx
Compiling module xil_defaultlib.dynshreg_i_f__parameterized0
Compiling module xil_defaultlib.cntr_incr_decr_addn_f
Compiling module xil_defaultlib.dynshreg_f
Compiling module xil_defaultlib.srl_fifo_rbu_f
Compiling module xil_defaultlib.srl_fifo_f
Compiling module xil_defaultlib.uartlite_tx
Compiling module xil_defaultlib.uartlite_core
Compiling module xil_defaultlib.axi_uartlite
Compiling module xil_defaultlib.design_gol_axi_uartlite_0_0
Compiling module simprims_ver.BUFG
Compiling module simprims_ver.IBUF
Compiling module simprims_ver.MMCME2_ADV(CLKFBOUT_MULT_F=10.0,...
Compiling module xil_defaultlib.design_gol_clk_wiz_1_0_clk_wiz
Compiling module xil_defaultlib.design_gol_clk_wiz_1_0
Compiling module simprims_ver.CARRY4
Compiling module xil_defaultlib.cell
Compiling module xil_defaultlib.cell_585
Compiling module xil_defaultlib.cell_586
Compiling module xil_defaultlib.cell_587
Compiling module xil_defaultlib.cell_588
Compiling module xil_defaultlib.cell_589
Compiling module xil_defaultlib.cell_590
Compiling module xil_defaultlib.cell_591
Compiling module xil_defaultlib.cell_592
Compiling module xil_defaultlib.cell_593
Compiling module xil_defaultlib.cell_594
Compiling module xil_defaultlib.cell_595
Compiling module xil_defaultlib.cell_596
Compiling module xil_defaultlib.cell_597
Compiling module xil_defaultlib.cell_598
Compiling module xil_defaultlib.cell_599
Compiling module xil_defaultlib.cell_600
Compiling module xil_defaultlib.cell_601
Compiling module xil_defaultlib.cell_602
Compiling module xil_defaultlib.cell_603
Compiling module xil_defaultlib.cell_604
Compiling module xil_defaultlib.cell_605
Compiling module xil_defaultlib.cell_606
Compiling module xil_defaultlib.cell_607
Compiling module xil_defaultlib.cell_608
Compiling module xil_defaultlib.cell_609
Compiling module xil_defaultlib.cell_610
Compiling module xil_defaultlib.cell_611
Compiling module xil_defaultlib.cell_612
Compiling module xil_defaultlib.cell_613
Compiling module xil_defaultlib.cell_614
Compiling module xil_defaultlib.cell_615
Compiling module xil_defaultlib.cell_616
Compiling module xil_defaultlib.cell_617
Compiling module xil_defaultlib.cell_618
Compiling module xil_defaultlib.cell_619
Compiling module xil_defaultlib.cell_620
Compiling module xil_defaultlib.cell_621
Compiling module xil_defaultlib.cell_622
Compiling module xil_defaultlib.cell_623
Compiling module xil_defaultlib.cell_624
Compiling module xil_defaultlib.cell_625
Compiling module xil_defaultlib.cell_626
Compiling module xil_defaultlib.cell_627
Compiling module xil_defaultlib.cell_628
Compiling module xil_defaultlib.cell_629
Compiling module xil_defaultlib.cell_630
Compiling module xil_defaultlib.cell_631
Compiling module xil_defaultlib.cell_632
Compiling module xil_defaultlib.cell_633
Compiling module xil_defaultlib.cell_634
Compiling module xil_defaultlib.cell_635
Compiling module xil_defaultlib.cell_636
Compiling module xil_defaultlib.cell_637
Compiling module xil_defaultlib.cell_638
Compiling module xil_defaultlib.cell_639
Compiling module xil_defaultlib.cell_640
Compiling module xil_defaultlib.cell_641
Compiling module xil_defaultlib.cell_642
Compiling module xil_defaultlib.cell_643
Compiling module xil_defaultlib.cell_644
Compiling module xil_defaultlib.cell_645
Compiling module xil_defaultlib.cell_646
Compiling module xil_defaultlib.cell_647
Compiling module xil_defaultlib.cell_648
Compiling module xil_defaultlib.cell_649
Compiling module xil_defaultlib.cell_650
Compiling module xil_defaultlib.cell_651
Compiling module xil_defaultlib.cell_652
Compiling module xil_defaultlib.cell_653
Compiling module xil_defaultlib.cell_654
Compiling module xil_defaultlib.cell_655
Compiling module xil_defaultlib.cell_656
Compiling module xil_defaultlib.cell_657
Compiling module xil_defaultlib.cell_658
Compiling module xil_defaultlib.cell_659
Compiling module xil_defaultlib.cell_660
Compiling module xil_defaultlib.cell_661
Compiling module xil_defaultlib.cell_662
Compiling module xil_defaultlib.cell_663
Compiling module xil_defaultlib.cell_664
Compiling module xil_defaultlib.cell_665
Compiling module xil_defaultlib.cell_666
Compiling module xil_defaultlib.cell_667
Compiling module xil_defaultlib.cell_668
Compiling module xil_defaultlib.cell_669
Compiling module xil_defaultlib.cell_670
Compiling module xil_defaultlib.cell_671
Compiling module xil_defaultlib.cell_672
Compiling module xil_defaultlib.cell_673
Compiling module xil_defaultlib.cell_674
Compiling module xil_defaultlib.cell_675
Compiling module xil_defaultlib.cell_676
Compiling module xil_defaultlib.cell_677
Compiling module xil_defaultlib.cell_678
Compiling module xil_defaultlib.cell_679
Compiling module xil_defaultlib.cell_680
Compiling module xil_defaultlib.cell_681
Compiling module xil_defaultlib.cell_682
Compiling module xil_defaultlib.cell_683
Compiling module xil_defaultlib.cell_684
Compiling module xil_defaultlib.cell_685
Compiling module xil_defaultlib.cell_686
Compiling module xil_defaultlib.cell_687
Compiling module xil_defaultlib.cell_688
Compiling module xil_defaultlib.cell_689
Compiling module xil_defaultlib.cell_690
Compiling module xil_defaultlib.cell_691
Compiling module xil_defaultlib.cell_692
Compiling module xil_defaultlib.cell_693
Compiling module xil_defaultlib.cell_694
Compiling module xil_defaultlib.cell_695
Compiling module xil_defaultlib.cell_696
Compiling module xil_defaultlib.cell_697
Compiling module xil_defaultlib.cell_698
Compiling module xil_defaultlib.cell_699
Compiling module xil_defaultlib.cell_700
Compiling module xil_defaultlib.cell_701
Compiling module xil_defaultlib.cell_702
Compiling module xil_defaultlib.cell_703
Compiling module xil_defaultlib.cell_704
Compiling module xil_defaultlib.cell_705
Compiling module xil_defaultlib.cell_706
Compiling module xil_defaultlib.cell_707
Compiling module xil_defaultlib.cell_708
Compiling module xil_defaultlib.cell_709
Compiling module xil_defaultlib.cell_710
Compiling module xil_defaultlib.cell_711
Compiling module xil_defaultlib.cell_712
Compiling module xil_defaultlib.cell_713
Compiling module xil_defaultlib.cell_714
Compiling module xil_defaultlib.cell_715
Compiling module xil_defaultlib.cell_716
Compiling module xil_defaultlib.cell_717
Compiling module xil_defaultlib.cell_718
Compiling module xil_defaultlib.cell_719
Compiling module xil_defaultlib.cell_720
Compiling module xil_defaultlib.cell_721
Compiling module xil_defaultlib.cell_722
Compiling module xil_defaultlib.cell_723
Compiling module xil_defaultlib.cell_724
Compiling module xil_defaultlib.cell_725
Compiling module xil_defaultlib.cell_726
Compiling module xil_defaultlib.cell_727
Compiling module xil_defaultlib.cell_728
Compiling module xil_defaultlib.cell_729
Compiling module xil_defaultlib.cell_730
Compiling module xil_defaultlib.cell_731
Compiling module xil_defaultlib.cell_732
Compiling module xil_defaultlib.cell_733
Compiling module xil_defaultlib.cell_734
Compiling module xil_defaultlib.cell_735
Compiling module xil_defaultlib.cell_736
Compiling module xil_defaultlib.cell_737
Compiling module xil_defaultlib.cell_738
Compiling module xil_defaultlib.cell_739
Compiling module xil_defaultlib.cell_740
Compiling module xil_defaultlib.cell_741
Compiling module xil_defaultlib.cell_742
Compiling module xil_defaultlib.cell_743
Compiling module xil_defaultlib.cell_744
Compiling module xil_defaultlib.cell_745
Compiling module xil_defaultlib.cell_746
Compiling module xil_defaultlib.cell_747
Compiling module xil_defaultlib.cell_748
Compiling module xil_defaultlib.cell_749
Compiling module xil_defaultlib.cell_750
Compiling module xil_defaultlib.cell_751
Compiling module xil_defaultlib.cell_752
Compiling module xil_defaultlib.cell_753
Compiling module xil_defaultlib.cell_754
Compiling module xil_defaultlib.cell_755
Compiling module xil_defaultlib.cell_756
Compiling module xil_defaultlib.cell_757
Compiling module xil_defaultlib.cell_758
Compiling module xil_defaultlib.cell_759
Compiling module xil_defaultlib.cell_760
Compiling module xil_defaultlib.cell_761
Compiling module xil_defaultlib.cell_762
Compiling module xil_defaultlib.cell_763
Compiling module xil_defaultlib.cell_764
Compiling module xil_defaultlib.cell_765
Compiling module xil_defaultlib.cell_766
Compiling module xil_defaultlib.cell_767
Compiling module xil_defaultlib.cell_768
Compiling module xil_defaultlib.cell_769
Compiling module xil_defaultlib.cell_770
Compiling module xil_defaultlib.cell_771
Compiling module xil_defaultlib.cell_772
Compiling module xil_defaultlib.cell_773
Compiling module xil_defaultlib.cell_774
Compiling module xil_defaultlib.cell_775
Compiling module xil_defaultlib.cell_776
Compiling module xil_defaultlib.cell_777
Compiling module xil_defaultlib.cell_778
Compiling module xil_defaultlib.cell_779
Compiling module xil_defaultlib.cell_780
Compiling module xil_defaultlib.cell_781
Compiling module xil_defaultlib.cell_782
Compiling module xil_defaultlib.cell_783
Compiling module xil_defaultlib.cell_784
Compiling module xil_defaultlib.cell_785
Compiling module xil_defaultlib.cell_786
Compiling module xil_defaultlib.cell_787
Compiling module xil_defaultlib.cell_788
Compiling module xil_defaultlib.cell_789
Compiling module xil_defaultlib.cell_790
Compiling module xil_defaultlib.cell_791
Compiling module xil_defaultlib.cell_792
Compiling module xil_defaultlib.cell_793
Compiling module xil_defaultlib.cell_794
Compiling module xil_defaultlib.cell_795
Compiling module xil_defaultlib.cell_796
Compiling module xil_defaultlib.cell_797
Compiling module xil_defaultlib.cell_798
Compiling module xil_defaultlib.cell_799
Compiling module xil_defaultlib.grid
Compiling module xil_defaultlib.ca_core
Compiling module xil_defaultlib.game_of_life_v1_0
Compiling module xil_defaultlib.design_gol_game_of_life_0_1
Compiling module simprims_ver.FDCE_default
Compiling module simprims_ver.FDCE(IS_C_INVERTED=1'b1)
Compiling module xil_defaultlib.MB_FDC_1
Compiling module simprims_ver.FDRE(IS_C_INVERTED=1'b1)
Compiling module xil_defaultlib.MB_FDRE_1
Compiling module xil_defaultlib.mdm_v3_2_10_MB_SRL16E
Compiling module xil_defaultlib.mdm_v3_2_10_MB_SRL16E__parameter...
Compiling module xil_defaultlib.mdm_v3_2_10_MB_SRL16E__parameter...
Compiling module xil_defaultlib.mdm_v3_2_10_MB_SRL16E__parameter...
Compiling module simprims_ver.FDCE(XON="FALSE")
Compiling module simprims_ver.FDPE_default
Compiling module xil_defaultlib.JTAG_CONTROL
Compiling module xil_defaultlib.MDM_Core
Compiling module xil_defaultlib.MB_BUFG
Compiling module simprims_ver.BSCANE2(JTAG_CHAIN=2)
Compiling module xil_defaultlib.MB_BSCANE2
Compiling module xil_defaultlib.MDM
Compiling module xil_defaultlib.design_gol_mdm_1_0
Compiling module xil_defaultlib.MB_LUT4
Compiling module xil_defaultlib.microblaze_v10_0_3_MB_LUT6__para...
Compiling module xil_defaultlib.MB_MULT_AND
Compiling module xil_defaultlib.microblaze_v10_0_3_MB_MUXCY_XORC...
Compiling module xil_defaultlib.ALU_Bit__parameterized2
Compiling module xil_defaultlib.LUT6_2_UNIQ_BASE_
Compiling module xil_defaultlib.MB_LUT6_2_581
Compiling module xil_defaultlib.microblaze_v10_0_3_MB_MUXCY_XORC...
Compiling module xil_defaultlib.ALU_Bit
Compiling module xil_defaultlib.LUT6_2_HD496
Compiling module xil_defaultlib.MB_LUT6_2_579
Compiling module xil_defaultlib.microblaze_v10_0_3_MB_MUXCY_XORC...
Compiling module xil_defaultlib.ALU_Bit_492
Compiling module xil_defaultlib.LUT6_2_HD497
Compiling module xil_defaultlib.MB_LUT6_2_577
Compiling module xil_defaultlib.microblaze_v10_0_3_MB_MUXCY_XORC...
Compiling module xil_defaultlib.ALU_Bit_493
Compiling module xil_defaultlib.LUT6_2_HD498
Compiling module xil_defaultlib.MB_LUT6_2_575
Compiling module xil_defaultlib.microblaze_v10_0_3_MB_MUXCY_XORC...
Compiling module xil_defaultlib.ALU_Bit_494
Compiling module xil_defaultlib.LUT6_2_HD499
Compiling module xil_defaultlib.MB_LUT6_2_573
Compiling module xil_defaultlib.microblaze_v10_0_3_MB_MUXCY_XORC...
Compiling module xil_defaultlib.ALU_Bit_495
Compiling module xil_defaultlib.LUT6_2_HD500
Compiling module xil_defaultlib.MB_LUT6_2_571
Compiling module xil_defaultlib.microblaze_v10_0_3_MB_MUXCY_XORC...
Compiling module xil_defaultlib.ALU_Bit_496
Compiling module xil_defaultlib.LUT6_2_HD501
Compiling module xil_defaultlib.MB_LUT6_2_569
Compiling module xil_defaultlib.microblaze_v10_0_3_MB_MUXCY_XORC...
Compiling module xil_defaultlib.ALU_Bit_497
Compiling module xil_defaultlib.LUT6_2_HD502
Compiling module xil_defaultlib.MB_LUT6_2_567
Compiling module xil_defaultlib.microblaze_v10_0_3_MB_MUXCY_XORC...
Compiling module xil_defaultlib.ALU_Bit_498
Compiling module xil_defaultlib.LUT6_2_HD503
Compiling module xil_defaultlib.MB_LUT6_2_565
Compiling module xil_defaultlib.microblaze_v10_0_3_MB_MUXCY_XORC...
Compiling module xil_defaultlib.ALU_Bit_499
Compiling module xil_defaultlib.LUT6_2_HD504
Compiling module xil_defaultlib.MB_LUT6_2_563
Compiling module xil_defaultlib.microblaze_v10_0_3_MB_MUXCY_XORC...
Compiling module xil_defaultlib.ALU_Bit_500
Compiling module xil_defaultlib.LUT6_2_HD505
Compiling module xil_defaultlib.MB_LUT6_2_561
Compiling module xil_defaultlib.microblaze_v10_0_3_MB_MUXCY_XORC...
Compiling module xil_defaultlib.ALU_Bit_501
Compiling module xil_defaultlib.LUT6_2_HD506
Compiling module xil_defaultlib.MB_LUT6_2_559
Compiling module xil_defaultlib.microblaze_v10_0_3_MB_MUXCY_XORC...
Compiling module xil_defaultlib.ALU_Bit_502
Compiling module xil_defaultlib.LUT6_2_HD507
Compiling module xil_defaultlib.MB_LUT6_2_557
Compiling module xil_defaultlib.microblaze_v10_0_3_MB_MUXCY_XORC...
Compiling module xil_defaultlib.ALU_Bit_503
Compiling module xil_defaultlib.LUT6_2_HD508
Compiling module xil_defaultlib.MB_LUT6_2_555
Compiling module xil_defaultlib.microblaze_v10_0_3_MB_MUXCY_XORC...
Compiling module xil_defaultlib.ALU_Bit_504
Compiling module xil_defaultlib.LUT6_2_HD509
Compiling module xil_defaultlib.MB_LUT6_2_553
Compiling module xil_defaultlib.microblaze_v10_0_3_MB_MUXCY_XORC...
Compiling module xil_defaultlib.ALU_Bit_505
Compiling module xil_defaultlib.LUT6_2_HD510
Compiling module xil_defaultlib.MB_LUT6_2_551
Compiling module xil_defaultlib.microblaze_v10_0_3_MB_MUXCY_XORC...
Compiling module xil_defaultlib.ALU_Bit_506
Compiling module xil_defaultlib.LUT6_2_HD511
Compiling module xil_defaultlib.MB_LUT6_2_549
Compiling module xil_defaultlib.microblaze_v10_0_3_MB_MUXCY_XORC...
Compiling module xil_defaultlib.ALU_Bit_507
Compiling module xil_defaultlib.LUT6_2_HD512
Compiling module xil_defaultlib.MB_LUT6_2_547
Compiling module xil_defaultlib.microblaze_v10_0_3_MB_MUXCY_XORC...
Compiling module xil_defaultlib.ALU_Bit_508
Compiling module xil_defaultlib.LUT6_2_HD513
Compiling module xil_defaultlib.MB_LUT6_2_545
Compiling module xil_defaultlib.microblaze_v10_0_3_MB_MUXCY_XORC...
Compiling module xil_defaultlib.ALU_Bit_509
Compiling module xil_defaultlib.LUT6_2_HD514
Compiling module xil_defaultlib.MB_LUT6_2_543
Compiling module xil_defaultlib.microblaze_v10_0_3_MB_MUXCY_XORC...
Compiling module xil_defaultlib.ALU_Bit_510
Compiling module xil_defaultlib.LUT6_2_HD515
Compiling module xil_defaultlib.MB_LUT6_2_541
Compiling module xil_defaultlib.microblaze_v10_0_3_MB_MUXCY_XORC...
Compiling module xil_defaultlib.ALU_Bit_511
Compiling module xil_defaultlib.LUT6_2_HD516
Compiling module xil_defaultlib.MB_LUT6_2_539
Compiling module xil_defaultlib.microblaze_v10_0_3_MB_MUXCY_XORC...
Compiling module xil_defaultlib.ALU_Bit_512
Compiling module xil_defaultlib.LUT6_2_HD517
Compiling module xil_defaultlib.MB_LUT6_2_537
Compiling module xil_defaultlib.microblaze_v10_0_3_MB_MUXCY_XORC...
Compiling module xil_defaultlib.ALU_Bit_513
Compiling module xil_defaultlib.LUT6_2_HD518
Compiling module xil_defaultlib.MB_LUT6_2_535
Compiling module xil_defaultlib.microblaze_v10_0_3_MB_MUXCY_XORC...
Compiling module xil_defaultlib.ALU_Bit_514
Compiling module xil_defaultlib.LUT6_2_HD519
Compiling module xil_defaultlib.MB_LUT6_2_533
Compiling module xil_defaultlib.microblaze_v10_0_3_MB_MUXCY_XORC...
Compiling module xil_defaultlib.ALU_Bit_515
Compiling module xil_defaultlib.LUT6_2_HD520
Compiling module xil_defaultlib.MB_LUT6_2_531
Compiling module xil_defaultlib.microblaze_v10_0_3_MB_MUXCY_XORC...
Compiling module xil_defaultlib.ALU_Bit_516
Compiling module xil_defaultlib.LUT6_2_HD521
Compiling module xil_defaultlib.MB_LUT6_2_529
Compiling module xil_defaultlib.microblaze_v10_0_3_MB_MUXCY_XORC...
Compiling module xil_defaultlib.ALU_Bit_517
Compiling module xil_defaultlib.LUT6_2_HD522
Compiling module xil_defaultlib.MB_LUT6_2_527
Compiling module xil_defaultlib.microblaze_v10_0_3_MB_MUXCY_XORC...
Compiling module xil_defaultlib.ALU_Bit_518
Compiling module xil_defaultlib.LUT6_2_HD523
Compiling module xil_defaultlib.MB_LUT6_2_525
Compiling module xil_defaultlib.microblaze_v10_0_3_MB_MUXCY_XORC...
Compiling module xil_defaultlib.ALU_Bit_519
Compiling module xil_defaultlib.LUT6_2_HD524
Compiling module xil_defaultlib.MB_LUT6_2_523
Compiling module xil_defaultlib.microblaze_v10_0_3_MB_MUXCY_XORC...
Compiling module xil_defaultlib.ALU_Bit_520
Compiling module xil_defaultlib.LUT6_2_HD525
Compiling module xil_defaultlib.MB_LUT6_2
Compiling module xil_defaultlib.microblaze_v10_0_3_MB_MUXCY_XORC...
Compiling module xil_defaultlib.ALU_Bit_521
Compiling module xil_defaultlib.ALU
Compiling module xil_defaultlib.Byte_Doublet_Handle_gti
Compiling module xil_defaultlib.microblaze_v10_0_3_MB_FDRE_459
Compiling module xil_defaultlib.microblaze_v10_0_3_MB_FDRE_460
Compiling module xil_defaultlib.microblaze_v10_0_3_MB_FDRE_461
Compiling module xil_defaultlib.microblaze_v10_0_3_MB_FDRE_462
Compiling module xil_defaultlib.microblaze_v10_0_3_MB_FDRE_463
Compiling module xil_defaultlib.microblaze_v10_0_3_MB_FDRE_464
Compiling module xil_defaultlib.microblaze_v10_0_3_MB_FDRE_465
Compiling module xil_defaultlib.microblaze_v10_0_3_MB_FDRE_466
Compiling module xil_defaultlib.microblaze_v10_0_3_MB_FDRE_467
Compiling module xil_defaultlib.microblaze_v10_0_3_MB_FDRE_468
Compiling module xil_defaultlib.microblaze_v10_0_3_MB_FDRE_469
Compiling module xil_defaultlib.microblaze_v10_0_3_MB_FDRE_470
Compiling module xil_defaultlib.microblaze_v10_0_3_MB_FDRE_471
Compiling module xil_defaultlib.microblaze_v10_0_3_MB_FDRE_472
Compiling module xil_defaultlib.microblaze_v10_0_3_MB_FDRE_473
Compiling module xil_defaultlib.microblaze_v10_0_3_MB_FDRE_474
Compiling module xil_defaultlib.microblaze_v10_0_3_MB_FDRE_475
Compiling module xil_defaultlib.microblaze_v10_0_3_MB_FDRE_476
Compiling module xil_defaultlib.microblaze_v10_0_3_MB_FDRE_477
Compiling module xil_defaultlib.microblaze_v10_0_3_MB_FDRE_478
Compiling module xil_defaultlib.microblaze_v10_0_3_MB_FDRE_479
Compiling module xil_defaultlib.microblaze_v10_0_3_MB_FDRE_480
Compiling module xil_defaultlib.microblaze_v10_0_3_MB_FDRE_481
Compiling module xil_defaultlib.microblaze_v10_0_3_MB_FDRE_482
Compiling module xil_defaultlib.microblaze_v10_0_3_MB_FDRE_483
Compiling module xil_defaultlib.microblaze_v10_0_3_MB_FDRE_484
Compiling module xil_defaultlib.microblaze_v10_0_3_MB_FDRE_485
Compiling module xil_defaultlib.microblaze_v10_0_3_MB_FDRE_486
Compiling module xil_defaultlib.microblaze_v10_0_3_MB_FDRE_487
Compiling module xil_defaultlib.microblaze_v10_0_3_MB_FDRE_488
Compiling module xil_defaultlib.microblaze_v10_0_3_MB_FDRE_489
Compiling module xil_defaultlib.microblaze_v10_0_3_MB_FDRE_490
Compiling module xil_defaultlib.Data_Flow_Logic
Compiling module simprims_ver.MUXF7
Compiling module xil_defaultlib.microblaze_v10_0_3_MB_MUXF7_427
Compiling module xil_defaultlib.microblaze_v10_0_3_MB_MUXF7_428
Compiling module xil_defaultlib.microblaze_v10_0_3_MB_MUXF7_429
Compiling module xil_defaultlib.microblaze_v10_0_3_MB_MUXF7_430
Compiling module xil_defaultlib.microblaze_v10_0_3_MB_MUXF7_431
Compiling module xil_defaultlib.microblaze_v10_0_3_MB_MUXF7_432
Compiling module xil_defaultlib.microblaze_v10_0_3_MB_MUXF7_433
Compiling module xil_defaultlib.microblaze_v10_0_3_MB_MUXF7_434
Compiling module xil_defaultlib.microblaze_v10_0_3_MB_MUXF7_435
Compiling module xil_defaultlib.microblaze_v10_0_3_MB_MUXF7_436
Compiling module xil_defaultlib.microblaze_v10_0_3_MB_MUXF7_437
Compiling module xil_defaultlib.microblaze_v10_0_3_MB_MUXF7_438
Compiling module xil_defaultlib.microblaze_v10_0_3_MB_MUXF7_439
Compiling module xil_defaultlib.microblaze_v10_0_3_MB_MUXF7_440
Compiling module xil_defaultlib.microblaze_v10_0_3_MB_MUXF7_441
Compiling module xil_defaultlib.microblaze_v10_0_3_MB_MUXF7_442
Compiling module xil_defaultlib.microblaze_v10_0_3_MB_MUXF7_443
Compiling module xil_defaultlib.microblaze_v10_0_3_MB_MUXF7_444
Compiling module xil_defaultlib.microblaze_v10_0_3_MB_MUXF7_445
Compiling module xil_defaultlib.microblaze_v10_0_3_MB_MUXF7_446
Compiling module xil_defaultlib.microblaze_v10_0_3_MB_MUXF7_447
Compiling module xil_defaultlib.microblaze_v10_0_3_MB_MUXF7_448
Compiling module xil_defaultlib.microblaze_v10_0_3_MB_MUXF7_449
Compiling module xil_defaultlib.microblaze_v10_0_3_MB_MUXF7_450
Compiling module xil_defaultlib.microblaze_v10_0_3_MB_MUXF7_451
Compiling module xil_defaultlib.microblaze_v10_0_3_MB_MUXF7_452
Compiling module xil_defaultlib.microblaze_v10_0_3_MB_MUXF7_453
Compiling module xil_defaultlib.microblaze_v10_0_3_MB_MUXF7_454
Compiling module xil_defaultlib.microblaze_v10_0_3_MB_MUXF7_455
Compiling module xil_defaultlib.microblaze_v10_0_3_MB_MUXF7_456
Compiling module xil_defaultlib.microblaze_v10_0_3_MB_MUXF7_457
Compiling module xil_defaultlib.microblaze_v10_0_3_MB_MUXF7_458
Compiling module xil_defaultlib.Operand_Select_gti
Compiling module simprims_ver.RAMD32
Compiling module simprims_ver.RAMS32
Compiling module xil_defaultlib.RAM32M_UNIQ_BASE_
Compiling module xil_defaultlib.MB_RAM32M
Compiling module xil_defaultlib.RAM32M_HD526
Compiling module xil_defaultlib.MB_RAM32M_412
Compiling module xil_defaultlib.RAM32M_HD527
Compiling module xil_defaultlib.MB_RAM32M_413
Compiling module xil_defaultlib.RAM32M_HD528
Compiling module xil_defaultlib.MB_RAM32M_414
Compiling module xil_defaultlib.RAM32M_HD529
Compiling module xil_defaultlib.MB_RAM32M_415
Compiling module xil_defaultlib.RAM32M_HD530
Compiling module xil_defaultlib.MB_RAM32M_416
Compiling module xil_defaultlib.RAM32M_HD531
Compiling module xil_defaultlib.MB_RAM32M_417
Compiling module xil_defaultlib.RAM32M_HD532
Compiling module xil_defaultlib.MB_RAM32M_418
Compiling module xil_defaultlib.RAM32M_HD533
Compiling module xil_defaultlib.MB_RAM32M_419
Compiling module xil_defaultlib.RAM32M_HD534
Compiling module xil_defaultlib.MB_RAM32M_420
Compiling module xil_defaultlib.RAM32M_HD535
Compiling module xil_defaultlib.MB_RAM32M_421
Compiling module xil_defaultlib.RAM32M_HD536
Compiling module xil_defaultlib.MB_RAM32M_422
Compiling module xil_defaultlib.RAM32M_HD537
Compiling module xil_defaultlib.MB_RAM32M_423
Compiling module xil_defaultlib.RAM32M_HD538
Compiling module xil_defaultlib.MB_RAM32M_424
Compiling module xil_defaultlib.RAM32M_HD539
Compiling module xil_defaultlib.MB_RAM32M_425
Compiling module xil_defaultlib.RAM32M_HD540
Compiling module xil_defaultlib.MB_RAM32M_426
Compiling module xil_defaultlib.Register_File_gti
Compiling module xil_defaultlib.Shift_Logic_Module_gti
Compiling module xil_defaultlib.microblaze_v10_0_3_MB_MUXCY_302
Compiling module simprims_ver.GND
Compiling module simprims_ver.VCC
Compiling module xil_defaultlib.microblaze_v10_0_3_MB_MUXCY_303
Compiling module xil_defaultlib.MB_LUT6_2__parameterized1
Compiling module xil_defaultlib.microblaze_v10_0_3_MB_MUXCY_405
Compiling module xil_defaultlib.microblaze_v10_0_3_MB_MUXCY_408
Compiling module xil_defaultlib.microblaze_v10_0_3_MB_MUXCY_409
Compiling module xil_defaultlib.Zero_Detect_gti
Compiling module xil_defaultlib.microblaze_v10_0_3_MB_MUXCY_310
Compiling module xil_defaultlib.LUT6_2_HD541
Compiling module xil_defaultlib.MB_LUT6_2__parameterized5
Compiling module xil_defaultlib.microblaze_v10_0_3_MB_MUXCY_XORC...
Compiling module xil_defaultlib.MB_FDE
Compiling module xil_defaultlib.LUT6_2_HD542
Compiling module xil_defaultlib.MB_LUT6_2__parameterized5_312
Compiling module xil_defaultlib.microblaze_v10_0_3_MB_MUXCY_XORC...
Compiling module xil_defaultlib.MB_FDE_314
Compiling module xil_defaultlib.LUT6_2_HD543
Compiling module xil_defaultlib.MB_LUT6_2__parameterized5_315
Compiling module xil_defaultlib.microblaze_v10_0_3_MB_MUXCY_XORC...
Compiling module xil_defaultlib.MB_FDE_317
Compiling module xil_defaultlib.LUT6_2_HD544
Compiling module xil_defaultlib.MB_LUT6_2__parameterized5_318
Compiling module xil_defaultlib.microblaze_v10_0_3_MB_MUXCY_XORC...
Compiling module xil_defaultlib.MB_FDE_320
Compiling module xil_defaultlib.LUT6_2_HD545
Compiling module xil_defaultlib.MB_LUT6_2__parameterized5_321
Compiling module xil_defaultlib.microblaze_v10_0_3_MB_MUXCY_XORC...
Compiling module xil_defaultlib.MB_FDE_323
Compiling module xil_defaultlib.LUT6_2_HD546
Compiling module xil_defaultlib.MB_LUT6_2__parameterized5_324
Compiling module xil_defaultlib.microblaze_v10_0_3_MB_MUXCY_XORC...
Compiling module xil_defaultlib.MB_FDE_326
Compiling module xil_defaultlib.LUT6_2_HD547
Compiling module xil_defaultlib.MB_LUT6_2__parameterized5_327
Compiling module xil_defaultlib.microblaze_v10_0_3_MB_MUXCY_XORC...
Compiling module xil_defaultlib.MB_FDE_329
Compiling module xil_defaultlib.LUT6_2_HD548
Compiling module xil_defaultlib.MB_LUT6_2__parameterized5_330
Compiling module xil_defaultlib.microblaze_v10_0_3_MB_MUXCY_XORC...
Compiling module xil_defaultlib.MB_FDE_332
Compiling module xil_defaultlib.LUT6_2_HD549
Compiling module xil_defaultlib.MB_LUT6_2__parameterized5_333
Compiling module xil_defaultlib.microblaze_v10_0_3_MB_MUXCY_XORC...
Compiling module xil_defaultlib.MB_FDE_335
Compiling module xil_defaultlib.LUT6_2_HD550
Compiling module xil_defaultlib.MB_LUT6_2__parameterized5_336
Compiling module xil_defaultlib.microblaze_v10_0_3_MB_MUXCY_XORC...
Compiling module xil_defaultlib.MB_FDE_338
Compiling module xil_defaultlib.LUT6_2_HD551
Compiling module xil_defaultlib.MB_LUT6_2__parameterized5_339
Compiling module xil_defaultlib.microblaze_v10_0_3_MB_MUXCY_XORC...
Compiling module xil_defaultlib.MB_FDE_341
Compiling module xil_defaultlib.LUT6_2_HD552
Compiling module xil_defaultlib.MB_LUT6_2__parameterized5_342
Compiling module xil_defaultlib.microblaze_v10_0_3_MB_MUXCY_XORC...
Compiling module xil_defaultlib.MB_FDE_344
Compiling module xil_defaultlib.LUT6_2_HD553
Compiling module xil_defaultlib.MB_LUT6_2__parameterized5_345
Compiling module xil_defaultlib.microblaze_v10_0_3_MB_MUXCY_XORC...
Compiling module xil_defaultlib.MB_FDE_347
Compiling module xil_defaultlib.LUT6_2_HD554
Compiling module xil_defaultlib.MB_LUT6_2__parameterized5_348
Compiling module xil_defaultlib.microblaze_v10_0_3_MB_MUXCY_XORC...
Compiling module xil_defaultlib.MB_FDE_350
Compiling module xil_defaultlib.LUT6_2_HD555
Compiling module xil_defaultlib.MB_LUT6_2__parameterized5_351
Compiling module xil_defaultlib.microblaze_v10_0_3_MB_MUXCY_XORC...
Compiling module xil_defaultlib.MB_FDE_353
Compiling module xil_defaultlib.LUT6_2_HD556
Compiling module xil_defaultlib.MB_LUT6_2__parameterized5_354
Compiling module xil_defaultlib.microblaze_v10_0_3_MB_MUXCY_XORC...
Compiling module xil_defaultlib.MB_FDE_356
Compiling module xil_defaultlib.LUT6_2_HD557
Compiling module xil_defaultlib.MB_LUT6_2__parameterized5_357
Compiling module xil_defaultlib.microblaze_v10_0_3_MB_MUXCY_XORC...
Compiling module xil_defaultlib.MB_FDE_359
Compiling module xil_defaultlib.LUT6_2_HD558
Compiling module xil_defaultlib.MB_LUT6_2__parameterized5_360
Compiling module xil_defaultlib.microblaze_v10_0_3_MB_MUXCY_XORC...
Compiling module xil_defaultlib.MB_FDE_362
Compiling module xil_defaultlib.LUT6_2_HD559
Compiling module xil_defaultlib.MB_LUT6_2__parameterized5_363
Compiling module xil_defaultlib.microblaze_v10_0_3_MB_MUXCY_XORC...
Compiling module xil_defaultlib.MB_FDE_365
Compiling module xil_defaultlib.LUT6_2_HD560
Compiling module xil_defaultlib.MB_LUT6_2__parameterized5_366
Compiling module xil_defaultlib.microblaze_v10_0_3_MB_MUXCY_XORC...
Compiling module xil_defaultlib.MB_FDE_368
Compiling module xil_defaultlib.LUT6_2_HD561
Compiling module xil_defaultlib.MB_LUT6_2__parameterized5_369
Compiling module xil_defaultlib.microblaze_v10_0_3_MB_MUXCY_XORC...
Compiling module xil_defaultlib.MB_FDE_371
Compiling module xil_defaultlib.LUT6_2_HD562
Compiling module xil_defaultlib.MB_LUT6_2__parameterized5_372
Compiling module xil_defaultlib.microblaze_v10_0_3_MB_MUXCY_XORC...
Compiling module xil_defaultlib.MB_FDE_374
Compiling module xil_defaultlib.LUT6_2_HD563
Compiling module xil_defaultlib.MB_LUT6_2__parameterized5_375
Compiling module xil_defaultlib.microblaze_v10_0_3_MB_MUXCY_XORC...
Compiling module xil_defaultlib.MB_FDE_377
Compiling module xil_defaultlib.LUT6_2_HD564
Compiling module xil_defaultlib.MB_LUT6_2__parameterized5_378
Compiling module xil_defaultlib.microblaze_v10_0_3_MB_MUXCY_XORC...
Compiling module xil_defaultlib.MB_FDE_380
Compiling module xil_defaultlib.LUT6_2_HD565
Compiling module xil_defaultlib.MB_LUT6_2__parameterized5_381
Compiling module xil_defaultlib.microblaze_v10_0_3_MB_MUXCY_XORC...
Compiling module xil_defaultlib.MB_FDE_383
Compiling module xil_defaultlib.LUT6_2_HD566
Compiling module xil_defaultlib.MB_LUT6_2__parameterized5_384
Compiling module xil_defaultlib.microblaze_v10_0_3_MB_MUXCY_XORC...
Compiling module xil_defaultlib.MB_FDE_386
Compiling module xil_defaultlib.LUT6_2_HD567
Compiling module xil_defaultlib.MB_LUT6_2__parameterized5_387
Compiling module xil_defaultlib.microblaze_v10_0_3_MB_MUXCY_XORC...
Compiling module xil_defaultlib.MB_FDE_389
Compiling module xil_defaultlib.LUT6_2_HD568
Compiling module xil_defaultlib.MB_LUT6_2__parameterized5_390
Compiling module xil_defaultlib.microblaze_v10_0_3_MB_MUXCY_XORC...
Compiling module xil_defaultlib.MB_FDE_392
Compiling module xil_defaultlib.LUT6_2_HD569
Compiling module xil_defaultlib.MB_LUT6_2__parameterized5_393
Compiling module xil_defaultlib.microblaze_v10_0_3_MB_MUXCY_XORC...
Compiling module xil_defaultlib.MB_FDE_395
Compiling module xil_defaultlib.LUT6_2_HD570
Compiling module xil_defaultlib.MB_LUT6_2__parameterized5_396
Compiling module xil_defaultlib.microblaze_v10_0_3_MB_MUXCY_XORC...
Compiling module xil_defaultlib.MB_FDE_398
Compiling module xil_defaultlib.LUT6_2_HD571
Compiling module xil_defaultlib.MB_LUT6_2__parameterized5_399
Compiling module xil_defaultlib.microblaze_v10_0_3_MB_MUXCY_XORC...
Compiling module xil_defaultlib.MB_FDE_401
Compiling module xil_defaultlib.LUT6_2_HD572
Compiling module xil_defaultlib.MB_LUT6_2__parameterized5_402
Compiling module xil_defaultlib.microblaze_v10_0_3_MB_MUXCY_XORC...
Compiling module xil_defaultlib.MB_FDE_404
Compiling module xil_defaultlib.exception_registers_gti
Compiling module xil_defaultlib.MB_FDR_304
Compiling module xil_defaultlib.MB_FDR_305
Compiling module xil_defaultlib.MB_FDR_306
Compiling module xil_defaultlib.MB_FDR_307
Compiling module xil_defaultlib.MB_FDR_308
Compiling module xil_defaultlib.MB_FDR_309
Compiling module xil_defaultlib.msr_reg_gti
Compiling module xil_defaultlib.Data_Flow_gti
Compiling module xil_defaultlib.MB_FDR_209
Compiling module xil_defaultlib.microblaze_v10_0_3_MB_MUXF7_210
Compiling module xil_defaultlib.MB_FDR_211
Compiling module xil_defaultlib.microblaze_v10_0_3_MB_MUXF7_212
Compiling module xil_defaultlib.MB_FDR_213
Compiling module xil_defaultlib.microblaze_v10_0_3_MB_MUXF7_214
Compiling module xil_defaultlib.MB_FDR_215
Compiling module xil_defaultlib.microblaze_v10_0_3_MB_MUXF7_216
Compiling module xil_defaultlib.MB_FDR_217
Compiling module xil_defaultlib.microblaze_v10_0_3_MB_MUXF7_218
Compiling module xil_defaultlib.MB_FDR_219
Compiling module xil_defaultlib.microblaze_v10_0_3_MB_MUXF7_220
Compiling module xil_defaultlib.MB_FDR_221
Compiling module xil_defaultlib.microblaze_v10_0_3_MB_MUXF7_222
Compiling module xil_defaultlib.MB_FDR_223
Compiling module xil_defaultlib.microblaze_v10_0_3_MB_MUXF7_224
Compiling module xil_defaultlib.MB_FDR_225
Compiling module xil_defaultlib.microblaze_v10_0_3_MB_MUXF7_226
Compiling module xil_defaultlib.MB_FDR_227
Compiling module xil_defaultlib.microblaze_v10_0_3_MB_MUXF7_228
Compiling module xil_defaultlib.MB_FDR_229
Compiling module xil_defaultlib.microblaze_v10_0_3_MB_MUXF7_230
Compiling module xil_defaultlib.MB_FDR_231
Compiling module xil_defaultlib.microblaze_v10_0_3_MB_MUXF7_232
Compiling module xil_defaultlib.MB_FDR_233
Compiling module xil_defaultlib.microblaze_v10_0_3_MB_MUXF7_234
Compiling module xil_defaultlib.MB_FDR_235
Compiling module xil_defaultlib.microblaze_v10_0_3_MB_MUXF7_236
Compiling module xil_defaultlib.MB_FDR_237
Compiling module xil_defaultlib.microblaze_v10_0_3_MB_MUXF7_238
Compiling module xil_defaultlib.MB_FDR_239
Compiling module xil_defaultlib.microblaze_v10_0_3_MB_MUXF7_240
Compiling module xil_defaultlib.MB_FDR_241
Compiling module xil_defaultlib.microblaze_v10_0_3_MB_MUXF7_242
Compiling module xil_defaultlib.MB_FDR_243
Compiling module xil_defaultlib.microblaze_v10_0_3_MB_MUXF7_244
Compiling module xil_defaultlib.MB_FDR_245
Compiling module xil_defaultlib.microblaze_v10_0_3_MB_MUXF7_246
Compiling module xil_defaultlib.MB_FDR_247
Compiling module xil_defaultlib.microblaze_v10_0_3_MB_MUXF7_248
Compiling module xil_defaultlib.MB_FDR_249
Compiling module xil_defaultlib.microblaze_v10_0_3_MB_MUXF7_250
Compiling module xil_defaultlib.MB_FDR_251
Compiling module xil_defaultlib.microblaze_v10_0_3_MB_MUXF7_252
Compiling module xil_defaultlib.MB_FDR_253
Compiling module xil_defaultlib.microblaze_v10_0_3_MB_MUXF7_254
Compiling module xil_defaultlib.MB_FDR_255
Compiling module xil_defaultlib.microblaze_v10_0_3_MB_MUXF7_256
Compiling module xil_defaultlib.MB_FDR_257
Compiling module xil_defaultlib.microblaze_v10_0_3_MB_MUXF7_258
Compiling module xil_defaultlib.MB_FDR_259
Compiling module xil_defaultlib.microblaze_v10_0_3_MB_MUXF7_260
Compiling module xil_defaultlib.MB_FDR_261
Compiling module xil_defaultlib.microblaze_v10_0_3_MB_MUXF7_262
Compiling module xil_defaultlib.MB_FDR_263
Compiling module xil_defaultlib.microblaze_v10_0_3_MB_MUXF7_264
Compiling module xil_defaultlib.MB_FDR_265
Compiling module xil_defaultlib.microblaze_v10_0_3_MB_MUXF7_266
Compiling module xil_defaultlib.MB_FDR_267
Compiling module xil_defaultlib.microblaze_v10_0_3_MB_MUXF7_268
Compiling module xil_defaultlib.MB_FDR_269
Compiling module xil_defaultlib.microblaze_v10_0_3_MB_MUXF7_270
Compiling module xil_defaultlib.MB_FDR_271
Compiling module xil_defaultlib.microblaze_v10_0_3_MB_MUXF7_272
Compiling module xil_defaultlib.microblaze_v10_0_3_MB_MUXCY_XORC...
Compiling module xil_defaultlib.microblaze_v10_0_3_MB_MUXCY_XORC...
Compiling module xil_defaultlib.microblaze_v10_0_3_MB_MUXCY_XORC...
Compiling module xil_defaultlib.microblaze_v10_0_3_MB_MUXCY_XORC...
Compiling module xil_defaultlib.microblaze_v10_0_3_MB_MUXCY_XORC...
Compiling module xil_defaultlib.microblaze_v10_0_3_MB_MUXCY_XORC...
Compiling module xil_defaultlib.microblaze_v10_0_3_MB_MUXCY_XORC...
Compiling module xil_defaultlib.microblaze_v10_0_3_MB_MUXCY_XORC...
Compiling module xil_defaultlib.microblaze_v10_0_3_MB_MUXCY_XORC...
Compiling module xil_defaultlib.microblaze_v10_0_3_MB_MUXCY_XORC...
Compiling module xil_defaultlib.microblaze_v10_0_3_MB_MUXCY_XORC...
Compiling module xil_defaultlib.microblaze_v10_0_3_MB_MUXCY_XORC...
Compiling module xil_defaultlib.microblaze_v10_0_3_MB_MUXCY_XORC...
Compiling module xil_defaultlib.microblaze_v10_0_3_MB_MUXCY_XORC...
Compiling module xil_defaultlib.microblaze_v10_0_3_MB_MUXCY_XORC...
Compiling module xil_defaultlib.microblaze_v10_0_3_MB_MUXCY_XORC...
Compiling module xil_defaultlib.microblaze_v10_0_3_MB_MUXCY_XORC...
Compiling module xil_defaultlib.microblaze_v10_0_3_MB_MUXCY_XORC...
Compiling module xil_defaultlib.microblaze_v10_0_3_MB_MUXCY_XORC...
Compiling module xil_defaultlib.microblaze_v10_0_3_MB_MUXCY_XORC...
Compiling module xil_defaultlib.microblaze_v10_0_3_MB_MUXCY_XORC...
Compiling module xil_defaultlib.microblaze_v10_0_3_MB_MUXCY_XORC...
Compiling module xil_defaultlib.microblaze_v10_0_3_MB_MUXCY_XORC...
Compiling module xil_defaultlib.microblaze_v10_0_3_MB_MUXCY_XORC...
Compiling module xil_defaultlib.microblaze_v10_0_3_MB_MUXCY_XORC...
Compiling module xil_defaultlib.microblaze_v10_0_3_MB_MUXCY_XORC...
Compiling module xil_defaultlib.microblaze_v10_0_3_MB_MUXCY_XORC...
Compiling module xil_defaultlib.microblaze_v10_0_3_MB_MUXCY_XORC...
Compiling module xil_defaultlib.microblaze_v10_0_3_MB_MUXCY_XORC...
Compiling module xil_defaultlib.microblaze_v10_0_3_MB_MUXCY_XORC...
Compiling module xil_defaultlib.PC_Module_gti
Compiling module xil_defaultlib.MB_FDR_115
Compiling module xil_defaultlib.microblaze_v10_0_3_MB_LUT6
Compiling module xil_defaultlib.MB_FDR_116
Compiling module xil_defaultlib.microblaze_v10_0_3_MB_LUT6_117
Compiling module xil_defaultlib.MB_FDR_118
Compiling module xil_defaultlib.microblaze_v10_0_3_MB_LUT6_119
Compiling module xil_defaultlib.MB_FDR_120
Compiling module xil_defaultlib.microblaze_v10_0_3_MB_LUT6_121
Compiling module xil_defaultlib.microblaze_v10_0_3_MB_LUT6__para...
Compiling module xil_defaultlib.microblaze_v10_0_3_MB_MUXF7
Compiling module xil_defaultlib.MB_FDR_122
Compiling module xil_defaultlib.microblaze_v10_0_3_MB_MUXF7_123
Compiling module xil_defaultlib.MB_FDR_124
Compiling module xil_defaultlib.microblaze_v10_0_3_MB_MUXF7_125
Compiling module xil_defaultlib.MB_FDR_126
Compiling module xil_defaultlib.microblaze_v10_0_3_MB_MUXF7_127
Compiling module xil_defaultlib.MB_FDR_128
Compiling module xil_defaultlib.microblaze_v10_0_3_MB_MUXF7_129
Compiling module xil_defaultlib.MB_FDR_130
Compiling module xil_defaultlib.microblaze_v10_0_3_MB_MUXF7_131
Compiling module xil_defaultlib.MB_FDR_132
Compiling module xil_defaultlib.microblaze_v10_0_3_MB_MUXF7_133
Compiling module xil_defaultlib.MB_FDR_134
Compiling module xil_defaultlib.microblaze_v10_0_3_MB_MUXF7_135
Compiling module xil_defaultlib.MB_FDR_136
Compiling module xil_defaultlib.microblaze_v10_0_3_MB_MUXF7_137
Compiling module xil_defaultlib.MB_FDR_138
Compiling module xil_defaultlib.microblaze_v10_0_3_MB_MUXF7_139
Compiling module xil_defaultlib.MB_FDR_140
Compiling module xil_defaultlib.microblaze_v10_0_3_MB_MUXF7_141
Compiling module xil_defaultlib.MB_FDR_142
Compiling module xil_defaultlib.microblaze_v10_0_3_MB_MUXF7_143
Compiling module xil_defaultlib.MB_FDR_144
Compiling module xil_defaultlib.microblaze_v10_0_3_MB_MUXF7_145
Compiling module xil_defaultlib.MB_FDR_146
Compiling module xil_defaultlib.microblaze_v10_0_3_MB_MUXF7_147
Compiling module xil_defaultlib.MB_FDR_148
Compiling module xil_defaultlib.microblaze_v10_0_3_MB_MUXF7_149
Compiling module xil_defaultlib.MB_FDR_150
Compiling module xil_defaultlib.microblaze_v10_0_3_MB_MUXF7_151
Compiling module xil_defaultlib.MB_FDR_152
Compiling module xil_defaultlib.microblaze_v10_0_3_MB_MUXF7_153
Compiling module xil_defaultlib.MB_FDR_154
Compiling module xil_defaultlib.microblaze_v10_0_3_MB_MUXF7_155
Compiling module xil_defaultlib.MB_FDR_156
Compiling module xil_defaultlib.microblaze_v10_0_3_MB_MUXF7_157
Compiling module xil_defaultlib.MB_FDR_158
Compiling module xil_defaultlib.microblaze_v10_0_3_MB_MUXF7_159
Compiling module xil_defaultlib.MB_FDR_160
Compiling module xil_defaultlib.microblaze_v10_0_3_MB_MUXF7_161
Compiling module xil_defaultlib.MB_FDR_162
Compiling module xil_defaultlib.microblaze_v10_0_3_MB_MUXF7_163
Compiling module xil_defaultlib.MB_FDR_164
Compiling module xil_defaultlib.microblaze_v10_0_3_MB_MUXF7_165
Compiling module xil_defaultlib.MB_FDR_166
Compiling module xil_defaultlib.microblaze_v10_0_3_MB_MUXF7_167
Compiling module xil_defaultlib.MB_FDR_168
Compiling module xil_defaultlib.microblaze_v10_0_3_MB_MUXF7_169
Compiling module xil_defaultlib.MB_FDR_170
Compiling module xil_defaultlib.microblaze_v10_0_3_MB_MUXF7_171
Compiling module xil_defaultlib.MB_FDR_172
Compiling module xil_defaultlib.microblaze_v10_0_3_MB_MUXF7_173
Compiling module xil_defaultlib.MB_FDR_174
Compiling module xil_defaultlib.microblaze_v10_0_3_MB_MUXF7_175
Compiling module xil_defaultlib.MB_FDR_176
Compiling module xil_defaultlib.microblaze_v10_0_3_MB_MUXF7_177
Compiling module xil_defaultlib.MB_FDR_178
Compiling module xil_defaultlib.microblaze_v10_0_3_MB_MUXF7_179
Compiling module xil_defaultlib.MB_FDR_180
Compiling module xil_defaultlib.microblaze_v10_0_3_MB_MUXF7_181
Compiling module xil_defaultlib.MB_FDR_182
Compiling module xil_defaultlib.microblaze_v10_0_3_MB_MUXF7_183
Compiling module xil_defaultlib.MB_FDR_184
Compiling module xil_defaultlib.microblaze_v10_0_3_MB_MUXF7_185
Compiling module xil_defaultlib.MB_FDR_186
Compiling module xil_defaultlib.microblaze_v10_0_3_MB_MUXF7_187
Compiling module xil_defaultlib.MB_FDR_188
Compiling module xil_defaultlib.microblaze_v10_0_3_MB_MUXF7_189
Compiling module xil_defaultlib.MB_FDR_190
Compiling module xil_defaultlib.microblaze_v10_0_3_MB_MUXF7_191
Compiling module xil_defaultlib.MB_FDR_192
Compiling module xil_defaultlib.microblaze_v10_0_3_MB_MUXF7_193
Compiling module xil_defaultlib.MB_FDR_194
Compiling module xil_defaultlib.microblaze_v10_0_3_MB_MUXF7_195
Compiling module xil_defaultlib.MB_FDR_196
Compiling module xil_defaultlib.microblaze_v10_0_3_MB_MUXF7_197
Compiling module xil_defaultlib.MB_FDR_198
Compiling module xil_defaultlib.microblaze_v10_0_3_MB_MUXF7_199
Compiling module xil_defaultlib.MB_FDR_200
Compiling module xil_defaultlib.microblaze_v10_0_3_MB_MUXF7_201
Compiling module xil_defaultlib.MB_FDR_202
Compiling module xil_defaultlib.microblaze_v10_0_3_MB_MUXF7_203
Compiling module xil_defaultlib.MB_FDR_204
Compiling module xil_defaultlib.microblaze_v10_0_3_MB_MUXF7_205
Compiling module xil_defaultlib.MB_FDR_206
Compiling module xil_defaultlib.microblaze_v10_0_3_MB_MUXF7_207
Compiling module xil_defaultlib.MB_FDS
Compiling module xil_defaultlib.microblaze_v10_0_3_MB_LUT6__para...
Compiling module xil_defaultlib.microblaze_v10_0_3_MB_LUT6__para...
Compiling module xil_defaultlib.MB_FDR_208
Compiling module xil_defaultlib.PreFetch_Buffer_gti
Compiling module xil_defaultlib.microblaze_v10_0_3_MB_MUXCY_114
Compiling module xil_defaultlib.microblaze_v10_0_3_carry_and
Compiling module xil_defaultlib.microblaze_v10_0_3_MB_MUXCY_113
Compiling module xil_defaultlib.microblaze_v10_0_3_carry_and_59
Compiling module xil_defaultlib.microblaze_v10_0_3_MB_MUXCY_112
Compiling module xil_defaultlib.microblaze_v10_0_3_carry_and_60
Compiling module xil_defaultlib.microblaze_v10_0_3_MB_MUXCY_111
Compiling module xil_defaultlib.microblaze_v10_0_3_carry_and_61
Compiling module xil_defaultlib.microblaze_v10_0_3_MB_MUXCY_110
Compiling module xil_defaultlib.microblaze_v10_0_3_carry_and_62
Compiling module xil_defaultlib.microblaze_v10_0_3_MB_MUXCY_109
Compiling module xil_defaultlib.microblaze_v10_0_3_carry_and_63
Compiling module xil_defaultlib.microblaze_v10_0_3_MB_MUXCY_108
Compiling module xil_defaultlib.microblaze_v10_0_3_carry_and_64
Compiling module xil_defaultlib.microblaze_v10_0_3_MB_MUXCY_107
Compiling module xil_defaultlib.microblaze_v10_0_3_carry_and_65
Compiling module xil_defaultlib.microblaze_v10_0_3_MB_MUXCY_106
Compiling module xil_defaultlib.microblaze_v10_0_3_carry_and_66
Compiling module xil_defaultlib.microblaze_v10_0_3_MB_MUXCY_105
Compiling module xil_defaultlib.microblaze_v10_0_3_carry_and_67
Compiling module xil_defaultlib.microblaze_v10_0_3_MB_MUXCY_104
Compiling module xil_defaultlib.microblaze_v10_0_3_carry_and_68
Compiling module xil_defaultlib.microblaze_v10_0_3_MB_FDRE
Compiling module xil_defaultlib.microblaze_v10_0_3_MB_FDRE_69
Compiling module xil_defaultlib.microblaze_v10_0_3_MB_FDRE_70
Compiling module xil_defaultlib.microblaze_v10_0_3_MB_FDRE_71
Compiling module xil_defaultlib.microblaze_v10_0_3_MB_FDRE_72
Compiling module xil_defaultlib.microblaze_v10_0_3_MB_FDRE_73
Compiling module xil_defaultlib.microblaze_v10_0_3_MB_FDRE_74
Compiling module xil_defaultlib.microblaze_v10_0_3_MB_FDRE_75
Compiling module xil_defaultlib.microblaze_v10_0_3_MB_FDRE_76
Compiling module xil_defaultlib.microblaze_v10_0_3_MB_FDRE_77
Compiling module xil_defaultlib.MB_FDR
Compiling module xil_defaultlib.microblaze_v10_0_3_MB_LUT6__para...
Compiling module xil_defaultlib.microblaze_v10_0_3_MB_LUT6__para...
Compiling module xil_defaultlib.microblaze_v10_0_3_MB_LUT6__para...
Compiling module xil_defaultlib.microblaze_v10_0_3_MB_LUT6__para...
Compiling module xil_defaultlib.microblaze_v10_0_3_MB_LUT6__para...
Compiling module xil_defaultlib.microblaze_v10_0_3_MB_LUT6__para...
Compiling module xil_defaultlib.microblaze_v10_0_3_MB_LUT6__para...
Compiling module xil_defaultlib.microblaze_v10_0_3_MB_LUT6__para...
Compiling module xil_defaultlib.microblaze_v10_0_3_MB_LUT6__para...
Compiling module xil_defaultlib.microblaze_v10_0_3_MB_LUT6__para...
Compiling module xil_defaultlib.microblaze_v10_0_3_MB_LUT6__para...
Compiling module xil_defaultlib.microblaze_v10_0_3_MB_LUT6__para...
Compiling module xil_defaultlib.microblaze_v10_0_3_MB_MUXCY_103
Compiling module xil_defaultlib.microblaze_v10_0_3_carry_and_88
Compiling module xil_defaultlib.microblaze_v10_0_3_MB_MUXCY_102
Compiling module xil_defaultlib.microblaze_v10_0_3_carry_and_89
Compiling module xil_defaultlib.microblaze_v10_0_3_MB_MUXCY_101
Compiling module xil_defaultlib.microblaze_v10_0_3_carry_and_90
Compiling module xil_defaultlib.microblaze_v10_0_3_MB_MUXCY_95
Compiling module xil_defaultlib.microblaze_v10_0_3_MB_MUXCY_96
Compiling module xil_defaultlib.microblaze_v10_0_3_MB_MUXCY_97
Compiling module xil_defaultlib.microblaze_v10_0_3_MB_MUXCY_98
Compiling module xil_defaultlib.microblaze_v10_0_3_MB_MUXCY_99
Compiling module xil_defaultlib.microblaze_v10_0_3_MB_MUXCY_100
Compiling module xil_defaultlib.jump_logic
Compiling module xil_defaultlib.microblaze_v10_0_3_MB_MUXCY_94
Compiling module xil_defaultlib.microblaze_v10_0_3_carry_and_91
Compiling module xil_defaultlib.microblaze_v10_0_3_MB_MUXCY_93
Compiling module xil_defaultlib.microblaze_v10_0_3_carry_or_92
Compiling module xil_defaultlib.Decode_gti
Compiling module xil_defaultlib.DAXI_interface
Compiling module simprims_ver.AND2B1L
Compiling module xil_defaultlib.MB_AND2B1L
Compiling module xil_defaultlib.microblaze_v10_0_3_MB_SRL16E
Compiling module xil_defaultlib.microblaze_v10_0_3_MB_SRL16E__pa...
Compiling module xil_defaultlib.microblaze_v10_0_3_MB_SRL16E__pa...
Compiling module xil_defaultlib.microblaze_v10_0_3_MB_SRL16E__pa...
Compiling module xil_defaultlib.microblaze_v10_0_3_MB_SRL16E__pa...
Compiling module xil_defaultlib.microblaze_v10_0_3_MB_SRL16E__pa...
Compiling module xil_defaultlib.microblaze_v10_0_3_MB_SRL16E__pa...
Compiling module xil_defaultlib.microblaze_v10_0_3_MB_SRL16E__pa...
Compiling module xil_defaultlib.mb_sync_bit__parameterized2
Compiling module xil_defaultlib.mb_sync_bit__parameterized2_58
Compiling module xil_defaultlib.mb_sync_vec
Compiling module xil_defaultlib.mb_sync_bit__parameterized2_26
Compiling module xil_defaultlib.mb_sync_bit__parameterized2_27
Compiling module xil_defaultlib.mb_sync_bit_48
Compiling module xil_defaultlib.mb_sync_bit_49
Compiling module xil_defaultlib.mb_sync_bit_50
Compiling module xil_defaultlib.mb_sync_bit_51
Compiling module xil_defaultlib.mb_sync_bit_52
Compiling module xil_defaultlib.mb_sync_bit_53
Compiling module xil_defaultlib.mb_sync_bit_54
Compiling module xil_defaultlib.mb_sync_vec__parameterized1
Compiling module xil_defaultlib.mb_sync_bit__parameterized2_28
Compiling module xil_defaultlib.mb_sync_bit__parameterized2_29
Compiling module xil_defaultlib.microblaze_v10_0_3_MB_MUXCY_32
Compiling module xil_defaultlib.MB_SRLC16E
Compiling module xil_defaultlib.microblaze_v10_0_3_MB_MUXCY_33
Compiling module simprims_ver.SRLC16E_default
Compiling module xil_defaultlib.MB_SRLC16E_34
Compiling module xil_defaultlib.microblaze_v10_0_3_MB_MUXCY_35
Compiling module xil_defaultlib.MB_SRLC16E_36
Compiling module xil_defaultlib.microblaze_v10_0_3_MB_MUXCY_37
Compiling module xil_defaultlib.MB_SRLC16E_38
Compiling module xil_defaultlib.microblaze_v10_0_3_MB_MUXCY_39
Compiling module xil_defaultlib.MB_SRLC16E_40
Compiling module xil_defaultlib.microblaze_v10_0_3_MB_MUXCY_41
Compiling module xil_defaultlib.MB_SRLC16E_42
Compiling module xil_defaultlib.microblaze_v10_0_3_MB_MUXCY_43
Compiling module xil_defaultlib.MB_SRLC16E_44
Compiling module xil_defaultlib.microblaze_v10_0_3_MB_MUXCY_45
Compiling module xil_defaultlib.MB_SRLC16E_46
Compiling module xil_defaultlib.microblaze_v10_0_3_MB_MUXCY_47
Compiling module xil_defaultlib.address_hit
Compiling module xil_defaultlib.Debug
Compiling module xil_defaultlib.LUT6_2_HD573
Compiling module xil_defaultlib.MB_LUT6_2__parameterized3
Compiling module xil_defaultlib.LUT6_2_HD574
Compiling module xil_defaultlib.MB_LUT6_2__parameterized3_3
Compiling module xil_defaultlib.LUT6_2_HD575
Compiling module xil_defaultlib.MB_LUT6_2__parameterized3_4
Compiling module xil_defaultlib.LUT6_2_HD576
Compiling module xil_defaultlib.MB_LUT6_2__parameterized3_5
Compiling module xil_defaultlib.LUT6_2_HD577
Compiling module xil_defaultlib.MB_LUT6_2__parameterized3_6
Compiling module xil_defaultlib.LUT6_2_HD578
Compiling module xil_defaultlib.MB_LUT6_2__parameterized3_7
Compiling module xil_defaultlib.LUT6_2_HD579
Compiling module xil_defaultlib.MB_LUT6_2__parameterized3_8
Compiling module xil_defaultlib.LUT6_2_HD580
Compiling module xil_defaultlib.MB_LUT6_2__parameterized3_9
Compiling module xil_defaultlib.LUT6_2_HD581
Compiling module xil_defaultlib.MB_LUT6_2__parameterized3_10
Compiling module xil_defaultlib.LUT6_2_HD582
Compiling module xil_defaultlib.MB_LUT6_2__parameterized3_11
Compiling module xil_defaultlib.LUT6_2_HD583
Compiling module xil_defaultlib.MB_LUT6_2__parameterized3_12
Compiling module xil_defaultlib.LUT6_2_HD584
Compiling module xil_defaultlib.MB_LUT6_2__parameterized3_13
Compiling module xil_defaultlib.LUT6_2_HD585
Compiling module xil_defaultlib.MB_LUT6_2__parameterized3_14
Compiling module xil_defaultlib.LUT6_2_HD586
Compiling module xil_defaultlib.MB_LUT6_2__parameterized3_15
Compiling module xil_defaultlib.LUT6_2_HD587
Compiling module xil_defaultlib.MB_LUT6_2__parameterized3_16
Compiling module xil_defaultlib.LUT6_2_HD588
Compiling module xil_defaultlib.MB_LUT6_2__parameterized3_17
Compiling module xil_defaultlib.mux_bus
Compiling module xil_defaultlib.instr_mux
Compiling module xil_defaultlib.microblaze_v10_0_3_MB_MUXCY
Compiling module xil_defaultlib.microblaze_v10_0_3_carry_or
Compiling module xil_defaultlib.MicroBlaze_GTi
Compiling module xil_defaultlib.mb_sync_bit
Compiling module simprims_ver.FDRE(INIT=1'b1)
Compiling module xil_defaultlib.MicroBlaze_Core
Compiling module xil_defaultlib.MicroBlaze
Compiling module xil_defaultlib.design_gol_microblaze_0_0
Compiling module xil_defaultlib.lmb_bram_if_cntlr
Compiling module xil_defaultlib.design_gol_dlmb_bram_if_cntlr_0
Compiling module xil_defaultlib.lmb_v10__1
Compiling module xil_defaultlib.design_gol_dlmb_v10_0
Compiling module xil_defaultlib.lmb_bram_if_cntlr__parameterized...
Compiling module xil_defaultlib.design_gol_ilmb_bram_if_cntlr_0
Compiling module xil_defaultlib.lmb_v10
Compiling module xil_defaultlib.design_gol_ilmb_v10_0
Compiling module simprims_ver.RB36_INTERNAL_VLOG(DOA_REG=0,DOB...
Compiling module simprims_ver.RAMB36E1(READ_WIDTH_A=9,READ_WID...
Compiling module xil_defaultlib.blk_mem_gen_prim_wrapper
Compiling module xil_defaultlib.blk_mem_gen_prim_width
Compiling module xil_defaultlib.blk_mem_gen_prim_wrapper__parame...
Compiling module xil_defaultlib.blk_mem_gen_prim_width__paramete...
Compiling module xil_defaultlib.blk_mem_gen_prim_wrapper__parame...
Compiling module xil_defaultlib.blk_mem_gen_prim_width__paramete...
Compiling module simprims_ver.RB36_INTERNAL_VLOG(DOA_REG=0,DOB...
Compiling module simprims_ver.RAMB36E1(INIT_00=256'b010111000,...
Compiling module xil_defaultlib.blk_mem_gen_prim_wrapper__parame...
Compiling module xil_defaultlib.blk_mem_gen_prim_width__paramete...
Compiling module xil_defaultlib.blk_mem_gen_generic_cstr
Compiling module xil_defaultlib.blk_mem_gen_top
Compiling module xil_defaultlib.blk_mem_gen_v8_3_6_synth
Compiling module xil_defaultlib.blk_mem_gen_v8_3_6
Compiling module xil_defaultlib.design_gol_lmb_bram_0
Compiling module xil_defaultlib.microblaze_0_local_memory_imp_1G...
Compiling module xil_defaultlib.cdc_sync__parameterized0
Compiling module xil_defaultlib.lpf
Compiling module simprims_ver.FDSE(INIT=1'b0)
Compiling module xil_defaultlib.upcnt_n
Compiling module xil_defaultlib.sequence_psr
Compiling module xil_defaultlib.proc_sys_reset
Compiling module xil_defaultlib.design_gol_rst_clk_wiz_1_100M_0
Compiling module xil_defaultlib.design_gol
Compiling module simprims_ver.OBUF
Compiling module xil_defaultlib.design_gol_wrapper
Compiling module xil_defaultlib.glbl
Built simulation snapshot design_gol_wrapper_time_impl
