INFO: [VRFC 10-2263] Analyzing Verilog file "C:/Project/GameOfLife/prj/project_microblaze/project_microblaze.sim/sim_1/impl/timing/design_gol_wrapper_time_impl.v" into library xil_defaultlib
INFO: [VRFC 10-311] analyzing module LUT6_2_UNIQ_BASE_
INFO: [VRFC 10-311] analyzing module LUT6_2_HD496
INFO: [VRFC 10-311] analyzing module LUT6_2_HD497
INFO: [VRFC 10-311] analyzing module LUT6_2_HD498
INFO: [VRFC 10-311] analyzing module LUT6_2_HD499
INFO: [VRFC 10-311] analyzing module LUT6_2_HD500
INFO: [VRFC 10-311] analyzing module LUT6_2_HD501
INFO: [VRFC 10-311] analyzing module LUT6_2_HD502
INFO: [VRFC 10-311] analyzing module LUT6_2_HD503
INFO: [VRFC 10-311] analyzing module LUT6_2_HD504
INFO: [VRFC 10-311] analyzing module LUT6_2_HD505
INFO: [VRFC 10-311] analyzing module LUT6_2_HD506
INFO: [VRFC 10-311] analyzing module LUT6_2_HD507
INFO: [VRFC 10-311] analyzing module LUT6_2_HD508
INFO: [VRFC 10-311] analyzing module LUT6_2_HD509
INFO: [VRFC 10-311] analyzing module LUT6_2_HD510
INFO: [VRFC 10-311] analyzing module LUT6_2_HD511
INFO: [VRFC 10-311] analyzing module LUT6_2_HD512
INFO: [VRFC 10-311] analyzing module LUT6_2_HD513
INFO: [VRFC 10-311] analyzing module LUT6_2_HD514
INFO: [VRFC 10-311] analyzing module LUT6_2_HD515
INFO: [VRFC 10-311] analyzing module LUT6_2_HD516
INFO: [VRFC 10-311] analyzing module LUT6_2_HD517
INFO: [VRFC 10-311] analyzing module LUT6_2_HD518
INFO: [VRFC 10-311] analyzing module LUT6_2_HD519
INFO: [VRFC 10-311] analyzing module LUT6_2_HD520
INFO: [VRFC 10-311] analyzing module LUT6_2_HD521
INFO: [VRFC 10-311] analyzing module LUT6_2_HD522
INFO: [VRFC 10-311] analyzing module LUT6_2_HD523
INFO: [VRFC 10-311] analyzing module LUT6_2_HD524
INFO: [VRFC 10-311] analyzing module LUT6_2_HD525
INFO: [VRFC 10-311] analyzing module LUT6_2_HD541
INFO: [VRFC 10-311] analyzing module LUT6_2_HD542
INFO: [VRFC 10-311] analyzing module LUT6_2_HD543
INFO: [VRFC 10-311] analyzing module LUT6_2_HD544
INFO: [VRFC 10-311] analyzing module LUT6_2_HD545
INFO: [VRFC 10-311] analyzing module LUT6_2_HD546
INFO: [VRFC 10-311] analyzing module LUT6_2_HD547
INFO: [VRFC 10-311] analyzing module LUT6_2_HD548
INFO: [VRFC 10-311] analyzing module LUT6_2_HD549
INFO: [VRFC 10-311] analyzing module LUT6_2_HD550
INFO: [VRFC 10-311] analyzing module LUT6_2_HD551
INFO: [VRFC 10-311] analyzing module LUT6_2_HD552
INFO: [VRFC 10-311] analyzing module LUT6_2_HD553
INFO: [VRFC 10-311] analyzing module LUT6_2_HD554
INFO: [VRFC 10-311] analyzing module LUT6_2_HD555
INFO: [VRFC 10-311] analyzing module LUT6_2_HD556
INFO: [VRFC 10-311] analyzing module LUT6_2_HD557
INFO: [VRFC 10-311] analyzing module LUT6_2_HD558
INFO: [VRFC 10-311] analyzing module LUT6_2_HD559
INFO: [VRFC 10-311] analyzing module LUT6_2_HD560
INFO: [VRFC 10-311] analyzing module LUT6_2_HD561
INFO: [VRFC 10-311] analyzing module LUT6_2_HD562
INFO: [VRFC 10-311] analyzing module LUT6_2_HD563
INFO: [VRFC 10-311] analyzing module LUT6_2_HD564
INFO: [VRFC 10-311] analyzing module LUT6_2_HD565
INFO: [VRFC 10-311] analyzing module LUT6_2_HD566
INFO: [VRFC 10-311] analyzing module LUT6_2_HD567
INFO: [VRFC 10-311] analyzing module LUT6_2_HD568
INFO: [VRFC 10-311] analyzing module LUT6_2_HD569
INFO: [VRFC 10-311] analyzing module LUT6_2_HD570
INFO: [VRFC 10-311] analyzing module LUT6_2_HD571
INFO: [VRFC 10-311] analyzing module LUT6_2_HD572
INFO: [VRFC 10-311] analyzing module LUT6_2_HD573
INFO: [VRFC 10-311] analyzing module LUT6_2_HD574
INFO: [VRFC 10-311] analyzing module LUT6_2_HD575
INFO: [VRFC 10-311] analyzing module LUT6_2_HD576
INFO: [VRFC 10-311] analyzing module LUT6_2_HD577
INFO: [VRFC 10-311] analyzing module LUT6_2_HD578
INFO: [VRFC 10-311] analyzing module LUT6_2_HD579
INFO: [VRFC 10-311] analyzing module LUT6_2_HD580
INFO: [VRFC 10-311] analyzing module LUT6_2_HD581
INFO: [VRFC 10-311] analyzing module LUT6_2_HD582
INFO: [VRFC 10-311] analyzing module LUT6_2_HD583
INFO: [VRFC 10-311] analyzing module LUT6_2_HD584
INFO: [VRFC 10-311] analyzing module LUT6_2_HD585
INFO: [VRFC 10-311] analyzing module LUT6_2_HD586
INFO: [VRFC 10-311] analyzing module LUT6_2_HD587
INFO: [VRFC 10-311] analyzing module LUT6_2_HD588
INFO: [VRFC 10-311] analyzing module RAM32M_UNIQ_BASE_
INFO: [VRFC 10-311] analyzing module RAM32M_HD526
INFO: [VRFC 10-311] analyzing module RAM32M_HD527
INFO: [VRFC 10-311] analyzing module RAM32M_HD528
INFO: [VRFC 10-311] analyzing module RAM32M_HD529
INFO: [VRFC 10-311] analyzing module RAM32M_HD530
INFO: [VRFC 10-311] analyzing module RAM32M_HD531
INFO: [VRFC 10-311] analyzing module RAM32M_HD532
INFO: [VRFC 10-311] analyzing module RAM32M_HD533
INFO: [VRFC 10-311] analyzing module RAM32M_HD534
INFO: [VRFC 10-311] analyzing module RAM32M_HD535
INFO: [VRFC 10-311] analyzing module RAM32M_HD536
INFO: [VRFC 10-311] analyzing module RAM32M_HD537
INFO: [VRFC 10-311] analyzing module RAM32M_HD538
INFO: [VRFC 10-311] analyzing module RAM32M_HD539
INFO: [VRFC 10-311] analyzing module RAM32M_HD540
INFO: [VRFC 10-311] analyzing module JTAG_CONTROL
INFO: [VRFC 10-311] analyzing module MB_BSCANE2
INFO: [VRFC 10-311] analyzing module MB_BUFG
INFO: [VRFC 10-311] analyzing module MB_FDC_1
INFO: [VRFC 10-311] analyzing module MB_FDRE_1
INFO: [VRFC 10-311] analyzing module MDM
INFO: [VRFC 10-311] analyzing module MDM_Core
INFO: [VRFC 10-311] analyzing module address_decoder
INFO: [VRFC 10-311] analyzing module axi_crossbar_v2_1_14_addr_arbiter_sasd
INFO: [VRFC 10-311] analyzing module axi_crossbar_v2_1_14_axi_crossbar
INFO: [VRFC 10-311] analyzing module axi_crossbar_v2_1_14_crossbar_sasd
INFO: [VRFC 10-311] analyzing module axi_crossbar_v2_1_14_decerr_slave
INFO: [VRFC 10-311] analyzing module axi_crossbar_v2_1_14_splitter
INFO: [VRFC 10-311] analyzing module axi_crossbar_v2_1_14_splitter__parameterized0
INFO: [VRFC 10-311] analyzing module axi_lite_ipif
INFO: [VRFC 10-311] analyzing module axi_register_slice_v2_1_13_axic_register_slice
INFO: [VRFC 10-311] analyzing module axi_uartlite
INFO: [VRFC 10-311] analyzing module baudrate
INFO: [VRFC 10-311] analyzing module ca_core
INFO: [VRFC 10-311] analyzing module cdc_sync
INFO: [VRFC 10-311] analyzing module cdc_sync__parameterized0
INFO: [VRFC 10-311] analyzing module cell
INFO: [VRFC 10-311] analyzing module cell_585
INFO: [VRFC 10-311] analyzing module cell_586
INFO: [VRFC 10-311] analyzing module cell_587
INFO: [VRFC 10-311] analyzing module cell_588
INFO: [VRFC 10-311] analyzing module cell_589
INFO: [VRFC 10-311] analyzing module cell_590
INFO: [VRFC 10-311] analyzing module cell_591
INFO: [VRFC 10-311] analyzing module cell_592
INFO: [VRFC 10-311] analyzing module cell_593
INFO: [VRFC 10-311] analyzing module cell_594
INFO: [VRFC 10-311] analyzing module cell_595
INFO: [VRFC 10-311] analyzing module cell_596
INFO: [VRFC 10-311] analyzing module cell_597
INFO: [VRFC 10-311] analyzing module cell_598
INFO: [VRFC 10-311] analyzing module cell_599
INFO: [VRFC 10-311] analyzing module cell_600
INFO: [VRFC 10-311] analyzing module cell_601
INFO: [VRFC 10-311] analyzing module cell_602
INFO: [VRFC 10-311] analyzing module cell_603
INFO: [VRFC 10-311] analyzing module cell_604
INFO: [VRFC 10-311] analyzing module cell_605
INFO: [VRFC 10-311] analyzing module cell_606
INFO: [VRFC 10-311] analyzing module cell_607
INFO: [VRFC 10-311] analyzing module cell_608
INFO: [VRFC 10-311] analyzing module cell_609
INFO: [VRFC 10-311] analyzing module cell_610
INFO: [VRFC 10-311] analyzing module cell_611
INFO: [VRFC 10-311] analyzing module cell_612
INFO: [VRFC 10-311] analyzing module cell_613
INFO: [VRFC 10-311] analyzing module cell_614
INFO: [VRFC 10-311] analyzing module cell_615
INFO: [VRFC 10-311] analyzing module cell_616
INFO: [VRFC 10-311] analyzing module cell_617
INFO: [VRFC 10-311] analyzing module cell_618
INFO: [VRFC 10-311] analyzing module cell_619
INFO: [VRFC 10-311] analyzing module cell_620
INFO: [VRFC 10-311] analyzing module cell_621
INFO: [VRFC 10-311] analyzing module cell_622
INFO: [VRFC 10-311] analyzing module cell_623
INFO: [VRFC 10-311] analyzing module cell_624
INFO: [VRFC 10-311] analyzing module cell_625
INFO: [VRFC 10-311] analyzing module cell_626
INFO: [VRFC 10-311] analyzing module cell_627
INFO: [VRFC 10-311] analyzing module cell_628
INFO: [VRFC 10-311] analyzing module cell_629
INFO: [VRFC 10-311] analyzing module cell_630
INFO: [VRFC 10-311] analyzing module cell_631
INFO: [VRFC 10-311] analyzing module cell_632
INFO: [VRFC 10-311] analyzing module cell_633
INFO: [VRFC 10-311] analyzing module cell_634
INFO: [VRFC 10-311] analyzing module cell_635
INFO: [VRFC 10-311] analyzing module cell_636
INFO: [VRFC 10-311] analyzing module cell_637
INFO: [VRFC 10-311] analyzing module cell_638
INFO: [VRFC 10-311] analyzing module cell_639
INFO: [VRFC 10-311] analyzing module cell_640
INFO: [VRFC 10-311] analyzing module cell_641
INFO: [VRFC 10-311] analyzing module cell_642
INFO: [VRFC 10-311] analyzing module cell_643
INFO: [VRFC 10-311] analyzing module cell_644
INFO: [VRFC 10-311] analyzing module cell_645
INFO: [VRFC 10-311] analyzing module cell_646
INFO: [VRFC 10-311] analyzing module cell_647
INFO: [VRFC 10-311] analyzing module cell_648
INFO: [VRFC 10-311] analyzing module cell_649
INFO: [VRFC 10-311] analyzing module cell_650
INFO: [VRFC 10-311] analyzing module cell_651
INFO: [VRFC 10-311] analyzing module cell_652
INFO: [VRFC 10-311] analyzing module cell_653
INFO: [VRFC 10-311] analyzing module cell_654
INFO: [VRFC 10-311] analyzing module cell_655
INFO: [VRFC 10-311] analyzing module cell_656
INFO: [VRFC 10-311] analyzing module cell_657
INFO: [VRFC 10-311] analyzing module cell_658
INFO: [VRFC 10-311] analyzing module cell_659
INFO: [VRFC 10-311] analyzing module cell_660
INFO: [VRFC 10-311] analyzing module cell_661
INFO: [VRFC 10-311] analyzing module cell_662
INFO: [VRFC 10-311] analyzing module cell_663
INFO: [VRFC 10-311] analyzing module cell_664
INFO: [VRFC 10-311] analyzing module cell_665
INFO: [VRFC 10-311] analyzing module cell_666
INFO: [VRFC 10-311] analyzing module cell_667
INFO: [VRFC 10-311] analyzing module cell_668
INFO: [VRFC 10-311] analyzing module cell_669
INFO: [VRFC 10-311] analyzing module cell_670
INFO: [VRFC 10-311] analyzing module cell_671
INFO: [VRFC 10-311] analyzing module cell_672
INFO: [VRFC 10-311] analyzing module cell_673
INFO: [VRFC 10-311] analyzing module cell_674
INFO: [VRFC 10-311] analyzing module cell_675
INFO: [VRFC 10-311] analyzing module cell_676
INFO: [VRFC 10-311] analyzing module cell_677
INFO: [VRFC 10-311] analyzing module cell_678
INFO: [VRFC 10-311] analyzing module cell_679
INFO: [VRFC 10-311] analyzing module cell_680
INFO: [VRFC 10-311] analyzing module cell_681
INFO: [VRFC 10-311] analyzing module cell_682
INFO: [VRFC 10-311] analyzing module cell_683
INFO: [VRFC 10-311] analyzing module cell_684
INFO: [VRFC 10-311] analyzing module cell_685
INFO: [VRFC 10-311] analyzing module cell_686
INFO: [VRFC 10-311] analyzing module cell_687
INFO: [VRFC 10-311] analyzing module cell_688
INFO: [VRFC 10-311] analyzing module cell_689
INFO: [VRFC 10-311] analyzing module cell_690
INFO: [VRFC 10-311] analyzing module cell_691
INFO: [VRFC 10-311] analyzing module cell_692
INFO: [VRFC 10-311] analyzing module cell_693
INFO: [VRFC 10-311] analyzing module cell_694
INFO: [VRFC 10-311] analyzing module cell_695
INFO: [VRFC 10-311] analyzing module cell_696
INFO: [VRFC 10-311] analyzing module cell_697
INFO: [VRFC 10-311] analyzing module cell_698
INFO: [VRFC 10-311] analyzing module cell_699
INFO: [VRFC 10-311] analyzing module cell_700
INFO: [VRFC 10-311] analyzing module cell_701
INFO: [VRFC 10-311] analyzing module cell_702
INFO: [VRFC 10-311] analyzing module cell_703
INFO: [VRFC 10-311] analyzing module cell_704
INFO: [VRFC 10-311] analyzing module cell_705
INFO: [VRFC 10-311] analyzing module cell_706
INFO: [VRFC 10-311] analyzing module cell_707
INFO: [VRFC 10-311] analyzing module cell_708
INFO: [VRFC 10-311] analyzing module cell_709
INFO: [VRFC 10-311] analyzing module cell_710
INFO: [VRFC 10-311] analyzing module cell_711
INFO: [VRFC 10-311] analyzing module cell_712
INFO: [VRFC 10-311] analyzing module cell_713
INFO: [VRFC 10-311] analyzing module cell_714
INFO: [VRFC 10-311] analyzing module cell_715
INFO: [VRFC 10-311] analyzing module cell_716
INFO: [VRFC 10-311] analyzing module cell_717
INFO: [VRFC 10-311] analyzing module cell_718
INFO: [VRFC 10-311] analyzing module cell_719
INFO: [VRFC 10-311] analyzing module cell_720
INFO: [VRFC 10-311] analyzing module cell_721
INFO: [VRFC 10-311] analyzing module cell_722
INFO: [VRFC 10-311] analyzing module cell_723
INFO: [VRFC 10-311] analyzing module cell_724
INFO: [VRFC 10-311] analyzing module cell_725
INFO: [VRFC 10-311] analyzing module cell_726
INFO: [VRFC 10-311] analyzing module cell_727
INFO: [VRFC 10-311] analyzing module cell_728
INFO: [VRFC 10-311] analyzing module cell_729
INFO: [VRFC 10-311] analyzing module cell_730
INFO: [VRFC 10-311] analyzing module cell_731
INFO: [VRFC 10-311] analyzing module cell_732
INFO: [VRFC 10-311] analyzing module cell_733
INFO: [VRFC 10-311] analyzing module cell_734
INFO: [VRFC 10-311] analyzing module cell_735
INFO: [VRFC 10-311] analyzing module cell_736
INFO: [VRFC 10-311] analyzing module cell_737
INFO: [VRFC 10-311] analyzing module cell_738
INFO: [VRFC 10-311] analyzing module cell_739
INFO: [VRFC 10-311] analyzing module cell_740
INFO: [VRFC 10-311] analyzing module cell_741
INFO: [VRFC 10-311] analyzing module cell_742
INFO: [VRFC 10-311] analyzing module cell_743
INFO: [VRFC 10-311] analyzing module cell_744
INFO: [VRFC 10-311] analyzing module cell_745
INFO: [VRFC 10-311] analyzing module cell_746
INFO: [VRFC 10-311] analyzing module cell_747
INFO: [VRFC 10-311] analyzing module cell_748
INFO: [VRFC 10-311] analyzing module cell_749
INFO: [VRFC 10-311] analyzing module cell_750
INFO: [VRFC 10-311] analyzing module cell_751
INFO: [VRFC 10-311] analyzing module cell_752
INFO: [VRFC 10-311] analyzing module cell_753
INFO: [VRFC 10-311] analyzing module cell_754
INFO: [VRFC 10-311] analyzing module cell_755
INFO: [VRFC 10-311] analyzing module cell_756
INFO: [VRFC 10-311] analyzing module cell_757
INFO: [VRFC 10-311] analyzing module cell_758
INFO: [VRFC 10-311] analyzing module cell_759
INFO: [VRFC 10-311] analyzing module cell_760
INFO: [VRFC 10-311] analyzing module cell_761
INFO: [VRFC 10-311] analyzing module cell_762
INFO: [VRFC 10-311] analyzing module cell_763
INFO: [VRFC 10-311] analyzing module cell_764
INFO: [VRFC 10-311] analyzing module cell_765
INFO: [VRFC 10-311] analyzing module cell_766
INFO: [VRFC 10-311] analyzing module cell_767
INFO: [VRFC 10-311] analyzing module cell_768
INFO: [VRFC 10-311] analyzing module cell_769
INFO: [VRFC 10-311] analyzing module cell_770
INFO: [VRFC 10-311] analyzing module cell_771
INFO: [VRFC 10-311] analyzing module cell_772
INFO: [VRFC 10-311] analyzing module cell_773
INFO: [VRFC 10-311] analyzing module cell_774
INFO: [VRFC 10-311] analyzing module cell_775
INFO: [VRFC 10-311] analyzing module cell_776
INFO: [VRFC 10-311] analyzing module cell_777
INFO: [VRFC 10-311] analyzing module cell_778
INFO: [VRFC 10-311] analyzing module cell_779
INFO: [VRFC 10-311] analyzing module cell_780
INFO: [VRFC 10-311] analyzing module cell_781
INFO: [VRFC 10-311] analyzing module cell_782
INFO: [VRFC 10-311] analyzing module cell_783
INFO: [VRFC 10-311] analyzing module cell_784
INFO: [VRFC 10-311] analyzing module cell_785
INFO: [VRFC 10-311] analyzing module cell_786
INFO: [VRFC 10-311] analyzing module cell_787
INFO: [VRFC 10-311] analyzing module cell_788
INFO: [VRFC 10-311] analyzing module cell_789
INFO: [VRFC 10-311] analyzing module cell_790
INFO: [VRFC 10-311] analyzing module cell_791
INFO: [VRFC 10-311] analyzing module cell_792
INFO: [VRFC 10-311] analyzing module cell_793
INFO: [VRFC 10-311] analyzing module cell_794
INFO: [VRFC 10-311] analyzing module cell_795
INFO: [VRFC 10-311] analyzing module cell_796
INFO: [VRFC 10-311] analyzing module cell_797
INFO: [VRFC 10-311] analyzing module cell_798
INFO: [VRFC 10-311] analyzing module cell_799
INFO: [VRFC 10-311] analyzing module cntr_incr_decr_addn_f
INFO: [VRFC 10-311] analyzing module cntr_incr_decr_addn_f_802
INFO: [VRFC 10-311] analyzing module design_gol
INFO: [VRFC 10-311] analyzing module design_gol_axi_interconnect_0_0
INFO: [VRFC 10-311] analyzing module design_gol_axi_uartlite_0_0
INFO: [VRFC 10-311] analyzing module design_gol_clk_wiz_1_0
INFO: [VRFC 10-311] analyzing module design_gol_clk_wiz_1_0_clk_wiz
INFO: [VRFC 10-311] analyzing module design_gol_dlmb_bram_if_cntlr_0
INFO: [VRFC 10-311] analyzing module design_gol_dlmb_v10_0
INFO: [VRFC 10-311] analyzing module design_gol_game_of_life_0_1
INFO: [VRFC 10-311] analyzing module design_gol_ilmb_bram_if_cntlr_0
INFO: [VRFC 10-311] analyzing module design_gol_ilmb_v10_0
INFO: [VRFC 10-311] analyzing module design_gol_lmb_bram_0
INFO: [VRFC 10-311] analyzing module design_gol_mdm_1_0
INFO: [VRFC 10-311] analyzing module design_gol_microblaze_0_0
INFO: [VRFC 10-311] analyzing module design_gol_rst_clk_wiz_1_100M_0
INFO: [VRFC 10-311] analyzing module design_gol_wrapper
INFO: [VRFC 10-311] analyzing module design_gol_xbar_0
INFO: [VRFC 10-311] analyzing module dynshreg_f
INFO: [VRFC 10-311] analyzing module dynshreg_f_803
INFO: [VRFC 10-311] analyzing module dynshreg_i_f
INFO: [VRFC 10-311] analyzing module dynshreg_i_f__parameterized0
INFO: [VRFC 10-311] analyzing module game_of_life_v1_0
INFO: [VRFC 10-311] analyzing module grid
INFO: [VRFC 10-311] analyzing module lmb_bram_if_cntlr
INFO: [VRFC 10-311] analyzing module lmb_bram_if_cntlr__parameterized1
INFO: [VRFC 10-311] analyzing module lmb_v10
INFO: [VRFC 10-311] analyzing module lmb_v10__1
INFO: [VRFC 10-311] analyzing module lpf
INFO: [VRFC 10-311] analyzing module mdm_v3_2_10_MB_SRL16E
INFO: [VRFC 10-311] analyzing module mdm_v3_2_10_MB_SRL16E__parameterized0
INFO: [VRFC 10-311] analyzing module mdm_v3_2_10_MB_SRL16E__parameterized1
INFO: [VRFC 10-311] analyzing module mdm_v3_2_10_MB_SRL16E__parameterized2
INFO: [VRFC 10-311] analyzing module microblaze_0_local_memory_imp_1GIH4L3
INFO: [VRFC 10-311] analyzing module proc_sys_reset
INFO: [VRFC 10-311] analyzing module pselect_f
INFO: [VRFC 10-311] analyzing module pselect_f__parameterized1
INFO: [VRFC 10-311] analyzing module sequence_psr
INFO: [VRFC 10-311] analyzing module slave_attachment
INFO: [VRFC 10-311] analyzing module srl_fifo_f
INFO: [VRFC 10-311] analyzing module srl_fifo_f_800
INFO: [VRFC 10-311] analyzing module srl_fifo_rbu_f
INFO: [VRFC 10-311] analyzing module srl_fifo_rbu_f_801
INFO: [VRFC 10-311] analyzing module uartlite_core
INFO: [VRFC 10-311] analyzing module uartlite_rx
INFO: [VRFC 10-311] analyzing module uartlite_tx
INFO: [VRFC 10-311] analyzing module upcnt_n
INFO: [VRFC 10-311] analyzing module ALU
INFO: [VRFC 10-311] analyzing module ALU_Bit
INFO: [VRFC 10-311] analyzing module ALU_Bit_492
INFO: [VRFC 10-311] analyzing module ALU_Bit_493
INFO: [VRFC 10-311] analyzing module ALU_Bit_494
INFO: [VRFC 10-311] analyzing module ALU_Bit_495
INFO: [VRFC 10-311] analyzing module ALU_Bit_496
INFO: [VRFC 10-311] analyzing module ALU_Bit_497
INFO: [VRFC 10-311] analyzing module ALU_Bit_498
INFO: [VRFC 10-311] analyzing module ALU_Bit_499
INFO: [VRFC 10-311] analyzing module ALU_Bit_500
INFO: [VRFC 10-311] analyzing module ALU_Bit_501
INFO: [VRFC 10-311] analyzing module ALU_Bit_502
INFO: [VRFC 10-311] analyzing module ALU_Bit_503
INFO: [VRFC 10-311] analyzing module ALU_Bit_504
INFO: [VRFC 10-311] analyzing module ALU_Bit_505
INFO: [VRFC 10-311] analyzing module ALU_Bit_506
INFO: [VRFC 10-311] analyzing module ALU_Bit_507
INFO: [VRFC 10-311] analyzing module ALU_Bit_508
INFO: [VRFC 10-311] analyzing module ALU_Bit_509
INFO: [VRFC 10-311] analyzing module ALU_Bit_510
INFO: [VRFC 10-311] analyzing module ALU_Bit_511
INFO: [VRFC 10-311] analyzing module ALU_Bit_512
INFO: [VRFC 10-311] analyzing module ALU_Bit_513
INFO: [VRFC 10-311] analyzing module ALU_Bit_514
INFO: [VRFC 10-311] analyzing module ALU_Bit_515
INFO: [VRFC 10-311] analyzing module ALU_Bit_516
INFO: [VRFC 10-311] analyzing module ALU_Bit_517
INFO: [VRFC 10-311] analyzing module ALU_Bit_518
INFO: [VRFC 10-311] analyzing module ALU_Bit_519
INFO: [VRFC 10-311] analyzing module ALU_Bit_520
INFO: [VRFC 10-311] analyzing module ALU_Bit_521
INFO: [VRFC 10-311] analyzing module ALU_Bit__parameterized2
INFO: [VRFC 10-311] analyzing module Byte_Doublet_Handle_gti
INFO: [VRFC 10-311] analyzing module DAXI_interface
INFO: [VRFC 10-311] analyzing module Data_Flow_Logic
INFO: [VRFC 10-311] analyzing module Data_Flow_gti
INFO: [VRFC 10-311] analyzing module Debug
INFO: [VRFC 10-311] analyzing module Decode_gti
INFO: [VRFC 10-311] analyzing module MB_AND2B1L
INFO: [VRFC 10-311] analyzing module MB_FDE
INFO: [VRFC 10-311] analyzing module MB_FDE_314
INFO: [VRFC 10-311] analyzing module MB_FDE_317
INFO: [VRFC 10-311] analyzing module MB_FDE_320
INFO: [VRFC 10-311] analyzing module MB_FDE_323
INFO: [VRFC 10-311] analyzing module MB_FDE_326
INFO: [VRFC 10-311] analyzing module MB_FDE_329
INFO: [VRFC 10-311] analyzing module MB_FDE_332
INFO: [VRFC 10-311] analyzing module MB_FDE_335
INFO: [VRFC 10-311] analyzing module MB_FDE_338
INFO: [VRFC 10-311] analyzing module MB_FDE_341
INFO: [VRFC 10-311] analyzing module MB_FDE_344
INFO: [VRFC 10-311] analyzing module MB_FDE_347
INFO: [VRFC 10-311] analyzing module MB_FDE_350
INFO: [VRFC 10-311] analyzing module MB_FDE_353
INFO: [VRFC 10-311] analyzing module MB_FDE_356
INFO: [VRFC 10-311] analyzing module MB_FDE_359
INFO: [VRFC 10-311] analyzing module MB_FDE_362
INFO: [VRFC 10-311] analyzing module MB_FDE_365
INFO: [VRFC 10-311] analyzing module MB_FDE_368
INFO: [VRFC 10-311] analyzing module MB_FDE_371
INFO: [VRFC 10-311] analyzing module MB_FDE_374
INFO: [VRFC 10-311] analyzing module MB_FDE_377
INFO: [VRFC 10-311] analyzing module MB_FDE_380
INFO: [VRFC 10-311] analyzing module MB_FDE_383
INFO: [VRFC 10-311] analyzing module MB_FDE_386
INFO: [VRFC 10-311] analyzing module MB_FDE_389
INFO: [VRFC 10-311] analyzing module MB_FDE_392
INFO: [VRFC 10-311] analyzing module MB_FDE_395
INFO: [VRFC 10-311] analyzing module MB_FDE_398
INFO: [VRFC 10-311] analyzing module MB_FDE_401
INFO: [VRFC 10-311] analyzing module MB_FDE_404
INFO: [VRFC 10-311] analyzing module MB_FDR
INFO: [VRFC 10-311] analyzing module MB_FDR_115
INFO: [VRFC 10-311] analyzing module MB_FDR_116
INFO: [VRFC 10-311] analyzing module MB_FDR_118
INFO: [VRFC 10-311] analyzing module MB_FDR_120
INFO: [VRFC 10-311] analyzing module MB_FDR_122
INFO: [VRFC 10-311] analyzing module MB_FDR_124
INFO: [VRFC 10-311] analyzing module MB_FDR_126
INFO: [VRFC 10-311] analyzing module MB_FDR_128
INFO: [VRFC 10-311] analyzing module MB_FDR_130
INFO: [VRFC 10-311] analyzing module MB_FDR_132
INFO: [VRFC 10-311] analyzing module MB_FDR_134
INFO: [VRFC 10-311] analyzing module MB_FDR_136
INFO: [VRFC 10-311] analyzing module MB_FDR_138
INFO: [VRFC 10-311] analyzing module MB_FDR_140
INFO: [VRFC 10-311] analyzing module MB_FDR_142
INFO: [VRFC 10-311] analyzing module MB_FDR_144
INFO: [VRFC 10-311] analyzing module MB_FDR_146
INFO: [VRFC 10-311] analyzing module MB_FDR_148
INFO: [VRFC 10-311] analyzing module MB_FDR_150
INFO: [VRFC 10-311] analyzing module MB_FDR_152
INFO: [VRFC 10-311] analyzing module MB_FDR_154
INFO: [VRFC 10-311] analyzing module MB_FDR_156
INFO: [VRFC 10-311] analyzing module MB_FDR_158
INFO: [VRFC 10-311] analyzing module MB_FDR_160
INFO: [VRFC 10-311] analyzing module MB_FDR_162
INFO: [VRFC 10-311] analyzing module MB_FDR_164
INFO: [VRFC 10-311] analyzing module MB_FDR_166
INFO: [VRFC 10-311] analyzing module MB_FDR_168
INFO: [VRFC 10-311] analyzing module MB_FDR_170
INFO: [VRFC 10-311] analyzing module MB_FDR_172
INFO: [VRFC 10-311] analyzing module MB_FDR_174
INFO: [VRFC 10-311] analyzing module MB_FDR_176
INFO: [VRFC 10-311] analyzing module MB_FDR_178
INFO: [VRFC 10-311] analyzing module MB_FDR_180
INFO: [VRFC 10-311] analyzing module MB_FDR_182
INFO: [VRFC 10-311] analyzing module MB_FDR_184
INFO: [VRFC 10-311] analyzing module MB_FDR_186
INFO: [VRFC 10-311] analyzing module MB_FDR_188
INFO: [VRFC 10-311] analyzing module MB_FDR_190
INFO: [VRFC 10-311] analyzing module MB_FDR_192
INFO: [VRFC 10-311] analyzing module MB_FDR_194
INFO: [VRFC 10-311] analyzing module MB_FDR_196
INFO: [VRFC 10-311] analyzing module MB_FDR_198
INFO: [VRFC 10-311] analyzing module MB_FDR_200
INFO: [VRFC 10-311] analyzing module MB_FDR_202
INFO: [VRFC 10-311] analyzing module MB_FDR_204
INFO: [VRFC 10-311] analyzing module MB_FDR_206
INFO: [VRFC 10-311] analyzing module MB_FDR_208
INFO: [VRFC 10-311] analyzing module MB_FDR_209
INFO: [VRFC 10-311] analyzing module MB_FDR_211
INFO: [VRFC 10-311] analyzing module MB_FDR_213
INFO: [VRFC 10-311] analyzing module MB_FDR_215
INFO: [VRFC 10-311] analyzing module MB_FDR_217
INFO: [VRFC 10-311] analyzing module MB_FDR_219
INFO: [VRFC 10-311] analyzing module MB_FDR_221
INFO: [VRFC 10-311] analyzing module MB_FDR_223
INFO: [VRFC 10-311] analyzing module MB_FDR_225
INFO: [VRFC 10-311] analyzing module MB_FDR_227
INFO: [VRFC 10-311] analyzing module MB_FDR_229
INFO: [VRFC 10-311] analyzing module MB_FDR_231
INFO: [VRFC 10-311] analyzing module MB_FDR_233
INFO: [VRFC 10-311] analyzing module MB_FDR_235
INFO: [VRFC 10-311] analyzing module MB_FDR_237
INFO: [VRFC 10-311] analyzing module MB_FDR_239
INFO: [VRFC 10-311] analyzing module MB_FDR_241
INFO: [VRFC 10-311] analyzing module MB_FDR_243
INFO: [VRFC 10-311] analyzing module MB_FDR_245
INFO: [VRFC 10-311] analyzing module MB_FDR_247
INFO: [VRFC 10-311] analyzing module MB_FDR_249
INFO: [VRFC 10-311] analyzing module MB_FDR_251
INFO: [VRFC 10-311] analyzing module MB_FDR_253
INFO: [VRFC 10-311] analyzing module MB_FDR_255
INFO: [VRFC 10-311] analyzing module MB_FDR_257
INFO: [VRFC 10-311] analyzing module MB_FDR_259
INFO: [VRFC 10-311] analyzing module MB_FDR_261
INFO: [VRFC 10-311] analyzing module MB_FDR_263
INFO: [VRFC 10-311] analyzing module MB_FDR_265
INFO: [VRFC 10-311] analyzing module MB_FDR_267
INFO: [VRFC 10-311] analyzing module MB_FDR_269
INFO: [VRFC 10-311] analyzing module MB_FDR_271
INFO: [VRFC 10-311] analyzing module MB_FDR_304
INFO: [VRFC 10-311] analyzing module MB_FDR_305
INFO: [VRFC 10-311] analyzing module MB_FDR_306
INFO: [VRFC 10-311] analyzing module MB_FDR_307
INFO: [VRFC 10-311] analyzing module MB_FDR_308
INFO: [VRFC 10-311] analyzing module MB_FDR_309
INFO: [VRFC 10-311] analyzing module MB_FDS
INFO: [VRFC 10-311] analyzing module MB_LUT4
INFO: [VRFC 10-311] analyzing module MB_LUT6_2
INFO: [VRFC 10-311] analyzing module MB_LUT6_2_523
INFO: [VRFC 10-311] analyzing module MB_LUT6_2_525
INFO: [VRFC 10-311] analyzing module MB_LUT6_2_527
INFO: [VRFC 10-311] analyzing module MB_LUT6_2_529
INFO: [VRFC 10-311] analyzing module MB_LUT6_2_531
INFO: [VRFC 10-311] analyzing module MB_LUT6_2_533
INFO: [VRFC 10-311] analyzing module MB_LUT6_2_535
INFO: [VRFC 10-311] analyzing module MB_LUT6_2_537
INFO: [VRFC 10-311] analyzing module MB_LUT6_2_539
INFO: [VRFC 10-311] analyzing module MB_LUT6_2_541
INFO: [VRFC 10-311] analyzing module MB_LUT6_2_543
INFO: [VRFC 10-311] analyzing module MB_LUT6_2_545
INFO: [VRFC 10-311] analyzing module MB_LUT6_2_547
INFO: [VRFC 10-311] analyzing module MB_LUT6_2_549
INFO: [VRFC 10-311] analyzing module MB_LUT6_2_551
INFO: [VRFC 10-311] analyzing module MB_LUT6_2_553
INFO: [VRFC 10-311] analyzing module MB_LUT6_2_555
INFO: [VRFC 10-311] analyzing module MB_LUT6_2_557
INFO: [VRFC 10-311] analyzing module MB_LUT6_2_559
INFO: [VRFC 10-311] analyzing module MB_LUT6_2_561
INFO: [VRFC 10-311] analyzing module MB_LUT6_2_563
INFO: [VRFC 10-311] analyzing module MB_LUT6_2_565
INFO: [VRFC 10-311] analyzing module MB_LUT6_2_567
INFO: [VRFC 10-311] analyzing module MB_LUT6_2_569
INFO: [VRFC 10-311] analyzing module MB_LUT6_2_571
INFO: [VRFC 10-311] analyzing module MB_LUT6_2_573
INFO: [VRFC 10-311] analyzing module MB_LUT6_2_575
INFO: [VRFC 10-311] analyzing module MB_LUT6_2_577
INFO: [VRFC 10-311] analyzing module MB_LUT6_2_579
INFO: [VRFC 10-311] analyzing module MB_LUT6_2_581
INFO: [VRFC 10-311] analyzing module MB_LUT6_2__parameterized1
INFO: [VRFC 10-311] analyzing module MB_LUT6_2__parameterized3
INFO: [VRFC 10-311] analyzing module MB_LUT6_2__parameterized3_10
INFO: [VRFC 10-311] analyzing module MB_LUT6_2__parameterized3_11
INFO: [VRFC 10-311] analyzing module MB_LUT6_2__parameterized3_12
INFO: [VRFC 10-311] analyzing module MB_LUT6_2__parameterized3_13
INFO: [VRFC 10-311] analyzing module MB_LUT6_2__parameterized3_14
INFO: [VRFC 10-311] analyzing module MB_LUT6_2__parameterized3_15
INFO: [VRFC 10-311] analyzing module MB_LUT6_2__parameterized3_16
INFO: [VRFC 10-311] analyzing module MB_LUT6_2__parameterized3_17
INFO: [VRFC 10-311] analyzing module MB_LUT6_2__parameterized3_3
INFO: [VRFC 10-311] analyzing module MB_LUT6_2__parameterized3_4
INFO: [VRFC 10-311] analyzing module MB_LUT6_2__parameterized3_5
INFO: [VRFC 10-311] analyzing module MB_LUT6_2__parameterized3_6
INFO: [VRFC 10-311] analyzing module MB_LUT6_2__parameterized3_7
INFO: [VRFC 10-311] analyzing module MB_LUT6_2__parameterized3_8
INFO: [VRFC 10-311] analyzing module MB_LUT6_2__parameterized3_9
INFO: [VRFC 10-311] analyzing module MB_LUT6_2__parameterized5
INFO: [VRFC 10-311] analyzing module MB_LUT6_2__parameterized5_312
INFO: [VRFC 10-311] analyzing module MB_LUT6_2__parameterized5_315
INFO: [VRFC 10-311] analyzing module MB_LUT6_2__parameterized5_318
INFO: [VRFC 10-311] analyzing module MB_LUT6_2__parameterized5_321
INFO: [VRFC 10-311] analyzing module MB_LUT6_2__parameterized5_324
INFO: [VRFC 10-311] analyzing module MB_LUT6_2__parameterized5_327
INFO: [VRFC 10-311] analyzing module MB_LUT6_2__parameterized5_330
INFO: [VRFC 10-311] analyzing module MB_LUT6_2__parameterized5_333
INFO: [VRFC 10-311] analyzing module MB_LUT6_2__parameterized5_336
INFO: [VRFC 10-311] analyzing module MB_LUT6_2__parameterized5_339
INFO: [VRFC 10-311] analyzing module MB_LUT6_2__parameterized5_342
INFO: [VRFC 10-311] analyzing module MB_LUT6_2__parameterized5_345
INFO: [VRFC 10-311] analyzing module MB_LUT6_2__parameterized5_348
INFO: [VRFC 10-311] analyzing module MB_LUT6_2__parameterized5_351
INFO: [VRFC 10-311] analyzing module MB_LUT6_2__parameterized5_354
INFO: [VRFC 10-311] analyzing module MB_LUT6_2__parameterized5_357
INFO: [VRFC 10-311] analyzing module MB_LUT6_2__parameterized5_360
INFO: [VRFC 10-311] analyzing module MB_LUT6_2__parameterized5_363
INFO: [VRFC 10-311] analyzing module MB_LUT6_2__parameterized5_366
INFO: [VRFC 10-311] analyzing module MB_LUT6_2__parameterized5_369
INFO: [VRFC 10-311] analyzing module MB_LUT6_2__parameterized5_372
INFO: [VRFC 10-311] analyzing module MB_LUT6_2__parameterized5_375
INFO: [VRFC 10-311] analyzing module MB_LUT6_2__parameterized5_378
INFO: [VRFC 10-311] analyzing module MB_LUT6_2__parameterized5_381
INFO: [VRFC 10-311] analyzing module MB_LUT6_2__parameterized5_384
INFO: [VRFC 10-311] analyzing module MB_LUT6_2__parameterized5_387
INFO: [VRFC 10-311] analyzing module MB_LUT6_2__parameterized5_390
INFO: [VRFC 10-311] analyzing module MB_LUT6_2__parameterized5_393
INFO: [VRFC 10-311] analyzing module MB_LUT6_2__parameterized5_396
INFO: [VRFC 10-311] analyzing module MB_LUT6_2__parameterized5_399
INFO: [VRFC 10-311] analyzing module MB_LUT6_2__parameterized5_402
INFO: [VRFC 10-311] analyzing module MB_MULT_AND
INFO: [VRFC 10-311] analyzing module MB_RAM32M
INFO: [VRFC 10-311] analyzing module MB_RAM32M_412
INFO: [VRFC 10-311] analyzing module MB_RAM32M_413
INFO: [VRFC 10-311] analyzing module MB_RAM32M_414
INFO: [VRFC 10-311] analyzing module MB_RAM32M_415
INFO: [VRFC 10-311] analyzing module MB_RAM32M_416
INFO: [VRFC 10-311] analyzing module MB_RAM32M_417
INFO: [VRFC 10-311] analyzing module MB_RAM32M_418
INFO: [VRFC 10-311] analyzing module MB_RAM32M_419
INFO: [VRFC 10-311] analyzing module MB_RAM32M_420
INFO: [VRFC 10-311] analyzing module MB_RAM32M_421
INFO: [VRFC 10-311] analyzing module MB_RAM32M_422
INFO: [VRFC 10-311] analyzing module MB_RAM32M_423
INFO: [VRFC 10-311] analyzing module MB_RAM32M_424
INFO: [VRFC 10-311] analyzing module MB_RAM32M_425
INFO: [VRFC 10-311] analyzing module MB_RAM32M_426
INFO: [VRFC 10-311] analyzing module MB_SRLC16E
INFO: [VRFC 10-311] analyzing module MB_SRLC16E_34
INFO: [VRFC 10-311] analyzing module MB_SRLC16E_36
INFO: [VRFC 10-311] analyzing module MB_SRLC16E_38
INFO: [VRFC 10-311] analyzing module MB_SRLC16E_40
INFO: [VRFC 10-311] analyzing module MB_SRLC16E_42
INFO: [VRFC 10-311] analyzing module MB_SRLC16E_44
INFO: [VRFC 10-311] analyzing module MB_SRLC16E_46
INFO: [VRFC 10-311] analyzing module MicroBlaze
INFO: [VRFC 10-311] analyzing module MicroBlaze_Core
INFO: [VRFC 10-311] analyzing module MicroBlaze_GTi
INFO: [VRFC 10-311] analyzing module Operand_Select_gti
INFO: [VRFC 10-311] analyzing module PC_Module_gti
INFO: [VRFC 10-311] analyzing module PreFetch_Buffer_gti
INFO: [VRFC 10-311] analyzing module Register_File_gti
INFO: [VRFC 10-311] analyzing module Shift_Logic_Module_gti
INFO: [VRFC 10-311] analyzing module Zero_Detect_gti
INFO: [VRFC 10-311] analyzing module address_hit
INFO: [VRFC 10-311] analyzing module blk_mem_gen_generic_cstr
INFO: [VRFC 10-311] analyzing module blk_mem_gen_prim_width
INFO: [VRFC 10-311] analyzing module blk_mem_gen_prim_width__parameterized0
INFO: [VRFC 10-311] analyzing module blk_mem_gen_prim_width__parameterized1
INFO: [VRFC 10-311] analyzing module blk_mem_gen_prim_width__parameterized2
INFO: [VRFC 10-311] analyzing module blk_mem_gen_prim_wrapper
INFO: [VRFC 10-311] analyzing module blk_mem_gen_prim_wrapper__parameterized0
INFO: [VRFC 10-311] analyzing module blk_mem_gen_prim_wrapper__parameterized1
INFO: [VRFC 10-311] analyzing module blk_mem_gen_prim_wrapper__parameterized2
INFO: [VRFC 10-311] analyzing module blk_mem_gen_top
INFO: [VRFC 10-311] analyzing module blk_mem_gen_v8_3_6
INFO: [VRFC 10-311] analyzing module blk_mem_gen_v8_3_6_synth
INFO: [VRFC 10-311] analyzing module exception_registers_gti
INFO: [VRFC 10-311] analyzing module instr_mux
INFO: [VRFC 10-311] analyzing module jump_logic
INFO: [VRFC 10-311] analyzing module mb_sync_bit
INFO: [VRFC 10-311] analyzing module mb_sync_bit_48
INFO: [VRFC 10-311] analyzing module mb_sync_bit_49
INFO: [VRFC 10-311] analyzing module mb_sync_bit_50
INFO: [VRFC 10-311] analyzing module mb_sync_bit_51
INFO: [VRFC 10-311] analyzing module mb_sync_bit_52
INFO: [VRFC 10-311] analyzing module mb_sync_bit_53
INFO: [VRFC 10-311] analyzing module mb_sync_bit_54
INFO: [VRFC 10-311] analyzing module mb_sync_bit__parameterized2
INFO: [VRFC 10-311] analyzing module mb_sync_bit__parameterized2_26
INFO: [VRFC 10-311] analyzing module mb_sync_bit__parameterized2_27
INFO: [VRFC 10-311] analyzing module mb_sync_bit__parameterized2_28
INFO: [VRFC 10-311] analyzing module mb_sync_bit__parameterized2_29
INFO: [VRFC 10-311] analyzing module mb_sync_bit__parameterized2_58
INFO: [VRFC 10-311] analyzing module mb_sync_vec
INFO: [VRFC 10-311] analyzing module mb_sync_vec__parameterized1
INFO: [VRFC 10-311] analyzing module microblaze_v10_0_3_MB_FDRE
INFO: [VRFC 10-311] analyzing module microblaze_v10_0_3_MB_FDRE_459
INFO: [VRFC 10-311] analyzing module microblaze_v10_0_3_MB_FDRE_460
INFO: [VRFC 10-311] analyzing module microblaze_v10_0_3_MB_FDRE_461
INFO: [VRFC 10-311] analyzing module microblaze_v10_0_3_MB_FDRE_462
INFO: [VRFC 10-311] analyzing module microblaze_v10_0_3_MB_FDRE_463
INFO: [VRFC 10-311] analyzing module microblaze_v10_0_3_MB_FDRE_464
INFO: [VRFC 10-311] analyzing module microblaze_v10_0_3_MB_FDRE_465
INFO: [VRFC 10-311] analyzing module microblaze_v10_0_3_MB_FDRE_466
INFO: [VRFC 10-311] analyzing module microblaze_v10_0_3_MB_FDRE_467
INFO: [VRFC 10-311] analyzing module microblaze_v10_0_3_MB_FDRE_468
INFO: [VRFC 10-311] analyzing module microblaze_v10_0_3_MB_FDRE_469
INFO: [VRFC 10-311] analyzing module microblaze_v10_0_3_MB_FDRE_470
INFO: [VRFC 10-311] analyzing module microblaze_v10_0_3_MB_FDRE_471
INFO: [VRFC 10-311] analyzing module microblaze_v10_0_3_MB_FDRE_472
INFO: [VRFC 10-311] analyzing module microblaze_v10_0_3_MB_FDRE_473
INFO: [VRFC 10-311] analyzing module microblaze_v10_0_3_MB_FDRE_474
INFO: [VRFC 10-311] analyzing module microblaze_v10_0_3_MB_FDRE_475
INFO: [VRFC 10-311] analyzing module microblaze_v10_0_3_MB_FDRE_476
INFO: [VRFC 10-311] analyzing module microblaze_v10_0_3_MB_FDRE_477
INFO: [VRFC 10-311] analyzing module microblaze_v10_0_3_MB_FDRE_478
INFO: [VRFC 10-311] analyzing module microblaze_v10_0_3_MB_FDRE_479
INFO: [VRFC 10-311] analyzing module microblaze_v10_0_3_MB_FDRE_480
INFO: [VRFC 10-311] analyzing module microblaze_v10_0_3_MB_FDRE_481
INFO: [VRFC 10-311] analyzing module microblaze_v10_0_3_MB_FDRE_482
INFO: [VRFC 10-311] analyzing module microblaze_v10_0_3_MB_FDRE_483
INFO: [VRFC 10-311] analyzing module microblaze_v10_0_3_MB_FDRE_484
INFO: [VRFC 10-311] analyzing module microblaze_v10_0_3_MB_FDRE_485
INFO: [VRFC 10-311] analyzing module microblaze_v10_0_3_MB_FDRE_486
INFO: [VRFC 10-311] analyzing module microblaze_v10_0_3_MB_FDRE_487
INFO: [VRFC 10-311] analyzing module microblaze_v10_0_3_MB_FDRE_488
INFO: [VRFC 10-311] analyzing module microblaze_v10_0_3_MB_FDRE_489
INFO: [VRFC 10-311] analyzing module microblaze_v10_0_3_MB_FDRE_490
INFO: [VRFC 10-311] analyzing module microblaze_v10_0_3_MB_FDRE_69
INFO: [VRFC 10-311] analyzing module microblaze_v10_0_3_MB_FDRE_70
INFO: [VRFC 10-311] analyzing module microblaze_v10_0_3_MB_FDRE_71
INFO: [VRFC 10-311] analyzing module microblaze_v10_0_3_MB_FDRE_72
INFO: [VRFC 10-311] analyzing module microblaze_v10_0_3_MB_FDRE_73
INFO: [VRFC 10-311] analyzing module microblaze_v10_0_3_MB_FDRE_74
INFO: [VRFC 10-311] analyzing module microblaze_v10_0_3_MB_FDRE_75
INFO: [VRFC 10-311] analyzing module microblaze_v10_0_3_MB_FDRE_76
INFO: [VRFC 10-311] analyzing module microblaze_v10_0_3_MB_FDRE_77
INFO: [VRFC 10-311] analyzing module microblaze_v10_0_3_MB_LUT6
INFO: [VRFC 10-311] analyzing module microblaze_v10_0_3_MB_LUT6_117
INFO: [VRFC 10-311] analyzing module microblaze_v10_0_3_MB_LUT6_119
INFO: [VRFC 10-311] analyzing module microblaze_v10_0_3_MB_LUT6_121
INFO: [VRFC 10-311] analyzing module microblaze_v10_0_3_MB_LUT6__parameterized0
INFO: [VRFC 10-311] analyzing module microblaze_v10_0_3_MB_LUT6__parameterized1
INFO: [VRFC 10-311] analyzing module microblaze_v10_0_3_MB_LUT6__parameterized2
INFO: [VRFC 10-311] analyzing module microblaze_v10_0_3_MB_LUT6__parameterized3
INFO: [VRFC 10-311] analyzing module microblaze_v10_0_3_MB_LUT6__parameterized3_78
INFO: [VRFC 10-311] analyzing module microblaze_v10_0_3_MB_LUT6__parameterized3_80
INFO: [VRFC 10-311] analyzing module microblaze_v10_0_3_MB_LUT6__parameterized3_82
INFO: [VRFC 10-311] analyzing module microblaze_v10_0_3_MB_LUT6__parameterized3_84
INFO: [VRFC 10-311] analyzing module microblaze_v10_0_3_MB_LUT6__parameterized3_86
INFO: [VRFC 10-311] analyzing module microblaze_v10_0_3_MB_LUT6__parameterized4
INFO: [VRFC 10-311] analyzing module microblaze_v10_0_3_MB_LUT6__parameterized4_79
INFO: [VRFC 10-311] analyzing module microblaze_v10_0_3_MB_LUT6__parameterized4_81
INFO: [VRFC 10-311] analyzing module microblaze_v10_0_3_MB_LUT6__parameterized4_83
INFO: [VRFC 10-311] analyzing module microblaze_v10_0_3_MB_LUT6__parameterized4_85
INFO: [VRFC 10-311] analyzing module microblaze_v10_0_3_MB_LUT6__parameterized4_87
INFO: [VRFC 10-311] analyzing module microblaze_v10_0_3_MB_LUT6__parameterized5
INFO: [VRFC 10-311] analyzing module microblaze_v10_0_3_MB_MUXCY
INFO: [VRFC 10-311] analyzing module microblaze_v10_0_3_MB_MUXCY_100
INFO: [VRFC 10-311] analyzing module microblaze_v10_0_3_MB_MUXCY_101
INFO: [VRFC 10-311] analyzing module microblaze_v10_0_3_MB_MUXCY_102
INFO: [VRFC 10-311] analyzing module microblaze_v10_0_3_MB_MUXCY_103
INFO: [VRFC 10-311] analyzing module microblaze_v10_0_3_MB_MUXCY_104
INFO: [VRFC 10-311] analyzing module microblaze_v10_0_3_MB_MUXCY_105
INFO: [VRFC 10-311] analyzing module microblaze_v10_0_3_MB_MUXCY_106
INFO: [VRFC 10-311] analyzing module microblaze_v10_0_3_MB_MUXCY_107
INFO: [VRFC 10-311] analyzing module microblaze_v10_0_3_MB_MUXCY_108
INFO: [VRFC 10-311] analyzing module microblaze_v10_0_3_MB_MUXCY_109
INFO: [VRFC 10-311] analyzing module microblaze_v10_0_3_MB_MUXCY_110
INFO: [VRFC 10-311] analyzing module microblaze_v10_0_3_MB_MUXCY_111
INFO: [VRFC 10-311] analyzing module microblaze_v10_0_3_MB_MUXCY_112
INFO: [VRFC 10-311] analyzing module microblaze_v10_0_3_MB_MUXCY_113
INFO: [VRFC 10-311] analyzing module microblaze_v10_0_3_MB_MUXCY_114
INFO: [VRFC 10-311] analyzing module microblaze_v10_0_3_MB_MUXCY_302
INFO: [VRFC 10-311] analyzing module microblaze_v10_0_3_MB_MUXCY_303
INFO: [VRFC 10-311] analyzing module microblaze_v10_0_3_MB_MUXCY_310
INFO: [VRFC 10-311] analyzing module microblaze_v10_0_3_MB_MUXCY_32
INFO: [VRFC 10-311] analyzing module microblaze_v10_0_3_MB_MUXCY_33
INFO: [VRFC 10-311] analyzing module microblaze_v10_0_3_MB_MUXCY_35
INFO: [VRFC 10-311] analyzing module microblaze_v10_0_3_MB_MUXCY_37
INFO: [VRFC 10-311] analyzing module microblaze_v10_0_3_MB_MUXCY_39
INFO: [VRFC 10-311] analyzing module microblaze_v10_0_3_MB_MUXCY_405
INFO: [VRFC 10-311] analyzing module microblaze_v10_0_3_MB_MUXCY_408
INFO: [VRFC 10-311] analyzing module microblaze_v10_0_3_MB_MUXCY_409
INFO: [VRFC 10-311] analyzing module microblaze_v10_0_3_MB_MUXCY_41
INFO: [VRFC 10-311] analyzing module microblaze_v10_0_3_MB_MUXCY_43
INFO: [VRFC 10-311] analyzing module microblaze_v10_0_3_MB_MUXCY_45
INFO: [VRFC 10-311] analyzing module microblaze_v10_0_3_MB_MUXCY_47
INFO: [VRFC 10-311] analyzing module microblaze_v10_0_3_MB_MUXCY_93
INFO: [VRFC 10-311] analyzing module microblaze_v10_0_3_MB_MUXCY_94
INFO: [VRFC 10-311] analyzing module microblaze_v10_0_3_MB_MUXCY_95
INFO: [VRFC 10-311] analyzing module microblaze_v10_0_3_MB_MUXCY_96
INFO: [VRFC 10-311] analyzing module microblaze_v10_0_3_MB_MUXCY_97
INFO: [VRFC 10-311] analyzing module microblaze_v10_0_3_MB_MUXCY_98
INFO: [VRFC 10-311] analyzing module microblaze_v10_0_3_MB_MUXCY_99
INFO: [VRFC 10-311] analyzing module microblaze_v10_0_3_MB_MUXCY_XORCY
INFO: [VRFC 10-311] analyzing module microblaze_v10_0_3_MB_MUXCY_XORCY_273
INFO: [VRFC 10-311] analyzing module microblaze_v10_0_3_MB_MUXCY_XORCY_274
INFO: [VRFC 10-311] analyzing module microblaze_v10_0_3_MB_MUXCY_XORCY_275
INFO: [VRFC 10-311] analyzing module microblaze_v10_0_3_MB_MUXCY_XORCY_276
INFO: [VRFC 10-311] analyzing module microblaze_v10_0_3_MB_MUXCY_XORCY_277
INFO: [VRFC 10-311] analyzing module microblaze_v10_0_3_MB_MUXCY_XORCY_278
INFO: [VRFC 10-311] analyzing module microblaze_v10_0_3_MB_MUXCY_XORCY_279
INFO: [VRFC 10-311] analyzing module microblaze_v10_0_3_MB_MUXCY_XORCY_280
INFO: [VRFC 10-311] analyzing module microblaze_v10_0_3_MB_MUXCY_XORCY_281
INFO: [VRFC 10-311] analyzing module microblaze_v10_0_3_MB_MUXCY_XORCY_282
INFO: [VRFC 10-311] analyzing module microblaze_v10_0_3_MB_MUXCY_XORCY_283
INFO: [VRFC 10-311] analyzing module microblaze_v10_0_3_MB_MUXCY_XORCY_284
INFO: [VRFC 10-311] analyzing module microblaze_v10_0_3_MB_MUXCY_XORCY_285
INFO: [VRFC 10-311] analyzing module microblaze_v10_0_3_MB_MUXCY_XORCY_286
INFO: [VRFC 10-311] analyzing module microblaze_v10_0_3_MB_MUXCY_XORCY_287
INFO: [VRFC 10-311] analyzing module microblaze_v10_0_3_MB_MUXCY_XORCY_288
INFO: [VRFC 10-311] analyzing module microblaze_v10_0_3_MB_MUXCY_XORCY_289
INFO: [VRFC 10-311] analyzing module microblaze_v10_0_3_MB_MUXCY_XORCY_290
INFO: [VRFC 10-311] analyzing module microblaze_v10_0_3_MB_MUXCY_XORCY_291
INFO: [VRFC 10-311] analyzing module microblaze_v10_0_3_MB_MUXCY_XORCY_292
INFO: [VRFC 10-311] analyzing module microblaze_v10_0_3_MB_MUXCY_XORCY_293
INFO: [VRFC 10-311] analyzing module microblaze_v10_0_3_MB_MUXCY_XORCY_294
INFO: [VRFC 10-311] analyzing module microblaze_v10_0_3_MB_MUXCY_XORCY_295
INFO: [VRFC 10-311] analyzing module microblaze_v10_0_3_MB_MUXCY_XORCY_296
INFO: [VRFC 10-311] analyzing module microblaze_v10_0_3_MB_MUXCY_XORCY_297
INFO: [VRFC 10-311] analyzing module microblaze_v10_0_3_MB_MUXCY_XORCY_298
INFO: [VRFC 10-311] analyzing module microblaze_v10_0_3_MB_MUXCY_XORCY_299
INFO: [VRFC 10-311] analyzing module microblaze_v10_0_3_MB_MUXCY_XORCY_300
INFO: [VRFC 10-311] analyzing module microblaze_v10_0_3_MB_MUXCY_XORCY_301
INFO: [VRFC 10-311] analyzing module microblaze_v10_0_3_MB_MUXCY_XORCY_311
INFO: [VRFC 10-311] analyzing module microblaze_v10_0_3_MB_MUXCY_XORCY_313
INFO: [VRFC 10-311] analyzing module microblaze_v10_0_3_MB_MUXCY_XORCY_316
INFO: [VRFC 10-311] analyzing module microblaze_v10_0_3_MB_MUXCY_XORCY_319
INFO: [VRFC 10-311] analyzing module microblaze_v10_0_3_MB_MUXCY_XORCY_322
INFO: [VRFC 10-311] analyzing module microblaze_v10_0_3_MB_MUXCY_XORCY_325
INFO: [VRFC 10-311] analyzing module microblaze_v10_0_3_MB_MUXCY_XORCY_328
INFO: [VRFC 10-311] analyzing module microblaze_v10_0_3_MB_MUXCY_XORCY_331
INFO: [VRFC 10-311] analyzing module microblaze_v10_0_3_MB_MUXCY_XORCY_334
INFO: [VRFC 10-311] analyzing module microblaze_v10_0_3_MB_MUXCY_XORCY_337
INFO: [VRFC 10-311] analyzing module microblaze_v10_0_3_MB_MUXCY_XORCY_340
INFO: [VRFC 10-311] analyzing module microblaze_v10_0_3_MB_MUXCY_XORCY_343
INFO: [VRFC 10-311] analyzing module microblaze_v10_0_3_MB_MUXCY_XORCY_346
INFO: [VRFC 10-311] analyzing module microblaze_v10_0_3_MB_MUXCY_XORCY_349
INFO: [VRFC 10-311] analyzing module microblaze_v10_0_3_MB_MUXCY_XORCY_352
INFO: [VRFC 10-311] analyzing module microblaze_v10_0_3_MB_MUXCY_XORCY_355
INFO: [VRFC 10-311] analyzing module microblaze_v10_0_3_MB_MUXCY_XORCY_358
INFO: [VRFC 10-311] analyzing module microblaze_v10_0_3_MB_MUXCY_XORCY_361
INFO: [VRFC 10-311] analyzing module microblaze_v10_0_3_MB_MUXCY_XORCY_364
INFO: [VRFC 10-311] analyzing module microblaze_v10_0_3_MB_MUXCY_XORCY_367
INFO: [VRFC 10-311] analyzing module microblaze_v10_0_3_MB_MUXCY_XORCY_370
INFO: [VRFC 10-311] analyzing module microblaze_v10_0_3_MB_MUXCY_XORCY_373
INFO: [VRFC 10-311] analyzing module microblaze_v10_0_3_MB_MUXCY_XORCY_376
INFO: [VRFC 10-311] analyzing module microblaze_v10_0_3_MB_MUXCY_XORCY_379
INFO: [VRFC 10-311] analyzing module microblaze_v10_0_3_MB_MUXCY_XORCY_382
INFO: [VRFC 10-311] analyzing module microblaze_v10_0_3_MB_MUXCY_XORCY_385
INFO: [VRFC 10-311] analyzing module microblaze_v10_0_3_MB_MUXCY_XORCY_388
INFO: [VRFC 10-311] analyzing module microblaze_v10_0_3_MB_MUXCY_XORCY_391
INFO: [VRFC 10-311] analyzing module microblaze_v10_0_3_MB_MUXCY_XORCY_394
INFO: [VRFC 10-311] analyzing module microblaze_v10_0_3_MB_MUXCY_XORCY_397
INFO: [VRFC 10-311] analyzing module microblaze_v10_0_3_MB_MUXCY_XORCY_400
INFO: [VRFC 10-311] analyzing module microblaze_v10_0_3_MB_MUXCY_XORCY_403
INFO: [VRFC 10-311] analyzing module microblaze_v10_0_3_MB_MUXCY_XORCY_522
INFO: [VRFC 10-311] analyzing module microblaze_v10_0_3_MB_MUXCY_XORCY_524
INFO: [VRFC 10-311] analyzing module microblaze_v10_0_3_MB_MUXCY_XORCY_526
INFO: [VRFC 10-311] analyzing module microblaze_v10_0_3_MB_MUXCY_XORCY_528
INFO: [VRFC 10-311] analyzing module microblaze_v10_0_3_MB_MUXCY_XORCY_530
INFO: [VRFC 10-311] analyzing module microblaze_v10_0_3_MB_MUXCY_XORCY_532
INFO: [VRFC 10-311] analyzing module microblaze_v10_0_3_MB_MUXCY_XORCY_534
INFO: [VRFC 10-311] analyzing module microblaze_v10_0_3_MB_MUXCY_XORCY_536
INFO: [VRFC 10-311] analyzing module microblaze_v10_0_3_MB_MUXCY_XORCY_538
INFO: [VRFC 10-311] analyzing module microblaze_v10_0_3_MB_MUXCY_XORCY_540
INFO: [VRFC 10-311] analyzing module microblaze_v10_0_3_MB_MUXCY_XORCY_542
INFO: [VRFC 10-311] analyzing module microblaze_v10_0_3_MB_MUXCY_XORCY_544
INFO: [VRFC 10-311] analyzing module microblaze_v10_0_3_MB_MUXCY_XORCY_546
INFO: [VRFC 10-311] analyzing module microblaze_v10_0_3_MB_MUXCY_XORCY_548
INFO: [VRFC 10-311] analyzing module microblaze_v10_0_3_MB_MUXCY_XORCY_550
INFO: [VRFC 10-311] analyzing module microblaze_v10_0_3_MB_MUXCY_XORCY_552
INFO: [VRFC 10-311] analyzing module microblaze_v10_0_3_MB_MUXCY_XORCY_554
INFO: [VRFC 10-311] analyzing module microblaze_v10_0_3_MB_MUXCY_XORCY_556
INFO: [VRFC 10-311] analyzing module microblaze_v10_0_3_MB_MUXCY_XORCY_558
INFO: [VRFC 10-311] analyzing module microblaze_v10_0_3_MB_MUXCY_XORCY_560
INFO: [VRFC 10-311] analyzing module microblaze_v10_0_3_MB_MUXCY_XORCY_562
INFO: [VRFC 10-311] analyzing module microblaze_v10_0_3_MB_MUXCY_XORCY_564
INFO: [VRFC 10-311] analyzing module microblaze_v10_0_3_MB_MUXCY_XORCY_566
INFO: [VRFC 10-311] analyzing module microblaze_v10_0_3_MB_MUXCY_XORCY_568
INFO: [VRFC 10-311] analyzing module microblaze_v10_0_3_MB_MUXCY_XORCY_570
INFO: [VRFC 10-311] analyzing module microblaze_v10_0_3_MB_MUXCY_XORCY_572
INFO: [VRFC 10-311] analyzing module microblaze_v10_0_3_MB_MUXCY_XORCY_574
INFO: [VRFC 10-311] analyzing module microblaze_v10_0_3_MB_MUXCY_XORCY_576
INFO: [VRFC 10-311] analyzing module microblaze_v10_0_3_MB_MUXCY_XORCY_578
INFO: [VRFC 10-311] analyzing module microblaze_v10_0_3_MB_MUXCY_XORCY_580
INFO: [VRFC 10-311] analyzing module microblaze_v10_0_3_MB_MUXCY_XORCY_582
INFO: [VRFC 10-311] analyzing module microblaze_v10_0_3_MB_MUXCY_XORCY_583
INFO: [VRFC 10-311] analyzing module microblaze_v10_0_3_MB_MUXF7
INFO: [VRFC 10-311] analyzing module microblaze_v10_0_3_MB_MUXF7_123
INFO: [VRFC 10-311] analyzing module microblaze_v10_0_3_MB_MUXF7_125
INFO: [VRFC 10-311] analyzing module microblaze_v10_0_3_MB_MUXF7_127
INFO: [VRFC 10-311] analyzing module microblaze_v10_0_3_MB_MUXF7_129
INFO: [VRFC 10-311] analyzing module microblaze_v10_0_3_MB_MUXF7_131
INFO: [VRFC 10-311] analyzing module microblaze_v10_0_3_MB_MUXF7_133
INFO: [VRFC 10-311] analyzing module microblaze_v10_0_3_MB_MUXF7_135
INFO: [VRFC 10-311] analyzing module microblaze_v10_0_3_MB_MUXF7_137
INFO: [VRFC 10-311] analyzing module microblaze_v10_0_3_MB_MUXF7_139
INFO: [VRFC 10-311] analyzing module microblaze_v10_0_3_MB_MUXF7_141
INFO: [VRFC 10-311] analyzing module microblaze_v10_0_3_MB_MUXF7_143
INFO: [VRFC 10-311] analyzing module microblaze_v10_0_3_MB_MUXF7_145
INFO: [VRFC 10-311] analyzing module microblaze_v10_0_3_MB_MUXF7_147
INFO: [VRFC 10-311] analyzing module microblaze_v10_0_3_MB_MUXF7_149
INFO: [VRFC 10-311] analyzing module microblaze_v10_0_3_MB_MUXF7_151
INFO: [VRFC 10-311] analyzing module microblaze_v10_0_3_MB_MUXF7_153
INFO: [VRFC 10-311] analyzing module microblaze_v10_0_3_MB_MUXF7_155
INFO: [VRFC 10-311] analyzing module microblaze_v10_0_3_MB_MUXF7_157
INFO: [VRFC 10-311] analyzing module microblaze_v10_0_3_MB_MUXF7_159
INFO: [VRFC 10-311] analyzing module microblaze_v10_0_3_MB_MUXF7_161
INFO: [VRFC 10-311] analyzing module microblaze_v10_0_3_MB_MUXF7_163
INFO: [VRFC 10-311] analyzing module microblaze_v10_0_3_MB_MUXF7_165
INFO: [VRFC 10-311] analyzing module microblaze_v10_0_3_MB_MUXF7_167
INFO: [VRFC 10-311] analyzing module microblaze_v10_0_3_MB_MUXF7_169
INFO: [VRFC 10-311] analyzing module microblaze_v10_0_3_MB_MUXF7_171
INFO: [VRFC 10-311] analyzing module microblaze_v10_0_3_MB_MUXF7_173
INFO: [VRFC 10-311] analyzing module microblaze_v10_0_3_MB_MUXF7_175
INFO: [VRFC 10-311] analyzing module microblaze_v10_0_3_MB_MUXF7_177
INFO: [VRFC 10-311] analyzing module microblaze_v10_0_3_MB_MUXF7_179
INFO: [VRFC 10-311] analyzing module microblaze_v10_0_3_MB_MUXF7_181
INFO: [VRFC 10-311] analyzing module microblaze_v10_0_3_MB_MUXF7_183
INFO: [VRFC 10-311] analyzing module microblaze_v10_0_3_MB_MUXF7_185
INFO: [VRFC 10-311] analyzing module microblaze_v10_0_3_MB_MUXF7_187
INFO: [VRFC 10-311] analyzing module microblaze_v10_0_3_MB_MUXF7_189
INFO: [VRFC 10-311] analyzing module microblaze_v10_0_3_MB_MUXF7_191
INFO: [VRFC 10-311] analyzing module microblaze_v10_0_3_MB_MUXF7_193
INFO: [VRFC 10-311] analyzing module microblaze_v10_0_3_MB_MUXF7_195
INFO: [VRFC 10-311] analyzing module microblaze_v10_0_3_MB_MUXF7_197
INFO: [VRFC 10-311] analyzing module microblaze_v10_0_3_MB_MUXF7_199
INFO: [VRFC 10-311] analyzing module microblaze_v10_0_3_MB_MUXF7_201
INFO: [VRFC 10-311] analyzing module microblaze_v10_0_3_MB_MUXF7_203
INFO: [VRFC 10-311] analyzing module microblaze_v10_0_3_MB_MUXF7_205
INFO: [VRFC 10-311] analyzing module microblaze_v10_0_3_MB_MUXF7_207
INFO: [VRFC 10-311] analyzing module microblaze_v10_0_3_MB_MUXF7_210
INFO: [VRFC 10-311] analyzing module microblaze_v10_0_3_MB_MUXF7_212
INFO: [VRFC 10-311] analyzing module microblaze_v10_0_3_MB_MUXF7_214
INFO: [VRFC 10-311] analyzing module microblaze_v10_0_3_MB_MUXF7_216
INFO: [VRFC 10-311] analyzing module microblaze_v10_0_3_MB_MUXF7_218
INFO: [VRFC 10-311] analyzing module microblaze_v10_0_3_MB_MUXF7_220
INFO: [VRFC 10-311] analyzing module microblaze_v10_0_3_MB_MUXF7_222
INFO: [VRFC 10-311] analyzing module microblaze_v10_0_3_MB_MUXF7_224
INFO: [VRFC 10-311] analyzing module microblaze_v10_0_3_MB_MUXF7_226
INFO: [VRFC 10-311] analyzing module microblaze_v10_0_3_MB_MUXF7_228
INFO: [VRFC 10-311] analyzing module microblaze_v10_0_3_MB_MUXF7_230
INFO: [VRFC 10-311] analyzing module microblaze_v10_0_3_MB_MUXF7_232
INFO: [VRFC 10-311] analyzing module microblaze_v10_0_3_MB_MUXF7_234
INFO: [VRFC 10-311] analyzing module microblaze_v10_0_3_MB_MUXF7_236
INFO: [VRFC 10-311] analyzing module microblaze_v10_0_3_MB_MUXF7_238
INFO: [VRFC 10-311] analyzing module microblaze_v10_0_3_MB_MUXF7_240
INFO: [VRFC 10-311] analyzing module microblaze_v10_0_3_MB_MUXF7_242
INFO: [VRFC 10-311] analyzing module microblaze_v10_0_3_MB_MUXF7_244
INFO: [VRFC 10-311] analyzing module microblaze_v10_0_3_MB_MUXF7_246
INFO: [VRFC 10-311] analyzing module microblaze_v10_0_3_MB_MUXF7_248
INFO: [VRFC 10-311] analyzing module microblaze_v10_0_3_MB_MUXF7_250
INFO: [VRFC 10-311] analyzing module microblaze_v10_0_3_MB_MUXF7_252
INFO: [VRFC 10-311] analyzing module microblaze_v10_0_3_MB_MUXF7_254
INFO: [VRFC 10-311] analyzing module microblaze_v10_0_3_MB_MUXF7_256
INFO: [VRFC 10-311] analyzing module microblaze_v10_0_3_MB_MUXF7_258
INFO: [VRFC 10-311] analyzing module microblaze_v10_0_3_MB_MUXF7_260
INFO: [VRFC 10-311] analyzing module microblaze_v10_0_3_MB_MUXF7_262
INFO: [VRFC 10-311] analyzing module microblaze_v10_0_3_MB_MUXF7_264
INFO: [VRFC 10-311] analyzing module microblaze_v10_0_3_MB_MUXF7_266
INFO: [VRFC 10-311] analyzing module microblaze_v10_0_3_MB_MUXF7_268
INFO: [VRFC 10-311] analyzing module microblaze_v10_0_3_MB_MUXF7_270
INFO: [VRFC 10-311] analyzing module microblaze_v10_0_3_MB_MUXF7_272
INFO: [VRFC 10-311] analyzing module microblaze_v10_0_3_MB_MUXF7_427
INFO: [VRFC 10-311] analyzing module microblaze_v10_0_3_MB_MUXF7_428
INFO: [VRFC 10-311] analyzing module microblaze_v10_0_3_MB_MUXF7_429
INFO: [VRFC 10-311] analyzing module microblaze_v10_0_3_MB_MUXF7_430
INFO: [VRFC 10-311] analyzing module microblaze_v10_0_3_MB_MUXF7_431
INFO: [VRFC 10-311] analyzing module microblaze_v10_0_3_MB_MUXF7_432
INFO: [VRFC 10-311] analyzing module microblaze_v10_0_3_MB_MUXF7_433
INFO: [VRFC 10-311] analyzing module microblaze_v10_0_3_MB_MUXF7_434
INFO: [VRFC 10-311] analyzing module microblaze_v10_0_3_MB_MUXF7_435
INFO: [VRFC 10-311] analyzing module microblaze_v10_0_3_MB_MUXF7_436
INFO: [VRFC 10-311] analyzing module microblaze_v10_0_3_MB_MUXF7_437
INFO: [VRFC 10-311] analyzing module microblaze_v10_0_3_MB_MUXF7_438
INFO: [VRFC 10-311] analyzing module microblaze_v10_0_3_MB_MUXF7_439
INFO: [VRFC 10-311] analyzing module microblaze_v10_0_3_MB_MUXF7_440
INFO: [VRFC 10-311] analyzing module microblaze_v10_0_3_MB_MUXF7_441
INFO: [VRFC 10-311] analyzing module microblaze_v10_0_3_MB_MUXF7_442
INFO: [VRFC 10-311] analyzing module microblaze_v10_0_3_MB_MUXF7_443
INFO: [VRFC 10-311] analyzing module microblaze_v10_0_3_MB_MUXF7_444
INFO: [VRFC 10-311] analyzing module microblaze_v10_0_3_MB_MUXF7_445
INFO: [VRFC 10-311] analyzing module microblaze_v10_0_3_MB_MUXF7_446
INFO: [VRFC 10-311] analyzing module microblaze_v10_0_3_MB_MUXF7_447
INFO: [VRFC 10-311] analyzing module microblaze_v10_0_3_MB_MUXF7_448
INFO: [VRFC 10-311] analyzing module microblaze_v10_0_3_MB_MUXF7_449
INFO: [VRFC 10-311] analyzing module microblaze_v10_0_3_MB_MUXF7_450
INFO: [VRFC 10-311] analyzing module microblaze_v10_0_3_MB_MUXF7_451
INFO: [VRFC 10-311] analyzing module microblaze_v10_0_3_MB_MUXF7_452
INFO: [VRFC 10-311] analyzing module microblaze_v10_0_3_MB_MUXF7_453
INFO: [VRFC 10-311] analyzing module microblaze_v10_0_3_MB_MUXF7_454
INFO: [VRFC 10-311] analyzing module microblaze_v10_0_3_MB_MUXF7_455
INFO: [VRFC 10-311] analyzing module microblaze_v10_0_3_MB_MUXF7_456
INFO: [VRFC 10-311] analyzing module microblaze_v10_0_3_MB_MUXF7_457
INFO: [VRFC 10-311] analyzing module microblaze_v10_0_3_MB_MUXF7_458
INFO: [VRFC 10-311] analyzing module microblaze_v10_0_3_MB_SRL16E
INFO: [VRFC 10-311] analyzing module microblaze_v10_0_3_MB_SRL16E__parameterized0_18
INFO: [VRFC 10-311] analyzing module microblaze_v10_0_3_MB_SRL16E__parameterized1
INFO: [VRFC 10-311] analyzing module microblaze_v10_0_3_MB_SRL16E__parameterized1_22
INFO: [VRFC 10-311] analyzing module microblaze_v10_0_3_MB_SRL16E__parameterized2
INFO: [VRFC 10-311] analyzing module microblaze_v10_0_3_MB_SRL16E__parameterized2_23
INFO: [VRFC 10-311] analyzing module microblaze_v10_0_3_MB_SRL16E__parameterized3
INFO: [VRFC 10-311] analyzing module microblaze_v10_0_3_MB_SRL16E__parameterized4
INFO: [VRFC 10-311] analyzing module microblaze_v10_0_3_carry_and
INFO: [VRFC 10-311] analyzing module microblaze_v10_0_3_carry_and_59
INFO: [VRFC 10-311] analyzing module microblaze_v10_0_3_carry_and_60
INFO: [VRFC 10-311] analyzing module microblaze_v10_0_3_carry_and_61
INFO: [VRFC 10-311] analyzing module microblaze_v10_0_3_carry_and_62
INFO: [VRFC 10-311] analyzing module microblaze_v10_0_3_carry_and_63
INFO: [VRFC 10-311] analyzing module microblaze_v10_0_3_carry_and_64
INFO: [VRFC 10-311] analyzing module microblaze_v10_0_3_carry_and_65
INFO: [VRFC 10-311] analyzing module microblaze_v10_0_3_carry_and_66
INFO: [VRFC 10-311] analyzing module microblaze_v10_0_3_carry_and_67
INFO: [VRFC 10-311] analyzing module microblaze_v10_0_3_carry_and_68
INFO: [VRFC 10-311] analyzing module microblaze_v10_0_3_carry_and_88
INFO: [VRFC 10-311] analyzing module microblaze_v10_0_3_carry_and_89
INFO: [VRFC 10-311] analyzing module microblaze_v10_0_3_carry_and_90
INFO: [VRFC 10-311] analyzing module microblaze_v10_0_3_carry_and_91
INFO: [VRFC 10-311] analyzing module microblaze_v10_0_3_carry_or
INFO: [VRFC 10-311] analyzing module microblaze_v10_0_3_carry_or_92
INFO: [VRFC 10-311] analyzing module msr_reg_gti
INFO: [VRFC 10-311] analyzing module mux_bus
INFO: [VRFC 10-311] analyzing module glbl
