
*** Running vivado
    with args -log design_1_mdm_1_0.vds -m64 -product Vivado -mode batch -messageDb vivado.pb -notrace -source design_1_mdm_1_0.tcl


****** Vivado v2017.2 (64-bit)
  **** SW Build 1909853 on Thu Jun 15 18:39:09 MDT 2017
  **** IP Build 1909766 on Thu Jun 15 19:58:00 MDT 2017
    ** Copyright 1986-2017 Xilinx, Inc. All Rights Reserved.

source design_1_mdm_1_0.tcl -notrace
Starting RTL Elaboration : Time (s): cpu = 00:00:06 ; elapsed = 00:00:08 . Memory (MB): peak = 328.117 ; gain = 78.930
INFO: [Synth 8-638] synthesizing module 'design_1_mdm_1_0' [c:/Project/GameOfLife/bd/design_1/ip/design_1_mdm_1_0/synth/design_1_mdm_1_0.vhd:74]
INFO: [Synth 8-638] synthesizing module 'MDM' [c:/Project/GameOfLife/bd/design_1/ipshared/5967/hdl/mdm_v3_2_vh_rfs.vhd:13762]
INFO: [Synth 8-638] synthesizing module 'MB_BSCANE2' [c:/Project/GameOfLife/bd/design_1/ipshared/5967/hdl/mdm_v3_2_vh_rfs.vhd:277]
INFO: [Synth 8-256] done synthesizing module 'MB_BSCANE2' (1#1) [c:/Project/GameOfLife/bd/design_1/ipshared/5967/hdl/mdm_v3_2_vh_rfs.vhd:277]
INFO: [Synth 8-638] synthesizing module 'MB_BUFG' [c:/Project/GameOfLife/bd/design_1/ipshared/5967/hdl/mdm_v3_2_vh_rfs.vhd:328]
INFO: [Synth 8-256] done synthesizing module 'MB_BUFG' (2#1) [c:/Project/GameOfLife/bd/design_1/ipshared/5967/hdl/mdm_v3_2_vh_rfs.vhd:328]
INFO: [Synth 8-638] synthesizing module 'MDM_Core' [c:/Project/GameOfLife/bd/design_1/ipshared/5967/hdl/mdm_v3_2_vh_rfs.vhd:6642]
INFO: [Synth 8-638] synthesizing module 'JTAG_CONTROL' [c:/Project/GameOfLife/bd/design_1/ipshared/5967/hdl/mdm_v3_2_vh_rfs.vhd:3115]
INFO: [Synth 8-638] synthesizing module 'MB_FDC_1' [c:/Project/GameOfLife/bd/design_1/ipshared/5967/hdl/mdm_v3_2_vh_rfs.vhd:630]
INFO: [Synth 8-256] done synthesizing module 'MB_FDC_1' (3#1) [c:/Project/GameOfLife/bd/design_1/ipshared/5967/hdl/mdm_v3_2_vh_rfs.vhd:630]
INFO: [Synth 8-638] synthesizing module 'MB_FDRE_1' [c:/Project/GameOfLife/bd/design_1/ipshared/5967/hdl/mdm_v3_2_vh_rfs.vhd:690]
INFO: [Synth 8-256] done synthesizing module 'MB_FDRE_1' (4#1) [c:/Project/GameOfLife/bd/design_1/ipshared/5967/hdl/mdm_v3_2_vh_rfs.vhd:690]
INFO: [Synth 8-638] synthesizing module 'MB_SRL16E' [c:/Project/GameOfLife/bd/design_1/ipshared/5967/hdl/mdm_v3_2_vh_rfs.vhd:759]
INFO: [Synth 8-256] done synthesizing module 'MB_SRL16E' (5#1) [c:/Project/GameOfLife/bd/design_1/ipshared/5967/hdl/mdm_v3_2_vh_rfs.vhd:759]
INFO: [Synth 8-638] synthesizing module 'MB_SRL16E__parameterized1' [c:/Project/GameOfLife/bd/design_1/ipshared/5967/hdl/mdm_v3_2_vh_rfs.vhd:759]
INFO: [Synth 8-256] done synthesizing module 'MB_SRL16E__parameterized1' (5#1) [c:/Project/GameOfLife/bd/design_1/ipshared/5967/hdl/mdm_v3_2_vh_rfs.vhd:759]
INFO: [Synth 8-638] synthesizing module 'MB_SRL16E__parameterized3' [c:/Project/GameOfLife/bd/design_1/ipshared/5967/hdl/mdm_v3_2_vh_rfs.vhd:759]
INFO: [Synth 8-256] done synthesizing module 'MB_SRL16E__parameterized3' (5#1) [c:/Project/GameOfLife/bd/design_1/ipshared/5967/hdl/mdm_v3_2_vh_rfs.vhd:759]
INFO: [Synth 8-638] synthesizing module 'MB_SRL16E__parameterized5' [c:/Project/GameOfLife/bd/design_1/ipshared/5967/hdl/mdm_v3_2_vh_rfs.vhd:759]
INFO: [Synth 8-256] done synthesizing module 'MB_SRL16E__parameterized5' (5#1) [c:/Project/GameOfLife/bd/design_1/ipshared/5967/hdl/mdm_v3_2_vh_rfs.vhd:759]
INFO: [Synth 8-256] done synthesizing module 'JTAG_CONTROL' (6#1) [c:/Project/GameOfLife/bd/design_1/ipshared/5967/hdl/mdm_v3_2_vh_rfs.vhd:3115]
INFO: [Synth 8-256] done synthesizing module 'MDM_Core' (7#1) [c:/Project/GameOfLife/bd/design_1/ipshared/5967/hdl/mdm_v3_2_vh_rfs.vhd:6642]
INFO: [Synth 8-256] done synthesizing module 'MDM' (8#1) [c:/Project/GameOfLife/bd/design_1/ipshared/5967/hdl/mdm_v3_2_vh_rfs.vhd:13762]
INFO: [Synth 8-256] done synthesizing module 'design_1_mdm_1_0' (9#1) [c:/Project/GameOfLife/bd/design_1/ip/design_1_mdm_1_0/synth/design_1_mdm_1_0.vhd:74]
Finished RTL Elaboration : Time (s): cpu = 00:00:13 ; elapsed = 00:00:18 . Memory (MB): peak = 379.219 ; gain = 130.031
Finished RTL Optimization Phase 1 : Time (s): cpu = 00:00:13 ; elapsed = 00:00:18 . Memory (MB): peak = 379.219 ; gain = 130.031
INFO: [Device 21-403] Loading part xc7z020clg484-1
Constraint Validation Runtime : Time (s): cpu = 00:00:01 ; elapsed = 00:00:00.022 . Memory (MB): peak = 700.652 ; gain = 0.000
Finished Constraint Validation : Time (s): cpu = 00:00:32 ; elapsed = 00:00:42 . Memory (MB): peak = 700.652 ; gain = 451.465
Finished Loading Part and Timing Information : Time (s): cpu = 00:00:32 ; elapsed = 00:00:42 . Memory (MB): peak = 700.652 ; gain = 451.465
Finished applying 'set_property' XDC Constraints : Time (s): cpu = 00:00:32 ; elapsed = 00:00:42 . Memory (MB): peak = 700.652 ; gain = 451.465
Finished RTL Optimization Phase 2 : Time (s): cpu = 00:00:33 ; elapsed = 00:00:44 . Memory (MB): peak = 700.652 ; gain = 451.465
Finished Cross Boundary and Area Optimization : Time (s): cpu = 00:00:35 ; elapsed = 00:00:46 . Memory (MB): peak = 700.652 ; gain = 451.465
Finished Applying XDC Timing Constraints : Time (s): cpu = 00:00:54 ; elapsed = 00:01:10 . Memory (MB): peak = 700.652 ; gain = 451.465
Finished Timing Optimization : Time (s): cpu = 00:00:55 ; elapsed = 00:01:11 . Memory (MB): peak = 700.652 ; gain = 451.465
Finished Technology Mapping : Time (s): cpu = 00:00:55 ; elapsed = 00:01:11 . Memory (MB): peak = 700.652 ; gain = 451.465
Finished IO Insertion : Time (s): cpu = 00:00:57 ; elapsed = 00:01:13 . Memory (MB): peak = 700.652 ; gain = 451.465
Finished Renaming Generated Instances : Time (s): cpu = 00:00:57 ; elapsed = 00:01:13 . Memory (MB): peak = 700.652 ; gain = 451.465
Finished Rebuilding User Hierarchy : Time (s): cpu = 00:00:57 ; elapsed = 00:01:13 . Memory (MB): peak = 700.652 ; gain = 451.465
Finished Renaming Generated Ports : Time (s): cpu = 00:00:57 ; elapsed = 00:01:13 . Memory (MB): peak = 700.652 ; gain = 451.465
Finished Handling Custom Attributes : Time (s): cpu = 00:00:57 ; elapsed = 00:01:13 . Memory (MB): peak = 700.652 ; gain = 451.465
Finished Renaming Generated Nets : Time (s): cpu = 00:00:57 ; elapsed = 00:01:13 . Memory (MB): peak = 700.652 ; gain = 451.465

Report Cell Usage: 
+------+--------+------+
|      |Cell    |Count |
+------+--------+------+
|1     |BSCANE2 |     1|
|2     |BUFG    |     1|
|3     |LUT1    |     2|
|4     |LUT2    |    14|
|5     |LUT3    |    28|
|6     |LUT4    |    14|
|7     |LUT5    |    17|
|8     |LUT6    |    34|
|9     |SRL16E  |     7|
|10    |FDCE    |   100|
|11    |FDC_1   |     1|
|12    |FDPE    |     7|
|13    |FDRE    |     3|
|14    |FDRE_1  |     1|
+------+--------+------+
Finished Writing Synthesis Report : Time (s): cpu = 00:00:57 ; elapsed = 00:01:13 . Memory (MB): peak = 700.652 ; gain = 451.465
synth_design: Time (s): cpu = 00:01:00 ; elapsed = 00:01:18 . Memory (MB): peak = 700.652 ; gain = 453.594
